com.apple.xcode.project
project.pbxproj
UmbrellaPackage.xcodeproj
swift
[SwiftPM] Couldn't generate %@ because swift tool could not be found
build
--generate-xcodeproj
NetworkExtension
com.apple.developer.networking.vpn.api
allow-vpn
v16@?0@"Xcode3TargetEntitlementsCoordinatorToken"8
@"NSError"16@?0@"<IDEFlightCheckingContext>"8
v8@?0
c8@?0
Personal VPN
tableName
sourceFiles
tempPathString
readTableContexts
target
mergedStringsByTable
mergedCommentsByTable
Xcode3SourceStringsAdaptor-%@/
@16@?0@"Xcode3LocalizedSourceStringsAdaptorSourceWorkContext"8
arguments.plist
@16@?0@"NSString"8
@16@?0@"Xcode3LocalizedSourceStringsAdaptorTargetWorkContext"8
+[Xcode3LocalizedSourceStringsAdaptor adaptedResourcesForPopulationContext:]
/Library/Caches/com.apple.xbs/Sources/IDEXcode3ProjectSupport/IDEXcode3ProjectSupport-13171.3/Xcode3Core/LocalizedResourceAdaptors/Xcode3LocalizedSourceStringsAdaptor.m
(container) != nil
%@ should be an instance inheriting from %@, but it is nil
container
[(id)(container) isKindOfClass:[Xcode3Project class]]
%@ should be an instance inheriting from %@, but it is %@
public.source-code
@16@?0@"Xcode3Target"8
.strings
+[Xcode3LocalizedSourceStringsAdaptor adaptedResourcesForPopulationContext:]_block_invoke_2
((distinguishingKey)) != nil
%@ should not be nil.
(distinguishingKey)
@24@?0@"NSMutableDictionary"8@"Xcode3LocalizedSourceStringsAdaptorTargetWorkContext"16
@16@?0@"NSMutableDictionary"8
-[Xcode3LocalizedSourceStringsAdaptor initWithLocalizedContainer:localizedGroup:tableName:baseStrings:baseComments:target:]
((target)) != nil
(target)
-[Xcode3LocalizedSourceStringsAdaptor localizedGroupIdentifier]
((groupPath)) != nil
(groupPath)
((projectDirectoryPath)) != nil
(projectDirectoryPath)
strings
-[Xcode3LocalizedSourceStringsAdaptor expectedDirectoryPath]
((groupAbsolutePath)) != nil
(groupAbsolutePath)
tableNames
Xcode3IndependentStringsAdaptor-%@/
@16@?0@"Xcode3LocalizedIndependentStringsAdaptorTargetWorkContext"8
@"NSString"16@?0@"NSString"8
hash
TQ,R
superclass
T#,R
description
T@"NSString",R,C
debugDescription
+[Xcode3LocalizedIndependentStringsAdaptor adaptedResourcesForPopulationContext:]
/Library/Caches/com.apple.xbs/Sources/IDEXcode3ProjectSupport/IDEXcode3ProjectSupport-13171.3/Xcode3Core/LocalizedResourceAdaptors/Xcode3LocalizedIndependentStringsAdaptor.m
@16@?0@"<IDELocalizationWorkProvider>"8
Plist.strings
+[Xcode3LocalizedIndependentStringsAdaptor adaptedResourcesForPopulationContext:]_block_invoke_3
@24@?0@"NSMutableDictionary"8@"Xcode3LocalizedIndependentStringsAdaptorTargetWorkContext"16
-[Xcode3LocalizedIndependentStringsAdaptor initWithLocalizedContainer:localizedGroup:tableName:baseStrings:baseComments:target:]
((localizedGroup)) != nil
(localizedGroup)
-[Xcode3LocalizedIndependentStringsAdaptor localizedGroupIdentifier]
PassKit
com.apple.developer.pass-type-identifiers
customPassTypes
ConcurrentQueue: %@
-[Xcode3PassbookItemModel refreshKnownPassTypesWithPortalInfoDelegate:completionHandler:]_block_invoke
Xcode.Portal.Container.Type.PassType
@"NSString"16@?0@"DVTPortalContainer"8
MainQueue: %@
-[Xcode3PassbookItemModel refreshKnownPassTypesWithPortalInfoDelegate:completionHandler:]_block_invoke_4
Pass Types
knownPassTypes
%@%@
T@"NSDictionary",R,N
T@"NSArray",&,N,V_customPassTypes
MapKit
com.apple.developer.maps
Maps
com.apple.security.application-groups
applicationGroups
App Groups
applicationGroups.unexpandedIdentifiers
T@"IDEAppIDItemIdentifiersItemModelSet",&,V_applicationGroups
requiresPortalIdentifiers
Tc,R
NSFileProtectionComplete
Data Protection
Xcode3ProjectTemplateErrorDomain
v32@?0@8@16^c24
v32@?0@8Q16^c24
units
T@"NSArray",R,C,V_units
com.apple.security.app-sandbox
camera
com.apple.security.device.camera
microphone
com.apple.security.device.microphone
printer
com.apple.security.print
com.apple.security.device.usb
bluetooth
com.apple.security.device.bluetooth
client
com.apple.security.network.client
server
com.apple.security.network.server
contacts
com.apple.security.personal-information.addressbook
calendar
com.apple.security.personal-information.calendars
location
com.apple.security.personal-information.location
fsUser
fsDownloads
fsMusic
fsMovies
fsPictures
com.apple.security.files.user-selected.
com.apple.security.files.downloads.
com.apple.security.assets.music.
com.apple.security.assets.movies.
com.apple.security.assets.pictures.
User Selected File
Downloads Folder
Music Folder
Movies Folder
Pictures Folder
read-only
read-write
state
entitlements
filesystemPermissions
-[Xcode3SandboxItemModel setValue:forUndefinedKey:]
/Library/Caches/com.apple.xbs/Sources/IDEXcode3ProjectSupport/IDEXcode3ProjectSupport-13171.3/Xcode3Core/Capabilities/ItemModels/Xcode3SandboxItemModel.m
Unknown sandbox filesystem permission tag %i; revoking permissions for %@
__objc_no
Called DVTWarn
v16@?0@8
App Sandbox
T@"NSMutableDictionary",&,V_entitlements
T@"NSMutableDictionary",&,V_filesystemPermissions
OverridingXCConfigPath
Ignoring configuration file '%@' because it could not be loaded.
Reason: %@
Build settings from command line:
    %@ = %@
Xcode3BuildSettingsDictionaryErrorDomain
File could not be parsed due to preprocessing errors:
    %@
@32@?0@"NSString"8@16@"NSError"24
@"DVTMacroAssignmentInfo"40@?0@"NSString"8@"NSString"16@"DVTMacroDefinitionConditionSet"24^@32
File could not be parsed due to an error: %@
macros from xcconfig file at '%@'
+[Xcode3IdentifierPrefixTransformer prefix]
/Library/Caches/com.apple.xbs/Sources/IDEXcode3ProjectSupport/IDEXcode3ProjectSupport-13171.3/Xcode3Core/Capabilities/Xcode3TeamIdentifierPrefixTransformer.m
method %@ is a responsibility of subclasses of %@
name
@"NSMutableDictionary"16@?0@"NSString"8
@"NSString"16@?0@"NSDictionary"8
keychain-access-groups
keychainAccessGroups
Keychain Sharing
T@"NSArray",C,N,V_keychainAccessGroups
development
Push Notifications
FirstLaunchErrorDomain
@"NSString"16@?0@"DVTFirstLaunchPackage"8
Ran the package installer, but there are still packages to install %@
Install Started
Install Succeeded
Install Failed: %@
outputFileHandle
T@"NSFileHandle",&,V_outputFileHandle
installError
T@"NSError",&,V_installError
+[Xcode3LocalizedInfoPlistAdaptor adaptedResourcesForPopulationContext:]
/Library/Caches/com.apple.xbs/Sources/IDEXcode3ProjectSupport/IDEXcode3ProjectSupport-13171.3/Xcode3Core/LocalizedResourceAdaptors/Xcode3LocalizedInfoPlistAdaptor.m
[(id)(container) isKindOfClass:[[Xcode3Project class] class]]
-[Xcode3LocalizedInfoPlistAdaptor initWithLocalizedContainer:localizedGroup:plistFileReference:target:]
CFBundleDisplayName
CFBundleName
NSHumanReadableCopyright
CFBundleGetInfoString
NSAppleMusicUsageDescription
NSBluetoothPeripheralUsageDescription
NSCalendarsUsageDescription
NSCameraUsageDescription
NSContactsUsageDescription
NSHealthShareUsageDescription
NSHealthUpdateUsageDescription
NSHomeKitUsageDescription
NSLocationAlwaysUsageDescription
NSLocationUsageDescription
NSLocationWhenInUseUsageDescription
NSMicrophoneUsageDescription
NSMotionUsageDescription
NSPhotoLibraryAddUsageDescription
NSPhotoLibraryUsageDescription
NSRemindersUsageDescription
NSSiriUsageDescription
NSSpeechRecognitionUsageDescription
NSVideoSubscriberAccountUsageDescription
NSVoIPUsageDescription
-[Xcode3LocalizedInfoPlistAdaptor expectedFileName]
((plistName)) != nil
(plistName)
Plist
-[Xcode3LocalizedInfoPlistAdaptor expectedDirectoryPath]
com.apple.developer.associated-domains
domains
webcredentials:example.com
-[Xcode3SafariKeychainItemModel instantiateEntitlementsFlightCheck]_block_invoke
Associated Domains
T@"NSArray",C,N,V_domains
com.apple.external-accessory.wireless-configuration
ExternalAccessory
adaptor
language
-[Xcode3LocalizedStringsdictAdaptor initWithLocalizedContainer:localizedGroup:stringsdictFileReference:target:]
/Library/Caches/com.apple.xbs/Sources/IDEXcode3ProjectSupport/IDEXcode3ProjectSupport-13171.3/Xcode3Core/LocalizedResourceAdaptors/Xcode3LocalizedStringsdictAdaptor.m
+[Xcode3LocalizedStringsdictAdaptor adaptedResourcesForPopulationContext:]
.stringsdict
-[Xcode3LocalizedStringsdictAdaptor expectedFileName]
-[Xcode3LocalizedStringsdictAdaptor expectedDirectoryPath]
-[Xcode3LocalizedStringsdictAdaptor setStrings:forLanguage:]
((language)) != nil
(language)
-[Xcode3LocalizedStringsdictAdaptor localizedGroupIdentifier]
%@/%@:dict/:string
%@(%@)
plural
zero
%@/NSStringVariableWidthRuleType:dict/%@:dict/:string
size
%@/%@:dict
%@/%ld:array
Units
SpecialType
targetChooser
Xcode3TargetTemplateOptionProjectChooserIdentifier
Xcode3TargetTemplateOptionTargetChooserIdentifier
option special type
option units
LSApplicationCategoryType
v32@?0@"NSString"8@"NSString"16^c24
Invalid option value for template unit %@
value
title
T@"NSDictionary",C,V_units
parent
T@"<Xcode3ProjectTemplateOptionParent>",W
StoreKit
XCODE_XCCONFIG_FILE
XCODE_USER_DEFAULTS_FILE
-[_Xcode3CommandLineProjectCreationErrorHandler shouldOpenProjectOfMismatchingVersion:atPath:]
/Library/Caches/com.apple.xbs/Sources/IDEXcode3ProjectSupport/IDEXcode3ProjectSupport-13171.3/Xcode3Core/Xcode3CommandLineBuildTool.m
(path) != nil
path
[(id)(path) isKindOfClass:[NSString class]]
Project file '%@' was written by an unsupported Xcode version (%lu)
NOTE: Xcode project '%@' was written by a newer Xcode version (%lu) -- temporarily downgrading it (without modifying project file)
NOTE: Xcode project '%@' was written by an incompatible Xcode version (%lu) -- temporarily changing it (without modifying project file)
didEncounterFatalError
Tc,V_didEncounterFatalError
errorMessage
T@"NSString",C,V_errorMessage
IDEUseArchiveActionForInstall
CommandLineBuildTiming
xcodebuildDebug
xcworkspace
+[Xcode3CommandLineBuildTool filesInDirectory:withExtensions:errorString:]
[directoryPath isAbsolutePath]
(extensions) != nil
%@ should be a non-empty array, but it is nil
extensions
CFGetTypeID((CFArrayRef)extensions) == CFArrayGetTypeID()
%@ should be a non-empty array, but it is %@
[(extensions) count] > 0
%@ should be a non-empty array, but it's an empty array
The directory does not exist.
The path does not refer to a directory.
The directory is not readable.
Looking for files with extensions (%@) in directory %@ {
filename %@
--> accepted
} found %lu file%@
%@-0x%p
synthesized macros
macros from command line
-[Xcode3CommandLineBuildTool init]
IDECommandLineSchemeLoadingTimeout
IDECommandLineProjectLoadingTimeout
--- %@: WARNING: %@
%@: error: %@
clean
analyze
test
build-for-testing
test-without-building
archive
copysrc
copyhdrs
copyrsrcs
install
installdebugonly
installprofileonly
installdebugprofileonly
installsrc
installhdrs
installapi
installrsrcs
migrateswift
buildfortesting
testwithoutbuilding
-[Xcode3CommandLineBuildTool _schemeCommandForBuildAction:outSchemeTask:]
Unexpected build action '%@'. If this is a supported build action, it should be handled by this method.
BUILD
CLEAN
ANALYZE
TEST
TEST BUILD
TEST EXECUTE
ARCHIVE
COPY SOURCE
COPY HEADERS
COPY RESOURCES
INSTALL
INSTALL (DEBUG ONLY)
INSTALL (PROFILE ONLY)
INSTALL (DEBUG PROFILE ONLY)
INSTALL SOURCE
INSTALL HEADERS
INSTALL HEADERS AND API
INSTALL RESOURCES
MIGRATE SWIFT
-[Xcode3CommandLineBuildTool _actionStringForBuildAction:]
@"NSError"40@?0@"DVTCommandLineOptionDefinition"8@"NSMutableArray"16@"NSString"24@"NSMutableDictionary"32
option '%@' may only be provided once
AllSDKs
option '%@' requires an argument
option '%@' is no longer supported
accept
status
check
Checking first launch status
Checking user license agreement status
User has NOT agreed to license, returning code 65
User has agreed to license
Checking if packages need to be installed
Packages need to be installed, returning code 65
There are zero packages that need to be installed
First launch status check succeeded (license and package installation status OK), returning code 0
Installing Xcode system frameworks
User has not yet agreed to license, starting the -license process interactively
Tried to agree to the license, but still needs agreement, returning FirstLaunchErrorLicenseFailedToAgree
The license has not been agreed. Please run sudo xcodebuild -license again.
Packages need to be installed, starting the -install process
Packages failed to install, returning code FirstLaunchErrorPackagesFailedToInstall
matching/
matching
generic/
generic
[^=]+/
unknown prefix '%@' to value for option '%@'
[a-zA-Z]+=
[^,]+,?
missing value for key '%@' of option '%@'
option '%@' requires at least one parameter of the form 'key=value'
unreadable input '%@' at end of value for option '%@'
DestinationSpecifications
-usage
print brief usage
--usage
-help
print complete usage
--help
-verbose
provide additional status output
Verbose
-license
show the Xcode and SDK license agreements
Check License
-checkFirstLaunchStatus
Check if any First Launch tasks need to be performed
Check FLE
-runFirstLaunch
install packages and agree to the license
Run First Launch
-project
-project NAME
build the project NAME
ProjectName
-target
-target NAME
build the target NAME
TargetNames
-alltargets
build all targets
AllTargets
-workspace
-workspace NAME
build the workspace NAME
WorkspaceName
-scheme
-scheme NAME
build the scheme NAME
SchemeName
-configuration
-configuration NAME
use the build configuration NAME for building each target
ConfigurationName
-config
-xcconfig
-xcconfig PATH
apply the build settings defined in the file at PATH as overrides
ConfigFile
-actionResultsBundleWithBaselineOverrides
ActionResultsBundlePathWithBaselineOverrides
-automaticBaselineDescription
AutomaticBaselineDescription
-arch
-arch ARCH
build each target for the architecture ARCH; this will override architectures defined in the project
Architectures
-sdk
-sdk SDK
use SDK as the name or path of the base SDK when building the project
BaseSdkName
-toolchain
-toolchain NAME
use the toolchain with identifier or name NAME
ToolchainNames
-destination
-destination DESTINATIONSPECIFIER
use the destination described by DESTINATIONSPECIFIER (a comma-separated set of key=value pairs describing the destination to use)
Destination
-skipUnsupportedDestinations
SkipUnsupportedDestinations
-destination-timeout
-destination-timeout TIMEOUT
wait for TIMEOUT seconds while searching for the destination device
DestinationTimeout
-parallelizeTargets
build independent targets in parallel
ParallelizeTargets
-jobs
-jobs NUMBER
specify the maximum number of concurrent build operations
MaxConcurrency
-maximum-concurrent-test-device-destinations
-maximum-concurrent-test-device-destinations NUMBER
the maximum number of device destinations to test on concurrently
MaxDeviceTestConcurrency
-maximum-concurrent-test-simulator-destinations
-maximum-concurrent-test-simulator-destinations NUMBER
the maximum number of simulator destinations to test on concurrently
MaxSimulatorTestConcurrency
-dry-run
do everything except actually running the commands
DontActuallyRunCommands
-quiet
do not print any output except for warnings and errors
QuieterOutput
-hideShellScriptEnvironment
don't show shell script environment variables in build log
HideShellScriptEnvironment
-showsdks
display a compact list of the installed SDKs
ShowSDKs
-showBuildSettings
display a list of build settings and values
ShowBuildSettings
-list
lists the targets and configurations in a project, or the schemes in a workspace
List
-find-executable
-find-executable NAME
display the full path to executable NAME in the provided SDK and toolchain
FindExecutable
-find
-find-library
-find-library NAME
display the full path to library NAME in the provided SDK and toolchain
FindLibrary
-version
display the version of Xcode; with -sdk will display info about one or all installed SDKs
Version
-enableAddressSanitizer
-enableAddressSanitizer YES|NO
turn the address sanitizer on or off
AddressSanitizerEnabled
-enableThreadSanitizer
-enableThreadSanitizer YES|NO
turn the thread sanitizer on or off
ThreadSanitizerEnabled
-enableUndefinedBehaviorSanitizer
-enableUndefinedBehaviorSanitizer YES|NO
turn the undefined behavior sanitizer on or off
UBSanitizerEnabled
-clearPlugInCache
-resultBundlePath
-resultBundlePath PATH
specifies the directory where a result bundle describing what occurred will be placed
-derivedDataPath
-derivedDataPath PATH
specifies the directory where build products and other derived data will go
-archivePath
-archivePath PATH
specifies the directory where any created archives will be placed, or the archive that should be exported
-exportArchive
specifies that an archive should be exported
ExportArchive
-exportOptionsPlist
-exportOptionsPlist PATH
specifies a path to a plist file that configures archive exporting
ExportOptionsPlist
-enableCodeCoverage
-enableCodeCoverage YES|NO
turn code coverage on or off when testing
CodeCoverageEnabled
-exportPath
-exportPath PATH
specifies the destination for the product exported from an archive
ExportArchivePath
-skipUnavailableActions
specifies that scheme actions that cannot be performed should be skipped instead of causing a failure
SkipUnavailableActions
-exportLocalizations
exports completed and outstanding project localizations
ExportLocalizations
-importLocalizations
imports localizations for a project, assuming any necessary localized resources have been created in Xcode
ImportLocalizations
-localizationPath
specifies a path to XLIFF localization files
LocalizationPath
-exportLanguage
specifies multiple optional ISO 639-1 languages included in a localization export
ExportLanguages
-xctestrun
specifies a path to a test run specification
TestRunSpecification
-only-testing
^-only-testing:.+
-only-testing:TEST-IDENTIFIER
constrains testing by specifying tests to include, and excluding other tests
OnlyTestIdentifiers
-skip-testing
^-skip-testing:.+
-skip-testing:TEST-IDENTIFIER
constrains testing by specifying tests to exclude, but including other tests
SkipTestIdentifiers
-run-skipped-tests-only
RunSkippedTestsOnly
-disable-concurrent-testing
DisableConcurrentTesting
-testApplicationMapping
TestApplicationMappingOverrides
option -testApplicationMapping requires an argument of the form 'com.companyname.foo:/path/to/Foo.app'
-testLanguage
constrains testing by specifying ISO 639-1 language in which to run the tests
TestWithLanguage
-testRegion
constrains testing by specifying ISO 3166-1 region in which to run the tests
TestWithRegion
-permuteTemplates
PermuteTemplates
-templateOutputPath
TemplateOutputPath
-templateTeamID
TemplateTeamID
-templatePlatform
TemplatePlatform
-templateOption
TemplateNonPermutedOptionValues
option -templateOption requires two additonal arguments (-templateOption <optionIdentifier> <optionValue>)
-templateRequiredOption
TemplateRequiredOptions
option -requireTemplateOption requires an additonal argument (-requireTemplateOption <optionIdentifier>)
-createNewProject
CreateNewProject
-templateName
TemplateName
-templateOptions
TemplateOptions
-json
output as JSON (note: -json implies -quiet)
OutputAsJSON
-allowProvisioningUpdates
Allow xcodebuild to automatically create and update profiles, app IDs, and certificates
AllowProvisioningUpdates
-allowProvisioningDeviceRegistration
Allow xcodebuild to register your destination device on the developer portal if necessary. This flag only takes effect if -allowProvisioningUpdates is also passed.
AllowProvisioningDeviceRegistration
-server-use
ServerUse
-server-headless-control-path
ServerHeadlessControlPath
-server-headless-user-name
ServerHeadlessUserName
-server-headless-user-path
ServerHeadlessUserPath
-scm-blueprint
ReadSourceControlBlueprint
-scm-ssh-key-path
SourceControlSSHKeyPath
-activetarget
-activeconfiguration
-buildstyle
/var/db/disableAppleInternal
/AppleInternal
i8@?0
-xbsProject
-xbsProject NAME
build using XBS metadata for the project NAME
XBSProjectName
-xbsUpdate
-xbsUpdate NAME
build using XBS metadata from the update NAME
XBSUpdateName
-sourceVersion
-sourceVersion NAME
build using the source version NAME
XBSSourceVersion
-buildNumber
-buildNumber NUMBER
build using the build number NUMBER
XBSBuildNumber
-buildRecord
-buildRecord PATH
build to the build record at PATH
XBSBuildRecordPath
-[Xcode3CommandLineBuildTool _parseOptions]_block_invoke_3
[arg hasPrefix:@"-"]
equCharRange.location >= 1
c24@?0@"NSString"8@"NSMutableArray"16
-[Xcode3CommandLineBuildTool _parseOptions]
((self.projectName)) == nil || CFGetTypeID((CFStringRef)(self.projectName)) == CFStringGetTypeID()
%@ should be a string, but it is %@
(self.projectName)
(self.targetNames) == nil || CFGetTypeID((CFArrayRef)self.targetNames) == CFArrayGetTypeID()
%@ should be an array, but it is %@
self.targetNames
((self.workspaceName)) == nil || CFGetTypeID((CFStringRef)(self.workspaceName)) == CFStringGetTypeID()
(self.workspaceName)
((self.schemeName)) == nil || CFGetTypeID((CFStringRef)(self.schemeName)) == CFStringGetTypeID()
(self.schemeName)
((self.configurationName)) == nil || CFGetTypeID((CFStringRef)(self.configurationName)) == CFStringGetTypeID()
(self.configurationName)
((self.xcconfigPathFromOption)) == nil || CFGetTypeID((CFStringRef)(self.xcconfigPathFromOption)) == CFStringGetTypeID()
(self.xcconfigPathFromOption)
((self.actionResultsBundlePathWithBaselineOverridesFromOption)) == nil || CFGetTypeID((CFStringRef)(self.actionResultsBundlePathWithBaselineOverridesFromOption)) == CFStringGetTypeID()
(self.actionResultsBundlePathWithBaselineOverridesFromOption)
((self.automaticBaselineDescription)) == nil || CFGetTypeID((CFStringRef)(self.automaticBaselineDescription)) == CFStringGetTypeID()
(self.automaticBaselineDescription)
(self.architectures) == nil || CFGetTypeID((CFArrayRef)self.architectures) == CFArrayGetTypeID()
self.architectures
((self.baseSdkName)) == nil || CFGetTypeID((CFStringRef)(self.baseSdkName)) == CFStringGetTypeID()
(self.baseSdkName)
(self.toolchainNames) == nil || CFGetTypeID((CFArrayRef)self.toolchainNames) == CFArrayGetTypeID()
self.toolchainNames
(self.destinationSpecifications) == nil || CFGetTypeID((CFArrayRef)self.destinationSpecifications) == CFArrayGetTypeID()
self.destinationSpecifications
(self.destinationTimeout) == nil || [(id)(self.destinationTimeout) isKindOfClass:[NSNumber class]]
self.destinationTimeout
((self.localizationPath)) == nil || CFGetTypeID((CFStringRef)(self.localizationPath)) == CFStringGetTypeID()
(self.localizationPath)
(self.exportLanguages) == nil || CFGetTypeID((CFArrayRef)self.exportLanguages) == CFArrayGetTypeID()
self.exportLanguages
((self.nameOfFileToFind)) == nil || CFGetTypeID((CFStringRef)(self.nameOfFileToFind)) == CFStringGetTypeID()
(self.nameOfFileToFind)
((self.codeCoverageEnabled)) == nil || CFGetTypeID((CFStringRef)(self.codeCoverageEnabled)) == CFStringGetTypeID()
(self.codeCoverageEnabled)
The flag -enableCodeCoverage must be supplied with an argument YES or NO
The flag -addressSanitizerEnabled must be supplied with an argument YES or NO
The flag -threadSanitizerEnabled must be supplied with an argument YES or NO
The flag -undefinedBehaviorSanitizerEnabled must be supplied with an argument YES or NO
A -destination flag must be supplied when specifying -xctestrun.
((self.testRunSpecificationPathString)) == nil || CFGetTypeID((CFStringRef)(self.testRunSpecificationPathString)) == CFStringGetTypeID()
(self.testRunSpecificationPathString)
(self.skipTestIdentifiers) == nil || CFGetTypeID((CFArrayRef)self.skipTestIdentifiers) == CFArrayGetTypeID()
self.skipTestIdentifiers
(self.onlyTestIdentifiers) == nil || CFGetTypeID((CFArrayRef)self.onlyTestIdentifiers) == CFArrayGetTypeID()
self.onlyTestIdentifiers
((self.testWithLanguage)) == nil || CFGetTypeID((CFStringRef)(self.testWithLanguage)) == CFStringGetTypeID()
(self.testWithLanguage)
((self.testWithRegion)) == nil || CFGetTypeID((CFStringRef)(self.testWithRegion)) == CFStringGetTypeID()
(self.testWithRegion)
(self.self.testApplicationMappingOverrides) == nil || CFGetTypeID((CFDictionaryRef)self.self.testApplicationMappingOverrides) == CFDictionaryGetTypeID()
%@ should be a dictionary, but it is %@
self.self.testApplicationMappingOverrides
((self.templateOutputPath)) == nil || CFGetTypeID((CFStringRef)(self.templateOutputPath)) == CFStringGetTypeID()
(self.templateOutputPath)
((self.templateTeamID)) == nil || CFGetTypeID((CFStringRef)(self.templateTeamID)) == CFStringGetTypeID()
(self.templateTeamID)
((self.templateName)) == nil || CFGetTypeID((CFStringRef)(self.templateName)) == CFStringGetTypeID()
(self.templateName)
((self.templatePlatform)) == nil || CFGetTypeID((CFStringRef)(self.templatePlatform)) == CFStringGetTypeID()
(self.templatePlatform)
((self.templateOptions)) == nil || CFGetTypeID((CFStringRef)(self.templateOptions)) == CFStringGetTypeID()
(self.templateOptions)
(self.templateNonPermutedOptionValues) == nil || CFGetTypeID((CFDictionaryRef)self.templateNonPermutedOptionValues) == CFDictionaryGetTypeID()
self.templateNonPermutedOptionValues
(self.templateRequiredOptions) == nil || CFGetTypeID((CFArrayRef)self.templateRequiredOptions) == CFArrayGetTypeID()
self.templateRequiredOptions
((self.sourceControlSSHKeyPath)) == nil || CFGetTypeID((CFStringRef)(self.sourceControlSSHKeyPath)) == CFStringGetTypeID()
(self.sourceControlSSHKeyPath)
Existing file at -resultBundlePath "%@"
The flag -scheme or -xctestrun is required when specifying -derivedDataPath.
-sdk must be supplied with an argument unless used with -version
The flag -scheme cannot be specified along with -exportArchive.
The flag -exportPath is required when specifying -exportArchive.
The flag -exportOptionsPlist is required when specifying -exportArchive.
The flag -exportArchive is required when specifying -exportPath.
The flag -exportArchive is requred when specifying -exportOptionsPlist
The flag -scheme is required when specifying -archivePath but not -exportArchive.
The flag -archivePath is required when specifying -exportArchive.
You cannot specify both an Xcode project and a workspace.
You cannot specify both a scheme and targets.
You cannot specify both a scheme and -alltargets.
You cannot specify targets with a workspace.
You cannot specify -alltargets with a workspace.
If you specify a workspace then you must also specify a scheme.  Use -list to see the schemes in this workspace.
You cannot specify -alltargets and also specify individual targets.
You cannot specify -jobs with less than 1 job.
IDEBuildOperationMaxNumberOfConcurrentCompileTasks
IDETestRunSpecificationPath
IDETestRunSkipIdentifiers
IDETestRunOnlyIdentifiers
IDETestRunSkippedTestsOnly
IDETestApplicationMappingOverrides
IDETestConcurrently
NSArgumentDomain
-[Xcode3CommandLineBuildTool _resolveSdk:]
((sdkNameOrPath)) != nil
(sdkNameOrPath)
When using the -sdk flag, pass the canonical name '%@' rather than the display name '%@'
SDK "%@" cannot be located.
-[Xcode3CommandLineBuildTool _resolveRunDestinationsForBuildAction:]
((buildAction)) != nil
(buildAction)
-destination may only be specified if -scheme is also specified.
-destination implies architecture, -arch must not also be specified.
(value) != nil
[(id)(value) isKindOfClass:[[NSNumber class] class]]
devicetype
[(id)(value) isKindOfClass:[[NSString class] class]]
arch
c16@?0@"DVTDevice"8
c16@?0@"IDERunDestination"8
@16@?0@"IDERunDestination"8
Using the first of multiple matching destinations:
platform
iOS Simulator
latest
Unable to find a destination matching the provided destination specifier:
Available destinations for the "%@" scheme:
v32@?0@"IDERunDestination"8Q16^c24
Ineligible destinations for the "%@" scheme:
Specified destination '%@' is not valid for specified scheme '%@'
SDKROOT
No destinations were specified with the -destination flag which allow the archive action and are valid for the specified scheme '%@'.
No destinations were specified with the -destination flag which allow the archive action.
No destinations were specified with the -destination flag which were valid for the specified scheme '%@'.
Unhandled/unexpected case where no run destinations were produced.
If you are passing in an XBS project and update you can only pass in one build action
Unable to retrieve XBS build option overrides.
-[Xcode3CommandLineBuildTool _resolveInputOptionsWithTimingSection:]
equCharRange.location != NSNotFound && equCharRange.length == 1
ARCHS
TOOLCHAINS
xcconfig loading
Working directory is '%@'
User defaults from environment (%@='%@'):
User defaults from command line:
Build settings from configuration file '%@':
ProjectsToAutomaticallyUseInstallAPIFor
RC_ProjectName
Using "installapi" instead of "installhdrs" for %@
@16@?0@8
The %@ action has been renamed to %@. Support for the old name will be removed in the future.
ACTION
Using ACTION='%@' to override build actions is deprecated, explicitly pass the actions to perform.
Unknown build action '%@'.
Cannot use -xctestrun with -project, -workspace or -scheme options.
Transient Testing
Cannot determine the current working directory.
Scanning for projects
Scanning for project files (%@) in %@
Found projects: %@
<no projects found>
The directory %@ does not contain an Xcode project%@
: %@
Scanning for workspace files (%@) in %@
Found workspaces: %@
<no workspaces found>
The directory %@ does not contain an Xcode project or workspace%@
The directory %@ contains %lu workspaces. Specify the workspace to use with the -workspace option.
The directory %@ contains %lu projects, all of which are legacy projects. Specify the project to use with the -project option.
The directory %@ contains %lu projects, including multiple projects with the current extension (.%@). Specify the project to use with the -project option.
%lu legacy projects
the legacy project '%@'
The directory %@ also contains %@ - ignoring %@ and using '%@'.
them
Unknown.
Unable to create temporary workspace.
Reason: %@
%@/temporary.xcworkspace
Unable to setup temporary workspace.
Reason: %@
finishedLoading
Unable to load temporary workspace; timeout occurred.
Unable to create transient scheme
Project loading
'%@' does not exist.
'%@' is not a project file.
Unable to read project '%@'%@.
Reason: %@
 from folder '%@'
Malformed project workspace: Project '%@' did not open when opening project workspace '%@'
Unable to load project '%@'; timeout occurred.
Workspace loading
'%@' is not a workspace file.
Unable to load workspace '%@'.
Reason: %@
Unable to load workspace '%@'; timeout occurred.
Unable to load workspace '%@'
Unable to find a project to open.
Unable to open project '%@'.
Unable to open workspace '%@', and no scheme name was provided.
The test action requires that the name of a scheme in the project is provided using the "-scheme" option. The "-list" option can be used to find the names of the schemes in the project.
The migrateswift action requires that the name of a scheme in the project is provided using the "-scheme" option. The "-list" option can be used to find the names of the schemes in the project.
The project '%@' contains no targets.
The project '%@' does not contain a target named '%@'.
Unable to determine a target to build.
Configuration %@ is not in the project. Building default configuration.
Scheme loading
The %@ named "%@" does not contain a scheme named "%@". The "-list" option can be used to find the names of the schemes in the %@.
project
workspace
You must specify a scheme with the -scheme option.
Unable to find scheme '%@' in %@ '%@'
Unable to load schemes for %@ '%@'
Scheme %@ is not currently configured for the %@ action.
The flag -enableCodeCoverage is only supported when testing.
The flag -xctestrun is only supported when testing.
The flag -testLanguage is only supported when testing.
The flag -testRegion is only supported when testing.
Run destination resolution
-[Xcode3CommandLineBuildTool _workspace:failedToResolveContainerForProjectFile:]
workspace == [self workspace]
Unable to open project file '%@' in workspace '%@'.
Unable to open referenced project file '%@'.
Reason: %@
-[Xcode3CommandLineBuildTool _concurrentTestOperations:schemeTask:schemeCommand:executionEnvironment:invocationRecord:buildLog:restorePersistedBuildResults:deviceOperationLimit:simulatorOperationLimit:outError:]
runDestinations.count > 0
Could not determine build destinations
v16@?0@"DVTOperation"8
Running tests concurrently on multiple destinations. 
Maximum concurrent test device destinations is set to %ld. (Adjust this with -maximum-concurrent-test-device-destinations.) 
Maximum concurrent test device destinations is unlimited. (Adjust this with -maximum-concurrent-test-device-destinations.) 
Maximum concurrent test simulator destinations is set to %ld. (Adjust this with -maximum-concurrent-test-simulator-destinations.)
Action '%@'
Cannot use the installsrc action with -scheme.
SRCROOT
=== INSTALLING SOURCE ===
Copying sources from '%@' to '%@'
No SRCROOT specified -- cannot install sources
** %@ FAILED **
OBJROOT
SYMROOT
error: This %@ is configured to use Xcode's new build system, but the new build system currently only supports the 'clean' action when passed -scheme.
error: This %@ is configured to use Xcode's new build system, but the new build system currently only supports the 'clean' action without any OBJROOT or SYMROOT setting overrides in the build environment.
error: This %@ is configured to use Xcode's new build system, but the new build system currently does not support the 'clean' action when the %@ settings are configured to use a 'Legacy' or 'Custom' build location.
Removing '%@'
error: %@
-[Xcode3CommandLineBuildTool _buildWithTimingSection:]
self.scheme == ((void *)0) || [runDestinations count] > 0
No run destinations were populated for build action %@
Create build operation
Analyzing
Building
%@ project %@ with configuration %@
ENABLE_ADDRESS_SANITIZER
ENABLE_THREAD_SANITIZER
ENABLE_UNDEFINED_BEHAVIOR_SANITIZER
[buildOpClass isSubclassOfClass:IDEBuildOperation.class]
** UNKNOWN BUILD RESULT CODE: %lu **
q8@?0
@"DVTDevice"16@?0@"IDERunDestination"8
Action '%@' and destination '%@'
Create scheme operations
-[Xcode3CommandLineBuildTool _buildWithTimingSection:]_block_invoke_2
((invocationRecord)) != nil
(invocationRecord)
v24@?0@"DVTOperation"8@"NSError"16
Skipping archive action as the scheme is not archivable.
Skipping archive action with -dry-run.
Archiving %@ %@ with scheme %@
Skipping test action as the scheme is not testable.
Skipping test action with -dry-run.
Testing %@ %@ with scheme %@
((testManager)) != nil
(testManager)
actionResultsBundleWithBaselineOverrides does not exist (%@)
Skipping analyze action as the scheme is not analyzable.
Analyzing %@ %@ with scheme %@
schemeCommand == [IDESchemeCommand launchSchemeCommand]
Cleaning %@ %@ with scheme %@%@
 and configuration %@
Building %@ %@ with scheme %@%@
Failed to build %@ %@ with scheme %@.
Reason: %@
-[Xcode3CommandLineBuildTool _buildWithTimingSection:]_block_invoke_3
v24@?0@"DVTOperation"8^c16
((title)) != nil
(title)
Failed to execute operation: %@ (Reason: %@)
((buildLog)) != nil
(buildLog)
Uncaught exception while building
((actionResultBlock)) != nil
(actionResultBlock)
** %@ SUCCEEDED **%@
** %@ INTERRUPTED **
Testing failed:
Failing tests:
** UNKNOWN RESULT CODE: %lu **
The following commands produced analyzer issues:
(%lu command%@ with analyzer issues)
The following build commands failed:
(%lu failure%@)
Error saving invocation record to resultBundlePath:%@
v20@?0c8@"NSError"12
-showBuildSettings requires a workspace and scheme or a project and one or more targets.
-[Xcode3CommandLineBuildTool _showBuildSettings]_block_invoke
(buildable) != nil
buildable
[(id)(buildable) isKindOfClass:[Xcode3TargetBuildable class]]
@16@?0@"Xcode3TargetBuildable"8
Build settings for action %@ and target %@:
Xcode %@
Revision %@
Build version %@
You must specify either -project or -workspace.
-[Xcode3CommandLineBuildTool _printContainerInformationAndExit]
schemes
(configurationNames) != nil
%@ should be a array, but it is nil
configurationNames
CFGetTypeID((CFArrayRef)configurationNames) == CFArrayGetTypeID()
targets
configurations
Unable to serialize JSON output: %@
(jsonString) != nil
%@ should be a string, but it is nil
jsonString
CFGetTypeID((CFStringRef)jsonString) == CFStringGetTypeID()
There are no targets in project "%@".
Information about project "%@":
    Targets:
        %@
There are no configurations in project "%@".
    Build Configurations:
    If no build configuration is specified and -scheme is not passed then "%@" is used.
Information about workspace "%@":
    Schemes:
    This project contains no schemes.
There are no schemes in workspace "%@".
-[Xcode3CommandLineBuildTool _sdkForUseWithFind]
(sdkName) != nil
sdkName
CFGetTypeID((CFStringRef)sdkName) == CFStringGetTypeID()
The SDK "%@" cannot be found.
'%@' not found.
q24@?0@8@16
%@ SDKs:
%-30s
-sdk %@
No SDKs.
%@ Additional SDKs:
There are no SDKs available.
v24@?0@"Xcode3Platform"8@"NSArray"16
SDKVersion
Path
PlatformVersion
PlatformPath
%@ - %@ (%@)
<Filesystem Name Missing>
<Display Name Missing>
<Canonical Name Missing>
%@: %@
Error
-[Xcode3CommandLineBuildTool _availableExportArchiveOptionsSection]
No class for %@
Available keys for -exportOptionsPlist:
error: %@: %@
** EXPORT FAILED **
v16@?0@"NSString"8
Couldn't load -exportOptionsPlist
exportOptionsPlist must be a dictionary
error: archive at path '%@' is malformed
error: file at path '%@' is not an archive
error: archive not found at path '%@'
exportArchive
Exported %@ to: %@
** EXPORT SUCCEEDED **
v16@?0@"NSError"8
A project must be specifed with -project to export localizations.
Unable to find a project to export localizations.
A source of localizations must be specified with -localizationPath
v24@?0@"IDELocalizationImporterContext"8@?<v@?c>16
A project must be specifed with -project to import localizations.
Unable to find a project to import localizations.
cross-platform
crossplatform
Unknown -templatePlatform '%@'.
hasUnitTests
true
hasUITests
nonPermutedOptions: %@
requiredOptions: %@
%@ value '%@' must be an absolute path
unable to open %@ file '%@': %@'
malformed user defaults file '%@': expected contents to be a dictionary
malformed user defaults file '%@': unexpected key '%@' (expected a string)
-[Xcode3CommandLineBuildTool run]_block_invoke
[(id)(container) isKindOfClass:[[IDEContainer class] class]]
v16@?0@"NSNotification"8
xcodebuild
Option parsing
parsing options
did parse options
%@LogLevel
done printing version info
IDEInitialize()
Initialization failed.
Reason: %@
exiting early because the license hasn't been agreed to
resolving base SDK
did resolve base SDK
Print usage
done printing usage
Find executable
done printing path to executable
Find library
done printing path to library
Show SDKs
done printing short SDK list
Verbose show SDKs
done printing verbose SDK list
Permute templates
done permuting templates
Create new project
done generating project
done exporting archive
Device location
starting locating devices
did start locating devices
Option resolution
resolving input options
DVTPerEventObjectsDictionary
did resolve input options
COLOR_DIAGNOSTICS
diagnostic_message_length
Show build settings
done printing build settings
Print container info
done printing container information
Export localizations
done exporting localizations
Import localizations
done importing localizations
Build actions
building
did build
Unable to determine command to perform.
                                            REAL        USER         SYS  PAGEIN  /    OUT
toolCommand
Ti,V_toolCommand
shouldExit
Tc,N,V_shouldExit
exitStatus
Tq,V_exitStatus
projectName
T@"NSString",C,V_projectName
targetNames
T@"NSArray",&,V_targetNames
workspaceName
T@"NSString",C,V_workspaceName
schemeName
T@"NSString",C,V_schemeName
xcconfigPathFromOption
T@"NSString",C,V_xcconfigPathFromOption
xcconfigPathFromEnvVar
T@"NSString",C,V_xcconfigPathFromEnvVar
actionResultsBundlePathWithBaselineOverridesFromOption
T@"NSString",C,V_actionResultsBundlePathWithBaselineOverridesFromOption
automaticBaselineDescription
T@"NSString",C,V_automaticBaselineDescription
nameOfFileToFind
T@"NSString",C,V_nameOfFileToFind
archivePath
T@"NSString",C,V_archivePath
exportOptionsPlist
T@"NSString",C,V_exportOptionsPlist
exportDestinationPath
T@"NSString",C,V_exportDestinationPath
buildActions
T@"NSArray",&,V_buildActions
potentialBuildActions
T@"NSArray",&,V_potentialBuildActions
buildSettingAssignmentStrings
T@"NSArray",&,V_buildSettingAssignmentStrings
T@"Xcode3Project",&,V_project
T@"NSMutableArray",&,V_targets
allTargets
Tc,V_allTargets
T@"IDEWorkspace",&,V_workspace
perActionRunDestinations
T@"NSMutableDictionary",&,V_perActionRunDestinations
configurationName
T@"NSString",C,V_configurationName
architectures
T@"NSArray",&,V_architectures
baseSdkName
T@"NSString",C,V_baseSdkName
toolchainNames
T@"NSArray",&,V_toolchainNames
destinationSpecifications
T@"NSArray",C,V_destinationSpecifications
skipUnsupportedDestinations
Tc,V_skipUnsupportedDestinations
destinationTimeout
T@"NSNumber",C,V_destinationTimeout
parallelizeTargets
Tc,V_parallelizeTargets
hideShellScriptEnvironment
Tc,V_hideShellScriptEnvironment
maxConcurrency
T@"NSNumber",C,V_maxConcurrency
maxDeviceTestConcurrency
T@"NSNumber",C,V_maxDeviceTestConcurrency
maxSimulatorTestConcurrency
T@"NSNumber",C,V_maxSimulatorTestConcurrency
dontActuallyRunCommands
Tc,V_dontActuallyRunCommands
skipUnavailableActions
Tc,V_skipUnavailableActions
quieterOutput
Tc,V_quieterOutput
localizationPath
T@"NSString",&,V_localizationPath
exportLanguages
T@"NSArray",&,V_exportLanguages
codeCoverageEnabled
T@"NSString",&,V_codeCoverageEnabled
addressSanitizerEnabled
T@"NSString",&,V_addressSanitizerEnabled
threadSanitizerEnabled
T@"NSString",&,V_threadSanitizerEnabled
T@"NSString",&,V_UBSanitizerEnabled
testRunSpecificationPathString
T@"NSString",&,V_testRunSpecificationPathString
skipTestIdentifiers
T@"NSArray",&,V_skipTestIdentifiers
onlyTestIdentifiers
T@"NSArray",&,V_onlyTestIdentifiers
runSkippedTestsOnly
Tc,V_runSkippedTestsOnly
disableConcurrentTesting
Tc,V_disableConcurrentTesting
testApplicationMappingOverrides
T@"NSMutableDictionary",&,V_testApplicationMappingOverrides
testWithLanguage
T@"NSString",&,V_testWithLanguage
testWithRegion
T@"NSString",&,V_testWithRegion
templateOutputPath
T@"NSString",&,V_templateOutputPath
templateTeamID
T@"NSString",&,V_templateTeamID
templateName
T@"NSString",&,V_templateName
templatePlatform
T@"NSString",&,V_templatePlatform
templateOptions
T@"NSString",&,V_templateOptions
templateNonPermutedOptionValues
T@"NSDictionary",&,V_templateNonPermutedOptionValues
templateRequiredOptions
T@"NSArray",&,V_templateRequiredOptions
synthesizedMacros
T@"DVTMacroDefinitionTable",&,V_synthesizedMacros
macrosFromCommandLine
T@"DVTMacroDefinitionTable",&,V_macrosFromCommandLine
macrosFromXcconfigOption
T@"DVTMacroDefinitionTable",&,V_macrosFromXcconfigOption
macrosFromXcconfigEnvVar
T@"DVTMacroDefinitionTable",&,V_macrosFromXcconfigEnvVar
userDefaults
T@"NSMutableDictionary",&,V_userDefaults
environmentUserDefaults
T@"NSMutableDictionary",&,V_environmentUserDefaults
buildToolQueue
T@"NSOperationQueue",&,V_buildToolQueue
resultBundlePath
T@"NSString",&,V_resultBundlePath
outputAsJSON
Tc,V_outputAsJSON
readSourceControlBlueprint
Tc,V_readSourceControlBlueprint
sourceControlSSHKeyPath
T@"NSString",&,V_sourceControlSSHKeyPath
sourceControlBlueprint
T@"DVTSourceControlWorkspaceBlueprint",&,V_sourceControlBlueprint
xbsBuildParameters
T@"IDEXBSBuildParameters",&,V_xbsBuildParameters
xbsXcodebuildSupportProvider
T@"<IDEXBSXcodebuildSupportProvider>",&,V_xbsXcodebuildSupportProvider
allowProvisioningUpdates
Tc,V_allowProvisioningUpdates
allowProvisioningDeviceRegistration
Tc,V_allowProvisioningDeviceRegistration
scheme
T@"IDEScheme",&,V_scheme
T@"NSString",C,V_name
arguments
T@"NSArray",C,V_arguments
environment
T@"NSDictionary",C,V_environment
standardInput
T@"NSFileHandle",&,V_standardInput
standardOutput
T@"NSFileHandle",&,V_standardOutput
standardError
T@"NSFileHandle",&,V_standardError
error
v24@?0@"NSString"8^c16
unknown
Device is busy
@16@?0@"DVTDeviceOperation"8
Device is busy (%@)
%@:%@
v32@?0@"NSString"8Q16^c24
{ %@ }
** INTERNAL ERROR: %s **
Uncaught Exception: %@
Stack:
No stack information available.
Uncaught exception
TERM
dumb
Beginning
Indent
Name
PathType
FileType
TextEncoding
LineEnding
TabWidth
IndentWidth
UsesTabs
WrapsLines
Group
OmitFromProjectStructure
TargetIndices
TargetIdentifiers
SubstituteMacros
SortOrder
Groups
BuildAttributes
definition beginning
definition end
definition pathType
definition fileType
definition textEncoding
definition lineEnding
definition tabWidth
definition indentWidth
definition usesTabs
definition wrapsLines
definition indent
definition name
definition path
definition group
definition omitFromProjectStructure
OmitFromProjectStructure is YES, but Group is specified. Ignoring OmitFromProjectStructure.
definition targetIndices
definition targetIdentifiers
Found both TargetIndices and TargetIdentifiers at %@. Preferring TargetIdentifiers.
definition buildAttributes
definition substituteMacros
groups
definition sortOrder
Invalid definition for template unit %@
CRLF
v32@?0@"PBXReference"8Q16^c24
cikernel
Supporting Files
xcconfig
T@"NSString",C,V_path
filePath
T@"DVTFilePath",C,V_filePath
pathType
T@"NSString",C,V_pathType
fileType
T@"NSString",C,V_fileType
textEncoding
T@"NSString",C,V_textEncoding
lineEnding
T@"NSString",C,V_lineEnding
tabWidth
T@,&,V_tabWidth
indentWidth
T@,&,V_indentWidth
usesTabs
T@,&,V_usesTabs
wrapsLines
T@,&,V_wrapsLines
beginning
T@"NSString",C,V_beginning
T@"NSString",C,V_end
indent
Tq,V_indent
group
T@"NSArray",C,V_group
omitFromProjectStructure
Tc,V_omitFromProjectStructure
targetIndices
T@"NSArray",&,V_targetIndices
targetIdentifiers
T@"NSArray",&,V_targetIdentifiers
buildAttributes
T@"NSArray",&,V_buildAttributes
substituteMacros
T@,&,V_substituteMacros
T@,&,V_groups
sortOrder
Tq,V_sortOrder
reference
T@"PBXReference",&,V_reference
T@"NSArray",C,V_targetIdentifiers
extension
T@"NSString",C,V_extension
T@"NSArray",C,V_buildAttributes
Absolute
Project
BuildProduct
DeveloperDir
CurrentSDK
LicenseInfo
plist
License
You have not agreed to the Xcode license agreements. You must agree to both license agreements below in order to use Xcode.
Hit the Enter key to view the license agreements at '%s'
Software License Agreements. Press 'space' for more, or 'q' to quit.
textutil -cat txt %s -stdout | LC_ALL= LESS= LESSCHARSET= LESSCHARDEF= LESSSECURE=1 more -P "%s"
lpr %s
Error while printing, Please configure a printer if one is not available
/usr/bin/lpstat
system default destination
Successfully printed %s to %s
By typing 'agree' you are agreeing to the terms of the software license agreements. Type 'print' to print them or anything else to cancel, [agree, print, cancel] 
agree
print
Agreeing to the Xcode/iOS license requires admin privileges, please run 
sudo xcodebuild -license
 and then retry this command.
You have not agreed to the Xcode license agreements, please run 'xcodebuild -license' (for user-level acceptance) or 'sudo xcodebuild -license' (for system-wide acceptance) from within a Terminal window to review and agree to the Xcode license agreements.
Acceptance of the Xcode license requires a writeable home directory or root authentication. Please change to a user with a writeable home directory, or use 'sudo xcodebuild -license' to accept the license at the system level (for all users).
You can view the license agreements in Xcode's About Box, or at %s
Invalid %@ name.
A %@ name can't begin with "~". Please choose a different name.
Xcode.Xcode3ProjectSupport.Container.Xcode3project
-[Xcode3ProjectTemplateFactory normalizeSettingsDictionary:]
/Library/Caches/com.apple.xbs/Sources/IDEXcode3ProjectSupport/IDEXcode3ProjectSupport-13171.3/Xcode3Core/TemplateInfrastructure/Xcode3ProjectTemplateFactory.m
(settings) != nil
settings
[(id)(settings) isKindOfClass:[NSDictionary class]]
DEPLOYMENT_TARGET
v32@?0@"NSString"8@16^c24
Debug
debug
Release
release
deployment
distribution
languageChoice
SOURCELANGUAGE
INDENT
xcodeproj
AssociatedXcode3Target
AssociatedXcode3TargetIsDependent
AssociatedXcode3TargetIsTargetToBeTested
AssociatedTargetNeedsProductBuildPhaseInjection
-[Xcode3ProjectTemplateFactory outputToContext:options:error:]
(project) != nil
[(id)(project) isKindOfClass:[PBXProject class]]
(rootGroup) != nil
rootGroup
[(id)(rootGroup) isKindOfClass:[PBXGroup class]]
(projectName) != nil
%@ should be a non-empty string, but it is nil
CFGetTypeID((CFStringRef)projectName) == CFStringGetTypeID()
%@ should be a non-empty string, but it is %@
![(projectName) isEqualToString:@""]
%@ should be a non-empty string, but it's an empty string
(project.buildConfigurationList) != nil
project.buildConfigurationList
[(id)(project.buildConfigurationList) isKindOfClass:[XCConfigurationList class]]
(project.buildConfigurationList.defaultConfiguration) != nil
project.buildConfigurationList.defaultConfiguration
[(id)(project.buildConfigurationList.defaultConfiguration) isKindOfClass:[XCBuildConfiguration class]]
classPrefix
organizationName
CFBundleIdentifier
ASSOCIATEDTARGET_bundleIdentifier
ASSOCIATEDTARGET_bundleName
ASSOCIATEDTARGET_bundleNameAsIdentifier
@"NSString"32@?0@"NSString"8@"NSString"16@"PBXTarget"24
c24@?0@"NSDictionary"8@"NSDictionary"16
RootGroup
Configurations
BasedOn
SharedSettings
CustomProductSettings
BuildPhases
BuildToolPath
BuildToolArgsString
TargetIdentifier
ProductType
TargetType
Aggregate
Legacy
ProductBuildPhaseInjections
Frameworks
OtherFrameworks
System/Library/Frameworks
Other Frameworks
framework
Developer/Library/Frameworks
Library/Frameworks
Dependencies
ProductDependencies
TargetIdentifierToBeTested
v32@?0@"PBXTarget"8Q16^c24
.swift
identifier
PACKAGENAME
PARENTPACKAGENAME
Identifier
Couldn't find unit '%@' for template unit
Dependents
@"NSArray"52@?0@"NSArray"8@"NSArray"16@"NSArray"24@"NSString"32c40^@44
DEVELOPMENT_TEAM
latest_
internal
fileReference
readStringsContext
Xcode3LocalizedIBDocumentAdaptor-%@/
@16@?0@"Xcode3LocalizedIBDocumentAdaptorReadWorkContext"8
DYLD_FRAMEWORK_PATH
ibtool
--export-strings-file
localizable-strings
com.apple.xcode.strings-text
com.apple.dt.interfacebuilder.document.storyboard
com.apple.interfacebuilder.document.cocoa
com.apple.InterfaceBuilder3.Cocoa.XIB
com.apple.InterfaceBuilder3.CocoaTouch.XIB
com.apple.InterfaceBuilder3.Cocoa.NIB
com.apple.InterfaceBuilder3.CocoaTouch.NIB
com.apple.InterfaceBuilder2.Cocoa.NIB
com.apple.InterfaceBuilder3.Storyboard.XIB
+[Xcode3LocalizedIBDocumentAdaptor adaptedResourcesForPopulationContext:]
/Library/Caches/com.apple.xbs/Sources/IDEXcode3ProjectSupport/IDEXcode3ProjectSupport-13171.3/Xcode3Core/LocalizedResourceAdaptors/Xcode3LocalizedIBDocumentAdaptor.m
+[Xcode3LocalizedIBDocumentAdaptor adaptedResourcesForPopulationContext:]_block_invoke
@24@?0@"NSMutableDictionary"8@"Xcode3Target"16
+[Xcode3LocalizedIBDocumentAdaptor readWorkForContext:]
(initialWorkContext.adaptor) != nil
initialWorkContext.adaptor
[(id)(initialWorkContext.adaptor) isKindOfClass:[Xcode3LocalizedIBDocumentAdaptor class]]
@16@?0@"DVTLocale"8
+[Xcode3LocalizedIBDocumentAdaptor writeWorkForContext:langauge:]
-[Xcode3LocalizedIBDocumentAdaptor initWithLocalizedContainer:localizedGroup:]
-[Xcode3LocalizedIBDocumentAdaptor localizedGroupIdentifier]
-[Xcode3LocalizedIBDocumentAdaptor setStrings:forLanguage:]
comments
T@"NSDictionary",&,V_comments
baseStrings
T@"NSDictionary",&,V_baseStrings
-[Xcode3LocalizedStickersAdaptor initWithLocalizedContainer:localizedGroup:containingCatalogReference:stickerPackFile:target:]
/Library/Caches/com.apple.xbs/Sources/IDEXcode3ProjectSupport/IDEXcode3ProjectSupport-13171.3/Xcode3Core/LocalizedResourceAdaptors/Xcode3LocalizedStickersAdaptor.m
((stickerPackFile)) != nil
(stickerPackFile)
DVTFilePathKey_StickerPackLocalizableKeys
label
-[Xcode3LocalizedStickersAdaptor setStrings:forLanguage:]
-[Xcode3LocalizedStickersAdaptor localizedGroupIdentifier]
+[Xcode3LocalizedStickersAdaptor adaptedResourcesForPopulationContext:]
xcassets
xcstickers
DVTFilePathKey_StickerPacks
-[Xcode3LocalizedStickersAdaptor expectedFileName]
((stickerPackName)) != nil
(stickerPackName)
--workspace
--src-install-dir
directory in which to install the project source
SourceInstallDir
--srcroot
+[Xcode3InstallsrcCommandLineVerb performWithEnvironment:]
/Library/Caches/com.apple.xbs/Sources/IDEXcode3ProjectSupport/IDEXcode3ProjectSupport-13171.3/Xcode3Core/CommandLineVerbs/Xcode3InstallsrcCommandLineVerb.m
((environment.workspace)) != nil
(environment.workspace)
error: installsrc requires that a project be specified, not a workspace
error: installsrc requires an Xcode 3-compatible project
SRCROOT=
error: no destination path specified; specify a destination using --src-install-dir | --srcroot
error: cannot install sources to project directory: %@
=== INSTALLING SOURCES ===
Copying sources from '%@' to '%@'
--single-value
--single-value <setting>
print out just the value of a single build setting
SingleValueBuildSetting
--expand
--expand <string>
expands macros of the form $(X) in the passed-in string
MacroExpansionString
--expand-input
expands macros of the form $(X) from standard input
ExpandMacrosInStandardInput
--for-running
specifies that scheme-based build setting resolution should use the run action (default)
SchemeCommandSpecifier
--for-testing
specifies that scheme-based build setting resolution should use the test action
--for-profiling
specifies that scheme-based build setting resolution should use the profile action
+[Xcode3BuildSettingsCommandLineVerb performWithEnvironment:]
/Library/Caches/com.apple.xbs/Sources/IDEXcode3ProjectSupport/IDEXcode3ProjectSupport-13171.3/Xcode3Core/CommandLineVerbs/Xcode3BuildSettingsCommandLineVerb.m
((workspace)) != nil
(workspace)
error: cannot specify both --single-value and --expand in the same invocation
error: cannot specify both --single-value and --expand-input in the same invocation
error: cannot specify both --expand and --expand-input in the same invocation
error: build setting resolution context not specified; must specify a project using --project, a single target using --target, or a scheme using --scheme
error: build settings can only be resolved in the context of an Xcode 3 project, a target, or a scheme
warning: project does not have a build configuration named "%@"; using default configuration
Build settings for %@ project with %@ configuration:
Unsupported scheme command passed (%@); will use run scheme action instead.
code which should be unreachable has been reached
warning: target does not have a build configuration named "%@"; using default configuration
(_castedResult) != nil
_castedResult
[(id)(_castedResult) isKindOfClass:[Xcode3Target class]]
Build settings for %@ target with %@ configuration:
((macroExpansionScope)) != nil
(macroExpansionScope)
   %@ = ""
   %@ = %@
MKDirectionsApplicationSupportedModes
enabledRoutingTypes
MKDirectionsModePlane
MKDirectionsModeBike
MKDirectionsModeBus
MKDirectionsModeCar
MKDirectionsModeFerry
MKDirectionsModePedestrian
MKDirectionsModeRideShare
MKDirectionsModeStreetCar
MKDirectionsModeSubway
MKDirectionsModeTaxi
MKDirectionsModeTrain
MKDirectionsModeOther
CFBundleDocumentTypes
CFBundleTypeName
MKDirectionsRequest
com.apple.maps.directionsrequest
LSItemContentTypes
%K LIKE %@
T@"NSSet",&,N,V_enabledRoutingTypes
airplane
Tc,D,N
bike
ferry
pedestrian
ridesharing
streetcar
subway
taxi
train
other
GameKit
gamekit
com.apple.developer.game-center
Xcode3GameCenterItemStateChangedNotification
-[Xcode3GameCenterItemModel requiresGameCenterDeviceCompatibilityInfoPlistEntry]_block_invoke
-[Xcode3GameCenterItemModel requiresLocalGameCenterEntitlement]_block_invoke
-[Xcode3GameCenterItemModel infoPlistFlightCheck]_block_invoke_2
Game Center
Found an open paren in a node name (%@) with no closing paren.
Found an expansion expression in a node name that is not at the end of the name (%@).
children
.svn
.git
.DS_Store
Warning: Unable to load string at %@: %@
@"NSError"32@?0@"NSString"8@"DVTFilePath"16@"DVTFilePath"24
com.apple.property-list
q24@?0@"Xcode3ProjectTemplateDefinitionNode"8@"Xcode3ProjectTemplateDefinitionNode"16
Error outputting %@: %@
:'%@'>
expansionString
T@"NSString",C,V_expansionString
T@"NSArray",C,V_children
mutableChildren
T@"NSMutableArray",R
___*___
CloudKit
cloudContainers
serviceIDs
Xcode.Xcode3ProjectSupport.Xcode3ProjectEditorItem.Push
c16@?0@"IDEProjectItemModel"8
cloudContainers.unexpandedIdentifiers
$(SDKROOT)
-[Xcode3iCloudItemModel allowsCloudKit]
/Library/Caches/com.apple.xbs/Sources/IDEXcode3ProjectSupport/IDEXcode3ProjectSupport-13171.3/Xcode3Core/Capabilities/ItemModels/Xcode3iCloudItemModel.m
Couldn't get SDKROOT.
Couldn't get sdk for SDKROOT=%@
System/Library/Frameworks/CloudKit.framework
keyValueStoreID
iCloud.$(CFBundleIdentifier)
iCloud.
%@$(CFBundleIdentifier)
ubiquityContainerIDs
iCloud
-[Xcode3iCloudItemModel cloudKitFrameworkFlightCheck]_block_invoke
-[Xcode3iCloudItemModel cloudKitFrameworkFlightCheck]_block_invoke_2
T@"IDEAppIDItemIdentifiersItemModelSet",&,V_cloudContainers
T@"NSString",C,N,V_keyValueStoreID
defaultKeyValueStoreID
T@"NSString",R,N
T@"NSArray",C,N,V_serviceIDs
allowsCloudKit
supportsCloudDocs
defaultContainerID
requiredContainerPrefix
Concrete
Ancestors
InjectionTargets
Components
Nodes
Definitions
Macros
RequiredOptions
Targets
Executables
ProjectOnly
TargetOnly
AssociatedTargetSpecification
AssociatedTargetIsSameAsIncluder
OptionConstraints
SuppressTopLevelGroup
Xcode.Xcode3.ProjectTemplateUnitKind
concrete
projectOnly
targetOnly
ancestorNames
injectionTargetNames
suppressTopLevelGroup
associatedTargetSpecification
PopUpTitle
associatedTarget popUpTitle
Target:
PopUpDescription
associatedTarget popUpDescription
A target to associate with the new target.
AllowableProductTypes
associatedTarget allowableProductTypes
AllowablePlatforms
associatedTarget allowablePlatforms
AssociatedTargetIsTargetToBeTested
associatedTargetIsTargetToBeTested
AssociatedTargetIsRequired
associatedTargetIsRequired
AssociatedTargetIsDependent
associatedTargetIsDependent
associatedTargetNeedsProductBuildPhaseInjection
componentDictionaries
component identifier
component name
component group
component dependents
component dependent
component productBuildPhaseInjections
component productDependent
component AssociatedTargetIsSameAsIncluder
nodes
project SDK
project basedOn
project sharedSettings
Invalid project configuration for template unit %@
project configurations
target name
target targetType
target targetIdentifier
target productType
target dependencies
target dependency
product dependencies
product dependency
target productBuildPhaseInjections
target buildPhases
target basedOn
target configurations
Invalid target configuration for template unit %@
executables
Arguments
executable arguments
EnvironmentVariables
executable environmentVariables
requiredOptions
definitions
macros
v32@?0@8@"NSString"16^c24
optionConstraints
T@"NSString",C,V_identifier
T@"NSArray",R,V_injectionTargetNames
Tc,V_suppressTopLevelGroup
T@"<Xcode3ProjectTemplateUnitParent>",W,V_parent
T@"NSArray",R,C,V_nodes
T@"NSDictionary",R,C,V_macros
T@"NSDictionary",R,V_project
numberOfComponents
Tc,R,GisConcrete,V_concrete
Tc,R,GisProjectOnly,V_projectOnly
Tc,R,GisTargetOnly,V_targetOnly
wantsAssociatedTarget
Tc,R,V_wantsAssociatedTarget
associatedTargetAllowableProductTypes
T@"NSArray",R,V_associatedTargetAllowableProductTypes
associatedTargetAllowablePlatforms
T@"NSArray",R,V_associatedTargetAllowablePlatforms
Tc,R,V_associatedTargetIsRequired
Tc,R,V_associatedTargetIsTargetToBeTested
Tc,R,V_associatedTargetIsDependent
Tc,R,V_associatedTargetNeedsProductBuildPhaseInjection
associatedTargetPopUpTitle
T@"NSString",R,V_associatedTargetPopUpTitle
associatedTargetPopUpDescription
T@"NSString",R,V_associatedTargetPopUpDescription
T@"NSArray",R,V_optionConstraints
fileDataTypeWithIdentifier:
sourcePath
filePathForRelativePathString:
existsInFileSystem
defaultRegistry
defaultToolchain
executableBinarySearchPath
pathForFileWithRelativePathString:
pathString
setLaunchPath:
setCurrentDirectoryPath:
arrayWithObjects:count:
setArguments:
runReturningStandardOutput:standardError:error:
defaultManager
moveItemAtPath:toPath:error:
removeItemAtPath:error:
generatedContentsType
hasGeneratedContents
generateContents
alloc
entitlementsCoordinator
makeEntitlementsFileIfNeeded
setEntitlementValue:forKey:
syncPerformEntitlementsInteractionBlock:
removeEntitlementsFileIfNeeded
arrayOfStringsEntitlementValueForKey:
containsObject:
initForEntitlementsWithBackgroundResolutionBlock:backgroundUnresolutionBlock:backgroundValidityCheckBlock:entitlement:
linkedFrameworksCoordinator
appIDFeatureFlightCheck
entitlementsFlightCheck
entitlementsContainsEntitlementKey
flightChecks
isEnabledUsingEducatedGuess
values
objectForKeyedSubscript:
contextWithParent:path:
dictionaryWithObjects:forKeys:count:
contextByReplacingValues:
contextWithParent:path:tableName:
tableName
contextWithParent:values:
contextWithParent:sourceFiles:
sourceFiles
tempPathString
readTableContexts
dictionary
contextWithParent:target:sourceFiles:
target
mergedStringsByTable
mergedCommentsByTable
dvt_UUIDString
stringByAppendingFormat:
ide_stream
createDirectoriesWorkForPathStrings
collectFirstInWorkContext:forKey:
map:
join
contextWithParent:sourceFiles:temporaryDirectory:
extractLocStringsWorkForContexts
collectInWorkContext:
contentsOfDirectoryAtPath:error:
streamWithError:
dvt_arrayByRemovingObject:
stringByAppendingString:
filePathForPathString:
stringByDeletingPathExtension
work
collectInWorkContext:forArrayKey:
deleteItemsWorkForPathStrings
countByEnumeratingWithState:objects:count:
setObject:forKeyedSubscript:
strings
addEntriesFromDictionary:
comments
sharedInstance
invalidateAndRemoveObject:
container
class
isKindOfClass:
descriptionForAssertionMessage
targetProxies
pbxTarget
defaultSourceCodeBuildPhase
buildFiles
fileReference
wrappingContainerItem
lastKnownFileDataType
conformsTo:
resolvedFilePath
textEncoding
numberWithUnsignedInteger:
addObject:
allObjects
allKeys
defaultResourceBuildPhase
name
isEqualToString:
initWithLocalizedGroup:
group
updateBaseStrings:updateBaseComments:
initWithLocalizedContainer:localizedGroup:tableName:baseStrings:baseComments:target:
setObject:forKey:
collectIn:withBlock:
allValues
disperse
initWithLocalizedContainer:localizedGroup:tableName:baseStrings:baseComments:
primitiveInvalidate
localizedGroup
developmentFileReference
expectedFilePath
expectedDirectoryPath
expectedFileName
filePath
parentFilePath
relativePathStringFromFilePath:
stringByAppendingPathExtension:
infoPlistFileReference
rootGroup
superitem
adaptedResourcesForPopulationContext:
localizedGroupIdentifier
expectedSuperitem
.cxx_destruct
_target
dvt_arrayByApplyingBlock:
contextWithParent:sourceFiles:target:
isEqual:
self
performSelector:
performSelector:withObject:
performSelector:withObject:withObject:
isProxy
isMemberOfClass:
conformsToProtocol:
respondsToSelector:
retain
release
autorelease
retainCount
zone
hash
superclass
description
debugDescription
tableNames
setWithArray:
hasSuffix:
initWithCapabilitiesContext:item:
readCurrentState
isEnabled
dvt_onlyObject
_wildcardEntitlement
isEqualToArray:
_setCustomPassTypes:postAssignmentBlock:
willChangeValueForKey:
didChangeValueForKey:
delayedUpdateInvocation
scheduleInvocation
selectedProvisioningTeam
stringWithUTF8String:
stringWithFormat:
UTF8String
platform
portalPlatform
portalProgram
portalContainerTypeWithIdentifier:
defaultTeamManager
developerAccountForTeam:error:
servicesSessionByLoggingInWithAccount:executionContext:error:
defaultPortal
portalTeamForTeam:session:error:
containersWithSession:team:program:containerType:error:
identifier
_generateKnownPassTypesWithProvisioningPassTypes:
targetCapabilitiesContext
refreshKnownPassTypesWithPortalInfoDelegate:completionHandler:
_passTypesForEntitlementsFile
targetCoordinatorsChanged:
setCustomPassTypes:
knownPassTypes
customPassTypes
_knownPassTypes
_entitlementsFlightCheck
_customPassTypes
numberWithBool:
boolEntitlementValueForKey:
platformIdentifier
platformForIdentifier:
dvt_extendedInfo
requiresPortalAppGroups
item
containerType
initWithItemModel:teamItemsKeyPath:featuresItemsKeyPath:listTeamItemsOpClass:containerType:
initWithoutPortalWithItemModel:
readValuesFromEntitlements
applicationGroups
setApplicationGroups:
invalidate
requiresPortalIdentifiers
publishStateWithContext:
orderedSetWithArray:
_setUnexpandedIdentifiers:postAssignmentBlock:
orderedSet
setUnexpandedIdentifiers:
modelWasDisabled
flightCheck
arrayByAddingObjectsFromArray:
unexpandedIdentifiers
count
modelWasEnabledWithContext:
_applicationGroups
entitlementFlightCheck
entitlements
entitlement
stringEntitlementValueForKey:
_entitlementFlightCheck
ancestorsFromUnits:
addUnit:fromUnits:toDependencies:
injectionsFromUnits:
projectTemplateKind
conformsToTemplateKind:
targetTemplateKind
additionalAvailableTemplatesOfTemplateKind:
templateKindForIdentifier:
availableTemplatesOfTemplateKind:
isConcrete
array
isProjectOnly
isTargetOnly
initWithUnits:templateKind:
enumerateKeysAndObjectsUsingBlock:
extension
templateName
length
templateDescription
templateCategory
initWithTemplateInfo:filePath:
copy
setParent:
makeObjectsPerformSelector:withObject:
valueDidChangeForOption:
templatePlatforms
enumerateObjectsWithOptions:usingBlock:
sortOrder
templateOptions
defaultCompletionName
units
_units
defaultCenter
gameCenterStateChanged:
addObserver:selector:name:object:
removeObserver:
sandboxKeys
dictionaryWithCapacity:
filesystemKeys
setEntitlements:
setFilesystemPermissions:
userInfo
boolValue
mutableCopy
setEnabled:flightCheckContext:
objectForKey:
setWithObject:
keyPathsForValuesAffectingValueForKey:
valueForKey:
filesystemPermissions
numberWithInt:
intValue
filesystemPermissionNames
filesystemPermissionsIndexedByName
valueForUndefinedKey:
setValue:forUndefinedKey:
_entitlements
_filesystemPermissions
standardUserDefaults
stringForKey:
currentDirectoryPath
macroDefinitionTableByParsingXcconfigFileAtPath:baseDirectoryPath:error:
localizedDescription
registerDefaultXcconfigCommandLineOverridingProperties:
allMacroNames
caseInsensitiveCompare:
sortedArrayUsingSelector:
ide_initializeWithOptions:error:
isAbsolutePath
stringByAppendingPathComponent:
preprocessor
setForceIncludedFilesToEndWithNewline:
arrayWithObjects:
setIncludeSearchPath:
preprocessFileAtPath:encoding:
errors
stringWithString:
appendFormat:
dvt_dictionaryWithKeysAndValues:
errorWithDomain:code:userInfo:
newWithMacroName:value:conditionSet:
dvt_parseAsMacroAssignmentsWithBlock:returningErrorString:
setLabel:
makeImmutable
prefix
dictionaryWithObject:forKey:
transformedValue:
reverseTransformedValue:
hasPrefix:
substringFromIndex:
whitespaceAndNewlineCharacterSet
stringByTrimmingCharactersInSet:
dvt_isNonEmpty
_setKeychainAccessGroups:postAssignmentBlock:
targetBundleIdentifier
defaultKeychainAccessGroup
defaultKeychainAccessGroups
setKeychainAccessGroups:
keychainAccessGroups
_keychainAccessGroups
applicationPreferencesBuildSettings
newWithParentScope:macros:definitionLevel:
evaluatedStringValueForMacroExpression:
stringByExpandingSourceTreeReferencesInString:
pushNotificationServiceEntitlement
isValid
initWithDelegate:
packagesToInstall
initWithOutput:
installPackagesAndWait
init
setOutputFileHandle:
installPackagesWithAuthRef:
currentRunLoop
dvt_spinRunLoopInMode:waitingForSemaphore:
installError
uncachedPackagesToInstall
displayName
outputFileHandle
dvt_writeString:
setInstallError:
needToInstallPackages
installPackagesWithOutput:
installationStarted
installationProgressChanged:
installationSucceeded
installationFailed:
_outputFileHandle
_installError
isUnitTest
containsString:
initWithLocalizedContainer:localizedGroup:plistFileReference:target:
initWithLocalizedContainer:localizedGroup:plistFileReference:
localizableBundleKeys
plistFileReference
lastPathComponent
filteredBaseStrings:
_setDomains:postAssignmentBlock:
defaultDomains
setDomains:
domains
instantiateEntitlementsFlightCheck
defaultDomain
_domains
contextWithParent:path:adaptor:language:
adaptor
language
buildPhases
initWithLocalizedContainer:localizedGroup:stringsdictFileReference:target:
developmentRegion
isEqualTo:
removeObjectForKey:
setStrings:forLanguage:
stringsForLanguage:
_baseStrings
_stringsCache
allowedTemplateOptionTypes
setByAddingObjectsFromArray:
initWithOptionInfo:filePath:
validAppCategories
setValues:
appCategoryDisplayValues
arrayWithObject:
type
value
isUsableWithOptions:
effectiveValueWithOptions:
addToNode:andDefinitions:withOptions:components:project:targets:executables:macros:replacementHandler:
updateEnabledWithOptions:
parent
enabled
setEnabled:
setWithObjects:
localizedCaseInsensitiveCompare:
keyPathsForValuesAffectingDisplayValues
keyPathsForValuesAffectingValues
keyPathsForValuesAffectingHasValidValue
displayValues
setPrefix:
setUnits:
_specialType
allowedProjectArchiveVersions
compare:
obsoleteProjectVersion
objectAtIndex:
unsignedIntegerValue
setErrorMessage:
sharedCommandLineBuildTool
unableToOpenProjectAtPath:reason:
errorMessage
lastObject
setDidEncounterFatalError:
didEncounterFatalError
shouldOpenProjectOfMismatchingVersion:atPath:
shouldOpenProjectReadOnlyAtPath:
_didEncounterFatalError
_errorMessage
boolForKey:withDefaultValue:
logAspectWithName:
fileExistsAtPath:isDirectory:
isReadableFileAtPath:
xcodebuildDebugLogAspect
componentsJoinedByString:
_logAndIndentAtLogLevel:withFormat:
_logAtLogLevel:withFormat:
rangeOfString:
pathExtension
addObjectsFromArray:
_logAndOutdentAtLogLevel:withFormat:
processInfo
environment
fileHandleWithNullDevice
setName:
exitStatus
synthesizedMacros
setSynthesizedMacros:
macrosFromCommandLine
setMacrosFromCommandLine:
macrosFromXcconfigOption
setMacrosFromCommandLineXcconfigFile:
macrosFromXcconfigEnvVar
setMacrosFromEnvironmentXcconfigFile:
integerForKey:
standardError
dvt_writeFormat:
setExitStatus:
launchSchemeCommand
workspace
runContextManager
activeRunContext
testSchemeAction
isTestable
testSchemeCommand
analyzeSchemeCommand
archiveSchemeCommand
useArchiveActionForInstall
stringByReplacingOccurrencesOfString:withString:
setUsageBanner:
usageBanner
setShouldExit:
setToolCommand:
firstObject
removeObjectAtIndex:
argumentKey
defaultPlugInManager
setShouldClearPlugInCaches:
agreeToLicense
hasAgreedToLicense
showCommandLineLicenseUIIfNeeded:
standardOutput
rangeOfString:options:
substringWithRange:
rangeOfString:options:range:
characterAtIndex:
initWithName:usageName:usageDescription:argumentType:argumentKey:handlerBlock:
initWithName:matchRegex:usageName:usageDescription:argumentType:handlerBlock:
dvt_popFirstObject
componentsSeparatedByString:
objectAtIndexedSubscript:
ide_realPath
removeObjectsInRange:
setOptionDefinitions:
whitespaceCharacterSet
userDefaults
setFallbackOptionHandlerBlock:
arguments
parseArguments:intoOptionsDictionary:error:
_printErrorString:andFailWithCode:
usageString
setPotentialBuildActions:
setBuildSettingAssignmentStrings:
setProjectName:
projectName
setTargetNames:
targetNames
setAllTargets:
setWorkspaceName:
workspaceName
setSchemeName:
schemeName
setConfigurationName:
configurationName
setXcconfigPathFromOption:
xcconfigPathFromOption
setActionResultsBundlePathWithBaselineOverridesFromOption:
actionResultsBundlePathWithBaselineOverridesFromOption
setAutomaticBaselineDescription:
automaticBaselineDescription
setArchitectures:
architectures
setBaseSdkName:
baseSdkName
setToolchainNames:
toolchainNames
setDestinationSpecifications:
destinationSpecifications
setSkipUnsupportedDestinations:
setDestinationTimeout:
destinationTimeout
setParallelizeTargets:
setHideShellScriptEnvironment:
setMaxConcurrency:
setMaxDeviceTestConcurrency:
setMaxSimulatorTestConcurrency:
setDontActuallyRunCommands:
setQuieterOutput:
setSkipUnavailableActions:
setLocalizationPath:
localizationPath
setExportLanguages:
exportLanguages
setNameOfFileToFind:
nameOfFileToFind
setResultBundlePath:
resultBundlePath
_stringByResolvingSymlinksInPath:
setCodeCoverageEnabled:
setAddressSanitizerEnabled:
setThreadSanitizerEnabled:
setUBSanitizerEnabled:
codeCoverageEnabled
compare:options:
addressSanitizerEnabled
threadSanitizerEnabled
UBSanitizerEnabled
setTestRunSpecificationPathString:
testRunSpecificationPathString
setSkipTestIdentifiers:
skipTestIdentifiers
setOnlyTestIdentifiers:
onlyTestIdentifiers
setTestWithLanguage:
testWithLanguage
setTestWithRegion:
testWithRegion
setRunSkippedTestsOnly:
setDisableConcurrentTesting:
setTestApplicationMappingOverrides:
testApplicationMappingOverrides
setTemplateOutputPath:
templateOutputPath
setTemplateTeamID:
templateTeamID
setTemplateName:
setTemplatePlatform:
templatePlatform
setTemplateOptions:
setTemplateNonPermutedOptionValues:
templateNonPermutedOptionValues
setTemplateRequiredOptions:
templateRequiredOptions
setOutputAsJSON:
outputAsJSON
setAllowProvisioningUpdates:
setAllowProvisioningDeviceRegistration:
setReadSourceControlBlueprint:
setSourceControlSSHKeyPath:
sourceControlSSHKeyPath
initForProject:fromUpdate:sourceVersion:buildNumber:buildRecordPath:
setXbsBuildParameters:
invalidateFilePath
setXcconfigPathFromEnvVar:
toolCommand
setExportOptionsPlist:
setExportDestinationPath:
exportOptionsPlist
setArchivePath:
allTargets
maxConcurrency
runSkippedTestsOnly
disableConcurrentTesting
registerDefaults:
hideShellScriptEnvironment
environmentUserDefaults
setVolatileDomain:forName:
stringByExpandingTildeInPath
stringByResolvingSymlinksInPath
sdkForBootSystem
sdkForAbsolutePath:
sdkForCanonicalName:
sdkForDisplayName:
canonicalName
_printWarningString:
_resolveSdk:
perActionRunDestinations
setPerActionRunDestinations:
scheme
doubleValue
defaultDeviceManager
searchForDevicesWithType:options:timeout:error:
searchForDeviceWithType:options:genericOnly:timeout:error:
immediatelyInvalidateAvailableRunDestinations
availableRunDestinations
targetDevice
targetArchitecture
dvt_areAnyObjectsPassingTest:
dvt_objectsPassingTest:
subarrayWithRange:
isConcreteDevice
isTargetDeviceEligible
deviceIsBusy
enumerateObjectsUsingBlock:
dvt_arrayByRemovingObjectsInArray:
_schemeCommandForBuildAction:outSchemeTask:
sharedRunDestinationManager
executionEnvironment
genericDeploymentRunDestinationForRunDestination:scheme:schemeCommands:executionEnvironment:
isValidRunDestinationForScheme:schemeTask:schemeCommand:executionEnvironment:overridingTestingSpecifiers:error:
skipUnsupportedDestinations
defaultRunDestinationForScheme:fromRunDestinations:preferGenericDestination:supportingSDK:
fallbackRunDestination
strongToStrongObjectsMapTable
family
isDeploymentPlatform
arrayWithCapacity:
xbsXcodebuildSupportProvider
xbsBuildParameters
potentialBuildActions
optionOverridesForParameters:performingAction:
targetName
buildSettingAssignmentStrings
substringToIndex:
buildStatisticsSectionWithTitleFormat:
recordStartSystemStats
setMacrosFromXcconfigOption:
xcconfigPathFromEnvVar
setMacrosFromXcconfigEnvVar:
quieterOutput
recordEndSystemStats
arrayForKey:
valueForMacroName:conditionSet:
_legacyBuildActionMapping
setBuildActions:
buildActions
overridingProperties
macroDefinitionTables
_supportedBuildActions
knownProjectWrapperExtensions
filesInDirectory:withExtensions:errorString:
knownWorkspaceWrapperExtensions
shouldExit
currentProjectFileExtension
containerFileDataType
containerExtensionForFileDataType:
initWithFilePath:extension:workspace:options:error:
setWorkspace:
setContainerFilePath:error:
setWorkspaceDelegate:
finishedLoading
_projectLoadingTimeout
waitForCondition:sourceObject:keyPathAffectingConditionBlock:timeout:
customDataSpecifierWithName:groupingName:
representingCustomDataStore
newTransientSchemeWithCustomDataStore:customDataSpecifier:orderHint:
fileExistsAtPath:
fileDataTypeForFilePath:error:
conformsToType:
retainedWrappedWorkspaceForContainerAtFilePath:fileDataType:error:
stringByDeletingLastPathComponent
retainedContainerForFilePath:workspace:
setProject:
project
retainedContainerAtFilePath:fileDataType:workspace:error:
blueprints
targets
blueprintForName:
hasConfigurationNamed:
runContexts
setScheme:
skipUnavailableActions
isBuildable
isTransient
isAnalyzable
isArchivable
_resolveRunDestinationsForBuildAction:
genericBuildDestinationsForRunDestinations:scheme:schemeCommands:executionEnvironment:allowNoRunDestinationMatches:error:
operationParametersWithSchemeTask:buildCommand:executionEnvironment:runDestination:schemeCommand:commandName:invocationRecord:
dontActuallyRunCommands
schemeOperationForSchemeOperationParameters:buildLog:overridingProperties:overridingBuildConfiguration:dontActuallyRunCommands:restorePersistedBuildResults:error:completionBlock:
addDependency:
addSuboperation:
failedSections
cancel
operationWithBlock:
isSimulatorPlatform
setMaxConcurrentOperationCount:
maxConcurrentOperationCount
dvt_stringWithANSITextBold
dvt_stringWithANSITextBoldRed
initLocalRecordWithWorkspace:
setFilePath:
_actionStringForBuildAction:
stringByStandardizingPath
installSourcesToPath:
buildSystemServiceProvider
isModern
workspaceArena
buildFolderPath
buildables
insertsynthesizedMacrosIntoOverridingProperties:
_buildLogVerbosity
initLogWithTitle:standardOutput:standardError:verbosity:
initForAction:workspaceArenaSnapshot:schemeCommand:configurationName:activeRunDestination:activeArchitecture:overridingProperties:xbsParameters:
parallelizeTargets
initWithBuildCommand:buildParameters:executionEnvironment:singleFileToBuild:buildLog:parallelizeBuildables:dontActuallyRunCommands:buildImplicitDependencies:restorePersistedBuildResults:
setBuildables:
buildOperationClass
isSubclassOfClass:
initWithConfiguration:
result
setRequiredCodesignableDevices:
status
forceAddressSanitizerEnabledTo:
forceThreadSanitizerEnabledTo:
forceUBSanitizerEnabledTo:
setupBuild:forScheme:minimizeInference:migrationBuildOptions:withCompletionBlock:
buildSchemeAction
overridingBuildPropertiesForBuildable
setOverridingBuildProperties:forBuildable:
testManager
setActionResultsBundleWithBaselineOverridesFilePath:
setSuppressSimulatorApplication:
forceCodeCoverageEnabledTo:
setLanguage:
setRegion:
boolForKey:
maxDeviceTestConcurrency
integerValue
maxSimulatorTestConcurrency
_concurrentTestOperations:schemeTask:schemeCommand:executionEnvironment:invocationRecord:buildLog:restorePersistedBuildResults:deviceOperationLimit:simulatorOperationLimit:outError:
recorder
addCompletionBlock:
setTopLevelStatisticsSection:
enumerateUsingBlock:
setCompletionBlock:
executeOperation:withCommandName:serviceTier:invocationRecord:error:
localizedFailureReason
stopRecordingWithInfo:
buildToolQueue
addOperation:
isFinished
distantFuture
runMode:beforeDate:
errorSummaries
message
testFailureSummaries
testCaseName
sectionsWithAnalyzerIssues
signature
title
customDataObjectForClass:
threadSanitizerMessage
saveWithCompletionBlock:
buildablesForSchemeCommand:includingDependencies:
buildablesForAllSchemeCommandsIncludingDependencies:
xcode3Target
currentSnapshot
activeRunDestination
initForAction:workspaceArenaSnapshot:schemeCommand:configurationName:activeRunDestination:activeArchitecture:overridingProperties:
dvt_stringByQuotingIfNeeded
targetBuildContext
setDependencyGraphParameters:withBuildOperationContext:
createDependenciesInTargetBuildContextIfNeeded
initWithBuildContext:
macroExpansionScope
initWithParentScope:dependencyGraphCreationContext:
environmentWithMacroExpansionScope:
performLockedBlock:
toolsInfo
toolsVersion
ide_buildInfoRevisionString
toolsBuildVersion
configurationNames
dataWithJSONObject:options:error:
initWithData:encoding:
defaultConfigurationName
sdkForNameOrPath:withBasePath:forceCreate:
_sdkForUseWithFind
filePathForExecutableWithName:commandLineToolchainNames:environmentVariables:sdk:diagnostics:
filePathForLibraryWithName:commandLineToolchainNames:environmentVariables:sdk:diagnostics:
allPlatforms
userDescription
sortedArrayUsingComparator:
SDKs
sdkForBootSystemRequiresSpecialTreatment
sdkPackage
isBaseSDK
_enumerateAllPlatformsAlphabeticallyWithBlock:
versionInfo
dictionaryWithDictionary:
version
path
sdkForNameOrPath:
_printVerboseInfoForSDK:keysToEmit:
_printVersionInfoAndExit
defaultDistributionMethodManager
_orderedDistributionMethods
commandLineName
orderedDistributionStepModelClassNames
availableOptionsForPropertyList
fileURLWithPath:
dvt_propertyListWithURL:options:format:error:
archivePath
archiveWithArchivePath:
exportDestinationPath
distributionDriverWithArchive:optionsPlist:
runWithDestinationPath:error:
fileName
localeIdentifier
exporterToURL:container:sourceLanguage:targetLanguages:
setOnCompletedBlock:
setOnErrorBlock:
start
invalidateAndRemoveAllObjects
comparison
issues
importerFromURL:container:sourceLanguage:allowProjectChanges:onNeedsReview:
dvt_setDisallowSavingOverride:
initWithOutputPath:teamID:
setCrossPlatformOnly:
platformForString:
setPlatform:
setNonPermutedOptionValues:
setRequiredOptions:
nonPermutedOptionValues
requiredOptions
runTemplateTests
runCreateNewProjectWithTemplateNamed:platform:options:
assertUnreachableShouldNotCall
timerWithTimeInterval:target:selector:userInfo:repeats:
dvt_setIsNonGraphicalProcess:
initWithFileAtPath:
open
propertyListWithStream:options:format:error:
close
setXcode3ProjectCreationErrorHandler:
object
retainContainer
addObserverForName:object:queue:usingBlock:
initWithTitle:
_parseOptions
timingLogAspect
dvt_hasDomain:errorCode:
setXbsXcodebuildSupportProvider:
defaultPaths
xcodeApplicationFilePath
fileURL
_resolveBaseSdk
_availableExportArchiveOptionsSection
_printPathToExecutableAndExit
_printPathToLibraryAndExit
_printShortSDKListAndExit
_printVerboseSDKListAndExit
_permuteTemplatesAndExit
_createNewProjectAndExit
allowProvisioningUpdates
setSupportCommandLineRepairs:
allowProvisioningDeviceRegistration
setAutomaticallyRegisterDevices:
_distributeArchiveAndExit
readSourceControlBlueprint
fileHandleWithStandardInput
setStandardInput:
standardInput
readDataToEndOfFile
initWithJSONData:sshKeyDirectory:
setSourceControlBlueprint:
sourceControlBlueprint
registerAsAuthenticationFailureHandler
startLocating
currentThread
threadDictionary
weakObjectsPointerArray
_resolveInputOptionsWithTimingSection:
_showBuildSettings
_printContainerInformationAndExit
_exportLocalizationsAndExit
_importLocalizationsAndExit
_buildWithTimingSection:
emitContentsForAspect:logLevel:indentLevel:withBlock:
buildStatisticsEmissionSummaryBlock
_container:didChangeFromFilePath:toFilePath:
_workspace:failedToResolveContainerForProjectFile:
_workspace:didChangeFinishedLoadingTo:
_workspace:didChangeSimpleFilesFocusedTo:
_schemeLoadingTimeout
setEnvironment:
setStandardOutput:
setStandardError:
setTargets:
setUserDefaults:
setEnvironmentUserDefaults:
setBuildToolQueue:
_containerDidOpenContainerNotificationObserver
_parser
_shouldExit
_allTargets
_skipUnsupportedDestinations
_parallelizeTargets
_hideShellScriptEnvironment
_dontActuallyRunCommands
_skipUnavailableActions
_quieterOutput
_runSkippedTestsOnly
_disableConcurrentTesting
_outputAsJSON
_readSourceControlBlueprint
_allowProvisioningUpdates
_allowProvisioningDeviceRegistration
_toolCommand
_name
_arguments
_environment
_standardInput
_standardOutput
_standardError
_exitStatus
_projectName
_targetNames
_workspaceName
_schemeName
_xcconfigPathFromOption
_xcconfigPathFromEnvVar
_actionResultsBundlePathWithBaselineOverridesFromOption
_automaticBaselineDescription
_nameOfFileToFind
_archivePath
_exportOptionsPlist
_exportDestinationPath
_buildActions
_potentialBuildActions
_buildSettingAssignmentStrings
_project
_targets
_workspace
_perActionRunDestinations
_configurationName
_architectures
_baseSdkName
_toolchainNames
_destinationSpecifications
_destinationTimeout
_maxConcurrency
_maxDeviceTestConcurrency
_maxSimulatorTestConcurrency
_localizationPath
_exportLanguages
_codeCoverageEnabled
_addressSanitizerEnabled
_threadSanitizerEnabled
_UBSanitizerEnabled
_testRunSpecificationPathString
_skipTestIdentifiers
_onlyTestIdentifiers
_testApplicationMappingOverrides
_testWithLanguage
_testWithRegion
_templateOutputPath
_templateTeamID
_templateName
_templatePlatform
_templateOptions
_templateNonPermutedOptionValues
_templateRequiredOptions
_synthesizedMacros
_macrosFromCommandLine
_macrosFromXcconfigOption
_macrosFromXcconfigEnvVar
_userDefaults
_environmentUserDefaults
_buildToolQueue
_resultBundlePath
_sourceControlSSHKeyPath
_sourceControlBlueprint
_xbsBuildParameters
_xbsXcodebuildSupportProvider
_scheme
setValue:forKey:
deviceType
knownDeviceSpecifierOptions
operatingSystemVersion
deviceIneligibilityError
null
localizedRecoverySuggestion
deviceOperations
operationDescription
callStackReturnAddresses
stackBacktraceWithCallStackReturnAddresses:
stringRepresentation
macrosFromCommandLineXcconfigFile
macrosFromEnvironmentXcconfigFile
fileDescriptor
children
itemNamed:
indexOfObject:
insertItem:atIndex:
initWithPropertyList:fromPath:stringValueKey:
pathType
isGroup
sourceTree
setFileEncoding:
setLineEnding:
setTabWidth:
setIndentWidth:
setUsesTabs:
setWrapsLines:
isVariantGroup
insertFiles:atIndex:copy:createGroupsRecursively:
applyPropertiesToReference:
setPath:andSourceTree:
setPath:
appropriateBuildPhaseForFileReference:
copyFilesBuildPhases
addReference:
buildFileForReference:
setBoolValue:ofAttributeNamed:
isAbsolutePathTypeInRootGroup:
groupWithName:
addFileReferenceForPath:toGroup:absolute:
setBaseConfigurationReference:
defaultHeaderBuildPhase
initWithReference:targetIdentifiers:extension:buildAttributes:
addFileReference:toTarget:usingExtension:buildAttributes:
replacementTargetInTargets:
addFileReferenceToPath:rootGroup:targets:basedOn:deferredTargetAdditions:
setPathType:
beginning
setBeginning:
setEnd:
indent
setIndent:
setGroup:
omitFromProjectStructure
setOmitFromProjectStructure:
targetIndices
setTargetIndices:
targetIdentifiers
setTargetIdentifiers:
substituteMacros
setSubstituteMacros:
setSortOrder:
fileType
setFileType:
setTextEncoding:
lineEnding
tabWidth
indentWidth
usesTabs
wrapsLines
buildAttributes
setBuildAttributes:
groups
setGroups:
_beginning
_end
_indent
_path
_filePath
_pathType
_fileType
_textEncoding
_lineEnding
_tabWidth
_indentWidth
_usesTabs
_wrapsLines
_group
_targetIndices
_targetIdentifiers
_substituteMacros
_groups
_omitFromProjectStructure
_sortOrder
_buildAttributes
setReference:
setExtension:
reference
_reference
_extension
pathForResource:ofType:
initWithLicenseInfoPath:
cStringUsingEncoding:
getLicensePath
pipe
fileHandleForReading
launch
waitUntilExit
launchTaskAndReturnOutputForTaskPath:taskArguments:
stringWithCString:encoding:
printLicense
promptForAgreement
isWritableFileAtPath:
shouldShowLicenseAgreement
_shouldShowLicenseAgreement
_isRunningAsSuperUser
isTTY
userHasWriteableHomeDirectory
displayLicenseHasAgreed:
bundleWithPath:
initWithXcodeBundle:
showLicenseUIIfNeeded:
_agreeToLicense
_licensePath
_xcodeBundle
_licenseAgreementHelper
documentTemplate
templateKind
mainBundle
localizedStringForKey:value:table:
dictionaryWithObjectsAndKeys:
documentFilePath
pbxProject
subitems
referencedContainer
buildConfigurationExistsForName:
buildConfigurationForName:
buildSettings
xc_setMacroNamesAndValuesFromDictionary:errorHandler:
lowercaseString
destinationGroup
projectForItem:
projectInGroup:
createDirectoryAtPath:withIntermediateDirectories:attributes:error:
xcodeMinorVersion
setLastUpgradeCheck:
_defaultFormat
setPreferredProjectFormat:
setForceWriteToFileSystem:
writeToFileSystemProjectFile:userFile:checkNeedsRevert:
preferences
useTabsToIndent
string
appendString:
organizationName
customDataStoresForTemplateMacros
initWithWorkspaceName:projectName:packageName:targetName:productName:fileName:organizationName:customDataStores:
additionalMacroExpansions
addExpansionsFrom:
addMacroToEngine:
setExpansion:forMacro:
indentString
targetTemplateIdentifier
currentCompletionName
projectPathForDestinationPath:instantiationContext:
projectForProjectPath:context:
buildConfigurationList
defaultConfiguration
setClassPrefix:
setOrganizationName:
macroEngineForProject:context:options:
productSettingForKey:
expandedValueForString:forBuildParameters:
stringByManglingToLegalCIdentifier
postNotificationName:object:
productName
resetStandardMacrosWithWorkspaceName:projectName:packageName:targetName:productName:fileName:organizationName:
substituteMacrosIn:leavingUnknownMacros:error:
suppressTopLevelGroup
predicateWithBlock:
filterUsingPredicate:
countOfBuildConfigurations
removeObjectFromBuildConfigurationsAtIndex:
buildConfigurationWithName:settings:
addBuildConfiguration:
normalizeSettingsDictionary:
addSettings:toConfigurationNamed:inList:
buildConfigurationNames
initWithName:productTypeIdentifier:templateDictionary:baseDirectoryPath:
currentVersion
setCreatedOnToolsVersion:
createBuildConfigurationListFromProject
removeAllMacros
templateConfigurationName:projectNames:templateNames:
addTarget:
dependencyWithTarget:
_targetWithTemplateIdentifier:inTargets:
embedProductOfTarget:
fileTypeForUTI:
initWithName:path:sourceTree:fileType:extraFileProperties:
absolutePath
addItem:
updateProductReference
team
addTeam:toTarget:
decimalDigitCharacterSet
invertedSet
rangeOfCharacterFromSet:
productReference
supportsHostingTests
configureForTargetToBeTested:
configureForTestHostTarget:includeBundleLoader:
outputToFilePath:withDefinitions:indentString:rootGroup:targets:basedOn:targetName:suppressTargetGroup:deferredTargetAdditions:error:replacementHandler:
setValue:
setLastSwiftUpdateCheck:
addItemsAtFilePaths:workspace:force:completionBlockDispatchQueue:completionBlock:
outputToContext:options:error:
teamID
validatePackageName:context:error:
canInstantiateTemplateForContext:
proposedFilePathsForContext:options:error:
instantiateTemplateForContext:options:whenDone:
XC3_numericCompare:
knownSDKs
sortUsingSelector:
contextWithParent:fileReference:adaptor:
contextWithParent:
searchPathWithSearchDirectoryFilePaths:
binSearchPathForPlatform:
contextWithParent:launchPath:arguments:
systemTaskWorkForContexts
contextWithParent:language:fileReference:adaptor:
readStringsContext
localizedContainer
subitemForLocale:
proposedFilePathForLocalization:fileType:
addNewReferenceForLocale:filePath:completionBlock:
baseFileReference
initWithLocalizedContainer:localizedGroup:
setBaseStrings:
setComments:
availableLanguages
arrayByAddingObject:
fileReferenceForLanguage:
emptyStream
dryRun
contextWithParent:dryRun:strings:comments:container:group:language:
initWithContainer:localizedGroup:
readWorkForContext:
writeWorkForContext:langauge:
baseStrings
_comments
cachedValueForKey:
stickerPackFile
initWithLocalizedContainer:localizedGroup:containingCatalogReference:stickerPackFile:target:
_containingCatalog
_stickerPackFile
_baseStickers
optionDefinitionsWithEnvironment:
setUsageName:
setUsageDescription:
performWithEnvironment:
primaryBlueprintProvider
commandLineOptions
commandLineUnparsedArguments
workingDirectory
isSameFileAsFilePath:
profileSchemeCommand
anyObject
buildProperties
runDestination
reverseObjectEnumerator
buildConfiguration
cachedMacroExpansionScopeForBuildParameters:
primaryBuildable
launchSchemeAction
buildableReferenceToUseForMacroExpansion
resolvedBuildable
profileSchemeAction
blueprint
availableConfigurationNames
evaluatedStringValueForMacroNamed:
requiresScheme
readValuesFromPlist
setEnabledRoutingTypes:
enabledRoutingTypes
infoPlistCoordinator
setValue:forPlistSetting:
removeDirctionsRequestDocumentType
plistContainsDirectionsRequestDocumentType
addDirectionsRequestDocumentType
linkFrameworkWithName:error:
unlinkFrameworkWithName:
valueForPlistSetting:ofType:
_setEnabledRoutingTypes:postAssignmentBlock:
member:
airplane
mutableSetValueForKey:
removeObject:
_setAirplane:postAssignmentBlock:
bike
_setBike:postAssignmentBlock:
_setBus:postAssignmentBlock:
_setCar:postAssignmentBlock:
ferry
_setFerry:postAssignmentBlock:
pedestrian
_setPedestrian:postAssignmentBlock:
ridesharing
_setRidesharing:postAssignmentBlock:
streetcar
_setStreetcar:postAssignmentBlock:
subway
_setSubway:postAssignmentBlock:
taxi
_setTaxi:postAssignmentBlock:
train
_setTrain:postAssignmentBlock:
other
_setOther:postAssignmentBlock:
linkedFrameworksFlightCheck
directionsRequestDocumentTypeDeclarations
predicateWithFormat:
filteredArrayUsingPredicate:
removeObjectsInArray:
keyPathsForValuesAffectingAirplane
keyPathsForValuesAffectingBike
keyPathsForValuesAffectingBus
keyPathsForValuesAffectingCar
keyPathsForValuesAffectingFerry
keyPathsForValuesAffectingPedestrian
keyPathsForValuesAffectingRidesharing
keyPathsForValuesAffectingStreetcar
keyPathsForValuesAffectingSubway
keyPathsForValuesAffectingTaxi
keyPathsForValuesAffectingTrain
keyPathsForValuesAffectingOther
setAirplane:
setBike:
setBus:
setCar:
setFerry:
setPedestrian:
setRidesharing:
setStreetcar:
setSubway:
setTaxi:
setTrain:
setOther:
_linkedFrameworksFlightCheck
_enabledRoutingTypes
extendedPlatformInfoForPlatformIdentifier:
requiresGameCenterDeviceCompatibilityInfoPlistEntry
requiresLocalGameCenterEntitlement
postNotificationName:object:userInfo:
addRequiredCapabilityWithKey:
removeRequiredCapabilityWithKey:
requiredCapabilitiesStateForKey:
initForInfoPlistWithBackgroundResolutionBlock:backgroundUnresolutionBlock:backgroundValidityCheckBlock:plistKey:
dvt_addObjectIfNonNil:
infoPlistFlightCheck
_requiresGameCenterDeviceCompatibilityInfoPlistEntry
_requiresLocalGameCenterEntitlement
_portalFlightCheck
_infoPlistFlightCheck
rangeOfNextSeparatorOrOpenerInString:range:foundScanType:
rangeOfNextMacroCloserInString:range:
rangeOfNextParenCloserInString:range:
rangeOfNextSeparatorInString:range:
addNodeWithNames:
setExpansionString:
mutableChildren
nodeWithName:
mutableArrayValueForKey:
numberWithInteger:
replaceObjectAtIndex:withObject:
expansionString
definitionForNames:withDefinitions:
appendNonEmptyString:indenting:withString:wildcardString:
addToString:withPrefixNames:definitions:indent:indentString:
shouldProcessPath:
fileDataTypeForFileContentAtPath:error:
initWithContentsOfURL:usedEncoding:error:
writeToURL:atomically:encoding:error:
attributesOfItemAtPath:error:
unsignedLongValue
numberWithUnsignedLong:
setAttributes:ofItemAtPath:error:
copyItemAtURL:toURL:error:
sharedWorkspace
typeOfFile:error:
type:conformsToType:
dataWithContentsOfURL:
propertyListWithData:options:format:error:
dataWithPropertyList:format:options:error:
writeToURL:atomically:
sortedArrayWithOptions:usingComparator:
outputInDirectory:withDefinitions:indentString:rootGroup:targets:basedOn:deferredTargetAdditions:error:replacementHandler:
stringByRemovingSuffix:
addChildNodes:
setChildren:
_wildcardNode
_children
_expansionString
stringByReplacingOccurrencesOfString:withString:options:range:
enumerateLinesUsingBlock:
cloudContainers
setCloudContainers:
_setKeyValueStoreID:postAssignmentBlock:
_setServiceIDs:postAssignmentBlock:
defaultKeyValueStoreID
setKeyValueStoreID:
setServiceIDs:
dvt_changeValueForKey:usingBlock:
dvt_arrayByRemovingDuplicates
defaultContainerID
orderedSetWithObject:
capabilityItemModels
dvt_firstObjectPassingTest:
buildSettingsCoordinator
expandedValueForString:
sdkPath
ide_extendedInfo
supportsCloudDocuments
serviceIDs
_setProperty:instanceVariable:value:postAssignmentBlock:
allowsCloudKit
dvt_dictionaryByAddingEntriesFromDictionary:
hasLinkedFrameworkWithName:
initForFrameworksWithBackgroundResolutionBlock:backgroundUnresolutionBlock:backgroundValidityCheckBlock:framework:
cloudKitFrameworkFlightCheck
keyValueStoreID
ubiquityContainerIDs
keyPathsForValuesAffectingUnexpandedContainerIDs
keyPathsForValuesAffectingUbiquityContainerIDs
supportsCloudDocs
requiredContainerPrefix
_cloudKitFrameworkFlightCheck
_keyValueStoreID
_serviceIDs
_cloudContainers
injectionTargetNames
mergeSettingsDictionary:intoDictionary:replacementHandler:
nodes
templateOptionClass
fallbackTemplateIcon
numberOfComponents
setIdentifier:
macros
wantsAssociatedTarget
associatedTargetAllowableProductTypes
associatedTargetAllowablePlatforms
associatedTargetIsRequired
associatedTargetIsTargetToBeTested
associatedTargetIsDependent
associatedTargetNeedsProductBuildPhaseInjection
associatedTargetPopUpTitle
associatedTargetPopUpDescription
optionConstraints
setSuppressTopLevelGroup:
_ancestorNames
_componentDictionaries
_definitions
_requiredOptions
_executables
_concrete
_projectOnly
_targetOnly
_wantsAssociatedTarget
_associatedTargetIsRequired
_associatedTargetIsTargetToBeTested
_associatedTargetIsDependent
_associatedTargetNeedsProductBuildPhaseInjection
_suppressTopLevelGroup
_parent
_identifier
_nodes
_macros
_associatedTargetAllowableProductTypes
_associatedTargetAllowablePlatforms
_associatedTargetPopUpTitle
_associatedTargetPopUpDescription
_optionConstraints
_injectionTargetNames
Xcode3SwiftPMProjectGenerator
Xcode3NetworkExtensionsItemModel
Xcode3VPNLiteItemModel
Xcode3LocalizedSourceStringsAdaptorTableWorkContext
Xcode3LocalizedSourceStringsAdaptorSourceWorkContext
Xcode3LocalizedSourceStringsAdaptorTargetWorkContext
Xcode3LocalizedSourceStringsAdaptor
Xcode3LocalizedIndependentStringsAdaptorTargetWorkContext
IDELocalizationWorkProvider
IDEStreamWorkProvider
NSObject
Xcode3LocalizedIndependentStringsAdaptor
Xcode3PassbookItemModel
Xcode3MacMapsItemModel
Xcode3ApplicationGroupsItemModel
Xcode3DataProtectionItemModel
Xcode3ProjectTemplate
Xcode3ProjectTemplateUnitParent
Xcode3SandboxItemModel
Xcode3Core
Xcode3CoreInitializer
IDEInitialization
Xcode3BuildSettingsDictionary
Xcode3IdentifierPrefixTransformer
Xcode3ArrayOfStringsValueTransformer
Xcode3AppIdentifierPrefixTransformer
Xcode3TeamIdentifierPrefixTransformer
Xcode3KeychainItemModel
Xcode3SourceTrees
IDESourceTreeProvider
Xcode3PushItemModel
FirstLaunchExperienceHelper
DVTPackageInstallerHelperDelegate
Xcode3LocalizedInfoPlistAdaptor
Xcode3SafariKeychainItemModel
Xcode3WACItemModel
_Xcode3LocalizedStringsdictAdaptorReadContext
Xcode3LocalizedStringsdictAdaptor
Xcode3ProjectTemplateOption
Xcode3InAppPurchaseItemModel
_Xcode3CommandLineProjectCreationErrorHandler
Xcode3ProjectCreationErrorHandling
Xcode3CommandLineBuildTool
IDEWorkspaceDelegate
IDEContainerDelegate
Xcode3ProjectTemplateDefinition
Xcode3ProjectTemplateDeferredTargetAddition
CommandLineLicenseHelper
Xcode3ProjectTemplateFactory
Xcode3ProjectTemplateFactoryExtensions
Xcode3LocalizedIBDocumentAdaptorReadWorkContext
IDELocalizedGroup
Xcode3LocalizedIBDocumentAdaptor
_Xcode3LocalizedStickersAdaptorReadContext
Xcode3LocalizedStickersAdaptor
Xcode3InstallsrcCommandLineVerb
Xcode3BuildSettingsCommandLineVerb
Xcode3MapsItemModel
Xcode3GameCenterItemModel
Xcode3ProjectTemplateDefinitionNode
Xcode3ProjectTemplateDefinitionNodeAdditions
Xcode3iCloudItemModel
Xcode3ProjectTemplateUnit
Xcode3ProjectTemplateOptionParent
IDETemplateOptionParent
@16@0:8
B16@0:8
v16@0:8
c16@0:8
@40@0:8@16@24@32
@32@0:8@16@24
@24@0:8@16
@64@0:8@16@24@32@40@48@56
@"Xcode3Target"
c24@0:8@16
#16@0:8
@24@0:8:16
@32@0:8:16@24
@40@0:8:16@24@32
c24@0:8#16
c24@0:8:16
Vv16@0:8
Q16@0:8
^{_NSZone=}16@0:8
c24@0:8@"Protocol"16
@"NSString"16@0:8
@"IDEStream"16@0:8
v24@0:8@16
v32@0:8@16@?24
@"NSMutableDictionary"
@"<IDEFlightChecking>"
@"NSArray"
@"IDEAppIDItemIdentifiersItemModelSet"
v40@0:8@16@24@32
v24@0:8@"Xcode3ProjectTemplateOption"16
q16@0:8
v32@0:8@16@24
c28@0:8i16^@20
@40@0:8@16@24^@32
@"NSString"24@0:8@"NSString"16
v24@0:8q16
v24@0:8@"NSError"16
@"NSFileHandle"
@"NSError"
@48@0:8@16@24@32@40
@"NSDictionary"
v88@0:8@16@24@32@40@48@56@64@72@?80
@"NSString"
c32@0:8Q16@24
c32@0:8Q16@"NSString"24
v32@0:8@"NSString"16@"NSString"24
c24@0:8@"NSString"16
v20@0:8c16
v40@0:8@"IDEContainer"16@"DVTFilePath"24@"DVTFilePath"32
v28@0:8@16c24
v32@0:8@"IDEWorkspace"16@"IDEFileReference"24
v28@0:8@"IDEWorkspace"16c24
v32@0:8@16q24
@32@0:8@16^q24
@92@0:8@16q24@32@40@48@56c64q68q76^@84
v24@0:8@?16
i16@0:8
v20@0:8i16
@"DVTCommandLineParser"
@"Xcode3Project"
@"NSMutableArray"
@"IDEWorkspace"
@"NSNumber"
@"DVTMacroDefinitionTable"
@"NSOperationQueue"
@"DVTSourceControlWorkspaceBlueprint"
@"IDEXBSBuildParameters"
@"<IDEXBSXcodebuildSupportProvider>"
@"IDEScheme"
v48@0:8@16@24@32@40
@36@0:8@16@24c32
@56@0:8@16@24@32@40@48
@"DVTFilePath"
@"PBXReference"
Q20@0:8c16
r*16@0:8
c20@0:8c16
@"NSBundle"
@"DVTLicenseAgreementHelper"
c40@0:8@16@24^@32
v40@0:8@16@24@?32
q24@0:8@16
@"NSArray"16@0:8
@"IDEContainer<IDELocalizedContainer>"16@0:8
@"IDEFileReference"24@0:8@"DVTLocale"16
@"DVTFilePath"32@0:8@"DVTLocale"16@"DVTFileDataType"24
v40@0:8@"DVTLocale"16@"DVTFilePath"24@?<v@?c@"NSError">32
@"IDEFileReference"
@"NSSet"
i24@0:8@16
v28@0:8c16@?20
{_NSRange=QQ}48@0:8@16{_NSRange=QQ}24^q40
{_NSRange=QQ}40@0:8@16{_NSRange=QQ}24
v56@0:8@16@24@32^q40@48
@88@0:8@16@24@32@40@48@56@64^@72@?80
@100@0:8@16@24@32@40@48@56@64c72@76^@84@?92
@"Xcode3ProjectTemplateDefinitionNode"
v48@0:8@16q24@32@40
v48@0:8@16^@24@32@?40
@"IDEWorkspace"16@0:8
v24@0:8@"IDETemplateOption"16
c24@0:8@"NSArray"16
@"<Xcode3ProjectTemplateUnitParent>"
** BUILD INTERRUPTED **
@(#)PROGRAM:Xcode3Core  PROJECT:Xcode3ProjectSupport-13171.3
ffff
