__sFILE
OSSignpostType
Nos_signpost_type_t
FileAttributeKey
NNSFileAttributeKey
OSLogType
Nos_log_type_t
FileAttributeType
NNSFileAttributeType
Foundation
__sbuf
TSCBasic
ByteString
TSCBasic
CStringArray
TSCBasic
CacheableSequence
CacheableSequenceIterator
TSCBasic
Closable
TSCBasic
CodableResult
CodingKeys
TSCBasic
Condition
TSCBasic
DeltaAlgorithm
DiagnosticsEngine
TSCBasic
DiagnosticData
DiagnosticLocation
Diagnostic
Behavior
Message
StringDiagnostic
UnknownLocation
TSCBasic
FileInfo
CodingKeys
TSCBasic
FileSystemError
Kind
FileMode
Option
FileSystem
LocalFileSystem
InMemoryFileSystem
Node
DirectoryContents
RerootedFileSystemView
NodeContents
WeakReference
TSCBasic
GraphError
TSCBasic
HashAlgorithm
SHA256
CryptoKitSHA256
TSCBasic
JSON
JSONSerializable
JSONDecodingError
TSCBasic
JSONMappable
MapError
TSCBasic
KeyedPair
TSCBasic
LazyCache
TSCBasic
Lock
FileLock
LockType
ProcessLockError
TSCBasic
OSLog
OSLogType
OSSignpostType
OSSignpostID
TSCBasic
ObjectIdentifierProtocol
TSCBasic
OrderedDictionary
TSCBasic
OrderedSet
TSCBasic
AbsolutePath
RelativePath
Path
PathValidationError
UNIXPath
TSCBasic
RecursibleDirectoryContentsGenerator
TSCBasic
ProcessResult
Error
ExitStatus
Process
OutputRedirection
TSCBasic
ProcessEnv
TSCBasic
ProcessSetError
ProcessSet
TSCBasic
RegEx
TSCBasic
StringError
CodingKeys
TSCBasic
SortedArray
TSCBasic
LocalizedJoinType
TSCBasic
SynchronizedQueue
Node
TSCBasic
TempFileError
TemporaryFile
MakeDirectoryError
TSCBasic
TerminalController
TerminalType
Color
TSCBasic
Thread
ThreadImpl
TSCBasic
ByteStreamable
WritableByteStream
_WritableByteStreamBase
ThreadSafeOutputByteStream
Format
BufferedOutputByteStream
FileOutputByteStream
LocalFileOutputByteStream
TransformedSeparatedListStreamable
SeparatedListStreamable
JSONEscapedTransformedStringListStreamable
JSONEscapedDictionaryStreamable
JSONEscapedStringListStreamable
JSONEscapedStringStreamable
JSONEscapedDoubleStreamable
JSONEscapedIntStreamable
JSONEscapedBoolStreamable
RepeatingStringStreamable
TSCBasic
CodableRange
SystemError
CodingKeys
<self>
TSCUtility
Archiver
ZipArchiver
indexstore_functions_t
CFRunLoop
NCFRunLoopRef
indexstore_unit_dependency_kind_t
indexstore_symbol_subkind_t
indexstore_symbol_kind_t
indexstore_symbol_language_t
indexstore_unit_event_listen_options_t
indexstore_unit_event_kind_t
indexstore_string_ref_t
TSCUtility
ArgumentParserError
ArgumentConversionError
Shell
ShellCompletion
ArgumentKind
StringEnumArgument
PathArgument
ArrayParsingStrategy
ArgumentProtocol
ArgumentKindTy
OptionArgument
PositionalArgument
AnyArgument
ArgumentParserProtocol
ArgumentParser
Result
ArgumentBinder
Parser
Error
Cursor
TSCUtility
Bits
TSCUtility
Bitcode
BitcodeElement
Block
Record
Payload
BlockInfo
Signature
BitstreamVisitor
Bitstream
Abbreviation
Operand
BlockInfoCode
BlockID
AbbreviationID
BitcodeError
Error
TSCUtility
BitstreamReader
TSCUtility
BitstreamWriter
BlockInfo
RecordBuffer
Block
TSCUtility
BuildFlags
CodingKeys
TSCUtility
DiagnosticDataConvertible
DiagnosticLocationProviding
AnyDiagnostic
PackageLocation
Local
Remote
Diagnostics
TSCUtility
DownloaderError
Downloader
FoundationDownloader
Download
TSCUtility
FSWatch
_FileWatcher
FSEventStreamDelegate
FSEventStream
Error
_WatcherDelegate
TSCUtility
TSCUtility
IndexStore
TestCaseClass
IndexStoreAPI
IndexStoreImpl
IndexStoreAPIImpl
TestCaseBuilder
TSCUtility
InterruptHandler
TSCUtility
JSONMessageStreamingParserDelegate
Message
JSONMessageStreamingParser
State
 @\v
ParsingError
TSCUtility
AuthorizationProviding
Netrc
Error
Machine
TSCUtility
SignpostName
TSCUtility
PersistentCacheProtocol
SQLiteBackedPersistentCache
TSCUtility
PkgConfigError
PCFileFinder
LoadingContext
PkgConfig
PkgConfigParser
TSCUtility
Platform
LinuxFlavor
TSCUtility
PolymorphicCodableProtocol
PolymorphicCodable
PolymorphicCodableArray
CodingKeys
TSCUtility
ProgressAnimationProtocol
SingleLinePercentProgressAnimation
MultiLineNinjaProgressAnimation
RedrawingNinjaProgressAnimation
NinjaProgressAnimation
MultiLinePercentProgressAnimation
RedrawingLitProgressAnimation
PercentProgressAnimation
DynamicProgressAnimation
TSCUtility
SQLite
Configuration
Location
SQLiteValue
Column
PreparedStatement
CallbackWrapper
Errors
TSCUtility
SerializedDiagnostics
Error
Diagnostic
Level
SourceLocation
FixIt
TSCUtility
SimplePersistanceProtocol
SimplePersistence
Error
TSCUtility
TracingEventType
TracingEventProtocol
TracingCollectionProtocol
TracingEvent
TracingCollection
CodingKeys
TSCUtility
Triple
Error
Arch
Vendor
CodingKeys
TSCUtility
TSCUtility
Verbosity
TSCUtility
Version
TSCUtility
SwiftVersion
Versioning
TSCUtility
DLHandle
DLOpenFlags
DLError
<path>
<path>
<path>
<line>
<macro>
<style>
<path>
<path>
<path>
<path>
<dir>
Emit a TBD file
<enforcement>
<string>
<path>
<path>
Immediate mode
<level>
<n:n>
<locale-code>
<path>
<level>
<dir>
<path>
<file>
<vers>
<triple>
<profdata>
<target>
<type>
<check>
<regex>
<format>
<sdk>
<path>
<50>
<250>
<mode>
<vers>
<triple>
<version>
<directory>
<module-name>
<type>
<path>
<arg>
<arg>
<arg>
SwiftOptions
DriverKind
SwiftOptions
OptionAttributes
Option
Kind
SwiftOptions
OptionParseError
SwiftOptions
OptionTable
Group
SwiftOptions
ParsedOption
Argument
ParsedOptions
SwiftOptions
PrefixTrie
Node
DOTWriter
null
Yams
Constructor
ScalarConstructible
SexagesimalConvertible
yaml_event_s
yaml_parser_s
yaml_emitter_s
Decimal
NNSDecimal
__Unnamed_union_data
yaml_event_type_e
__Unnamed_struct_aliases
__Unnamed_struct_tag_directives
__Unnamed_struct_marks
yaml_parser_state_e
__Unnamed_struct_states
__Unnamed_struct_simple_keys
__Unnamed_struct_indents
__Unnamed_struct_tokens
__Unnamed_struct_raw_buffer
__Unnamed_struct_buffer
__Unnamed_union_input
yaml_mark_s
yaml_document_s
yaml_anchors_s
__Unnamed_struct_scalar_data
__Unnamed_struct_tag_data
__Unnamed_struct_anchor_data
__Unnamed_struct_events
yaml_emitter_state_e
yaml_break_e
yaml_encoding_e
__Unnamed_union_output
yaml_error_type_e
yaml_alias_data_s
yaml_simple_key_s
yaml_token_s
yaml_version_directive_s
__Unnamed_struct_nodes
yaml_scalar_style_e
yaml_tag_directive_s
yaml_token_type_e
yaml_node_s
yaml_node_type_e
Yams
YAMLDecoder
_Decoder
_KeyedDecodingContainer
_UnkeyedDecodingContainer
Yams
Emitter
LineBreak
Options
State
Yams
YAMLEncoder
_Encoder
_ReferencingEncoder
Reference
_KeyedEncodingContainer
_UnkeyedEncodingContainer
_YAMLCodingKey
Yams
Mark
Mapping
Style
Yams
Pair
Scalar
Style
Sequence
Style
Yams
Node
Yams
YamlSequence
Parser
Encoding
Event
Buffer
NSNull
Yams
NodeRepresentable
ScalarRepresentable
YAMLEncodable
Yams
Resolver
Rule
Yams
Name
TagResolvable
Yams
YamlError
Context
label
shape
fillcolor
solid
dotted
style
DDEP
depends
provides
-num-threads
-add_ast_path
-frontend
-emit-module
-interpret
-merge-modules
-modulewrap
-target
swiftc
swift
-show-hidden
--version
-target-variant
-sdk
-resource-dir
--repl=
-force_load
--verify
extraPCMArgs
-static-stdlib
 !"#$%&'()*+,-./
SwiftDriver
CompilerMode
BatchModeInfo
swiftscan_functions_t
swiftscan_batch_scan_result_t
swiftscan_batch_scan_input_t
swiftscan_dependency_info_kind_t
swiftscan_string_set_t
swiftscan_dependency_set_t
swiftscan_string_ref_t
SwiftDriver
DebugInfo
Format
Level
SwiftDriver
Driver
Error
InvocationRunMode
SwiftDriver
LinkOutputType
LTOKind
SwiftDriver
ModuleOutputInfo
ModuleOutput
SwiftDriver
OutputFileMap
CodingKeys
OutputFileMapJSON
Entry
SwiftDriver
ToolExecutionDelegate
Mode
SwiftDriver
ArgsResolver
SwiftDriver
DriverExecutor
DriverExecutorWorkload
Kind
JobExecutionDelegate
JobExecutionError
SwiftDriver
ParsableMessage
Kind
ActualProcess
BeganMessage
Output
SkippedMessage
FinishedMessage
SignalledMessage
CodingKeys
SwiftDriver
ProcessProtocol
SwiftDriver
ExplicitDependencyBuildPlanner
SwiftDriver
ModuleDependencyId
BridgingHeader
SwiftModuleDetails
SwiftPlaceholderModuleDetails
SwiftPrebuiltExternalModuleDetails
ClangModuleDetails
ModuleInfo
Details
InterModuleDependencyGraph
CodingKeys
SwiftDriver
InterModuleDependencyOracle
SwiftDriver
SwiftModuleArtifactInfo
ClangModuleArtifactInfo
BatchScanModuleInfo
BatchScanSwiftModuleInfo
BatchScanClangModuleInfo
CodingKeys
SwiftDriver
BidirectionalMap
SwiftDriver
BuildRecord
SectionName
SwiftDriver
BuildRecordInfo
JobResult
SwiftDriver
DependencyGraphDotFileWriter
ExportableGraph
Node
ExportableNode
SwiftDriver
ExternalDependency
FingerprintedExternalDependency
DependencyKey
DeclAspect
Designator
SwiftDriver
DictionaryOfDictionaries
Index
SwiftDriver
Transitively
Directly
InvalidatedSet
InvalidatedArray
SwiftDriver
ExternalDependencyAndFingerprintEnforcer
ChangedInput
FirstWaveComputer
SwiftDriver
IncrementalCompilationState
InitialStateForPlanning
Reporter
Options
SourceFiles
WriteDependencyGraphError
IncrementalDependencyAndInputSetup
SwiftDriver
InputInfo
Status
SwiftDriver
KeyAndFingerprintHolder
SwiftDriver
ModuleDependencyGraph
Phase
Serializer
RecordID
ReadError
Visitor
SwiftDriver
DependencySource
Integrator
Node
NodeFinder
SwiftDriver
Multidictionary
SwiftDriver
SourceFileDependencyGraph
Node
ReadError
Visitor
SwiftDriver
TwoDMap
SwiftDriver
CommandInvocation
SwiftDriver
SupportedCompilerFeatures
CodingKeys
SwiftDriver
Kind
ArgTemplate
InputError
JoinedOptionAndPathCodingKeys
CodingKeys
SquashedArgumentListCodingKeys
SwiftDriver
PlanningError
JobsInPhases
CompileJobGroup
SwiftDriver
PrebuitModuleGenerationDelegate
PrebuiltModuleInput
SDKPrebuiltModuleInputsCollector
SwiftDriver
FrontendTargetInfo
Paths
Target
CodingKeys
CompatibilityLibrary
SwiftVersion
Filter
PlatformSupport
SwiftDriver
DependencyScanningError
SwiftScan
SwiftDriver
DarwinToolchain
ToolchainValidationError
DarwinSDKInfo
CodingKeys
VersionMap
SwiftDriver
GenericUnixToolchain
SwiftDriver
Tool
Toolchain
ToolchainError
SwiftDriver
WebAssemblyToolchain
Error
SwiftDriver
DOTJobGraphSerializer
SwiftDriver
Errors
SwiftDriver
FileList
SwiftDriver
FileType
SwiftDriver
PredictableRandomNumberGenerator
SwiftDriver
Sanitizer
SwiftDriver
DarwinPlatform
Environment
EnvironmentWithoutCatalyst
FeatureAvailability
Availability
mingw
cygwin
cygwin
cygwin
cygwin
windows
windows
cygwin
SwiftDriver
Triple
Version
TripleComponent
Arch
SubArch
Profile
Kalimba
MIPS
Vendor
Environment
ObjectFormat
EnvInfo
ParsedComponent
SwiftDriver
TypedVirtualPath
CodingKeys
SwiftDriver
VirtualPath
Handle
PathCache
TemporaryFileStore
TextualVirtualPath
CodingKeys
FileSystemError
llbuildSwift
BuildDBKeysResult
BuildDBKeysWithResult
Element
RuleResult
MutableStringPointer
BuildDB
Error
llb_buildengine_delegate_t_
CommandResult
Nllb_buildsystem_command_result_t
llb_task_interface_t_
llb_data_t_
llb_build_value_file_timestamp_t_
BuildValueKind
Nllb_build_value_kind_t
DiagnosticKind
Nllb_buildsystem_diagnostic_kind_t
BuildKeyKind
Nllb_build_key_kind_t
CommandStatusKind
Nllb_buildsystem_command_status_kind_t
llb_build_value_file_info_t_
llb_rule_t_
RuleStatus
Nllb_rule_status_kind_t
llbuildSwift
BuildKey
Command
CustomTask
DirectoryContents
FilteredDirectoryContents
DirectoryTreeSignature
DirectoryTreeStructureSignature
Node
Stat
Target
llbuildSwift
BuildSystemCommandInterface
Tool
ToolWrapper
ExternalCommand
ProducesCustomBuildValue
CommandWrapper
Diagnostic
Command
ProcessHandle
CommandMetrics
CommandExtendedResult
FileInfo
FileSystem
BuildSystemDelegate
CStyleEnvironment
BuildSystem
Representation
Values
llbuildSwift
BuildValue
Invalid
VirtualInput
ExistingInput
MissingInput
DirectoryContents
DirectoryTreeSignature
DirectoryTreeStructureSignature
MissingOutput
FailedInput
SuccessfulCommand
FailedCommand
PropagatedFailureCommand
CancelledCommand
SkippedCommand
Target
StaleFileRemoval
FilteredDirectoryContents
SuccessfulCommandWithOutputSignature
llbuildSwift
Value
Rule
Task
BuildEngineDelegate
Wrapper
TaskBuildEngine
TaskInterfaceWrapper
TaskWrapper
BuildEngine
DatabaseError
N12_GLOBAL__N_111SpecialNameE
N12_GLOBAL__N_14NodeE
N12_GLOBAL__N_121CtorVtableSpecialNameE
N12_GLOBAL__N_18NameTypeE
N12_GLOBAL__N_124ForwardTemplateReferenceE
N12_GLOBAL__N_110NestedNameE
N12_GLOBAL__N_111IntegerExprE
N12_GLOBAL__N_14ExprE
N12_GLOBAL__N_18BoolExprE
N12_GLOBAL__N_19FloatExprIfEE
N12_GLOBAL__N_19FloatExprIdEE
N12_GLOBAL__N_19FloatExprIeEE
N12_GLOBAL__N_115IntegerCastExprE
N12_GLOBAL__N_113FunctionParamE
N12_GLOBAL__N_18FoldExprE
N12_GLOBAL__N_122ParameterPackExpansionE
N12_GLOBAL__N_110BinaryExprE
N12_GLOBAL__N_110PrefixExprE
N12_GLOBAL__N_18CastExprE
N12_GLOBAL__N_18CallExprE
N12_GLOBAL__N_114ConversionExprE
N12_GLOBAL__N_110DeleteExprE
N12_GLOBAL__N_113QualifiedNameE
N12_GLOBAL__N_18DtorNameE
N12_GLOBAL__N_122ConversionOperatorTypeE
N12_GLOBAL__N_115LiteralOperatorE
N12_GLOBAL__N_119GlobalQualifiedNameE
N12_GLOBAL__N_110MemberExprE
N12_GLOBAL__N_118ArraySubscriptExprE
N12_GLOBAL__N_110BracedExprE
N12_GLOBAL__N_115BracedRangeExprE
N12_GLOBAL__N_112InitListExprE
N12_GLOBAL__N_111PostfixExprE
N12_GLOBAL__N_17NewExprE
N12_GLOBAL__N_113EnclosingExprE
N12_GLOBAL__N_115ConditionalExprE
N12_GLOBAL__N_119SizeofParamPackExprE
N12_GLOBAL__N_113NodeArrayNodeE
N12_GLOBAL__N_19ThrowExprE
N12_GLOBAL__N_127ExpandedSpecialSubstitutionE
N12_GLOBAL__N_112CtorDtorNameE
N12_GLOBAL__N_110AbiTagAttrE
N12_GLOBAL__N_115UnnamedTypeNameE
N12_GLOBAL__N_115ClosureTypeNameE
N12_GLOBAL__N_121StructuredBindingNameE
N12_GLOBAL__N_19LocalNameE
N12_GLOBAL__N_119SpecialSubstitutionE
N12_GLOBAL__N_113ParameterPackE
N12_GLOBAL__N_112TemplateArgsE
N12_GLOBAL__N_120NameWithTemplateArgsE
N12_GLOBAL__N_116StdQualifiedNameE
N12_GLOBAL__N_120TemplateArgumentPackE
N12_GLOBAL__N_112EnableIfAttrE
N12_GLOBAL__N_116FunctionEncodingE
N12_GLOBAL__N_19DotSuffixE
N12_GLOBAL__N_112NoexceptSpecE
N12_GLOBAL__N_120DynamicExceptionSpecE
N12_GLOBAL__N_112FunctionTypeE
N12_GLOBAL__N_113ObjCProtoNameE
N12_GLOBAL__N_117VendorExtQualTypeE
N12_GLOBAL__N_18QualTypeE
N12_GLOBAL__N_110VectorTypeE
N12_GLOBAL__N_19ArrayTypeE
N12_GLOBAL__N_119PointerToMemberTypeE
N12_GLOBAL__N_122ElaboratedTypeSpefTypeE
N12_GLOBAL__N_111PointerTypeE
N12_GLOBAL__N_113ReferenceTypeE
N12_GLOBAL__N_120PostfixQualifiedTypeE
N12_GLOBAL__N_14TypeE
N12_GLOBAL__N_17UdtTypeE
N12_GLOBAL__N_117MemberPointerTypeE
N12_GLOBAL__N_111PointerTypeE
N12_GLOBAL__N_19ArrayTypeE
N12_GLOBAL__N_112FunctionTypeE
0123456789ABCDEFGHIJKLMNOPQRSTUVWXYZ
N4llvm13format_objectIJlEEE
N4llvm2cl6OptionE
N4llvm2cl18GenericOptionValueE
N4llvm2cl11OptionValueINS0_13boolOrDefaultEEE
N4llvm2cl15OptionValueCopyINS0_13boolOrDefaultEEE
N4llvm2cl11OptionValueINSt3__112basic_stringIcNS2_11char_traitsIcEENS2_9allocatorIcEEEEEE
N4llvm2cl15OptionValueCopyINSt3__112basic_stringIcNS2_11char_traitsIcEENS2_9allocatorIcEEEEEE
N4llvm2cl19generic_parser_baseE
N4llvm2cl17basic_parser_implE
N4llvm2cl6parserIbEE
N4llvm2cl12basic_parserIbEE
N4llvm2cl6parserINS0_13boolOrDefaultEEE
N4llvm2cl12basic_parserINS0_13boolOrDefaultEEE
N4llvm2cl6parserIiEE
N4llvm2cl12basic_parserIiEE
N4llvm2cl6parserIjEE
N4llvm2cl12basic_parserIjEE
N4llvm2cl6parserIyEE
N4llvm2cl12basic_parserIyEE
N4llvm2cl6parserIdEE
N4llvm2cl12basic_parserIdEE
N4llvm2cl6parserIfEE
N4llvm2cl12basic_parserIfEE
N4llvm2cl6parserINSt3__112basic_stringIcNS2_11char_traitsIcEENS2_9allocatorIcEEEEEE
N4llvm2cl12basic_parserINSt3__112basic_stringIcNS2_11char_traitsIcEENS2_9allocatorIcEEEEEE
N4llvm2cl6parserIcEE
N4llvm2cl12basic_parserIcEE
N4llvm2cl3optIjLb0ENS0_6parserIjEEEE
N4llvm2cl11opt_storageIjLb0ELb0EEE
N4llvm2cl3optIiLb0ENS0_6parserIiEEEE
N4llvm2cl11opt_storageIiLb0ELb0EEE
N4llvm2cl3optINSt3__112basic_stringIcNS2_11char_traitsIcEENS2_9allocatorIcEEEELb0ENS0_6parserIS8_EEEE
N4llvm2cl11opt_storageINSt3__112basic_stringIcNS2_11char_traitsIcEENS2_9allocatorIcEEEELb0ELb1EEE
NSt3__112basic_stringIcNS_11char_traitsIcEENS_9allocatorIcEEEE
NSt3__121__basic_string_commonILb1EEE
N4llvm2cl3optIcLb0ENS0_6parserIcEEEE
N4llvm2cl11opt_storageIcLb0ELb0EEE
N4llvm2cl3optIbLb0ENS0_6parserIbEEEE
N4llvm2cl11opt_storageIbLb0ELb0EEE
N4llvm2cl5aliasE
N12_GLOBAL__N_111HelpPrinterE
N12_GLOBAL__N_122CategorizedHelpPrinterE
N4llvm2cl11OptionValueIjEE
N4llvm2cl15OptionValueBaseIjLb0EEE
N4llvm2cl15OptionValueCopyIjEE
N4llvm2cl11OptionValueIiEE
N4llvm2cl15OptionValueBaseIiLb0EEE
N4llvm2cl15OptionValueCopyIiEE
N4llvm2cl11OptionValueIcEE
N4llvm2cl15OptionValueBaseIcLb0EEE
N4llvm2cl15OptionValueCopyIcEE
N4llvm2cl11OptionValueIbEE
N4llvm2cl15OptionValueBaseIbLb0EEE
N4llvm2cl15OptionValueCopyIbEE
N4llvm2cl3optIN12_GLOBAL__N_111HelpPrinterELb1ENS0_6parserIbEEEE
N4llvm2cl11opt_storageIN12_GLOBAL__N_111HelpPrinterELb1ELb1EEE
N4llvm2cl11OptionValueIN12_GLOBAL__N_111HelpPrinterEEE
N4llvm2cl15OptionValueBaseIN12_GLOBAL__N_111HelpPrinterELb1EEE
N4llvm2cl3optIN12_GLOBAL__N_118HelpPrinterWrapperELb1ENS0_6parserIbEEEE
N4llvm2cl11opt_storageIN12_GLOBAL__N_118HelpPrinterWrapperELb1ELb1EEE
N4llvm2cl11OptionValueIN12_GLOBAL__N_118HelpPrinterWrapperEEE
N4llvm2cl15OptionValueBaseIN12_GLOBAL__N_118HelpPrinterWrapperELb1EEE
N4llvm2cl3optIN12_GLOBAL__N_114VersionPrinterELb1ENS0_6parserIbEEEE
N4llvm2cl11opt_storageIN12_GLOBAL__N_114VersionPrinterELb1ELb1EEE
N4llvm2cl11OptionValueIN12_GLOBAL__N_114VersionPrinterEEE
N4llvm2cl15OptionValueBaseIN12_GLOBAL__N_114VersionPrinterELb1EEE
N4llvm13ErrorInfoBaseE
N4llvm9ErrorListE
N4llvm9ErrorInfoINS_9ErrorListENS_13ErrorInfoBaseEEE
N4llvm11StringErrorE
N4llvm9ErrorInfoINS_11StringErrorENS_13ErrorInfoBaseEEE
N4llvm7ECErrorE
N4llvm9ErrorInfoINS_7ECErrorENS_13ErrorInfoBaseEEE
N12_GLOBAL__N_118ErrorErrorCategoryE
N4llvm14FoldingSetBaseE
N4llvm13format_objectIJhEEE
N4llvm12MemoryBufferE
N4llvm23SmallVectorMemoryBufferE
N12_GLOBAL__N_120MemoryBufferMMapFileIN4llvm24WriteThroughMemoryBufferEEE
N4llvm24WriteThroughMemoryBufferE
N12_GLOBAL__N_115MemoryBufferMemIN4llvm12MemoryBufferEEE
N12_GLOBAL__N_120MemoryBufferMMapFileIN4llvm20WritableMemoryBufferEEE
N4llvm20WritableMemoryBufferE
N12_GLOBAL__N_115MemoryBufferMemIN4llvm20WritableMemoryBufferEEE
N12_GLOBAL__N_120MemoryBufferMMapFileIN4llvm12MemoryBufferEEE
NSt3__120__shared_ptr_emplaceIN4llvm3sys2fs6detail12DirIterStateENS_9allocatorIS5_EEEE
[0;30m
[0;31m
[0;32m
[0;33m
[0;34m
[0;35m
[0;36m
[0;37m
[0;1;30m
[0;1;31m
[0;1;32m
[0;1;33m
[0;1;34m
[0;1;35m
[0;1;36m
[0;1;37m
[0;40m
[0;41m
[0;42m
[0;43m
[0;44m
[0;45m
[0;46m
[0;47m
[0;1;40m
[0;1;41m
[0;1;42m
[0;1;43m
[0;1;44m
[0;1;45m
[0;1;46m
[0;1;47m
N4llvm13format_objectIJiEEE
N4llvm13format_objectIJiPKcEEE
N4llvm13format_objectIJimEEE
N4llvm13format_objectIJjEEE
N4llvm4yaml8NullNodeE
N4llvm4yaml4NodeE
N4llvm4yaml10ScalarNodeE
N4llvm4yaml15BlockScalarNodeE
N4llvm4yaml12KeyValueNodeE
N4llvm4yaml11MappingNodeE
N4llvm4yaml12SequenceNodeE
N4llvm4yaml9AliasNodeE
N4llvm20circular_raw_ostreamE
N4llvm11raw_ostreamE
N4llvm17raw_pwrite_streamE
N4llvm18raw_string_ostreamE
N4llvm19raw_svector_ostreamE
N4llvm18format_object_baseE
N4llvm14raw_fd_ostreamE
N4llvm16raw_null_ostreamE
                                                                                
0000000000000000B
N7llbuild5basic13JobDescriptorE
N7llbuild5basic22ExecutionQueueDelegateE
N7llbuild5basic15QueueJobContextE
N7llbuild5basic14ExecutionQueueE
NSt3__113__assoc_stateIN7llbuild5basic13ProcessStatusEEE
NSt3__110__function6__funcIZN7llbuild5basic14ExecutionQueue14executeProcessEPNS3_15QueueJobContextEN4llvm8ArrayRefINS7_9StringRefEEEE3$_0NS_9allocatorISB_EEFvNS3_13ProcessResultEEEE
ZN7llbuild5basic14ExecutionQueue14executeProcessEPNS0_15QueueJobContextEN4llvm8ArrayRefINS4_9StringRefEEEE3$_0
N7llbuild5basic10FileSystemE
N7llbuild5basic24DeviceAgnosticFileSystemE
N12_GLOBAL__N_115LocalFileSystemE
N12_GLOBAL__N_123LaneBasedExecutionQueueE
N12_GLOBAL__N_122PriorityQueueSchedulerE
N12_GLOBAL__N_19SchedulerE
N12_GLOBAL__N_113FifoSchedulerE
N12_GLOBAL__N_133LaneBasedExecutionQueueJobContextE
NSt3__117bad_function_callE
NSt3__110__function6__funcIZN12_GLOBAL__N_123LaneBasedExecutionQueue14executeProcessEPN7llbuild5basic15QueueJobContextEN4llvm8ArrayRefINS8_9StringRefEEENS9_INS_4pairISA_SA_EEEENS5_17ProcessAttributesENS8_8OptionalINS_8functionIFvNS5_13ProcessResultEEEEEEPNS5_15ProcessDelegateEEUlONSH_IFvvEEEE_NS_9allocatorISR_EEFvSQ_EEE
NSt3__110__function6__baseIFvONS_8functionIFvvEEEEEE
ZN12_GLOBAL__N_123LaneBasedExecutionQueue14executeProcessEPN7llbuild5basic15QueueJobContextEN4llvm8ArrayRefINS5_9StringRefEEENS6_INSt3__14pairIS7_S7_EEEENS2_17ProcessAttributesENS5_8OptionalINS9_8functionIFvNS2_13ProcessResultEEEEEEPNS2_15ProcessDelegateEEUlONSF_IFvvEEEE_
NSt3__110__function6__funcIZN12_GLOBAL__N_123LaneBasedExecutionQueue14executeProcessEPN7llbuild5basic15QueueJobContextEN4llvm8ArrayRefINS8_9StringRefEEENS9_INS_4pairISA_SA_EEEENS5_17ProcessAttributesENS8_8OptionalINS_8functionIFvNS5_13ProcessResultEEEEEEPNS5_15ProcessDelegateEEUlSI_E_NS_9allocatorISO_EESJ_EE
ZN12_GLOBAL__N_123LaneBasedExecutionQueue14executeProcessEPN7llbuild5basic15QueueJobContextEN4llvm8ArrayRefINS5_9StringRefEEENS6_INSt3__14pairIS7_S7_EEEENS2_17ProcessAttributesENS5_8OptionalINS9_8functionIFvNS2_13ProcessResultEEEEEEPNS2_15ProcessDelegateEEUlSG_E_
NSt3__110__function6__funcIZN12_GLOBAL__N_115SerialQueueImpl4syncENS_8functionIFvvEEEEUlvE_NS_9allocatorIS7_EES5_EE
NSt3__110__function6__baseIFvvEEE
ZN12_GLOBAL__N_115SerialQueueImpl4syncENSt3__18functionIFvvEEEEUlvE_
20SerialExecutionQueue
NSt3__110__function6__funcIZN20SerialExecutionQueue6addJobEN7llbuild5basic8QueueJobEEUlvE_NS_9allocatorIS6_EEFvvEEE
N20SerialExecutionQueue13SerialContextE
ZN20SerialExecutionQueue6addJobEN7llbuild5basic8QueueJobEEUlvE_
NSt3__110__function6__funcIZN20SerialExecutionQueue14executeProcessEPN7llbuild5basic15QueueJobContextEN4llvm8ArrayRefINS7_9StringRefEEENS8_INS_4pairIS9_S9_EEEENS4_17ProcessAttributesENS7_8OptionalINS_8functionIFvNS4_13ProcessResultEEEEEEPNS4_15ProcessDelegateEEUlONSG_IFvvEEEE_NS_9allocatorISQ_EEFvSP_EEE
ZN20SerialExecutionQueue14executeProcessEPN7llbuild5basic15QueueJobContextEN4llvm8ArrayRefINS4_9StringRefEEENS5_INSt3__14pairIS6_S6_EEEENS1_17ProcessAttributesENS4_8OptionalINS8_8functionIFvNS1_13ProcessResultEEEEEEPNS1_15ProcessDelegateEEUlONSE_IFvvEEEE_
NSt3__110__function6__funcIZN20SerialExecutionQueue14executeProcessEPN7llbuild5basic15QueueJobContextEN4llvm8ArrayRefINS7_9StringRefEEENS8_INS_4pairIS9_S9_EEEENS4_17ProcessAttributesENS7_8OptionalINS_8functionIFvNS4_13ProcessResultEEEEEEPNS4_15ProcessDelegateEEUlSH_E_NS_9allocatorISN_EESI_EE
ZN20SerialExecutionQueue14executeProcessEPN7llbuild5basic15QueueJobContextEN4llvm8ArrayRefINS4_9StringRefEEENS5_INSt3__14pairIS6_S6_EEEENS1_17ProcessAttributesENS4_8OptionalINS8_8functionIFvNS1_13ProcessResultEEEEEEPNS1_15ProcessDelegateEEUlSF_E_
N7llbuild5basic15ProcessDelegateE
NSt3__110__function6__funcIZN7llbuild5basic12spawnProcessERNS3_15ProcessDelegateEPNS3_14ProcessContextERNS3_12ProcessGroupENS3_13ProcessHandleEN4llvm8ArrayRefINSB_9StringRefEEENS3_16POSIXEnvironmentENS3_17ProcessAttributesEONS_8functionIFvONSH_IFvvEEEEEEONSH_IFvNS3_13ProcessResultEEEEE3$_0NS_9allocatorISS_EEFbSD_EEE
NSt3__110__function6__baseIFbN4llvm9StringRefEEEE
ZN7llbuild5basic12spawnProcessERNS0_15ProcessDelegateEPNS0_14ProcessContextERNS0_12ProcessGroupENS0_13ProcessHandleEN4llvm8ArrayRefINS8_9StringRefEEENS0_16POSIXEnvironmentENS0_17ProcessAttributesEONSt3__18functionIFvONSF_IFvvEEEEEEONSF_IFvNS0_13ProcessResultEEEEE3$_0
NSt3__110__function6__funcIZN7llbuild5basic12spawnProcessERNS3_15ProcessDelegateEPNS3_14ProcessContextERNS3_12ProcessGroupENS3_13ProcessHandleEN4llvm8ArrayRefINSB_9StringRefEEENS3_16POSIXEnvironmentENS3_17ProcessAttributesEONS_8functionIFvONSH_IFvvEEEEEEONSH_IFvNS3_13ProcessResultEEEEE3$_1NS_9allocatorISS_EEFbSD_EEE
ZN7llbuild5basic12spawnProcessERNS0_15ProcessDelegateEPNS0_14ProcessContextERNS0_12ProcessGroupENS0_13ProcessHandleEN4llvm8ArrayRefINS8_9StringRefEEENS0_16POSIXEnvironmentENS0_17ProcessAttributesEONSt3__18functionIFvONSF_IFvvEEEEEEONSF_IFvNS0_13ProcessResultEEEEE3$_1
NSt3__120__shared_ptr_emplaceI17ManagedDescriptorNS_9allocatorIS1_EEEE
NSt3__110__function6__funcIZN7llbuild5basic12spawnProcessERNS3_15ProcessDelegateEPNS3_14ProcessContextERNS3_12ProcessGroupENS3_13ProcessHandleEN4llvm8ArrayRefINSB_9StringRefEEENS3_16POSIXEnvironmentENS3_17ProcessAttributesEONS_8functionIFvONSH_IFvvEEEEEEONSH_IFvNS3_13ProcessResultEEEEE3$_2NS_9allocatorISS_EESI_EE
ZN7llbuild5basic12spawnProcessERNS0_15ProcessDelegateEPNS0_14ProcessContextERNS0_12ProcessGroupENS0_13ProcessHandleEN4llvm8ArrayRefINS8_9StringRefEEENS0_16POSIXEnvironmentENS0_17ProcessAttributesEONSt3__18functionIFvONSF_IFvvEEEEEEONSF_IFvNS0_13ProcessResultEEEEE3$_2
_N7llbuild4core15BuildDBDelegateE
N7llbuild4core7BuildDBE
N7llbuild4core4TaskE
N7llbuild4core4RuleE
N7llbuild4core19BuildEngineDelegateE
N12_GLOBAL__N_115BuildEngineImplE
N7llbuild4core20DependencyInfoParser12ParseActionsE
N7llbuild4core18MakefileDepsParser12ParseActionsE
N12_GLOBAL__N_113SQLiteBuildDBE
N7llbuild11buildsystem4NodeE
N7llbuild11buildsystem7CommandE
N7llbuild11buildsystem4ToolE
N7llbuild11buildsystem17BuildFileDelegateE
N7llbuild11buildsystem9BuildNodeE
N7llbuild11buildsystem19BuildSystemDelegateE
N12_GLOBAL__N_123BuildSystemFileDelegateE
N12_GLOBAL__N_19ShellToolE
N12_GLOBAL__N_19PhonyToolE
N12_GLOBAL__N_112PhonyCommandE
N12_GLOBAL__N_19ClangToolE
N12_GLOBAL__N_117ClangShellCommandE
NSt3__110__function6__funcIZN12_GLOBAL__N_117ClangShellCommand22executeExternalCommandERN7llbuild11buildsystem11BuildSystemENS4_4core13TaskInterfaceEPNS4_5basic15QueueJobContextEN4llvm8OptionalINS_8functionIFvNSA_13ProcessResultEEEEEEEUlSG_E_NS_9allocatorISK_EESH_EE
NSt3__110__function6__baseIFvN7llbuild5basic13ProcessResultEEEE
NSt3__110__function6__funcIZZN12_GLOBAL__N_117ClangShellCommand22executeExternalCommandERN7llbuild11buildsystem11BuildSystemENS4_4core13TaskInterfaceEPNS4_5basic15QueueJobContextEN4llvm8OptionalINS_8functionIFvNSA_13ProcessResultEEEEEEENUlSG_E_clESG_EUlSC_E_NS_9allocatorISL_EEFvSC_EEE
NSt3__110__function6__baseIFvPN7llbuild5basic15QueueJobContextEEEE
ZN12_GLOBAL__N_117ClangShellCommand29processDiscoveredDependenciesEN7llbuild4core13TaskInterfaceEPNS1_5basic15QueueJobContextEE11DepsActions
ZZN12_GLOBAL__N_117ClangShellCommand22executeExternalCommandERN7llbuild11buildsystem11BuildSystemENS1_4core13TaskInterfaceEPNS1_5basic15QueueJobContextEN4llvm8OptionalINSt3__18functionIFvNS7_13ProcessResultEEEEEEENUlSE_E_clESE_EUlS9_E_
ZN12_GLOBAL__N_117ClangShellCommand22executeExternalCommandERN7llbuild11buildsystem11BuildSystemENS1_4core13TaskInterfaceEPNS1_5basic15QueueJobContextEN4llvm8OptionalINSt3__18functionIFvNS7_13ProcessResultEEEEEEEUlSE_E_
N12_GLOBAL__N_19MkdirToolE
N12_GLOBAL__N_112MkdirCommandE
N12_GLOBAL__N_111SymlinkToolE
N12_GLOBAL__N_114SymlinkCommandE
N12_GLOBAL__N_111ArchiveToolE
N12_GLOBAL__N_119ArchiveShellCommandE
NSt3__110__function6__funcIZN12_GLOBAL__N_119ArchiveShellCommand22executeExternalCommandERN7llbuild11buildsystem11BuildSystemENS4_4core13TaskInterfaceEPNS4_5basic15QueueJobContextEN4llvm8OptionalINS_8functionIFvNSA_13ProcessResultEEEEEEEUlSG_E_NS_9allocatorISK_EESH_EE
ZN12_GLOBAL__N_119ArchiveShellCommand22executeExternalCommandERN7llbuild11buildsystem11BuildSystemENS1_4core13TaskInterfaceEPNS1_5basic15QueueJobContextEN4llvm8OptionalINSt3__18functionIFvNS7_13ProcessResultEEEEEEEUlSE_E_
N12_GLOBAL__N_117SharedLibraryToolE
N12_GLOBAL__N_125SharedLibraryShellCommandE
NSt3__110__function6__funcIZN12_GLOBAL__N_125SharedLibraryShellCommand22executeExternalCommandERN7llbuild11buildsystem11BuildSystemENS4_4core13TaskInterfaceEPNS4_5basic15QueueJobContextEN4llvm8OptionalINS_8functionIFvNSA_13ProcessResultEEEEEEEUlSG_E_NS_9allocatorISK_EESH_EE
ZN12_GLOBAL__N_125SharedLibraryShellCommand22executeExternalCommandERN7llbuild11buildsystem11BuildSystemENS1_4core13TaskInterfaceEPNS1_5basic15QueueJobContextEN4llvm8OptionalINSt3__18functionIFvNS7_13ProcessResultEEEEEEEUlSE_E_
N12_GLOBAL__N_120StaleFileRemovalToolE
N12_GLOBAL__N_123StaleFileRemovalCommandE
N12_GLOBAL__N_117SwiftCompilerToolE
N12_GLOBAL__N_125SwiftCompilerShellCommandE
NSt3__119basic_ostringstreamIcNS_11char_traitsIcEENS_9allocatorIcEEEE
NSt3__115basic_stringbufIcNS_11char_traitsIcEENS_9allocatorIcEEEE
NSt3__110__function6__funcIZN12_GLOBAL__N_125SwiftCompilerShellCommand22executeExternalCommandERN7llbuild11buildsystem11BuildSystemENS4_4core13TaskInterfaceEPNS4_5basic15QueueJobContextEN4llvm8OptionalINS_8functionIFvNSA_13ProcessResultEEEEEEEUlSC_E_NS_9allocatorISK_EEFvSC_EEE
ZN12_GLOBAL__N_125SwiftCompilerShellCommand29processDiscoveredDependenciesEN7llbuild4core13TaskInterfaceEN4llvm9StringRefEE11DepsActions
ZN12_GLOBAL__N_125SwiftCompilerShellCommand22executeExternalCommandERN7llbuild11buildsystem11BuildSystemENS1_4core13TaskInterfaceEPNS1_5basic15QueueJobContextEN4llvm8OptionalINSt3__18functionIFvNS7_13ProcessResultEEEEEEEUlS9_E_
N12_GLOBAL__N_122SwiftGetVersionCommandE
N12_GLOBAL__N_125BuildSystemEngineDelegateE
NSt3__110__function6__funcIZN12_GLOBAL__N_125BuildSystemEngineDelegate10lookupRuleERKN7llbuild4core7KeyTypeEE3$_0NS_9allocatorIS9_EEFPNS5_4TaskERNS5_11BuildEngineEEEE
NSt3__110__function6__baseIFPN7llbuild4core4TaskERNS3_11BuildEngineEEEE
N12_GLOBAL__N_118MissingCommandTaskE
ZN12_GLOBAL__N_125BuildSystemEngineDelegate10lookupRuleERKN7llbuild4core7KeyTypeEE3$_0
NSt3__110__function6__funcIZN12_GLOBAL__N_125BuildSystemEngineDelegate10lookupRuleERKN7llbuild4core7KeyTypeEE3$_1NS_9allocatorIS9_EEFbRNS5_11BuildEngineERKNS5_4RuleERKNS_6vectorIhNSA_IhEEEEEEE
NSt3__110__function6__baseIFbRN7llbuild4core11BuildEngineERKNS3_4RuleERKNS_6vectorIhNS_9allocatorIhEEEEEEE
ZN12_GLOBAL__N_125BuildSystemEngineDelegate10lookupRuleERKN7llbuild4core7KeyTypeEE3$_1
N12_GLOBAL__N_115BuildSystemRuleE
NSt3__110__function6__funcIZN12_GLOBAL__N_125BuildSystemEngineDelegate10lookupRuleERKN7llbuild4core7KeyTypeEE3$_2NS_9allocatorIS9_EEFPNS5_4TaskERNS5_11BuildEngineEEEE
N12_GLOBAL__N_111CommandTaskE
NSt3__110__function6__funcIZN12_GLOBAL__N_111CommandTask15inputsAvailableEN7llbuild4core13TaskInterfaceEEUlPNS4_5basic15QueueJobContextEE_NS_9allocatorISA_EEFvS9_EEE
NSt3__110__function6__funcIZZN12_GLOBAL__N_111CommandTask15inputsAvailableEN7llbuild4core13TaskInterfaceEENUlPNS4_5basic15QueueJobContextEE_clES9_EUlONS4_11buildsystem10BuildValueEE_NS_9allocatorISE_EEFvSD_EEE
NSt3__110__function6__baseIFvON7llbuild11buildsystem10BuildValueEEEE
ZZN12_GLOBAL__N_111CommandTask15inputsAvailableEN7llbuild4core13TaskInterfaceEENUlPNS1_5basic15QueueJobContextEE_clES6_EUlONS1_11buildsystem10BuildValueEE_
ZN12_GLOBAL__N_111CommandTask15inputsAvailableEN7llbuild4core13TaskInterfaceEEUlPNS1_5basic15QueueJobContextEE_
ZN12_GLOBAL__N_125BuildSystemEngineDelegate10lookupRuleERKN7llbuild4core7KeyTypeEE3$_2
NSt3__110__function6__funcIZN12_GLOBAL__N_125BuildSystemEngineDelegate10lookupRuleERKN7llbuild4core7KeyTypeEE3$_3NS_9allocatorIS9_EEFbRNS5_11BuildEngineERKNS5_4RuleERKNS_6vectorIhNSA_IhEEEEEEE
ZN12_GLOBAL__N_125BuildSystemEngineDelegate10lookupRuleERKN7llbuild4core7KeyTypeEE3$_3
NSt3__110__function6__funcIZN12_GLOBAL__N_125BuildSystemEngineDelegate10lookupRuleERKN7llbuild4core7KeyTypeEE3$_4NS_9allocatorIS9_EEFvRNS5_11BuildEngineENS5_4Rule10StatusKindEEEE
NSt3__110__function6__baseIFvRN7llbuild4core11BuildEngineENS3_4Rule10StatusKindEEEE
ZN12_GLOBAL__N_125BuildSystemEngineDelegate10lookupRuleERKN7llbuild4core7KeyTypeEE3$_4
NSt3__110__function6__funcIZN12_GLOBAL__N_125BuildSystemEngineDelegate10lookupRuleERKN7llbuild4core7KeyTypeEE3$_5NS_9allocatorIS9_EEFPNS5_4TaskERNS5_11BuildEngineEEEE
ZN12_GLOBAL__N_125BuildSystemEngineDelegate10lookupRuleERKN7llbuild4core7KeyTypeEE3$_5
NSt3__110__function6__funcIZN12_GLOBAL__N_125BuildSystemEngineDelegate10lookupRuleERKN7llbuild4core7KeyTypeEE3$_6NS_9allocatorIS9_EEFbRNS5_11BuildEngineERKNS5_4RuleERKNS_6vectorIhNSA_IhEEEEEEE
ZN12_GLOBAL__N_125BuildSystemEngineDelegate10lookupRuleERKN7llbuild4core7KeyTypeEE3$_6
NSt3__110__function6__funcIZN12_GLOBAL__N_125BuildSystemEngineDelegate10lookupRuleERKN7llbuild4core7KeyTypeEE3$_7NS_9allocatorIS9_EEFPNS5_4TaskERNS5_11BuildEngineEEEE
ZN12_GLOBAL__N_125BuildSystemEngineDelegate10lookupRuleERKN7llbuild4core7KeyTypeEE3$_7
NSt3__110__function6__funcIZN12_GLOBAL__N_125BuildSystemEngineDelegate10lookupRuleERKN7llbuild4core7KeyTypeEE3$_8NS_9allocatorIS9_EEFbRNS5_11BuildEngineERKNS5_4RuleERKNS_6vectorIhNSA_IhEEEEEEE
ZN12_GLOBAL__N_125BuildSystemEngineDelegate10lookupRuleERKN7llbuild4core7KeyTypeEE3$_8
NSt3__110__function6__funcIZN12_GLOBAL__N_125BuildSystemEngineDelegate10lookupRuleERKN7llbuild4core7KeyTypeEE3$_9NS_9allocatorIS9_EEFPNS5_4TaskERNS5_11BuildEngineEEEE
N12_GLOBAL__N_121DirectoryContentsTaskE
ZN12_GLOBAL__N_125BuildSystemEngineDelegate10lookupRuleERKN7llbuild4core7KeyTypeEE3$_9
NSt3__110__function6__funcIZN12_GLOBAL__N_125BuildSystemEngineDelegate10lookupRuleERKN7llbuild4core7KeyTypeEE4$_10NS_9allocatorIS9_EEFbRNS5_11BuildEngineERKNS5_4RuleERKNS_6vectorIhNSA_IhEEEEEEE
ZN12_GLOBAL__N_125BuildSystemEngineDelegate10lookupRuleERKN7llbuild4core7KeyTypeEE4$_10
NSt3__110__function6__funcIZN12_GLOBAL__N_125BuildSystemEngineDelegate10lookupRuleERKN7llbuild4core7KeyTypeEE4$_11NS_9allocatorIS9_EEFPNS5_4TaskERNS5_11BuildEngineEEEE
N12_GLOBAL__N_129FilteredDirectoryContentsTaskE
ZN12_GLOBAL__N_125BuildSystemEngineDelegate10lookupRuleERKN7llbuild4core7KeyTypeEE4$_11
NSt3__110__function6__funcIZN12_GLOBAL__N_125BuildSystemEngineDelegate10lookupRuleERKN7llbuild4core7KeyTypeEE4$_12NS_9allocatorIS9_EEFPNS5_4TaskERNS5_11BuildEngineEEEE
N12_GLOBAL__N_126DirectoryTreeSignatureTaskE
ZN12_GLOBAL__N_125BuildSystemEngineDelegate10lookupRuleERKN7llbuild4core7KeyTypeEE4$_12
NSt3__110__function6__funcIZN12_GLOBAL__N_125BuildSystemEngineDelegate10lookupRuleERKN7llbuild4core7KeyTypeEE4$_13NS_9allocatorIS9_EEFPNS5_4TaskERNS5_11BuildEngineEEEE
N12_GLOBAL__N_135DirectoryTreeStructureSignatureTaskE
ZN12_GLOBAL__N_125BuildSystemEngineDelegate10lookupRuleERKN7llbuild4core7KeyTypeEE4$_13
NSt3__110__function6__funcIZN12_GLOBAL__N_125BuildSystemEngineDelegate10lookupRuleERKN7llbuild4core7KeyTypeEE4$_14NS_9allocatorIS9_EEFPNS5_4TaskERNS5_11BuildEngineEEEE
N12_GLOBAL__N_120VirtualInputNodeTaskE
ZN12_GLOBAL__N_125BuildSystemEngineDelegate10lookupRuleERKN7llbuild4core7KeyTypeEE4$_14
NSt3__110__function6__funcIZN12_GLOBAL__N_125BuildSystemEngineDelegate10lookupRuleERKN7llbuild4core7KeyTypeEE4$_15NS_9allocatorIS9_EEFbRNS5_11BuildEngineERKNS5_4RuleERKNS_6vectorIhNSA_IhEEEEEEE
ZN12_GLOBAL__N_125BuildSystemEngineDelegate10lookupRuleERKN7llbuild4core7KeyTypeEE4$_15
NSt3__110__function6__funcIZN12_GLOBAL__N_125BuildSystemEngineDelegate10lookupRuleERKN7llbuild4core7KeyTypeEE4$_16NS_9allocatorIS9_EEFPNS5_4TaskERNS5_11BuildEngineEEEE
N12_GLOBAL__N_122DirectoryInputNodeTaskE
ZN12_GLOBAL__N_125BuildSystemEngineDelegate10lookupRuleERKN7llbuild4core7KeyTypeEE4$_16
NSt3__110__function6__funcIZN12_GLOBAL__N_125BuildSystemEngineDelegate10lookupRuleERKN7llbuild4core7KeyTypeEE4$_17NS_9allocatorIS9_EEFPNS5_4TaskERNS5_11BuildEngineEEEE
N12_GLOBAL__N_131DirectoryStructureInputNodeTaskE
ZN12_GLOBAL__N_125BuildSystemEngineDelegate10lookupRuleERKN7llbuild4core7KeyTypeEE4$_17
NSt3__110__function6__funcIZN12_GLOBAL__N_125BuildSystemEngineDelegate10lookupRuleERKN7llbuild4core7KeyTypeEE4$_18NS_9allocatorIS9_EEFPNS5_4TaskERNS5_11BuildEngineEEEE
N12_GLOBAL__N_117FileInputNodeTaskE
ZN12_GLOBAL__N_125BuildSystemEngineDelegate10lookupRuleERKN7llbuild4core7KeyTypeEE4$_18
NSt3__110__function6__funcIZN12_GLOBAL__N_125BuildSystemEngineDelegate10lookupRuleERKN7llbuild4core7KeyTypeEE4$_19NS_9allocatorIS9_EEFbRNS5_11BuildEngineERKNS5_4RuleERKNS_6vectorIhNSA_IhEEEEEEE
ZN12_GLOBAL__N_125BuildSystemEngineDelegate10lookupRuleERKN7llbuild4core7KeyTypeEE4$_19
NSt3__110__function6__funcIZN12_GLOBAL__N_125BuildSystemEngineDelegate10lookupRuleERKN7llbuild4core7KeyTypeEE4$_20NS_9allocatorIS9_EEFPNS5_4TaskERNS5_11BuildEngineEEEE
N12_GLOBAL__N_116ProducedNodeTaskE
ZN12_GLOBAL__N_125BuildSystemEngineDelegate10lookupRuleERKN7llbuild4core7KeyTypeEE4$_20
NSt3__110__function6__funcIZN12_GLOBAL__N_125BuildSystemEngineDelegate10lookupRuleERKN7llbuild4core7KeyTypeEE4$_21NS_9allocatorIS9_EEFbRNS5_11BuildEngineERKNS5_4RuleERKNS_6vectorIhNSA_IhEEEEEEE
ZN12_GLOBAL__N_125BuildSystemEngineDelegate10lookupRuleERKN7llbuild4core7KeyTypeEE4$_21
NSt3__110__function6__funcIZN12_GLOBAL__N_125BuildSystemEngineDelegate10lookupRuleERKN7llbuild4core7KeyTypeEE4$_22NS_9allocatorIS9_EEFPNS5_4TaskERNS5_11BuildEngineEEEE
N12_GLOBAL__N_18StatTaskE
ZN12_GLOBAL__N_125BuildSystemEngineDelegate10lookupRuleERKN7llbuild4core7KeyTypeEE4$_22
NSt3__110__function6__funcIZN12_GLOBAL__N_125BuildSystemEngineDelegate10lookupRuleERKN7llbuild4core7KeyTypeEE4$_23NS_9allocatorIS9_EEFbRNS5_11BuildEngineERKNS5_4RuleERKNS_6vectorIhNSA_IhEEEEEEE
ZN12_GLOBAL__N_125BuildSystemEngineDelegate10lookupRuleERKN7llbuild4core7KeyTypeEE4$_23
NSt3__110__function6__funcIZN12_GLOBAL__N_125BuildSystemEngineDelegate10lookupRuleERKN7llbuild4core7KeyTypeEE4$_24NS_9allocatorIS9_EEFPNS5_4TaskERNS5_11BuildEngineEEEE
N12_GLOBAL__N_110TargetTaskE
ZN12_GLOBAL__N_125BuildSystemEngineDelegate10lookupRuleERKN7llbuild4core7KeyTypeEE4$_24
NSt3__110__function6__funcIZN12_GLOBAL__N_125BuildSystemEngineDelegate10lookupRuleERKN7llbuild4core7KeyTypeEE4$_25NS_9allocatorIS9_EEFbRNS5_11BuildEngineERKNS5_4RuleERKNS_6vectorIhNSA_IhEEEEEEE
ZN12_GLOBAL__N_125BuildSystemEngineDelegate10lookupRuleERKN7llbuild4core7KeyTypeEE4$_25
N7llbuild11buildsystem12HandlerStateE
N7llbuild11buildsystem19ShellCommandHandlerE
N7llbuild11buildsystem20BuildSystemExtensionE
ZN7llbuild11buildsystem27BuildSystemExtensionManager19lookupByCommandPathEN4llvm9StringRefEE24CapturingProcessDelegate
NSt3__110__function6__funcIZN7llbuild11buildsystem27BuildSystemExtensionManager19lookupByCommandPathEN4llvm9StringRefEE3$_0NS_9allocatorIS7_EEFvONS_8functionIFvvEEEEEE
ZN7llbuild11buildsystem27BuildSystemExtensionManager19lookupByCommandPathEN4llvm9StringRefEE3$_0
NSt3__110__function6__funcIZN7llbuild11buildsystem27BuildSystemExtensionManager19lookupByCommandPathEN4llvm9StringRefEE3$_1NS_9allocatorIS7_EEFvNS2_5basic13ProcessResultEEEE
ZN7llbuild11buildsystem27BuildSystemExtensionManager19lookupByCommandPathEN4llvm9StringRefEE3$_1
N7llbuild11buildsystem27BuildSystemFrontendDelegateE
N12_GLOBAL__N_141BuildSystemFrontendExecutionQueueDelegateE
N7llbuild11buildsystem15ExternalCommandE
NSt3__110__function6__funcIZN7llbuild11buildsystem15ExternalCommand7executeERNS3_11BuildSystemENS2_4core13TaskInterfaceEPNS2_5basic15QueueJobContextENS_8functionIFvONS3_10BuildValueEEEEE3$_1NS_9allocatorISH_EEFvNS9_13ProcessResultEEEE
ZN7llbuild11buildsystem15ExternalCommand7executeERNS0_11BuildSystemENS_4core13TaskInterfaceEPNS_5basic15QueueJobContextENSt3__18functionIFvONS0_10BuildValueEEEEE3$_1
N7llbuild11buildsystem12ShellCommandE
ZN7llbuild11buildsystem12ShellCommand37processMakefileDiscoveredDependenciesERNS0_11BuildSystemENS_4core13TaskInterfaceEPNS_5basic15QueueJobContextEN4llvm9StringRefEPNS9_12MemoryBufferEE11DepsActions
ZN7llbuild11buildsystem12ShellCommand43processDependencyInfoDiscoveredDependenciesERNS0_11BuildSystemENS_4core13TaskInterfaceEPNS_5basic15QueueJobContextEN4llvm9StringRefEPNS9_12MemoryBufferEE11DepsActions
NSt3__110__function6__funcIZN7llbuild11buildsystem12ShellCommand22executeExternalCommandERNS3_11BuildSystemENS2_4core13TaskInterfaceEPNS2_5basic15QueueJobContextEN4llvm8OptionalINS_8functionIFvNS9_13ProcessResultEEEEEEE3$_0NS_9allocatorISJ_EESG_EE
NSt3__110__function6__funcIZZN7llbuild11buildsystem12ShellCommand22executeExternalCommandERNS3_11BuildSystemENS2_4core13TaskInterfaceEPNS2_5basic15QueueJobContextEN4llvm8OptionalINS_8functionIFvNS9_13ProcessResultEEEEEEEN3$_0clESF_EUlSB_E_NS_9allocatorISK_EEFvSB_EEE
ZZN7llbuild11buildsystem12ShellCommand22executeExternalCommandERNS0_11BuildSystemENS_4core13TaskInterfaceEPNS_5basic15QueueJobContextEN4llvm8OptionalINSt3__18functionIFvNS6_13ProcessResultEEEEEEEN3$_0clESD_EUlS8_E_
ZN7llbuild11buildsystem12ShellCommand22executeExternalCommandERNS0_11BuildSystemENS_4core13TaskInterfaceEPNS_5basic15QueueJobContextEN4llvm8OptionalINSt3__18functionIFvNS6_13ProcessResultEEEEEEE3$_0
clusion-patternscontent-exclusioswift-get-version
puts
allow-missing-inN12_GLOBAL__N_111CAPIBuildDBE
XDSNT sdCI
N12_GLOBAL__N_131CAPIBuildSystemFrontendDelegateE
N12_GLOBAL__N_114CAPIFileSystemE
N12_GLOBAL__N_18CAPIToolE
N12_GLOBAL__N_119CAPIExternalCommandE
ZN12_GLOBAL__N_119CAPIExternalCommand29processDiscoveredDependenciesERN7llbuild11buildsystem11BuildSystemENS1_4core13TaskInterfaceEPNS1_5basic15QueueJobContextEE11DepsActions
N12_GLOBAL__N_123CAPIBuildEngineDelegateE
N12_GLOBAL__N_123CAPIBuildEngineDelegate8CAPIRuleE
N12_GLOBAL__N_18CAPITaskE
SwiftDriverExecution
MultiJobExecutor
Context
ExecuteAllJobsRule
ExecuteAllCompilationJobsRule
ExecuteJobRule
RuleKey
JobExecutorBuildDelegate
CodingKeys
Kind
DriverBuildValue
SwiftDriverExecution
SwiftDriverExecutor
SwiftDriverExecution
LLBuildValue
LLBuildKey
BuildValue BuildRule
LLBuildEngineDelegate
LLBuildEngine
Delegate
LLTaskBuildEngine
LLBuildRule
Error
RuleKey
CodingKeys
__swift5_proto
Iegn_
yypG
_pSg
ySSG
xSgz_x_lXX
So8NSStringC
SvSg
SvSgXCSg
SvSg_Spy
GSgAAtXCSg
SvSg_AA
tXCSg
SvSg_SPy
GSgAAtXCSg
_A2At
$sSY
$ss21_ObjectiveCBridgeableP
SaySiG
$ss25ExpressibleByArrayLiteralP
$ss26ExpressibleByStringLiteralP
$ss43ExpressibleByExtendedGraphemeClusterLiteralP
$ss33ExpressibleByUnicodeScalarLiteralP
ySaySSGG
ySSG
ySsG
ySnySiGG
ySS_SitG
ySiG
ySaySiGG
ySpy
GSgG
SaySpy
GSgG
7ElementSTQz
$sST
$sSt
Say7ElementSTQzG
8IteratorSTQzSg
$s8TSCBasic8ClosableP
yxq_G
yxq__GG
7ElementSTQzSiSbIegnyd_
7ElementSTQzSiABIegnyr_
Say7ElementSTQzGIgo_
yypG
So11NSConditionC
_pSg
$s8TSCBasic14DiagnosticDataP
$s8TSCBasic18DiagnosticLocationP
So17OS_dispatch_queueC
Sayy
SaySSG
SS_Sit
ypSg
ySS_yptG
4code_t
$s8TSCBasic10FileSystemP
y_So17OS_dispatch_queueCGG
SDySS
xSgXw
_yptG
_ypt
y_So17OS_dispatch_queueCGSg
y_So17OS_dispatch_queueCG
ySSypG
SS_ypt
$s8TSCBasic13HashAlgorithmP
Siz_Xx
GSgIego_
SDySS
$s8TSCBasic16JSONSerializableP
SayypG
SDySSypG
SS3key_yp5valuetSg
yp3key_yp5valuetSg
$s8TSCBasic12JSONMappableP
SS3key_ypXp8expected
4jsont
SSSg3key_SS7messaget
xXMT
q_ycxc
q_Sg
So6NSLockC
5errno_t
$s8TSCBasic24ObjectIdentifierProtocolP
$ss30ExpressibleByDictionaryLiteralP
$sSk
x3key_q_5valuet
yxq_GG
SnySiG
$sSK
$sSl
yxq_GG
SayxG
SDyxq_G
yxGG
yxGG
ShyxG
ySSG
$s8TSCBasic4PathP
4path_
ySaySSGG8iteratort
SgXw
SgXwz_Xx
Gz_Xx
GIegg_13stdoutClosure_ABIegg_06stderrB0tSg
SDyS2SG
ySay
6signal_t
ySay
_pG6result_
Sg6threadt
SS7program_t
Sb14redirectStderr_t
ySay
Gc6stdout_yABc6stderrSb14redirectStderrt
y_So17OS_dispatch_queueCGG
So19NSRegularExpressionC
SNySiG
yxGG
yxGG
Sbx_xtc
yx_GSg
yx_GSgXw
So12NSFileHandleC
So8NSThreadC
IeyB_
SgXw
SgXwz_Xx
Ieg_
y_xG
$s8TSCBasic14ByteStreamableP
$s8TSCBasic18WritableByteStreamP
SSxc
_pxc
Si6offset_SS3key_SS5valuet7elementtSg
SnyxG
_SSt
_SS4pathSaySSG4argst
_SaySSGt
_S2S4destt
SaySsG
ySSG
_pGIegg_
$s10TSCUtility8ArchiverP
GSgSvSgXCSg
ySvSgXCSg
yXCSg
SvSgSPy
GSg_SpyAAGSgtXCSg
SbSvSg_
cSgtXCSg
SbSvSg_
AASbAA_
tXCSgtXCSg
SiSvSgXCSg
SvSgAA_SitXCSg
SbSvSgXCSg
SvSgXCSg
SvSgXCSg
ySvSg_yAAcSgtXCSg
ySvSg_AAyAA_AAtXCSgyAAXCSgtXCSg
SbSvSg_Spy
GSgSiSpyAAGSgtXCSg
ySvSg_SPy
GSgtXCSg
SiSvSg_SPy
GSgSpyABGSgSitXCSg
SbSvSg_SPy
GSgSpy
GSgAGSpyAAGSgtXCSg
SvSgXCSg
SvSgXCSg
SvSgXCSg
SvSgXCSg
SvSgAAXCSg
SbSvSg_SbAAcSgtXCSg
SbSvSg_AASbAA_AAtXCSgtXCSg
ySvSg_Spy
GSgADtXCSg
SvSgAA_SPy
GSgSpyAAGSgtXCSg
SbSvSg_SbAA_SpySbGSgtcSgyAAcSgtXCSg
SbSvSg_S2bAAcSgtXCSg
SbSvSg_
ABSbAAcSgtXCSg
SbSvSg_SpyAAGSgSiACSiSbAAcSgtXCSg
SbSvSg_AASbAA_AASpySbGSgtXCSgAAyAA_AAtXCSgtXCSg
SbSvSg_SbAASbAA_AAtXCSgtXCSg
SbSvSg_
AbASbAA_AAtXCSgtXCSg
SbSvSg_SpyAAGSgSiACSiAASbAA_AAtXCSgtXCSg
ySvSg_Spy
GSgADtXCSg
SvSgXCSg
SvSgXCSg
ySSShySSGG
ySOypG
SO_ypt
ySiG
ySSypG
SS_ypt
yS2SG
SaySSGG
ySay
ySSG
$sSY
SaySSG
ypSg
yqd__G
xqd__
_pIeglnzo_
qd__
G0R2_
ySayqd__GG
xSayqd__G
_pIeglgzo_
G0G0R2__
yqd__G
ySayqd__GG
yqd_0_G
xqd__qd_0_
_pIeglnnzo_
qd_0_
G0R3_
yqd_1_G
xqd__qd_0_qd_1_
_pIeglnnnzo_
qd_1_
G0R4_
xqd__Sgqd_0_Sg
_pIeglnnzo_
yqd_0_G
xqd__Sgqd_0_Sgqd_1_Sg
_pIeglnnnzo_
yqd_1_G
G0R5_
xSayqd__GSayqd_0_G
_pIeglggzo_
ySayqd_0_GG
G0G0R3__
G0G0R4__
xSayqd__GSayqd_0_GSayqd_1_G
_pIeglgggzo_
ySayqd_1_GG
G0G0R5__
_pIeglgzo_
$s10TSCUtility16ArgumentProtocolP
SS_SSSg10suggestiont
SS8argument_
5errort
SS6option_t
_SaySSGt
SS5value_t
SS5value_ypXp12expectedTypet
SaySS5value_SS11descriptiontG
$s10TSCUtility12ArgumentKindP
$s10TSCUtility18StringEnumArgumentP
SSSg
_pXp
_pGAA_pXp_
_pztKc
$s10TSCUtility22ArgumentParserProtocolP
SDySS
SDySSypG
Sayyxz_
tKcG
_pSg
_AAt
_Say
_pIeglnrzo_
_pIeglgzo_
SS3key_
5valuet
ySS_
SaySJG
ySS5value_SS11descriptiontG
ySaySSGG
SnySiG
$sST
$sSl
$sSK
$sSk
$ss12IdentifiableP
$s10TSCUtility16BitstreamVisitorP
8bitWidth_t
13chunkBitWidth_t
_Say
8recordID_t
Si5width_t
7blockID_Si06abbrevB0t
7blockID_t
ySJ_SutG
_pSg
_pSg
_pSg
_pSg
Iegn_
$s10TSCUtility25DiagnosticDataConvertibleP
$s10TSCUtility27DiagnosticLocationProvidingP
_pSg
_pSg
AASgIegyy_
GIegg_
Si10statusCode_t
$s10TSCUtility10DownloaderP
So8NSObjectC
So12NSURLSessionCSg
SDySi
So16NSOperationQueueC
So24NSURLSessionDownloadTaskC
_AASgtc
_pSg
SgXw
$s10TSCUtility12_FileWatcher33_523063429DB4EF647B5B8BA741A231EDLLP
$s10TSCUtility21FSEventStreamDelegateP
So17OS_dispatch_queueC
ySay
ySS_SStG
SDySSShySSGG
ySnySiGG
ySSG
ySsG
_ABtG
ySJG
ySaySSGG
ySiG
ySS3key_
5valuetG
Ieg_
$s10TSCUtility34JSONMessageStreamingParserDelegateP
7Message
xSgXw
yx_G
Si4size_t
ySS_yptG
_pSg
$s10TSCUtility22AuthorizationProvidingP
$s10TSCUtility23PersistentCacheProtocolP
SS4name_t
SDyS2SG
ySSG
_pXp
$s10TSCUtility26PolymorphicCodableProtocolP
yxGG
$s10TSCUtility25ProgressAnimationProtocolP
ShySiG
SiSg
ySay
_AAtG
$s10TSCUtility25SimplePersistanceProtocolP
9stateFile_
_p5errort
_pSg
SaySsG
ySO_yptG
_pSg
$s10TSCUtility20TracingEventProtocolP
$s10TSCUtility25TracingCollectionProtocolP
$ss12CaseIterableP
$ss26ExpressibleByStringLiteralP
$ss43ExpressibleByExtendedGraphemeClusterLiteralP
$ss33ExpressibleByUnicodeScalarLiteralP
yp_ypt
Si5major_Si5minorSi5patcht
$ss9OptionSetP
$ss10SetAlgebraP
$ss25ExpressibleByArrayLiteralP
SvSg
yypG
$sSY
$ss12CaseIterableP
$ss9OptionSetP
$ss10SetAlgebraP
$ss25ExpressibleByArrayLiteralP
ycSg
SSSg
Si5index_SS8argumentt
Si5index_SS8argument
6option
17currentDriverKindt
_Sbt
_SbtG
ySnySiGG
ySSG
SaySsG
ySsG
ySbG
yypG
GGSg
SaySSG
SDySSSay
SaySbG
yx_G
yx_GG
SDySsSiG
SDySOSSG
ySOSSG
ySsSiG
ySSSay
SayypG
ypSg
yp_yptSg
ypSg
ypSg
ypSg
$s4Yams19ScalarConstructibleP
$s4Yams22SexagesimalConvertibleP
_A7At
SvSg_Spy
GSgSitXCSg
SvSg
SvSg_Spy
GSgSiSpySiGSgtXCSg
SaySSG
xXMT
3key_AA5valuet
_AAt
_AAt
yp_ypt
_ypt
SsSg
ySSG
ySS_SitG
_ypSg
SayypGIegno_
ypSgIegnr_
Sayyp_yptGIegno_
Sayyp_yptG
_ypSg
ypGSgIegno_
ypSgIegnr_
GSgIegno_
_ypSg
SbSgIegnd_
ypSgIegnr_
So6NSNullCXMT
So6NSNullCSgIegno_
SgIegno_
SgIegnr_
$sSY
$s7Combine15TopLevelDecoderP
ypXmT_
_ypt
ypSg
ypSg
ypSg
$ss30KeyedDecodingContainerProtocolP
SSSg
Si5major_Si5minortSg
_pSg
_pSg
$ss30KeyedEncodingContainerProtocolP
SiSg
$ss30ExpressibleByDictionaryLiteralP
$sSM
$sSl
ySay
3key_AB5valuetGG
$sST
3key_AA5valuetG
$ss25ExpressibleByArrayLiteralP
SnySiG
ySay
$sSk
$sSK
$sSm
$ss25ExpressibleByFloatLiteralP
$ss27ExpressibleByIntegerLiteralP
$ss26ExpressibleByStringLiteralP
$ss43ExpressibleByExtendedGraphemeClusterLiteralP
$ss33ExpressibleByUnicodeScalarLiteralP
ySfG
3key_AB5valuetG
_ABtG
ySnySiGG
ySdG
ySuG
yyp_yptG
_yptG
ySsSgG
ySiG
yypG
_pIegrzo_
$sSt
_pSg
xSgyKc
SDySS
$s4Yams17NodeRepresentableP
$s4Yams19ScalarRepresentableP
$s4Yams13YAMLEncodableP
So19NSRegularExpressionC
$s4Yams13TagResolvableP
SS7problem_SiSg6offset
5valueSS4yamlt
Sg7context_SS7problem
SS4yamlt
SS7problem_t
8encoding_t
SiSg
SgXCSg
SgXCSg
SgXCSg
SgABXCSg
SgXCSg
SgXCSg
GSgyXCSg
ySpy
GSg_
SgGSgtXCSg
SgyXCSg
Sg_SPy
GSgtXCSg
Sg_SbtXCSg
SpySPy
GSgGSgtXCSg
SgXCSg
ySpy
GSgXCSg
SgXCSg
ySpy
GSgXCSg
ySpy
GSgXCSg
GSgyXCSg
SvSgyXCSg
ySvSgXCSg
SgSvSg_ABtXCSg
GSgSvSg_Spy
SgtXCSg
SVSg
SgGSg
$sSY
ABGG
_pSg
ySay
yypG
G_SDyAA
SDyS2SG
SaySSG
G_SDyAA
GtSg
ShySSG
SgSg
SS_SSt
_AAt
SSSg_SaySSGSSt
Si_SSSgt
Si_SSt
Sb6isRepl_t
ySiG
ySsG
ySS_
_SSt
_SStG
SSSg
ySSSgG
SS_Say
ySS_Say
ySSSay
ySiSSG
ySaySSGG
ySay
yS2SG
SayABGG
ySSG
yShy
ySnySiGG
SS4flag_
Sg5inputAB6outputt
ySS4flag_
Sg5inputAC6outputtG
ySay
_AAt
_ABtG
ySS_
ySPy
GSgG
ySpy
GSgG
ShySaySSGGG
ySiG
ySi_SitG
ySSG
_SDy
AAGt
_SDy
ABGtG
ySuG
_SitG
ypXmT_
SaySsG
ySS_
_Sit
_SitG
SDySS
AAGG
SiGIgo_
ySsG
$s11SwiftDriver0B8ExecutorP
$s11SwiftDriver20JobExecutionDelegateP
_pSg
$s11SwiftDriver15ProcessProtocolP
ShyAAGG
ShySaySSGGSg
ySaySSGG
SaySSGSg
ShySaySSGG
So17OS_dispatch_queueC
x3key_q_5valuet
yxq__G
$sST
SDyxq_G
SDyq_xG
$ss12CaseIterableP
3key_
5valuet
3key_
5valuet
$s11SwiftDriver15ExportableGraph33_09A6421C74E55257AF123E5F096CE48FLLP
4Node
$s11SwiftDriver14ExportableNode33_09A6421C74E55257AF123E5F096CE48FLLP
ySS_SStSgG
SgSg
SS4name_t
SS7context_t
SS7context_SS4namet
SDyq_q0_GIgo_
yxq_q0__G
yxq_q0_GG
yxq_q0_GG
$sSl
x_q_t_q0_t
yxq_q0_GG
SDyxSDyq_q0_GG
yxSDyq_q0_G_G_AAyq_q0__Gt
yq__G
ySayq_GG
Shyq_G
Sayq_G
$s11SwiftDriver40ExternalDependencyAndFingerprintEnforcerP
$ss9OptionSetP
$ss10SetAlgebraP
$ss25ExpressibleByArrayLiteralP
4path_
_p5errort
SDySSSiG
GIgo_
_SitG
GIgo_
GIgo_
Shyq_GIgo_
yxShyq_G_G
yxq_GG
yxq_GG
x_Shyq_Gt
yxq_GG
SDyxShyq_GG
SaySiG
$sSM
yxq_q0_GG
yxq_q0_GG
yxq_q0_GG
yxq_q0_G
yq_xq0_G
SaySS4flag_
Sg5inputAB6outputtG
SayAAGG
SS6option_Say
G4argst
SDySiSSG
SgSDy
ySSSiG
ShyABGG
SiGG
SgSpy
GSgIetCyd_
_AAt
ySpy
GSgXC
GSgyXC
7variant_t
$s11SwiftDriver9ToolchainP
SS4tool_t
_A3At
5since_t
$s11SwiftDriver15TripleComponent33_42C5AEE4C847DE3898982654462F0C25LLP
_AAt
ShySiG
SiSbIegyd_
11environment_
12objectFormatt
SDySS
SaySSG
$sSl
$sST
SiSg
SS5error_t
SvSg
ySvSgXCSg
ySvSg_SPy
GSgSpy
GSgtXCSg
ySvSg_SPy
GSgtXCSg
ySSG
ySPy
GSgG
ySpy
ySPy
SgSvSg_ACtXCSg
SbSvSg_AASPy
GSgSPy
GSgtXCSg
ySvSg_AA
tXCSg
SPySPy
Iegyd_
$s12llbuildSwift4ToolP
$s12llbuildSwift15ExternalCommandP
$s12llbuildSwift24ProducesCustomBuildValueP
SS8filename_Si4lineSi6columntSg
$s12llbuildSwift8FileInfoP
$s12llbuildSwift10FileSystemP
$s12llbuildSwift19BuildSystemDelegateP
SaySpy
GGSg
SaySPy
GSgGSg
_pSg
$s12llbuildSwift4RuleP
$s12llbuildSwift4TaskP
$s12llbuildSwift19BuildEngineDelegateP
$s12llbuildSwift15TaskBuildEngineP
SS7message_t
3key_
5valuetSg
3key_
5valuet
_pSg
_pXp
So12NSFileHandleCSg
SnySiG
SDyS2SG
So17OS_dispatch_queueC
So16NSOperationQueueC
$s20SwiftDriverExecution10LLBuildKeyP
SaySSG
ySay
yS2SG
$sSY
$s20SwiftDriverExecution12LLBuildValueP
9BuildRule
10BuildValue
$s20SwiftDriverExecution21LLBuildEngineDelegateP
ySSG
SaySSG6errors_t
SWIFT_ENABLE_EXPLICIT_MODULE
swift_driver/main.swift
cannot find subcommand executable '
-experimental-explicit-module-build
OS_dispatch_queue
org.swift.swiftpm.process
org.swift.swiftpm.process-set
org.swift.swiftpm.basic.stream
success
failure
lowerBound
upperBound
TSCBasic/Base64URL.swift
can't appear here (left=
ABCDEFGHIJKLMNOPQRSTUVWXYZabcdefghijklmnopqrstuvwxyz0123456789-_
_TtC8TSCBasic12CStringArray
cArray
items
index
sequence
Did not find a matching key
DiagnosticsEngine-callback
_TtC8TSCBasic17DiagnosticsEngine
handlerQueue
_diagnostics
handlers
defaultLocation
_TtC8TSCBasic15UnknownLocation
posixPermissions
TSCBasic/FileSystem.swift
homeDirectory on RerootedFileSystemView is not supported.
cachesDirectory on RerootedFileSystemView is not supported.
_TtC8TSCBasicP33_DA6B485C7A646531CFCACE37CF46BC6B15LocalFileSystem
_TtC8TSCBasic18InMemoryFileSystem
root
lock
lockFiles
lockFilesLock
_TtCC8TSCBasic18InMemoryFileSystemP33_DA6B485C7A646531CFCACE37CF46BC6B4Node
_TtCC8TSCBasic18InMemoryFileSystemP33_DA6B485C7A646531CFCACE37CF46BC6B17DirectoryContents
entries
_TtC8TSCBasic22RerootedFileSystemView
underlyingFileSystem
org.swift.swiftpm.in-memory-file-system.file-queue
TSCBasic/JSON.swift
unexpected object: 
expected array, got 
expected dictionary, got 
expected double, got 
expected bool, got 
expected string, got 
expected int, got 
_TtC8TSCBasic8FileLock
fileDescriptor
lockFile
OS_os_log
_TtC8TSCBasic5OSLog
storage
TSCBasic/OSLog.swift
invalid relative path '
'; relative path should not begin with '/' or '~'
invalid absolute path '
'; absolute path must begin with '/'
_TtC8TSCBasic36RecursibleDirectoryContentsGenerator
current
towalk
shouldRecurse
workingDirectory is not supported in this platform
could not find executable for '
illegal UTF8 sequence output
_TtC8TSCBasic7Process
verbose
arguments
environment
workingDirectory
processID
launched
outputRedirection
_result
stdout
stderr
serialQueue
startNewProcessGroup
org.swift.swiftpm.process.findExecutable
<ProcessResult: exit: 
_TtC8TSCBasic10ProcessSet
processes
cancelled
killTimeout
killingCondition
shouldKill
head
tail
notEmptyCondition
next
<TemporaryFile: 
_TtC8TSCBasic18TerminalController
width
clearLineString
resetString
boldString
_TtC8TSCBasic6Thread
finishedCondition
isFinished
_TtC8TSCBasicP33_BD395E1927AAEA716B9FD4CEF0145B0F10ThreadImpl
v16@0:8
@24@0:8@?16
@16@0:8
task
TSCBasic.ThreadImpl
v8@?0
TSCBasic/WritableByteStream.swift
Subclasses must implement this
_TtC8TSCBasic23_WritableByteStreamBase
_buffered
_buffer
_TtC8TSCBasic26ThreadSafeOutputByteStream
_TtC8TSCBasic24BufferedOutputByteStream
contents
_TtC8TSCBasic20FileOutputByteStream
_TtC8TSCBasic25LocalFileOutputByteStream
filePointer
error
closeOnDeinit
offset element 
fileCloseImpl() should be implemented by a subclass
org.swift.swiftpm.basic.thread-safe-output-byte-stream
unsetenv error: 
posix_spawn error: 
TSCBasic/misc.swift
strerror_r error: 
org.swift.swiftpm.
generate completion script for Bourne-again shell
generate completion script for Z shell
bash
GIT_TERMINAL_PROMPT
ssh -oBatchMode=yes
asyncBegin
asyncEnd
x86_64
powerpc64le
s390x
aarch64
armv7
arm64
arm64e
wasm32
unknown
apple
linux
windows
android
expected single value for argument: 
expected arguments: 
unexpected argument 
; use --help to list available arguments
 requires a value; provide a value using '
; use --help to print usage
; use --help to list available options
' is not convertible to 
TSCUtility/ArgumentParser.swift
name
shortName
strategy
usage
completion
isOptional
_TtC10TSCUtility11AnyArgument
kind
isArray
parseClosure
_TtC10TSCUtility14ArgumentParser
subparsers
optionArguments
positionalArguments
commandName
overview
seeAlso
isSubparser
canAcceptPositionalArguments
_TtCC10TSCUtility14ArgumentParser6Result
results
parentResult
parser
subparser
bodies
POSITIONAL ARGUMENTS:
Display available options
Swift/x86_64-apple-macos.swiftinterface
Duplicate values for key: '
# Generates completions for 
# In the final compdef file, set the following file header:
#     #compdef 
#     local context state state_descr line
#     typeset -A opt_args
# Parameters
# - the start position of this parser; set to 1 if unknown
    if [[ $COMP_CWORD == $(($1+
    if [[ $COMP_CWORD == $1 ]]; then
        COMPREPLY=( $(compgen -W "
" -- $cur) )
        return
    fi
    case ${COMP_WORDS[$1]} in
 $(($1+1))
            return
        ;;
    COMPREPLY=( $(compgen -W "
" -- $cur) )
    case $prev in
            return
            _filedir
            return
            COMPREPLY=( $(compgen -W "
" -- $cur) )
            return
            return
() {
    arguments=(
    )
    _arguments $arguments && return
    case $state in
        (command)
            local modes
            modes=(
                '
            )
            _describe "mode" modes
            ;;
        (arg)
            case ${words[1]} in
                (
                    
                    ;;
            esac
            ;;
    esac
        '(-): :->command'
        '(-)*:: :->arg'
\[default: .+?\]
TSCUtility/ArgumentParserShellCompletion.swift
TSCUtility/BitstreamReader.swift
Unbalanced calls to shouldEnterBlock/didExitBlock
TSCUtility/BitstreamWriter.swift
unregistered abbreviation 
cannot emit a field as array or blob
invalid char6 value
lower upper 
endBlock() called with no block registered
_TtC10TSCUtility15BitstreamWriter
currentValue
currentBit
codeBitWidth
currentAbbreviations
blockScope
blockInfoRecords
currentBlockID
_TtCC10TSCUtility15BitstreamWriter9BlockInfo
abbrevs
abcdefghijklmnopqrstuvwxyzABCDEFGHIJKLMNOPQRSTUVWXYZ0123456789._
cxxCompilerFlags
swiftCompilerFlags
TSCUtility/Context.swift
invalid status code 
TSCUtility.FoundationDownloader
init()
_TtC10TSCUtility20FoundationDownloader
session
downloads
fileSystem
v56@0:8@16@24q32q40q48
v40@0:8@16@24@32
TSCUtility/Downloader.swift
download not found
org.swift.swiftpm.basic.foundation-downloader
NSURLSessionDownloadDelegate
v48@0:8@16@24q32q40
v40@0:8@"NSURLSession"16@"NSURLSessionDownloadTask"24@"NSURL"32
v56@0:8@"NSURLSession"16@"NSURLSessionDownloadTask"24q32q40q48
v48@0:8@"NSURLSession"16@"NSURLSessionDownloadTask"24q32q40
NSURLSessionTaskDelegate
v48@0:8@16@24@32@?40
v32@0:8@16@24
v56@0:8@16@24@32@40@?48
v40@0:8@16@24@?32
v48@0:8@"NSURLSession"16@"NSURLSessionTask"24@"NSURLRequest"32@?<v@?q@"NSURLRequest">40
v32@0:8@"NSURLSession"16@"NSURLSessionTask"24
v56@0:8@"NSURLSession"16@"NSURLSessionTask"24@"NSHTTPURLResponse"32@"NSURLRequest"40@?<v@?@"NSURLRequest">48
v48@0:8@"NSURLSession"16@"NSURLSessionTask"24@"NSURLAuthenticationChallenge"32@?<v@?q@"NSURLCredential">40
v40@0:8@"NSURLSession"16@"NSURLSessionTask"24@?<v@?@"NSInputStream">32
v56@0:8@"NSURLSession"16@"NSURLSessionTask"24q32q40q48
v40@0:8@"NSURLSession"16@"NSURLSessionTask"24@"NSURLSessionTaskMetrics"32
v40@0:8@"NSURLSession"16@"NSURLSessionTask"24@"NSError"32
NSURLSessionDelegate
v24@0:8@16
v32@0:8@"NSURLSession"16@"NSError"24
v40@0:8@"NSURLSession"16@"NSURLAuthenticationChallenge"24@?<v@?q@"NSURLCredential">32
v24@0:8@"NSURLSession"16
NSObject
c24@0:8@16
q16@0:8
#16@0:8
@24@0:8:16
@32@0:8:16@24
@40@0:8:16@24@32
c16@0:8
c24@0:8#16
c24@0:8:16
Vv16@0:8
Q16@0:8
^{_NSZone=}16@0:8
hash
Tq,N,R
superclass
T#,N,R
description
T@"NSString",N,R
debugDescription
c24@0:8@"Protocol"16
@"NSString"16@0:8
_TtC10TSCUtility7FSWatch
paths
_watcher
latency
_TtC10TSCUtility13FSEventStream
stream
thread
runLoop
callbacksQueue
org.swift.swiftpm.FSEventStream.callback)
check-ref-format
--allow-onelevel
_TtC10TSCUtility10IndexStore
_impl
_TtC10TSCUtility13IndexStoreAPI
_TtC10TSCUtilityP33_B71F9CA8B3630D7C545EABDE61C6A48F14IndexStoreImpl
store
instance
_TtC10TSCUtilityP33_B71F9CA8B3630D7C545EABDE61C6A48F17IndexStoreAPIImpl
path
_TtCFC10TSCUtilityP33_B71F9CA8B3630D7C545EABDE61C6A48F14IndexStoreImpl18getTestCaseClassesFzT9forRecordSS_GSaVCS_10IndexStore13TestCaseClass_L_15TestCaseBuilder
classToMethods
Unable to get description for error: 
indexstore_store_create
indexstore_store_get_unit_name_from_output_path
indexstore_unit_reader_create
indexstore_error_get_description
indexstore_unit_reader_dependencies_apply_f
indexstore_unit_reader_get_module_name
indexstore_unit_dependency_get_kind
indexstore_unit_dependency_get_name
indexstore_record_reader_create
indexstore_symbol_get_name
indexstore_symbol_get_properties
indexstore_symbol_get_kind
indexstore_record_reader_occurrences_apply_f
indexstore_occurrence_get_symbol
indexstore_occurrence_relations_apply_f
indexstore_symbol_relation_get_symbol
indexstore_symbol_relation_get_roles
Missing required symbol: 
Unable to open store at 
_TtC10TSCUtility16InterruptHandler
signalHandler
delegate
decoder
invalid UTF8 bytes
unexpected JSON message: 
TSCUtility/Netrc.swift
(?:\s*(?<default>default))
(?:\s*account\s+\S++)?
resolution
org.swift.swiftpm
database or disk is full
SELECT value FROM TSCCACHE WHERE key == ? LIMIT 1;
INSERT OR IGNORE INTO TSCCACHE VALUES (?, ?)
DELETE FROM TSCCACHE WHERE key == ?;
_TtC10TSCUtility27SQLiteBackedPersistentCache
    CREATE TABLE IF NOT EXISTS TSCCACHE (
        key BLOB PRIMARY KEY NOT NULL,
        value BLOB NOT NULL
    );
PRAGMA journal_mode=WAL;
prohibited flag(s): 
parsing error(s): 
couldn't find pc file for 
failed to retrieve search paths with pkg-config; maybe pkg-config is not installed
PKG_CONFIG_SYSROOT_DIR
Unexpected line: 
_TtC10TSCUtility14LoadingContext
pkgConfigStack
Requires.private
Expected version number after 
Text ended before matching quote was found in line: 
Expected a value for variable '
circular dependency detected while parsing 
/usr/local/lib/pkgconfig
/usr/local/share/pkgconfig
/usr/lib/pkgconfig
/usr/share/pkgconfig
/private/var/tmp
/etc/debian_version
/system/bin/toolbox
/system/bin/toybox
/etc/redhat-release
/etc/centos-release
/etc/fedora-release
/etc/system-release
Amazon Linux release 2
Unexpected Codable type code for concrete '
TSCUtility.NinjaProgressAnimation
init(stream:ttyTerminalAnimationFactory:dumbTerminalAnimationFactory:defaultAnimationFactory:)
TSCUtility.PercentProgressAnimation
_TtC10TSCUtility34SingleLinePercentProgressAnimation
header
displayedPercentages
hasDisplayedHeader
_TtC10TSCUtility31MultiLineNinjaProgressAnimation
lastDisplayedText
_TtC10TSCUtility31RedrawingNinjaProgressAnimation
terminal
hasDisplayedProgress
_TtC10TSCUtility22NinjaProgressAnimation
_TtC10TSCUtility33MultiLinePercentProgressAnimation
_TtC10TSCUtility29RedrawingLitProgressAnimation
_TtC10TSCUtility24PercentProgressAnimation
_TtC10TSCUtility24DynamicProgressAnimation
animation
_TtCV10TSCUtility6SQLiteP33_109A25FF5B7BF3DBF2E1AE12F2B8F1AD15CallbackWrapper
callback
Unable to open database at 
Unable to configure database: 
Unable to configure database busy timeout
PRAGMA max_page_count=
unable to restore state from 
unsupported schema version 
_TtC10TSCUtility17SimplePersistence
schemaVersion
supportedSchemaVersions
statePath
otherStatePaths
prettyPrint
_TtC10TSCUtility17TracingCollection
events
-print-target-info
unversionedTriple
TSCUtility/Triple.swift
WebAssembly/WASI doesn't support dynamic library yet
x86_64-apple-macosx
TSCUtility/Version.swift
contains(_:) is unavailable, use contains(version:)
Invalid version string 
 is not a valid version
Swift Package Manager - Swift 
_TtC10TSCUtility8DLHandle
rawValue
Ubuntu clang version 
swift
swiftc
-use-frontend-parseable-output
Emit parseable-output from swift-frontend jobs instead of from the driver
-experimental-emit-module-separately
Emit module files as a distinct job
-driver-warn-unused-options
Emit warnings for any provided options which are unused by the driver
-nonlib-dependency-scanner
Use calls to `swift-frontend -scan-dependencies` instead of dedicated dependency scanning library
Prebuild module dependencies to make them explicit
-driver-print-graphviz
Write the job graph as a graphviz file
' is not supported by '
'; did you mean to use '
missing argument value for '
unknown argument: '
SwiftOptions/PrefixTrie.swift
Impossible because we found a child with id 
OVERVIEW: Swift compiler
USAGE: 
<linker-specific options>
<swift debug/development internal options>
<swift internal options>
<debug info options>
<automatic crashing options>
<code formatting options>
<optimization level options>
DEBUG/DEVELOPMENT OPTIONS
Pass <arg> to LLVM.
Specifies an option which should be passed to the linker
Pass <arg> to the Swift frontend
Pass <arg> to Clang when it is use for linking.
Pass <arg> to the C/C++/Objective-C compiler
-working-directory=
-working-directory
Resolve file paths relative to the specified directory
-warnings-as-errors
Treat warnings as errors
-warn-swift3-objc-inference
-warn-swift3-objc-inference-minimal
Warn about deprecated @objc inference in Swift 3 based on direct uses of the Objective-C entrypoint
-warn-swift3-objc-inference-complete
Warn about deprecated @objc inference in Swift 3 for every declaration that will no longer be inferred as @objc in Swift 4
-warn-long-function-bodies=
-warn-long-function-bodies
Warns when type-checking a function takes longer than <n> ms
-warn-long-expression-type-checking=
-warn-long-expression-type-checking
-warn-implicit-overrides
Warn about implicit overrides of protocol members
-warn-concurrency
Warn about code that is unsafe according to the Swift Concurrency model and will become ill-formed in a future language version
Show commands to run and use verbose output
Add directory to VFS overlay file
Print version information and exit
Verify diagnostics against expected-{error|warning|note} annotations
-verify-type-layout
Verify compile-time and runtime type layout information for type
-verify-syntax-tree
Verify that no unknown nodes exist in the libSyntax tree
-verify-incremental-dependencies
Enable the dependency verifier for each frontend job
-verify-ignore-unknown
Allow diagnostics for '<unknown>' location in verify mode
-verify-generic-signatures
Verify the generic signatures in the given module
-verify-emitted-module-interface
Check that module interfaces emitted during compilation typecheck
-verify-debug-info
Verify the binary representation of debug output.
-verify-apply-fixes
Like -verify, but updates the original source file
-verify-all-substitution-maps
Verify all SubstitutionMaps on construction
-verify-additional-file
Verify diagnostics in this file in addition to source files
-value-recursion-threshold
Set the maximum depth for direct recursion in value types
-validate-tbd-against-ir=
Compare the symbols in the IR against the TBD file that would be generated.
-user-module-version
Module version specified from Swift module authors
Use tabs for indentation.
-use-static-resource-dir
Use resources in the static resource directory
Allocate internal data structures using malloc (for memory debugging)
Specifies the linker to be used
Register Objective-C classes as if the JIT were in use
-use-clang-function-types
Use stored Clang function types for computing canonical types.
Update Swift code
-typo-correction-limit
Limit the number of times the compiler will attempt typo correction to <n>
Parse and type-check input file(s)
-typecheck-module-from-interface
Treat the (single) input as a swiftinterface and typecheck it
-type-info-dump-filter=
One of 'all', 'resilient' or 'fragile'
-track-system-dependencies
Track system dependencies while emitting Make-style dependencies
-trace-stats-events
Trace changes to stats in -stats-output-dir
-tools-directory
Look for external executables (ld, clang, binutils) in <directory>
-toolchain-stdlib-rpath
Add an rpath entry for the toolchain's standard library, rather than the OS's
-testable-import-module
Implicitly import the specified module with @testable
-tbd-is-installapi
If the TBD file should indicate it's being generated during InstallAPI
-tbd-install_name=
-tbd-install_name
The install_name to use in an emitted TBD file
-tbd-current-version=
-tbd-current-version
The current_version to use in an emitted TBD file
-tbd-compatibility-version=
-tbd-compatibility-version
The compatibility_version to use in an emitted TBD file
Generate code for the given target <triple>, such as x86_64-apple-macos10.9
Generate 'zippered' code for macCatalyst that can run on the specified variant target triple in addition to the main -target triple
-target-variant-sdk-version
The version of target variant SDK used for compilation
-target-sdk-version
The version of target SDK used for compilation
Generate code for a particular CPU variant
Width of tab character.
-switch-checking-invocation-threshold=
Interpret input according to a specific Swift language version number
-swift-ptrauth-mode
Mode for staging pointer authentication. Supported modes are LegacyAndStrip, NewAndStrip and NewAndAuth.
-swift-module-file
Specify Swift module explicitly built from textual interface
-swift-isa-ptrauth-mode
Mode for staging isa/super signing. Supported modes are LegacyAndStrip, NewAndStrip and NewAndAuth.
-suppress-warnings
Suppress all warnings
-suppress-static-exclusivity-swap
Suppress static violations of exclusive access with swap()
-supplementary-output-file-map
Specify supplementary outputs in a file rather than on the command line
-stats-output-dir
Directory to write unified compilation-statistics files to
Make this module statically linkable and make the output of -emit-library a static library.
Statically link the Swift standard library
-static-executable
Statically link the executable
-stack-promotion-limit
Limit the size of stack promoted objects to the provided number of bytes.
enable stack checking
-solver-shrink-unsolved-threshold
Set The upper bound to number of sub-expressions unsolved before termination of the shrink phrase
-solver-memory-threshold
Set the upper bound for memory consumption, in bytes, by the constraint solver
-solver-expression-time-threshold=
-solver-disable-shrink
Disable the shrink phase of expression type checking
-skip-synthesized-members
Skip members inherited through classes or default implementations
-sil-verify-none
Completely disable SIL verification
Verify SIL after each transform
-sil-unroll-threshold
Controls the aggressiveness of loop unrolling
-sil-stop-optzns-before-lowering-ownership
Stop optimizing at SIL time before we lower ownership from SIL. Intended only for SIL ossa tests
-sil-inline-threshold
Controls the aggressiveness of performance inlining
-sil-inline-caller-benefit-reduction-factor
Controls the aggressiveness of performance inlining in -Osize mode by reducing the base benefits of a caller (lower value permits more inlining!)
-sil-debug-serialization
Do not eliminate functions in Mandatory Inlining/SILCombine dead functions. (for debugging only)
-show-diagnostics-after-fatal
Keep emitting subsequent diagnostics after a fatal error
-serialize-parseable-module-interface-dependency-hashes
-serialize-module-interface-dependency-hashes
-serialize-diagnostics
Serialize diagnostics in a binary format
-serialize-diagnostics-path=
-serialize-diagnostics-path
Emit a serialized diagnostics file to <path>
-serialize-debugging-options
Always serialize options for debugging (default: only for apps)
Compile against <sdk>
-scan-dependencies
Scan dependencies of the given Swift sources
Save intermediate compilation results
-save-optimization-record
Generate a YAML optimization record file
-save-optimization-record=
Generate an optimization record file in a specific format (default: YAML)
-save-optimization-record-path
Specify the file name of any generated optimization record
-save-optimization-record-passes
Only include passes which match a specified regular expression inthe generated optimization record (by default, include all passes)
Turn on runtime checks for erroneous behavior.
-sanitize-recover=
Specify which sanitizer runtime checks (see -sanitize=) will generate instrumentation that allows error recovery. Listed checks should be comma separated. Default behavior is to not allow error recovery.
-sanitize-coverage=
Specify the type of coverage instrumentation for Sanitizers and additional options separated by commas
-sanitize-address-use-odr-indicator
When using AddressSanitizer enable ODR indicator globals to avoid false ODR violation reports in partially sanitized programs at the cost of an increase in binary size
-runtime-compatibility-version
Link compatibility library for Swift runtime version, or 'none'
Report performed transformations by optimization passes whose name matches the given POSIX regular expression
Report missed transformations by optimization passes whose name matches the given POSIX regular expression
-Rmodule-loading
Emit a remark and file path of each loaded module
-Rmodule-interface-rebuild
Emits a remark if an imported module needs to be re-compiled from its module interface
</usr/lib/swift>
The directory that holds the compiler resource files
-resolve-imports
Parse and resolve imports in input file(s)
-require-explicit-availability
Require explicit availability on public declarations
-require-explicit-availability-target
Suggest fix-its adding @available(<target>, *) to public declarations without availability
-report-errors-to-debugger
Deprecated, will be removed in future versions.
REPL mode (the default if there is no input file)
-remove-runtime-asserts
Remove runtime safety checks.
-read-legacy-type-info-path=
Read legacy type layout from the given path instead of default path
Emit a remark if a cross-import of a module is triggered.
Supply a profdata file to enable profile-guided optimization
-profile-stats-events
Profile changes to stats in -stats-output-dir
-profile-stats-entities
Profile changes to stats in -stats-output-dir, subdivided by source entity
-profile-generate
Generate instrumented code to collect execution counts
-profile-coverage-mapping
Generate coverage data for use with profiled execution counts
Print target information for the given target <triple>, such as x86_64-apple-macos10.9
Print various statistics
-print-llvm-inline-tree
Print the LLVM inline tree.
-print-inst-counts
Before IRGen, count all the various SIL instructions. Must be used in conjunction with -print-stats.
-print-educational-notes
Include educational notes in printed diagnostic output, if available
-print-clang-stats
Print Clang importer statistics
Parse and type-check input file(s) and pretty print AST(s)
Produce output for this file, not the whole module
-primary-filelist
Specify primary inputs in a file rather than on the command line
-previous-module-installname-map-file
Path to a Json file indicating module name to installname map for @_originallyDefinedIn
Pretty-print the output JSON
-prespecialize-generic-metadata
Statically specialize metadata for generic types at types that are known to be used in source.
-prebuilt-module-cache-path=
-prebuilt-module-cache-path
Directory of prebuilt modules for loading module interfaces
Apply the playground semantics and transformation
-playground-high-performance
Omit instrumentation that has a high runtime performance impact
-placeholder-dependency-module-map-file
Specify a JSON file containing information of external Swift module dependencies
Directory to persist automatically created precompiled bridging headers
-pch-disable-validation
Disable validating the persistent PCH
Apply the 'program counter simulation' macro
Parse input file(s)
-parseable-output
Emit textual output in a parseable format
Parse the input file(s) as the Swift standard library
Parse the input file as SIL code, not Swift source
-parse-as-library
Parse the input file(s) as libraries, not scripts
-package-description-version
The version number to be applied on the input for the PackageDescription availability kind
Write output to <file>
Compile with optimizations
-output-filelist
Specify outputs in a file rather than on the command line
-output-file-map=
-output-file-map
A file which specifies the location of outputs
Symbol Graph JSON Output Directory (Required)
Compile with optimizations and remove runtime safety checks
Compile with optimizations and target small code size
Compile with optimizations appropriate for a playground
Compile without any optimization
-only-use-extra-clang-opts
Options passed via -Xcc are sufficient for Clang configuration
Enable multi-threading and specify number of threads
Don't search the standard library import path for modules
-no-whole-module-optimization
Disable optimizing input files together instead of individually
-no-warnings-as-errors
Don't treat warnings as errors
-no-verify-emitted-module-interface
Don't check that module interfaces emitted during compilation typecheck
-no-toolchain-stdlib-rpath
Do not add an rpath entry for the toolchain's standard library (default)
-no-stdlib-rpath
Don't add any rpath entries.
-no-static-stdlib
Don't statically link the Swift standard library
-no-static-executable
Don't statically link the executable
disable stack checking
-no-serialize-debugging-options
Never serialize options for debugging (default: only for apps)
-no-link-objc-runtime
Don't link in additions to the Objective-C runtime
-no-color-diagnostics
Do not print diagnostics in color
-no-clang-module-breadcrumbs
Don't emit DWARF skeleton CUs for imported Clang modules. Use this when building a redistributable static archive.
-new-driver-path
Path of the new driver to be used
Name of the module to build
-module-link-name=
-module-link-name
Library to link against when using this module
-module-interface-preserve-types-as-written
When emitting a module interface, preserve types as they were written in the source
-module-cache-path
Specifies the Clang module cache path
-module-abi-name
ABI name to use for the contents of this module
-minimum-access-level
Include symbols with this access level or more
-migrator-update-swift
Does nothing. Temporary compatibility flag for Xcode.
-migrator-update-sdk
-migrate-keep-objc-visibility
When migrating, add '@objc' to declarations that would've been implicitly visible in Swift 3
Merge the input modules without otherwise processing them
Specifies a library which should be linked against
Specify the LTO type to either 'llvm-thin' or 'llvm-full'
-localization-path
Path to localized diagnostic messages directory
Choose a language for diagnostic messages
LLDB-enhanced REPL mode
-link-objc-runtime
<start line>:<end line>. Formats a range of lines (1-based). Can only be used with one input file.
Library distribution level 'api', 'spi' or 'other' (the default)
libc runtime library to use
Add directory to library link search path
Number of commands to execute in parallel
JIT compilation mode
-irgen-always-use-indirect-relative-references
Always emit indirectable relative references as indirect
-index-unit-output-path
Use <path> as the output path in the produced index data.
-index-unit-output-path-filelist
Specify index unit output paths in a file rather than on the command line
-index-system-modules
Emit index data for imported serialized swift system modules
-index-store-path
Store indexing data to <path>
-index-ignore-system-modules
Avoid indexing system modules
-index-ignore-stdlib
Avoid emitting index data for the standard library.
Produce index data for a source file
-index-file-path
Produce index data for file <path>
Number of characters to indent.
-indent-switch-case
Indent cases in switch statements.
Perform an incremental build if possible
Overwrite input file with formatted file.
-import-underlying-module
Implicitly imports the Objective-C half of a module
When performing a dependency scan, only dentify all imports of the main Swift module sources
-import-objc-header
Implicitly imports an Objective-C header file
Implicitly import the specified module
-import-cf-types
Recognize and import CF types as class types
-ignore-module-source-info
Avoid getting source location from .swiftsourceinfo files
-ignore-always-inline
Ignore @inline(__always) attributes.
Add directory to the import search path
Display available options, including hidden options
Emit debug info. This is the preferred setting for debugging with LLDB.
Write the SIL into a file and generate debug-info to debug on SIL  level.
-group-info-path
The path to collect the group information of the compiled module
Don't emit debug info
-gline-tables-only
Emit minimal debug info for backtraces only
Emit full DWARF type info.
-function-sections
Emit functions to separate sections.
Add directory to system framework search path
-frontend-parseable-output
Specifies a framework which should be linked against
-force-single-frontend-invocation
-whole-module-optimization
Optimize input files together instead of individually
-force-public-linkage
Force public linkage for private symbols. Used by LLDB.
Apply all fixits from diagnostics without any filtering
Specify source inputs in a file rather than on the command line
Add directory to framework search path
-external-pass-pipeline-filename
<pass_pipeline_file>
Use the pass pipeline defined by <pass_pipeline_file>
-explicit-swift-module-map-file
Specify a JSON file containing information of explict Swift modules
-experimental-spi-imports
Enable experimental support for SPI imports
-experimental-skip-non-inlinable-function-bodies
Skip type-checking and SIL generation for non-inlinable function bodies
-experimental-skip-non-inlinable-function-bodies-without-types
Skip work on non-inlinable function bodies that do not declare nested types
-experimental-skip-all-function-bodies
Skip type-checking function bodies and all SIL generation
-experimental-print-full-convention
When emitting a module interface or SIL, emit additional @convention arguments, regardless of whether they were written in the source. Also requires -use-clang-function-types to be enabled.
-experimental-one-way-closure-params
Enable experimental support for one-way closure parameters
-experimental-cxx-stdlib
C++ standard library to use; forwarded to Clang's -stdlib flag
-experimental-allow-module-with-compiler-errors
Attempt to output .swiftmodule, regardless of compilation errors
-entry-point-function-name
Name of the entry point function
-enforce-exclusivity=
Enforce law of exclusivity
-enable-volatile-modules
Load Swift modules in memory
-enable-verify-exclusivity
Enable verification of access markers used to enforce exclusivity.
-enable-type-layout
Enable type layout based lowering
-enable-throw-without-try
Allow throwing function calls without 'try'
Allows this module's internal API to be accessed for testing
-enable-testable-attr-requires-testable-module
Enable checking of @testable
-enable-target-os-checking
Enable checking the target OS of serialized modules
-enable-swiftcall
Enable the use of LLVM swiftcall support
-enable-swift3-objc-inference
Enable Swift 3's @objc inference rules for NSObject-derived classes and 'dynamic' members (emulates Swift 3 behavior)
-enable-spec-devirt
Enable speculative devirtualization pass.
-enable-source-import
Enable importing of Swift source files
-enable-sil-opaque-values
Enable SIL Opaque Values
-enable-resilience
Deprecated, use -enable-library-evolution instead
-enable-private-imports
Allows this module's internal and private API to be accessed
-enable-ossa-modules
Always serialize SIL in ossa form. If this flag is not passed in, when optimizing ownership will be lowered before serializing SIL
-enable-operator-designated-types
Enable operator designated types
-enable-only-one-dependency-file
Enables incremental build optimization that only produces one dependencies file
-enable-objc-interop
Enable Objective-C interop code generation and config directives
-enable-objc-attr-requires-foundation-module
Enable requiring uses of @objc to require importing the Foundation module
-enable-nskeyedarchiver-diagnostics
Diagnose classes with unstable mangled names adopting NSCoding
-enable-nonfrozen-enum-exhaustivity-diagnostics
Diagnose switches over non-frozen enums without catch-all cases
-enable-new-operator-lookup
Enable the new operator decl and precedencegroup lookup behavior
-enable-llvm-value-names
Add names to local values in LLVM IR
-enable-library-evolution
Build the module to allow binary-compatible library evolution
-enable-invalid-ephemeralness-as-error
Diagnose invalid ephemeral to non-ephemeral conversions as errors
-enable-infer-public-sendable
Enable inference of Sendable conformances for public structs and enums
-enable-incremental-imports
Enable cross-module incremental build metadata and driver scheduling for Swift modules
-enable-implicit-dynamic
Add 'dynamic' to all declarations
-enable-fuzzy-forward-scan-trailing-closure-matching
Enable fuzzy forward-scan trailing closure matching
-enable-experimental-static-assert
Enable experimental #assert
-enable-experimental-forward-mode-differentiation
Enable experimental forward mode differentiation
-enable-experimental-flow-sensitive-concurrent-captures
Enable flow-sensitive concurrent captures
-enable-experimental-enum-codable-derivation
Enable experimental derivation of Codable for enums
-enable-experimental-cxx-interop
Allow importing C++ modules into Swift (experimental feature)
-enable-experimental-concurrency
Enable experimental concurrency model
-enable-experimental-concise-pound-file
Enable experimental concise '#file' identifier
-enable-experimental-async-handler
Enable experimental @asyncHandler feature
-enable-experimental-additive-arithmetic-derivation
Enable experimental 'AdditiveArithmetic' derived conformances
-enable-dynamic-replacement-chaining
Enable chaining of dynamic replacements
-enable-deserialization-recovery
Attempt to recover from missing xrefs (etc) in swiftmodules
-enable-cxx-interop
Enable C++ interop code generation and config directives
-enable-cross-import-overlays
Automatically import declared cross-import overlays.
-enable-copy-propagation
Run SIL copy propagation to shorten object lifetime.
-enable-conformance-availability-errors
Diagnose conformance availability violations as errors
-enable-bridging-pch
Enable automatic generation of bridging PCH files
-enable-batch-mode
Enable combining frontend jobs into batches
-enable-ast-verifier
Run the AST verifier during compilation. NOTE: This lets the user override the default behavior on whether or not the ASTVerifier is run. The default behavior is to run the verifier when asserts are enabled and not run it when asserts are disabled. NOTE: Can not be used if disable-ast-verifier is used as well
-enable-anonymous-context-mangled-names
Enable emission of mangled names in anonymous context descriptors
-enable-access-control
Respect access control restrictions
-emit-verbose-sil
Emit locations during SIL emission
Emit the TBD file to <path>
Parse input file(s) and emit the Syntax tree(s) as JSON
-emit-symbol-graph
Emit a symbol graph
-emit-symbol-graph-dir
Emit a symbol graph to directory <dir>
-emit-swift-ranges
Emit unparsed source ranges
-emit-swift-ranges-path
Output unparsed ranges to <path>
-emit-supported-features
Emit a JSON file including all supported compiler features
-emit-stack-promotion-checks
Emit runtime checks for correct stack promotion of objects.
-emit-sorted-sil
When printing SIL, print out all sil entities sorted by name to ease diffing
Emit canonical SIL file(s)
Emit raw SIL file(s)
Emit serialized AST + canonical SIL file(s)
Emit serialized AST + raw SIL file(s)
-emit-remap-file-path
Emit the replacement map describing Swift Migrator changes to <path>
-emit-reference-dependencies
Emit a Swift-style dependencies file
-emit-reference-dependencies-path
Output Swift-style dependencies file to <path>
-emit-private-module-interface-path
Output private module interface file to <path>
Emit a precompiled Clang module from a module map
Emit PCH for imported Objective-C header file
-emit-parseable-module-interface
-emit-parseable-module-interface-path
-emit-objc-header
Emit an Objective-C header file
-emit-objc-header-path
Emit an Objective-C header file to <path>
Emit an importable module
-emit-module-summary
Output module summary file
-emit-module-summary-path
Output module summary file to <path>
-emit-module-source-info
Output module source info file
-emit-module-source-info-path
Output module source info file to <path>
-emit-module-path=
-emit-module-path
Emit an importable module to <path>
-emit-module-interface
Output module interface file
-emit-module-interface-path
Output module interface file to <path>
-emit-module-doc
Emit a module documentation file based on documentation comments
-emit-module-doc-path
Output module documentation file <path>
-emit-migrated-file-path
Emit the migrated source file to <path>
-emit-localized-strings
Emits localization keys for strings passed to APIs needing localization
-emit-localized-strings-path=
-emit-localized-strings-path
Emit localization keys to <path>
-emit-loaded-module-trace
Emit a JSON file containing information about what modules were loaded
-emit-loaded-module-trace-path=
-emit-loaded-module-trace-path
Emit the loaded module trace JSON to <path>
Emit a linked library
-emit-ldadd-cfile-path
Generate .c file defining symbols to add back
Emit LLVM IR file(s) after LLVM optimizations
Emit LLVM IR file(s) before LLVM optimizations
-emit-imported-modules
Emit a list of the imported modules
-emit-fixits-path
Output compiler fixits as source edits to <path>
-emit-fine-grained-dependency-sourcefile-dot-files
Emit dot files for every source file.
-emit-executable
Emit a linked executable
-emit-dependencies
Emit basic Make-compatible dependencies files
-emit-dependencies-path
Output basic Make-compatible dependencies file to <path>
Emit LLVM BC file(s)
Emit assembly file(s) (-S)
-embed-tbd-for-module
Embed symbols from the module in the emitted tbd file
Embed LLVM IR bitcode as data
-embed-bitcode-marker
Embed placeholder LLVM IR data as a marker
Marks a conditional compilation flag as true
Dump USR for each declaration reference
-dump-type-refinement-contexts
Type-check input file(s) and dump type refinement contexts(s)
Output YAML dump of fixed-size types from all imported modules
-dump-scope-maps
<expanded-or-list-of-line:column>
Parse and type-check input file(s) and dump the scope map(s)
Dump debugging information about a precompiled Clang module
Parse input file(s) and dump AST(s)
-dump-migration-states-dir
Dump the input text, output text, and states for migration to <path>
Dump JIT contents
-dump-interface-hash
Parse input file(s) and dump interface token hash(es)
-dump-clang-diagnostics
Dump Clang diagnostics to stderr
Parse and type-check input file(s) and dump AST(s)
The path to output swift interface files for the compiled source files
-driver-verify-fine-grained-dependency-graph-after-every-import
Debug DriverGraph by verifying it after every import
-driver-use-frontend-path
Use the given executable to perform compilations. Arguments can be passed as a ';' separated list
-driver-use-filelists
Pass input files as filelists whenever possible
-driver-time-compilation
Prints the total time it took to execute all compilation tasks
-driver-skip-execution
Skip execution of subtasks when performing compilation
-driver-show-job-lifecycle
Show every step in the lifecycle of driver jobs
-driver-show-incremental
With -v, dump information about why files are being rebuilt
-driver-print-output-file-map
Dump the contents of the output file map
-driver-print-derived-output-file-map
Dump the contents of the derived output file map
-driver-print-bindings
Dump list of job inputs and outputs
-driver-print-actions
Dump list of actions to perform
Set the driver mode to either 'swift' or 'swiftc'
-driver-force-response-files
Force the use of response files for testing
-driver-filelist-threshold=
-driver-filelist-threshold
Pass input or output file names as filelists if there are more than <n>
-driver-emit-fine-grained-dependency-dot-file-after-every-import
Emit dot files every time driver imports an fine-grained swiftdeps file.
-driver-batch-size-limit
Use the given number as the upper limit on dynamic batch-mode partition size
-driver-batch-seed
Use the given seed value to randomize batch-mode partitions
-driver-batch-count
Use the given number of batch-mode partitions, rather than partitioning dynamically
-driver-always-rebuild-dependents
Always rebuild dependents of files that have been modified
-disallow-use-new-driver
Disable using new swift-driver
-disable-verify-exclusivity
Diable verification of access markers used to enforce exclusivity.
-disable-typo-correction
Disable typo correction
-disable-type-layout
Disable type layout based lowering
-disable-testable-attr-requires-testable-module
Disable checking of @testable
-disable-target-os-checking
Disable checking the target OS of serialized modules
-disable-swift3-objc-inference
Disable Swift 3's @objc inference rules for NSObject-derived classes and 'dynamic' members (emulates Swift 4 behavior)
-disable-swift-specific-llvm-optzns
Don't run Swift specific LLVM optimization passes.
-disable-swift-bridge-attr
Disable using the swift bridge attribute
-disable-sil-perf-optzns
Don't run SIL performance optimization passes
-disable-sil-partial-apply
Disable use of partial_apply in SIL generation
-disable-sil-ownership-verifier
Do not verify ownership invariants during SIL Verification 
-disable-reflection-names
Disable emission of names of stored properties and enum cases inreflection metadata
-disable-reflection-metadata
Disable emission of reflection metadata for nominal types
-disable-previous-implementation-calls-in-dynamic-replacements
Disable calling the previous implementation in dynamic replacements
-disable-playground-transform
Disable playground transformation
-disable-ossa-opts
Don't run SIL OSSA optimization passes.
-disable-only-one-dependency-file
Disables incremental build optimization that only produces one dependencies file
-disable-objc-interop
Disable Objective-C interop code generation and config directives
-disable-objc-attr-requires-foundation-module
Disable requiring uses of @objc to require importing the Foundation module
-disable-nskeyedarchiver-diagnostics
Allow classes with unstable mangled names to adopt NSCoding
-disable-nonfrozen-enum-exhaustivity-diagnostics
Allow switches over non-frozen enums without catch-all cases
-disable-new-operator-lookup
Disable the new operator decl and precedencegroup lookup behavior
-disable-named-lazy-member-loading
Disable per-name lazy member loading
-disable-modules-validate-system-headers
Disable validating system headers in the Clang importer
-disable-migrator-fixits
Disable the Migrator phase which automatically applies fix-its
-disable-llvm-verify
Don't run the LLVM IR verifier.
-disable-llvm-value-names
Don't add names to local values in LLVM IR
-disable-llvm-slp-vectorizer
Don't run LLVM SLP vectorizer
-disable-llvm-optzns
Don't run LLVM optimization passes
-disable-legacy-type-info
Completely disable legacy type layout
-disable-invalid-ephemeralness-as-error
Diagnose invalid ephemeral to non-ephemeral conversions as warnings
-disable-interface-lock
Don't lock interface file when building module
-disable-infer-public-sendable
Disable inference of Sendable conformances for public structs and enums
-disable-incremental-llvm-codegen
Disable incremental llvm code generation.
-disable-incremental-imports
Disable cross-module incremental build metadata and driver scheduling for Swift modules
-disable-implicit-swift-modules
Disable building Swift modules implicitly by the compiler
-disable-implicit-double-cgfloat-conversion
Disable implicit conversion between Double and CGFloat types
-disable-implicit-concurrency-module-import
Disable the implicit import of the _Concurrency module.
-disable-generic-metadata-prespecialization
Do not statically specialize metadata for generic types at types that are known to be used in source.
-disable-fuzzy-forward-scan-trailing-closure-matching
Disable fuzzy forward-scan trailing closure matching
-disable-diagnostic-passes
Don't run diagnostic passes
-disable-deserialization-recovery
Don't attempt to recover from missing xrefs (etc) in swiftmodules
-disable-debugger-shadow-copies
Disable debugger shadow copies of local variables.This option is only useful for testing the compiler.
-disable-cross-import-overlays
Do not automatically import declared cross-import overlays.
-disable-copy-propagation
Don't run SIL copy propagation to preserve object lifetime.
-disable-constraint-solver-performance-hacks
Disable all the hacks in the constraint solver
-disable-conformance-availability-errors
Diagnose conformance availability violations as warnings
-disable-concrete-type-metadata-mangled-name-accessors
Disable concrete type metadata access by mangled name
-disable-clangimporter-source-import
Disable ClangImporter and forward all requests straight the DWARF importer.
-disable-building-interface
Disallow building binary module from textual interface
-disable-bridging-pch
Disable automatic generation of bridging PCH files
-disable-batch-mode
Disable combining frontend jobs into batches
-disable-availability-checking
Disable checking for potentially unavailable APIs
-disable-autolinking-runtime-compatibility
Do not use autolinking for runtime compatibility libraries
-disable-autolinking-runtime-compatibility-dynamic-replacements
Do not use autolinking for the dynamic replacement runtime compatibility library
-disable-autolink-framework
Disable autolinking against the provided framework
-disable-ast-verifier
Do not run the AST verifier during compilation. NOTE: This lets the user override the default behavior on whether or not the ASTVerifier is run. The default behavior is to run the verifier when asserts are enabled and not run it when asserts are disabled. NOTE: Can not be used if enable-ast-verifier is used as well
-disable-arc-opts
Don't run SIL ARC optimization passes.
-disable-access-control
Don't respect access control restrictions
-diagnostics-editor-mode
Diagnostics will be used in editor
-diagnostic-style=
-diagnostic-style
The formatting style used when printing diagnostics ('swift' or 'llvm')
-diagnostic-documentation-path
Path to diagnostic documentation resources
-deprecated-integrated-repl
-define-availability
Define an availability macro in the format 'macroName : iOS 13.0, macOS 10.15'
-debugger-testing-transform
Instrument the code with calls to an intrinsic that record the expected values of local variables so they can be compared against the results from the debugger.
-debugger-support
Process swift code as if running in the debugger
-debug-time-function-bodies
Dumps the time it takes to type-check each function body
-debug-time-expression-type-checking
Dumps the time it takes to type-check each expression
-debug-prefix-map
<prefix=replacement>
Remap source paths in debug info
-debug-info-store-invocation
Emit the compiler invocation in the debug info.
-debug-info-format=
Specify the debug info format type to either 'dwarf' or 'codeview'
-debug-generic-signatures
Debug generic signatures
-debug-forbid-typecheck-prefix
Triggers llvm fatal_error if typechecker tries to typecheck a decl with the provided prefix name
-debug-emit-invalid-swiftinterface-syntax
Write an invalid declaration into swiftinterface files
-debug-diagnostic-names
Include diagnostic names when printing
Print out debug dumps when cycles are detected in evaluation
-debug-crash-immediately
Force a crash immediately
-debug-crash-after-parse
Force a crash after parsing
-debug-constraints
Debug the constraint-based type checker
-debug-constraints-on-line=
-debug-constraints-on-line
Debug the constraint solver for expressions on <line>
-debug-constraints-attempt
Debug the constraint solver at a given attempt
-debug-assert-immediately
Force an assertion failure immediately
-debug-assert-after-parse
Force an assertion failure after parsing
Emit object file(s) (-c)
-crosscheck-unqualified-lookup
Compare legacy DeclContext- to ASTScope-based unqualified name lookup (for debugging)
-cross-module-optimization
Perform cross-module optimization
-coverage-prefix-map
Remap source paths in coverage info
-continue-building-after-errors
Continue building, even after errors are encountered
-color-diagnostics
Print diagnostics in color
-code-complete-inits-in-postfix-expr
Include initializers when completing a postfix expression
-code-complete-call-pattern-heuristics
Use heuristics to guess whether we want call pattern completions
-check-onone-completeness
Print errors if the compile OnoneSupport module is missing symbols
-candidate-module-file
Specify Swift module may be ready to use for an interface
-bypass-batch-mode-checks
Bypass checks for batch-mode errors.
-build-module-from-parseable-interface
-compile-module-from-interface
Treat the (single) input as a swiftinterface and produce a module
-bridging-header-directory-for-print
Directory for bridging header to be printed in compatibility header
-batch-scan-input-file
Specify a JSON file containing modules to perform batch dependencies scanning
-bad-file-descriptor-retry-count
Number of retrying opening a file if previous open returns a bad file descriptor error.
-avoid-emit-module-source-info
don't emit Swift source info file
-autolink-library
Add dependent library
-autolink-force-load
Force ld to link against this module even if no symbols are used
-assume-single-threaded
Assume that code will be executed in a single-threaded environment
Specify the assert_configuration replacement. Possible values are Debug, Release, Unchecked, DisableReplacement.
-application-extension
Restrict code to those available for App Extensions
-api-diff-data-file
API migration data is from <path>
-api-diff-data-dir
Load platform and version specific API migration data files from <path>. Ignored if -api-diff-data-file is specified.
-access-notes-path=
-access-notes-path
Specify YAML file to override attributes on Swift declarations in this module
-driver-print-jobs
Dump list of jobs to execute
SwiftOptions/ParsedOptions.swift
not a single argument
not a multiple argument
label
data
children
node
labelCounter
nodeIDs
Yams/Constructor.swift
tag:yaml.org,2002:value
^([0-9][0-9][0-9][0-9])
(?:(?:[Tt]|[ \t]+)
(?:[ \t]*(Z|([-+])([0-9][0-9]?)
(?::([0-9][0-9]))?))?)?$
utf8
utf16
_TtC4Yams11Constructor
scalarMap
mappingMap
sequenceMap
Yams/Resolver.swift
tag:yaml.org,2002:seq
tag:yaml.org,2002:omap
tag:yaml.org,2002:pairs
tag:yaml.org,2002:map
tag:yaml.org,2002:set
tag:yaml.org,2002:str
tag:yaml.org,2002:bool
tag:yaml.org,2002:float
tag:yaml.org,2002:null
tag:yaml.org,2002:int
tag:yaml.org,2002:binary
tag:yaml.org,2002:timestamp
The given data was not valid YAML.
_TtC4Yams11YAMLDecoder
Expected to decode 
 value but found 
Unkeyed container is at end.
No value associated with key 
serializer is closed
serializer is already opened
serializer is not opened
_TtC4Yams7Emitter
options
emitter
state
 does not conform to NodeRepresentable!
Unable to encode the given top-level value to YAML.
_TtC4Yams11YAMLEncoder
_TtC4YamsP33_F5F7DB7F114570D28772A4EBA170F37D8_Encoder
codingPath
userInfo
_TtC4YamsP33_F5F7DB7F114570D28772A4EBA170F37D19_ReferencingEncoder
encoder
reference
tag:yams.encoder:unused
key value 
tag:yaml.org,2002:merge
expected a single document in the stream
but found another document
_TtC4Yams6Parser
yaml
resolver
constructor
encoding
anchors
buffer
_TtC4YamsP33_61DADACE4404A34EA4A7CBD5917BB5455Event
event
Yams/Parser.swift
found undefined alias
YAMS_DEFAULT_ENCODING
`Parser.Encoding.default` was set to `
` environment variable.
yyyy'-'MM'-'dd'T'HH':'mm':'ss'Z'
yyyy'-'MM'-'dd'T'HH':'mm':'ss
Failed to represent 
_TtC4Yams8Resolver
rules
^(?:[0-9][0-9][0-9][0-9]-[0-9][0-9]-[0-9][0-9]|[0-9][0-9][0-9][0-9]-[0-9][0-9]?-[0-9][0-9]?(?:[Tt]|[ \t]+)[0-9][0-9]?:[0-9][0-9]:[0-9][0-9](?:\.[0-9]*)?(?:[ \t]*(?:Z|[-+][0-9][0-9]?(?::[0-9][0-9])?))?)$
^(?:~|null|Null|NULL|)$
^(?:[-+]?(?:[0-9][0-9_]*)(?:\.[0-9_]*)?(?:[eE][-+]?[0-9]+)?|\.[0-9_]+(?:[eE][-+][0-9]+)?|[-+]?[0-9][0-9_]*(?::[0-5]?[0-9])+\.[0-9_]*|[-+]?\.(?:inf|Inf|INF)|\.(?:nan|NaN|NAN))$
^(?:[-+]?0b[0-1_]+|[-+]?0o?[0-7_]+|[-+]?(?:0|[1-9][0-9_]*)|[-+]?0x[0-9a-fA-F_]+|[-+]?[1-9][0-9_]*(?::[0-5]?[0-9])+)$
^(?:yes|Yes|YES|no|No|NO|true|True|TRUE|false|False|FALSE|on|On|ON|off|Off|OFF)$
tag:yaml.org,2002:yaml
_TtC4Yams3Tag
String could not be decoded from data using '
: error: composer: 
: error: parser: 
: error: scanner: 
: error: reader: 
No error is produced
Yams/YamlError.swift
Emitter has unknown error: 
Parser has unknown error: 
yaml_parser_initialize
api.c
yaml_parser_delete
yaml_parser_set_input_string
!parser->read_handler
yaml_parser_set_input_file
file
yaml_parser_set_input
handler
yaml_parser_set_encoding
!parser->encoding
yaml_emitter_initialize
yaml_emitter_delete
yaml_emitter_set_output_string
!emitter->write_handler
yaml_emitter_set_output_file
yaml_emitter_set_output
yaml_emitter_set_encoding
!emitter->encoding
yaml_emitter_set_canonical
yaml_emitter_set_indent
yaml_emitter_set_width
yaml_emitter_set_unicode
yaml_emitter_set_break
yaml_token_delete
token
yaml_stream_start_event_initialize
yaml_stream_end_event_initialize
yaml_document_start_event_initialize
(tag_directives_start && tag_directives_end) || (tag_directives_start == tag_directives_end)
tag_directive->handle
tag_directive->prefix
yaml_document_end_event_initialize
yaml_alias_event_initialize
anchor
yaml_scalar_event_initialize
yaml_sequence_start_event_initialize
yaml_sequence_end_event_initialize
yaml_mapping_start_event_initialize
yaml_mapping_end_event_initialize
yaml_event_delete
yaml_document_initialize
document
yaml_document_delete
yaml_document_get_node
yaml_document_get_root_node
yaml_document_add_scalar
yaml_document_add_sequence
yaml_document_add_mapping
yaml_document_append_sequence_item
sequence > 0 && document->nodes.start + sequence <= document->nodes.top
document->nodes.start[sequence-1].type == YAML_SEQUENCE_NODE
item > 0 && document->nodes.start + item <= document->nodes.top
yaml_document_append_mapping_pair
mapping > 0 && document->nodes.start + mapping <= document->nodes.top
document->nodes.start[mapping-1].type == YAML_MAPPING_NODE
key > 0 && document->nodes.start + key <= document->nodes.top
value > 0 && document->nodes.start + value <= document->nodes.top
expected nothing after STREAM-END
expected STREAM-START
%YAML
%TAG
expected DOCUMENT-START or STREAM-END
incompatible %YAML directive
tag handle must not be empty
tag handle must start with '!'
tag handle must end with '!'
tag handle must contain alphanumerical characters only
tag prefix must not be empty
duplicate %TAG directive
expected SCALAR, SEQUENCE-START, MAPPING-START, or ALIAS
neither tag nor implicit flags are specified
expected DOCUMENT-END
alias value must not be empty
anchor value must not be empty
alias value must contain alphanumerical characters only
anchor value must contain alphanumerical characters only
tag value must not be empty
yaml_parser_parse
parser.c
did not find expected <stream-start>
did not find expected <document start>
found duplicate %YAML directive
found incompatible YAML document
found duplicate %TAG directive
while parsing a node
found undefined tag handle
while parsing a block node
while parsing a flow node
did not find expected node content
while parsing a block collection
did not find expected '-' indicator
while parsing a block mapping
did not find expected key
while parsing a flow sequence
did not find expected ',' or ']'
while parsing a flow mapping
did not find expected ',' or '}'
yaml_parser_update_buffer
reader.c
parser->read_handler
invalid leading UTF-8 octet
incomplete UTF-8 octet sequence
invalid trailing UTF-8 octet
invalid length of a UTF-8 sequence
invalid Unicode character
incomplete UTF-16 character
unexpected low surrogate area
incomplete UTF-16 surrogate pair
expected low surrogate area
control characters are not allowed
input is too long
input error
yaml_parser_scan
scanner.c
while scanning for the next token
found character that cannot start any token
while scanning a simple key
could not find expected ':'
YAML
while scanning a directive
found unknown directive name
did not find expected comment or line break
could not find expected directive name
found unexpected non-alphabetical character
while scanning a %YAML directive
did not find expected digit or '.' character
found extremely long version number
did not find expected version number
while scanning a %TAG directive
did not find expected whitespace
did not find expected whitespace or line break
while scanning a tag directive
while scanning a tag
did not find expected '!'
while parsing a tag directive
while parsing a %TAG directive
while parsing a tag
did not find expected tag URI
did not find URI escaped octet
found an incorrect leading UTF-8 octet
found an incorrect trailing UTF-8 octet
block sequence entries are not allowed in this context
mapping keys are not allowed in this context
mapping values are not allowed in this context
while scanning an anchor
while scanning an alias
did not find expected alphabetic or numeric character
did not find the expected '>'
while scanning a block scalar
found an indentation indicator equal to 0
found a tab character where an indentation space is expected
while scanning a quoted scalar
found unexpected document indicator
found unexpected end of stream
while parsing a quoted scalar
found unknown escape character
did not find expected hexdecimal number
found invalid Unicode character escape code
while scanning a plain scalar
found unexpected ':'
found a tab character that violates indentation
yaml_emitter_flush
writer.c
emitter->write_handler
emitter->encoding
write error
compile Clang module (.pcm)
immediate compilation
read-eval-print-loop compilation
whole module optimization
batch compilation
standard compilation
org.swift.swift-driver.swift-scan
com.apple.swift-driver.jobresults
com.apple.swift-driver.incremental-compilation-state
System/iOSSupport/usr/lib/swift
System/Library/Frameworks
System/iOSSupport/System/Library/Frameworks
dwarf
codeview
dSYM
autolink
swiftmodule
swiftdoc
swiftinterface
private.swiftinterface
swiftsourceinfo
raw_sil
raw_sib
swiftdeps
remap
importedmodules
dependencies.json
targetInfo.json
compilerFeatures.json
artifacts.json
trace.json
indexData
indexUnitOutputPath
opt.yaml
opt.bitstream
modulemap
llvm-thin
llvm-full
address
undefined
fuzzer
scudo
-fno-implicit-modules
real_pid
process
inputs
outputs
command_executable
command_arguments
output
exit-status
error-message
signal
build_time
build_start_time
build_end_time
hexagon
added
changed
testing
compile
backend
merge-module
link
generate-dSYM
autolink-extract
emit-module
generate-pch
module-wrap
generate-pcm
interpret
repl
verify-debug-info
print-target-info
emit-supported-features
version-request
scan-dependencies
symlink
mkdir
frontend-jit-build
verify-emitted-module-interface
help
option
args
flag
responseFilePath
joinedOptionAndPath
squashedArgumentList
executable
Version
VersionMap
CanonicalName
macOS_iOSMac
list
outputFileMap
aarch64e
aarch64_be
aarch64_32
bpfel
bpfeb
mips
mips64
msp430
ppc64
ppc64le
amdgcn
systemz
thumb
xcore
nvptx
nvptx64
le32
le64
amdil
amdil64
hsail
hsail64
spir
kalimba
shave
lanai
wasm64
renderscript32
scei
myriad
suse
ananas
darwin
macosx
openbsd
solaris
haiku
minix
rtems
nacl
nvcl
elfiamcu
watchos
mesa3d
hermitcore
hurd
wasi
emscripten
eabihf
eabi
elfv1
elfv2
gnuabin32
gnuabi64
gnueabihf
gnueabi
gnux32
code16
musleabihf
musl
itanium
cygnus
coreclr
simulator
macabi
relative
absolute
standardInput
standardOutput
temporary
temporaryWithKnownContents
fileList
Missing External dependency info for module: 
unable to load output file map '
': no such file or directory
Module Dependency Scanner returned with non-zero exit status: 
Missing Module Dependency Info: 
Missing extraPcmArgs to build Clang module: 
Malformed Module Dependency: 
conditional compilation flags must be valid Swift identifiers (rather than '
invalid argument '-D
'; did you provide a redundant '-D' in your build settings?
no profdata file exists at '
frontend job retrieving target info failed with code 
could not read frontend target info
failed to retrieve frontend target info
could not decode frontend target info; compiler driver and frontend executables may be incompatible
details: frontend: 
         arguments: 
         error: 
conflicting options '
Compiler-internal integrated REPL has been removed; use the LLDB-enhanced REPL instead.
subcommand passed to driver
relative frontend path: 
invalid driver name: 
SwiftDriver/Driver.swift
Frontend target information will never include a path of this type.
SWIFT_LOADED_MODULE_TRACE_FILE
swift-driver version: 
no output file map specified
 [color=green];
 [fontsize=12];
next compile won't be incremental; could not write dependency graph: 
SwiftDriver/OutputFileMap.swift
Paths collided after resolving
unsupported argument '
"func", "bb", "edge"
' is missing a required argument (
' requires a sanitizer to be enabled. Use -sanitize= to enable a sanitizer
' has no effect when '
' sanitizer is disabled. Use 
 to enable the sanitizer
unsupported option '-sanitize=' for target '
argument '-sanitize=scudo' is not allowed with '
-sanitize=thread
-sanitize=address
unsupported option '
-driver-use-frontend-path requires a Swift compiler executable argument
using bridging headers with module interfaces is unsupported
using bridging headers with framework targets is unsupported
this mode does not support emitting modules
' must be in the format 'original=remapped', but '
ignoring '-verify-debug-info'; no debug info is being generated
Unhandle option in the '-g' group
framework search path ends in ".framework"; add directory containing framework instead: 
conditional compilation flags do not have values in Swift; they are either present or absent (rather than '
SWIFTC_MAXIMUM_DETERMINISM
SWIFTC_MAXIMUM_DETERMINISM overriding 
ignoring -num-threads argument; cannot multithread batch mode
ignoring -embed-bitcode-marker since no object file is being generated
ignoring -embed-bitcode since no object file is being generated
unhandled output mode option 
the flag '-i' is no longer required and has been removed; use '
 input-filename'
-static may not be used with -emit-executable
the option '-driver-use-filelists' is deprecated; use '-driver-filelist-threshold=0' instead
filenames are used to distinguish private declarations with the same name
unknown decoding error
data corrupted at path: 
inferring simulator environment for target '
'; use '-target 
unknown target '
Windows target not supported yet
ignoring '-enable-batch-mode' because '
' was also specified
unnecessary option '
'; this is the default for '
' with no input files
' is recursively expanded
org.swift.driver.emit-to-stderr
Fatal error
Standard output cannot be an input file
bitstream-opt-record
index-unit-output-path
imported-modules
json-module-artifacts
json-supported-features
json-target-info
json-dependencies
swift-dependencies
private-swiftinterface
_TtC11SwiftDriver21ToolExecutionDelegate
mode
buildRecordInfo
incrementalCompilationState
showJobLifecycle
diagnosticEngine
anyJobHadAbnormalExit
nextBatchQuasiPID
argsResolver
batchJobInputQuasiPIDMap
Parsable-Output batch sub-job finished with no matching started message: 
SwiftDriver/ToolExecutionDelegate.swift
Parsable-Output batch sub-job signalled with no matching started message: 
_TtC11SwiftDriver12ArgsResolver
pathMapping
temporaryDirectory
TemporaryDirectory
SwiftDriver/ArgsResolver.swift
Not a temporary path.
no Clang `details` object
-dependencies.json
SwiftDriver/ClangVersionedDependencyResolution.swift
Unresolved placeholder dependencies at planning stage: 
no Swift `details` object
SwiftDriver/ExplicitDependencyBuildPlanner.swift
Expected reachability information for the main module.
-fmodule-map-file=
Expected reachability information for the module: 
no SwiftPrebuiltExternal `details` object
Expected PCM Argument Set for module: 
no `moduleInterfacePath` object
SwiftDriver/CommonDependencyOperations.swift
mergeClangModules expected two valid ClangModuleDetails objects.
Unresolved placeholder dependency at graph merge operation: 
swiftPlaceholder
swiftPrebuiltExternal
moduleDependencies
moduleInterfacePath
compiledModuleCandidates
bridgingHeaderPath
bridgingSourceFiles
moduleSourceInfoPath
compiledModulePath
dependenciesCapturedPCMArgs
directDependencies
_TtC11SwiftDriver27InterModuleDependencyOracle
swiftScanLibInstance
externalModules
Fallback to `swift-frontend` dependency scanner invocation
-placeholder-modules.json
-batch-module-scan.json
SWIFT_DRIVER_SWIFT_SCAN_TOOLCHAIN_PATH
lib_InternalSwiftScan
Unexpected key '
Malformed value for key 'version'
Malformed value for key 'inputs'
could not read time value in build record
no name node in build record
Malformed value for key '
next compile won't be incremental; Could not serialize build record: 
no input entry in build record
no sequence node for input entry in build record
no previous build state in build record
next compile won't be incremental; build record path was not absolute: 
_TtC11SwiftDriver15BuildRecordInfo
buildRecordPath
currentArgsHash
actualSwiftVersion
timeBeforeFirstJob
compilationInputModificationDates
finishedJobResults
confinementQueue
next compile won't be incremental; could not write build record to 
Incremental compilation could not read build record at 
Disabling incremental build: could not read build record
compiler version mismatch. Compiling with: 
. Previously compiled with: 
Incremental compilation has been disabled, 
Disabling incremental build: 
Incremental compilation has been disabled, because different arguments were passed to the compiler
Disabling incremental build: different arguments were passed to the compiler
malformed build record file
Incremental compilation has been disabled due to 
moduleDependencyGraph
_TtC11SwiftDriver28DependencyGraphDotFileWriter
info
versionNumber
potential member
AnyObject member '
potential members of '
top-level name '
_TtC11SwiftDriver18ExternalDependency
fileName
$__lazy_storage_$_pathHandle
SwiftDriver/DictionaryOfDictionaries.swift
Queuing because of the initial set:
Queuing (initial):
Missing an output; will queue
Has malformed dependency source; will queue
Invalidated externally; will queue
collectInputsInvalidatedBy(input:)
/AppleInternal/BuildRoot/Library/Caches/com.apple.xbs/Sources/SwiftDriver/SwiftDriver-1.26/Vendored/swift-driver/Sources/SwiftDriver/IncrementalCompilation/ModuleDependencyGraph.swift
Found dependent of 
Immediately scheduling dependent on 
not scheduling dependents of 
: does not need cascading build
: no entry in build record or dependency graph
; unknown changes
scheduling dependents of 
; needed cascading build
; -driver-always-rebuild-dependents
 despite -driver-always-rebuild-dependents because is up to date
Scheduling noncascading build
Scheduling cascading build
Scheduing changed input
May skip current input:
Incremental compilation: 
oldest output is current
 is newer than output
_TtC11SwiftDriver27IncrementalCompilationState
reporter
mandatoryJobsInOrder
jobsAfterCompiles
buildStartTime
buildEndTime
driver
skippedCompileGroups
Could not write to 
No build record information
Queuing because of dependencies discovered later:
Tried to schedule invalidated input again
Scheduling invalidated
collectInputsRequiringCompilation(byCompiling:)
Failed to read some dependencies source; compiling everything
 incremental cross-module building
Incremental compilation has been disabled: 
ignoring -incremental; 
output file map has no master dependencies entry ("
it is not compatible with 
Incremental compilation has been disabled: is not currently compatible with embedding LLVM IR bitcode
ignoring -incremental (currently requires an output file map)
Disabling incremental build: no build record path
Incremental compilation has been disabled,  because  the following inputs were used in the previous compilation but not in this one: 
Created dependency graph from swiftdeps files
collectInputsRequiringCompilationFromExternalsFoundByCompiling(input:)
, will not do cross-module incremental builds
SwiftDriver/DependencyGraphDotFileWriter.swift
SwiftDriver/InputInfo.swift
Skipped job cannot have finished
SwiftDriver/ModuleDependencyGraph.swift
 not found in map: 
Failed to find source file for '
', recovering with a full rebuild. Next build will be incremental.
nput not found in inputDependencySourceMap; created for: 
_TtC11SwiftDriver21ModuleDependencyGraph
nodeFinder
inputDependencySourceMap
fingerprintedExternalDependencies
dotFileWriter
phase
creationPhase
externalDependencyModTimeCache
_TtCC11SwiftDriver21ModuleDependencyGraphP33_9924F5FC5398493D0E734CB20F1509A810Serializer
compilerVersion
abbreviations
identifiersToWrite
identifierIDs
lastIdentifierID
lastNodeID
Read dependency graph
Node ID was not registered! 
EXTERNAL_DEP_NODE
MODULE_DEP_GRAPH_NODE
malformed dependencies file '
 has no swiftDeps file
SwiftDriver/Integrator.swift
, should have nodes
ModuleDependencyGraph
New definition: 
Discovered a definition for 
Fingerprint changed for 
SwiftDriver/Node.swift
verifyExpatsHaveNoFingerprints()
_TtCC11SwiftDriver21ModuleDependencyGraph4Node
keyAndFingerprint
dependencySource
isTraced
cachedHash
SwiftDriver/NodeFinder.swift
 should be mapped
An expat is not defined anywhere and thus cannot be used
 is also in nodeMap at 
SwiftDriver/CompileJob.swift
We were told to perform a standard compile, but no mode option was passed to the driver.
-aarch64-use-tbi
SwiftDriver/CommandLineArguments.swift
Option cannot be appended as a flag: 
index-unit-outputs
Output type can never be a primary output
-no_objc_category_merging
-application_extension
watchos-simulator
-platform_version
libclang_rt.profile_
@executable_path
inputs.LinkFileList
SupportedArguments
SupportedFeatures
dummyInput.swift
SwiftDriver/FrontendJobHelpers.swift
No dependency planner in Explicit Module Build mode.
supplementaryOutputs
libclang_rt.profile-
-u__llvm_profile_runtime
static-stdlib-args.lnk
SwiftDriver/GenericUnixToolchain+LinkerSupport.swift
static-executable-args.lnk
Verifying emitted module interface for module 
Scanning dependencies for module 
Emitting supported Swift compiler features
Registering the Frontend for a JIT build
Creating directory
Creating symlink to 
Embedding bitcode for 
Getting Swift version information
Gathering target information for module 
Verifying debug information for module 
Executing Swift REPL
Compiling Clang module 
Wrapping Swift module 
Compiling bridging header 
Emitting module for 
Extracting autolink information for module 
Generating dSYM for module 
' was modified during the build
supportsResponseFiles
extraEnvironment
requiresInPlaceExecution
compileInputOutputMap
Clang module emission requires exactly one input file (the module map)
REPL mode requires no input files
Forming batch job from 
Adding {compile: 
SwiftDriver/Planning.swift
should be at most 1 partition if not in batch mode
unexpected input file: 
SwiftDriver/PrebuiltModulesJob.swift
appletvsimulator
unhandled platform name: 
arm64-apple-tvos
arm64-apple-watchos
armv7k-apple-watchos
arm64-apple-macosx
 as dangling jobs
cannot find output paths for 
_TtC11SwiftDriver31PrebuitModuleGenerationDelegate
failingModules
commandMap
diagnosticsEngine
failingCriticalOutputs
 has no associated .swiftinterface files
runtimeLibraryPaths
runtimeLibraryImportPaths
runtimeResourcePath
Invalid Swift version string 
swiftRuntimeCompatibilityVersion
compatibilityLibraries
librariesRequireRPath
DYLD_LIBRARY_PATH
DYLD_FRAMEWORK_PATH
SwiftDriver/WebAssemblyToolchain+LinkerSupport.swift
WebAssembly does not support sanitizers, but a runtime library was found
dependency_graph.dependencies
dependency_set_t.modules[_]
swiftPlaceholder:
swift_binary_detail.compiledModulePath
clang_detail.moduleMapPath
clang_detail.contextHash
clang_detail.commandLine
libSwiftScan supported compiler argument query failed
Dependency Scanning library not found at path: 
Dependency Scanning library differs across driver invocations: 
Dependency module details contains a corrupted string reference
Dependency module details field kind not supported: `
Failed to decode dependency module name: `
libSwiftScan scan result missing required field: `
libSwiftScan failed to create scanner instance
libSwiftScan dependency scan query failed
libSwiftScan missing required symbol: '
_TtC11SwiftDriver9SwiftScan
dylib
scanner
swiftscan_string_set_dispose
swiftscan_compiler_supported_arguments_query
swiftscan_compiler_supported_features_query
swiftscan_scanner_create
swiftscan_scanner_dispose
swiftscan_scan_invocation_get_working_directory
swiftscan_scan_invocation_set_argv
swiftscan_scan_invocation_set_working_directory
swiftscan_scan_invocation_create
swiftscan_import_set_get_imports
swiftscan_batch_scan_entry_create
swiftscan_batch_scan_entry_get_is_swift
swiftscan_batch_scan_entry_get_arguments
swiftscan_batch_scan_entry_get_module_name
swiftscan_batch_scan_entry_set_is_swift
swiftscan_batch_scan_entry_set_arguments
swiftscan_batch_scan_entry_set_module_name
swiftscan_batch_scan_input_set_modules
swiftscan_batch_scan_input_create
swiftscan_clang_detail_get_command_line
swiftscan_clang_detail_get_context_hash
swiftscan_clang_detail_get_module_map_path
swiftscan_swift_placeholder_detail_get_module_source_info_path
swiftscan_swift_placeholder_detail_get_module_doc_path
swiftscan_swift_placeholder_detail_get_compiled_module_path
swiftscan_swift_binary_detail_get_module_source_info_path
swiftscan_swift_binary_detail_get_module_doc_path
swiftscan_swift_binary_detail_get_compiled_module_path
swiftscan_swift_textual_detail_get_is_framework
swiftscan_swift_textual_detail_get_context_hash
swiftscan_dependency_graph_get_main_module_name
swiftscan_dependency_graph_get_dependencies
swiftscan_module_info_get_module_name
swiftscan_module_info_get_module_path
swiftscan_module_info_get_source_files
swiftscan_module_info_get_direct_dependencies
swiftscan_module_info_get_details
swiftscan_module_detail_get_kind
swiftscan_swift_textual_detail_get_module_interface_path
swiftscan_swift_textual_detail_get_compiled_module_candidates
swiftscan_swift_textual_detail_get_bridging_header_path
swiftscan_swift_textual_detail_get_bridging_source_files
swiftscan_swift_textual_detail_get_bridging_module_dependencies
swiftscan_swift_textual_detail_get_command_line
swiftscan_swift_textual_detail_get_extra_pcm_args
swiftscan_scan_invocation_get_argc
swiftscan_scan_invocation_get_argv
swiftscan_dependency_graph_dispose
swiftscan_import_set_dispose
swiftscan_batch_scan_entry_dispose
swiftscan_batch_scan_input_dispose
swiftscan_batch_scan_result_dispose
swiftscan_scan_invocation_dispose
swiftscan_dependency_graph_create
swiftscan_batch_scan_result_create
swiftscan_import_set_create
RC_DEBUG_OPTIONS
The only C++ standard library supported on Apple platforms is libc++
 is no longer supported for Apple platforms
'; use 'ios-macabi' instead
 does not support 32-bit programs
Swift requires a minimum deployment target of 
_TtC11SwiftDriver15DarwinToolchain
toolPaths
executor
compilerExecutableDir
toolDirectory
dummyForTestingObjectFormat
_sdkInfo
Malformed version string
SWIFT_DRIVER_TESTS_ENABLE_EXEC_PATH_FALLBACK
SwiftDriver/Toolchain.swift
Could not find executable path.
unable to find Objective-C runtime support library 'arclite'; pass '-no-link-objc-runtime' to silence this warning
SDKSettings.json
swift-autolink-extract
_TtC11SwiftDriver20GenericUnixToolchain
profiling is unsupported for target '
sanitizers are unsupported for target '
dynamic libraries are unsupported for target '
interactive mode is unsupported for target '
'; use 'swiftc' instead
_TtC11SwiftDriver20WebAssemblyToolchain
no tool for kind 
SwiftDriver/DOTJobGraphSerializer.swift
using '-update-code' in 
 mode is not supported
' is not allowed with '
; use -module-name flag to specify an alternate name
" is reserved for the standard library
" is not a valid identifier
SwiftDriver/Triple.swift
unexpected OS for Darwin triple
conflicting triple info
unsupported Windows environment: 
SwiftDriver/Triple+Platforms.swift
unsupported darwin platform kind?
.temporaryWithKnownContents(
_TtCO11SwiftDriver11VirtualPathP33_E4DC5F0651F2C5EC5CEE97E37B2B7F629PathCache
uniquer
table
queue
_TtCO11SwiftDriver11VirtualPathP33_E4DC5F0651F2C5EC5CEE97E37B2B7F6218TemporaryFileStore
uniqueFileCountDict
com.apple.swift.driver.temp-file-store
SwiftDriver/VirtualPath.swift
 does not have a cache key
temporaryWithKnownContents:
com.apple.swift.driver.path-cache
llbuildSwift/BuildDBBindings.swift
 is out of bounds (
Build database fetch result doesn't contain result at index 
 although the count is given at 
<RuleResult value=
sec dependenciesCount=
_TtC12llbuildSwift17BuildDBKeysResult
result
$__lazy_storage_$__count
_TtC12llbuildSwift21BuildDBKeysWithResult
_TtC12llbuildSwiftP33_BA72CEB4941E1B4407A09B7938085AA420MutableStringPointer
_TtC12llbuildSwift7BuildDB
_database
llbuild C API version mismatch, found 
' exists, but is a directory.
Database at path '
' does not exist.
_TtC12llbuildSwift8BuildKey
$__lazy_storage_$_keyData
internalBuildKey
weakPointer
_TtCC12llbuildSwift8BuildKey7Command
_TtCC12llbuildSwift8BuildKey10CustomTask
_TtCC12llbuildSwift8BuildKey17DirectoryContents
_TtCC12llbuildSwift8BuildKey25FilteredDirectoryContents
_TtCC12llbuildSwift8BuildKey22DirectoryTreeSignature
_TtCC12llbuildSwift8BuildKey31DirectoryTreeStructureSignature
_TtCC12llbuildSwift8BuildKey4Node
_TtCC12llbuildSwift8BuildKey4Stat
_TtCC12llbuildSwift8BuildKey6Target
llbuildSwift/BuildSystemBindings.swift
This should never be called.
filteredDirectoryContents
directoryTreeStructureSignature
directoryTreeSignature
directoryContents
commandNamePriority
_TtC12llbuildSwiftP33_E2FE82DA729AB7FD83F6356F66FFB99211ToolWrapper
tool
commandWrappers
_TtC12llbuildSwiftP33_E2FE82DA729AB7FD83F6356F66FFB99214CommandWrapper
command
_command
_TtC12llbuildSwiftP33_E2FE82DA729AB7FD83F6356F66FFB99217CStyleEnvironment
bindings
envp
_TtC12llbuildSwift11BuildSystem
buildFile
_system
_cEnvironment
toolWrappers
Could not decode incoming build value.
successfulCommandWithOutputSignature
cancelledCommand
propagatedFailureCommand
successfulCommand
staleFileRemoval
<FileInfo device=
<FileTimestamp seconds=
_TtC12llbuildSwift10BuildValue
internalBuildValue
owned
_TtCC12llbuildSwift10BuildValue7Invalid
_TtCC12llbuildSwift10BuildValue12VirtualInput
_TtCC12llbuildSwift10BuildValue13ExistingInput
_TtCC12llbuildSwift10BuildValue12MissingInput
_TtCC12llbuildSwift10BuildValue17DirectoryContents
_TtCC12llbuildSwift10BuildValue22DirectoryTreeSignature
_TtCC12llbuildSwift10BuildValue31DirectoryTreeStructureSignature
_TtCC12llbuildSwift10BuildValue13MissingOutput
_TtCC12llbuildSwift10BuildValue11FailedInput
_TtCC12llbuildSwift10BuildValue17SuccessfulCommand
_TtCC12llbuildSwift10BuildValue13FailedCommand
_TtCC12llbuildSwift10BuildValue24PropagatedFailureCommand
_TtCC12llbuildSwift10BuildValue16CancelledCommand
_TtCC12llbuildSwift10BuildValue14SkippedCommand
_TtCC12llbuildSwift10BuildValue6Target
_TtCC12llbuildSwift10BuildValue16StaleFileRemoval
_TtCC12llbuildSwift10BuildValue25FilteredDirectoryContents
_TtCC12llbuildSwift10BuildValue36SuccessfulCommandWithOutputSignature
item
_TtC12llbuildSwiftP33_22AB5BF91A1E4DEB93BA893235D5C4F320TaskInterfaceWrapper
_TtC12llbuildSwiftP33_22AB5BF91A1E4DEB93BA893235D5C4F311TaskWrapper
engine
taskInternal
_TtC12llbuildSwift11BuildEngine
_engine
_delegate
numRules
<TaskWrapper engine:
Symbol dump for %p: %s
itaniumDemangle
ItaniumDemangle.cpp
Parser.ForwardTemplateRefs.empty()
finishDemangle
RootNode != nullptr && "must call partialDemangle()"
hasFunctionQualifiers
isFunction
isSpecialName
___Z
_block_invoke
invocation function for block in 
Ua9enable_ifI
vtable for 
VTT for 
typeinfo for 
typeinfo name for 
covariant return thunk to 
thread-local wrapper routine for 
thread-local initialization routine for 
virtual thunk to 
non-virtual thunk to 
guard variable for 
reference temporary for 
construction vtable for 
auto
Last != First && "Calling back() on empty vector!"
decltype(
alignof (
const_cast
dynamic_cast
noexcept (
reinterpret_cast
static_cast
sizeof (
sizeof... (
typeid (
throw
wchar_t
char
signed char
unsigned char
short
unsigned short
__int128
unsigned __int128
false
%LaL
delete
_GLOBAL__N
(anonymous namespace)
operator&&
operator&
operator,
operator~
operator delete[]
operator*
operator delete
operator/
operator/=
operator^
operator^=
operator==
operator>=
operator>
operator<=
operator<<=
operator<
operator-
operator*=
operator--
operator new[]
operator!=
operator!
operator new
operator||
operator|
operator|=
operator->*
operator+
operator+=
operator->
operator?
operator%
operator%=
operator>>
operator>>=
operator<=>
operator 
operator"" 
 ... 
::operator 
) ? (
) : (
sizeof...(
throw 
std::basic_string<char, std::char_traits<char>, std::allocator<char> >
std::basic_istream<char, std::char_traits<char> >
std::basic_ostream<char, std::char_traits<char> >
std::basic_iostream<char, std::char_traits<char> >
allocator
basic_string
basic_istream
basic_ostream
basic_iostream
[abi:
'lambda
string literal
std::allocator
std::basic_string
std::string
std::istream
std::ostream
std::iostream
istream
ostream
iostream
std::
dropBack
Index <= size() && "dropBack() can't expand!"
 [enable_if:
popTrailingNodeArray
FromPosition <= Names.size()
 const
 volatile
 restrict
void
bool
unsigned int
long
unsigned long
long long
unsigned long long
float
double
long double
__float128
decimal64
decimal128
decimal32
decimal16
char32_t
char16_t
decltype(auto)
std::nullptr_t
 complex
 imaginary
noexcept
noexcept(
throw(
objcproto
NodeOrString
FirstChar == SecondChar
pixel vector[
asString
isString()
struct
union
enum
objc_object
~ArenaAllocator
MicrosoftDemangle.cpp
Head->Buf
alloc
Head && Head->Buf
__int64
unsigned __int64
outputPre
false && "Invalid primitive type!"
demangleFullyQualifiedSymbolName
SymbolName
QualName
demangleBackRefName
startsWithDigit(MangledName)
demangleClassTemplateName
MangledName.startsWith("?$")
$$$V
demangleFullyQualifiedTypeName
TypeName
$$A8@@
$$A6
demangleType
MangledName.startsWith("$$A6")
Ty && !Error
popFront
StringView.h
demangleClassType
class 
struct 
union 
enum 
false && "Not a udt type!"
isMemberPointer
false && "Ty is not a pointer type!"
MangledName[0] == '6' || MangledName[0] == '8'
!MangledName.empty()
demangleMemberPointerType
Affinity == PointerAffinity::Pointer
IsMember
 __restrict
static 
const
__restrict
outputPointerIndicator
FTy->IsFunctionPointer
__cdecl
__fastcall
__regcall
__stdcall
__thiscall
__eabi
__vectorcall
__clrcall
demanglePointerCVQualifiers
__unaligned 
 __unaligned
demangleFunctionParameterList
CharsConsumed != 0
dtor
ctor
 new
 delete
 new[]
 delete[]
 co_await
demangleNameScopeChain
!Error
demangleAnonymousNamespaceName
MangledName.startsWith("?A")
`anonymous namespace'
demangleLocallyScopedNamePiece
startsWithLocalScopePattern(MangledName)
demangleVariableEncoding
assign
APFloat.cpp
semantics == rhs.semantics
copySignificand
isFiniteNonZero() || category == fcNaN
rhs.partCount() >= partCount()
isSignificandAllOnes
NumHighBits <= integerPartWidth && "Can not have more high bits to " "fill than integerPartWidth"
isSignificandAllZeros
NumHighBits <= integerPartWidth && "Can not have more high bits to " "clear than integerPartWidth"
incrementSignificand
carry == 0
addSignificand
exponent == rhs.exponent
subtractSignificand
multiplySignificand
extendedPrecision > omsb
status == opOK
lost_fraction == lfExactlyZero && "Lost precision while shifting addend for fused-multiply-add."
divideSignificand
APInt::tcCompare(dividend, divisor, partsCount) >= 0
shiftSignificandRight
(ExponentType) (exponent + bits) >= exponent
shiftSignificandLeft
bits < semantics->precision
!APInt::tcIsZero(significandParts(), partsCount)
compareAbsoluteValue
isFiniteNonZero()
rhs.isFiniteNonZero()
roundAwayFromZero
isFiniteNonZero() || category == fcZero
lost_fraction != lfExactlyZero
Invalid rounding mode found
/AppleInternal/BuildRoot/Library/Caches/com.apple.xbs/Sources/SwiftDriver/SwiftDriver-1.26/Vendored/llbuild/lib/llvm/Support/APFloat.cpp
normalize
lost_fraction == lfExactlyZero
omsb < semantics->precision
addOrSubtractSignificand
!carry
addOrSubtract
category != fcZero || lost_fraction == lfExactlyZero
remainder
fs==opOK
fs==opOK || fs==opInexact
compare
convertToSignExtendedInteger
dstPartsCount <= parts.size() && "Integer too big"
convertToInteger
convertFromHexadecimalString
dot == end && "String contains multiple dots"
p != end && "Hex strings require an exponent"
(*p == 'p' || *p == 'P') && "Invalid character in significand"
p != begin && "Significand has no digits"
(dot == end || p - begin != 1) && "Significand has no digits"
roundSignificandWithExponent
APInt::tcExtractBit (decSig.significandParts(), calcSemantics.precision - 1) == 1
convertFromDecimalString
decValue < 10U && "Invalid character in significand"
INFINITY
+Inf
-inf
-INFINITY
-Inf
-nan
-NaN
convertFromString
!str.empty() && "Invalid string length"
slen && "String has no digits"
slen - 2 && "Invalid string"
0123456789ABCDEF0
0123456789abcdef0
convertNormalToHexString
q >= p
convertF80LongDoubleAPFloatToAPInt
semantics == (const llvm::fltSemantics*)&semX87DoubleExtended
category == fcNaN && "Unknown category"
convertPPCDoubleDoubleAPFloatToAPInt
semantics == (const llvm::fltSemantics *)&semPPCDoubleDoubleLegacy
fs == opOK && !losesInfo
fs == opOK || fs == opInexact
convertQuadrupleAPFloatToAPInt
semantics == (const llvm::fltSemantics*)&semIEEEquad
category == fcNaN && "Unknown category!"
convertDoubleAPFloatToAPInt
semantics == (const llvm::fltSemantics*)&semIEEEdouble
convertFloatAPFloatToAPInt
semantics == (const llvm::fltSemantics*)&semIEEEsingle
convertHalfAPFloatToAPInt
semantics == (const llvm::fltSemantics*)&semIEEEhalf
bitcastToAPInt
semantics == (const llvm::fltSemantics*)&semX87DoubleExtended && "unknown format!"
convertToFloat
semantics == (const llvm::fltSemantics*)&semIEEEsingle && "Float semantics are not IEEEsingle"
convertToDouble
semantics == (const llvm::fltSemantics*)&semIEEEdouble && "Float semantics are not IEEEdouble"
initFromF80LongDoubleAPInt
api.getBitWidth()==80
initFromPPCDoubleDoubleAPInt
api.getBitWidth()==128
initFromQuadrupleAPInt
initFromDoubleAPInt
api.getBitWidth()==64
initFromFloatAPInt
api.getBitWidth()==32
initFromHalfAPInt
api.getBitWidth()==16
0.0E+0
e+00
toString
!buffer.empty() && "no characters in buffer!"
getExactInverse
reciprocal.isFiniteNonZero() && reciprocal.significandLSB() == reciprocal.semantics->precision - 1
exponent != semantics->maxExponent && "We can not increment an exponent beyond the maxExponent allowed" " by the given floating point semantics."
makeQuiet
isNaN()
DoubleAPFloat
Semantics == &semPPCDoubleDouble
&Floats[0].getSemantics() == &semIEEEdouble
&Floats[1].getSemantics() == &semIEEEdouble
addWithSpecial
LHS.getCategory() == fcNormal && RHS.getCategory() == fcNormal
&A.getSemantics() == &semIEEEdouble
&AA.getSemantics() == &semIEEEdouble
&C.getSemantics() == &semIEEEdouble
&CC.getSemantics() == &semIEEEdouble
&Out.Floats[0].getSemantics() == &semIEEEdouble
&Out.Floats[1].getSemantics() == &semIEEEdouble
multiply
LHS.getCategory() == fcNormal && RHS.getCategory() == fcNormal && "Special cases not handled exhaustively"
divide
Semantics == &semPPCDoubleDouble && "Unexpected Semantics"
fusedMultiplyAdd
roundToIntegral
makeLargest
makeSmallest
makeSmallestNormalized
convertFromAPInt
convertFromSignExtendedInteger
convertFromZeroExtendedInteger
convertToHexString
isInteger
scalbn
Arg.Semantics == &semPPCDoubleDouble && "Unexpected Semantics"
frexp
Unexpected semantics
Unknown floating bit width
getAllOnesValue
BitWidth == 128
APInt
APInt.h
BitWidth && "bitwidth too small"
ShiftAmt <= BitWidth && "Invalid shift amount"
operator[]
bitPosition < getBitWidth() && "Bit position out of bounds!"
operator=
this != &that && "Self-move not supported"
skipLeadingZeroesAndAnyDot
end - begin != 1 && "Significand has no digits"
trailingHexadecimalFraction
p != end && "Invalid trailing hexadecimal fraction!"
totalExponent
p != end && "Exponent has no digits"
value < 10U && "Invalid character in exponent"
powerOf5
power <= maxExponent
ulpsFromBoundary
bits != 0
interpretDecimal
(*p == 'e' || *p == 'E') && "Invalid character in significand"
readExponent
absExponent < 10U && "Invalid character in exponent"
set_size
lshrInPlace
getZExtValue
getActiveBits() <= 64 && "Too many bits for uint64_t"
erase
S >= this->begin() && "Range to erase is out of bounds."
S <= E && "Trying to erase invalid range."
E <= this->end() && "Trying to erase past the end."
APFloat.h
&getSemantics() == &RHS.getSemantics() && "Should only call on two APFloats with the same semantics"
&getSemantics() == &RHS.getSemantics() && "Should only compare APFloats with the same semantics"
subtract
&getSemantics() == &Multiplicand.getSemantics() && "Should only call on APFloats with the same semantics"
&getSemantics() == &Addend.getSemantics() && "Should only call on APFloats with the same semantics"
Storage
&S == &PPCDoubleDouble()
idx < size()
initFromArray
APInt.cpp
BitWidth && "Bitwidth too small"
bigVal.data() && "Null pointer detected!"
BitWidth == RHS.BitWidth && "Bit widths must be the same"
operator-=
BitWidth == RHS.BitWidth && "Bit widths must be same for comparison"
compareSigned
flipBit
bitPosition < BitWidth && "Out of the bit-width range!"
insertBits
0 < subBitWidth && (subBitWidth + bitPosition) <= BitWidth && "Illegal bit insertion"
extractBits
numBits > 0 && "Can't extract zero bits"
bitPosition < BitWidth && (numBits + bitPosition) <= BitWidth && "Illegal bit extraction"
getBitsNeeded
(radix == 10 || radix == 8 || radix == 16 || radix == 2 || radix == 36) && "Radix should be 2, 8, 10, 16, or 36!"
slen && "String is only a sign, needs a value."
isSplat
getBitWidth() % SplatSizeInBits == 0 && "SplatSizeInBits must divide width!"
getSplat
NewLen >= V.getBitWidth() && "Can't splat to smaller bit width!"
countTrailingOnesSlowCase
Count <= BitWidth
byteSwap
BitWidth >= 16 && BitWidth % 16 == 0 && "Cannot byteswap!"
trunc
width < BitWidth && "Invalid APInt Truncate request"
width && "Can't truncate to 0 bits"
sext
Width > BitWidth && "Invalid APInt SignExtend request"
zext
width > BitWidth && "Invalid APInt ZeroExtend request"
sqrt
this->ule(nextSquare) && "Error in APInt::sqrt computation"
multiplicativeInverse
ult(modulo) && "This APInt must be smaller than the modulo"
lhsWords >= rhsWords && "Fractional result"
n != 0 && "Divide by zero?"
udiv
RHS.U.VAL != 0 && "Divide by zero?"
rhsWords && "Divided by zero???"
RHS != 0 && "Divide by zero?"
urem
RHS.U.VAL != 0 && "Remainder by zero?"
rhsWords && "Performing remainder operation by zero ???"
RHS != 0 && "Remainder by zero?"
udivrem
LHS.BitWidth == RHS.BitWidth && "Bit widths must be the same"
rhsWords && "Performing divrem operation by zero ???"
fromString
(slen <= numbits || radix != 2) && "Insufficient bit width"
((slen-1)*3 <= numbits || radix != 8) && "Insufficient bit width"
((slen-1)*4 <= numbits || radix != 16) && "Insufficient bit width"
(((slen-1)*64)/22 <= numbits || radix != 10) && "Insufficient bit width"
digit < radix && "Invalid character in digit string"
(Radix == 10 || Radix == 8 || Radix == 16 || Radix == 2 || Radix == 36) && "Radix should be 2, 8, 10, 16, or 36!"
Invalid radix!
/AppleInternal/BuildRoot/Library/Caches/com.apple.xbs/Sources/SwiftDriver/SwiftDriver-1.26/Vendored/llbuild/lib/llvm/Support/APInt.cpp
Digit < Radix && "divide failed"
APInt(
tcSet
parts > 0
tcExtract
dstParts <= dstCount
tcAdd
c <= 1
tcSubtract
tcMultiplyPart
dst <= src || dst >= src + srcParts
dstParts <= srcParts + 1
srcParts + 1 == dstParts
tcMultiply
dst != lhs && dst != rhs
tcFullMultiply
tcDivide
lhs != remainder && lhs != srhs && remainder != srhs
Unknown APInt::Rounding enum
SignExtend64
MathExtras.h
B > 0 && "Bit width can't be 0."
B <= 64 && "Bit width out of range."
clearBit
BitPosition <= BitWidth && "BitPosition out of range"
setBit
BitWidth == RHS.BitWidth && "Comparison requires equal bit widths"
setBits
hiBit <= BitWidth && "hiBit out of range"
loBit <= BitWidth && "loBit out of range"
loBit <= hiBit && "loBit greater than hiBit"
operator&=
ashrInPlace
KnuthDiv
u != v && u != q && v != q && "Must use different memory"
getSExtValue
getMinSignedBits() <= 64 && "Too many bits for int64_t"
lowBitMask
bits != 0 && bits <= APInt::APINT_BITS_PER_WORD
ArrayRef.h
Index < Length && "Invalid index!"
APSInt
APSInt.cpp
!Str.empty() && "Invalid string length"
Number of memory regions: 
Bytes used: 
Bytes allocated: 
Bytes wasted: 
 (includes alignment, etc)
Recycler element size: 
Recycler element alignment: 
Number of elements free for recycling: 
%Y-%m-%d %H:%M:%S
%.9lu
%Y-%m-%d %H:%M:%S.%N
%.3lu
%.6lu
BAD-DATE-FORMAT
getStructTM
Chrono.cpp
setArgStr
CommandLine.cpp
(S.empty() || S[0] != '-') && "Option can't start with '-"
General options
ParseEnvironmentOptions
progName && "Program name not specified"
envVar && "Environment variable name missing"
: for the -
 option: 
may only occur zero or one times!
must occur exactly one time!
>...
true
TRUE
True
FALSE
False
' is invalid value for boolean argument! Try 0 or 1
' value invalid for integer argument!
' value invalid for uint argument!
    =
 -   
    -
 (default: 
= *unknown option value*
*no default*
= *cannot print option value*
Generic Options
help-list
Display list of available options (-help-list-hidden for more)
help-list-hidden
Display list of all available options
Display available options (-help-hidden for more)
help-hidden
Display all available options
print-options
Print non-default options after command line parsing
print-all-options
Print all option values after command line parsing
version
Display the version of this program
getRegisteredOptions
is_contained(Subs, &Sub)
allocator<T>::allocate(size_t n) 'n' exceeds maximum supported size
: CommandLine Error: Option '
' registered more than once!
inconsistency in registered CommandLine options
try_emplace
StringMap.h
NumItems + NumTombstones <= NumBuckets
Allocation failed
SmallPtrSet.h
AdvanceIfNotValid
Bucket <= End
Bucket < End
Cannot specify more than one option with cl::ConsumeAfter!
I >= this->begin() && "Iterator to erase is out of bounds."
I < this->end() && "Erasing at past-the-end iterator."
registerCategory
count_if(RegisteredOptionCategories, [cat](const OptionCategory *Category) { return cat->getName() == Category->getName(); }) == 0 && "Duplicate option categories"
registerSubCommand
count_if(RegisteredSubCommands, [sub](const SubCommand *Sub) { return (!sub->getName().empty()) && (Sub->getName() == sub->getName()); }) == 0 && "Duplicate subcommands"
erase_imp
*Loc == Ptr && "broken find!"
Twine.h
isValid() && "Invalid twine!"
front
!empty()
Optional.h
ParseCommandLineOptions
hasOptions() && "No options specified!"
ChosenSubCommand
PositionalOpts.size() > 0 && "Cannot specify cl::ConsumeAfter without a positional argument!"
error - this positional option will never be matched, because it does not Require a value, and a cl::ConsumeAfter option is active!
error - option can never match, because another positional argument will match an unbounded number of values, and this option does not require a value!
' is all messed up!
: Unknown command line argument '
'.  Try: '
 -help'
: Did you mean '-
This argument does not take a value.
Instead, it consumes any positional arguments until the next recognized option.
: Not enough positional command line arguments specified!
Must specify at least 
 positional argument
: See: 
 -help
: Too many positional arguments specified!
Can specify at most 
 positional arguments: See: 
Internal error, unexpected NumOccurrences flag in positional argument processing!
/AppleInternal/BuildRoot/Library/Caches/com.apple.xbs/Sources/SwiftDriver/SwiftDriver-1.26/Vendored/llbuild/lib/llvm/Support/CommandLine.cpp
must be specified at least once!
commandline
Args: 
LookupOption
&Sub != &*AllSubCommands
HandlePrefixedOrGroupedOption
OptionsMap.count(Arg) && OptionsMap.find(Arg)->second == PGOpt
isGrouping(PGOpt) && "Broken getOptionPred!"
PGOpt->getValueExpectedFlag() != cl::ValueRequired && "Option can not be cl::Grouping AND cl::ValueRequired!"
requires a value!
ProvideOption
argv && "null check"
multi-valued option specified with ValueDisallowed modifier!
does not allow a value! '
' specified.
not enough values!
' value invalid for floating point argument!
printOptions
SortedCategories.size() > 0 && "No option categories registered!"
CategorizedOptions.count(Opt->Category) > 0 && "Option has an unregistered category"
  This option category has no options.
OVERVIEW: 
USAGE: 
 [subcommand]
 [options]
SUBCOMMAND '
SUBCOMMANDS:
  Type "
 <subcommand> -help" to get more help on a specific subcommand
OPTIONS:
LLVM (http://llvm.org/):
LLVM
 version 
7.0.0svn
Optimized build
 with assertions
generic
(unknown)
  Default target: 
  Host CPU: 
value
uint
number
string
insert
I >= this->begin() && "Insertion iterator is out of bounds."
I <= this->end() && "Inserting past the end of the vector."
Storage.hasVal
getValue
CommandLine.h
Valid && "invalid option value"
cl::location(x) specified more than once!
check_location
Location && "cl::location(...) not specified for a command " "line option with external storage, " "or cl::init specified before cl::location()!!"
findMaximalSubpartOfIllFormedUTF8Sequence
ConvertUTF.cpp
!isLegalUTF8Sequence(source, sourceEnd)
(b1 >= 0x80 && b1 <= 0xC1) || b1 >= 0xF5
ConvertUTF8toWide
ConvertUTFWrapper.cpp
WideCharWidth == 1 || WideCharWidth == 2 || WideCharWidth == 4
(result != targetExhausted) && "ConvertUTF8toUTFXX exhausted target buffer"
convertUTF16ToUTF8String
Out.empty()
CR != targetExhausted
convertUTF8ToUTF16String
DstUTF16.empty()
drop_front
DJB.cpp
toUTF8
CR == conversionOK && "Case folding produced invalid char?"
report_fatal_error
Error.cpp
Err && "report_fatal_error called with success value"
Multiple errors:
Failure value returned from cantFail wrapped call
/AppleInternal/BuildRoot/Library/Caches/com.apple.xbs/Sources/SwiftDriver/SwiftDriver-1.26/Vendored/llbuild/lib/llvm/Support/include/llvm/Support/Error.h
ErrorList
Error.h
!Payload1->isA<ErrorList>() && !Payload2->isA<ErrorList>() && "ErrorList constructor payloads should be singleton errors"
apply
appliesTo(*E) && "Applying incorrect handler"
Error
Multiple errors
Inconvertible error value. An error has occurred that could not be converted to a known std::error_code. Please file a bug.
Unhandled error code
/AppleInternal/BuildRoot/Library/Caches/com.apple.xbs/Sources/SwiftDriver/SwiftDriver-1.26/Vendored/llbuild/lib/llvm/Support/Error.cpp
install_fatal_error_handler
ErrorHandling.cpp
!ErrorHandler && "Error handler already registered!\n"
LLVM ERROR: 
install_bad_alloc_error_handler
!ErrorHandler && "Bad alloc error handler already registered!\n"
bad alloc handler should not return
/AppleInternal/BuildRoot/Library/Caches/com.apple.xbs/Sources/SwiftDriver/SwiftDriver-1.26/Vendored/llbuild/lib/llvm/Support/ErrorHandling.cpp
UNREACHABLE executed
 at 
Files differ without tolerance allowance
FP Comparison failed, not a numeric difference between '
' and '
Compared: 
 and 
abs. diff = 
 rel.diff = 
Out of tolerance: rel/abs: 
getStorage
!HasError && "Cannot get value when an error exists!"
FoldingSetBase
FoldingSet.cpp
5 < Log2InitSize && Log2InitSize < 32 && "Initial hash table size out of range"
GrowBucketCount
(NewBucketCount > NumBuckets) && "Can't shrink a folding set with GrowBucketCount"
isPowerOf2_32(NewBucketCount) && "Bad bucket count!"
InsertNode
!N->getNextInBucket()
GetBucketPtr
(Ptr & 1) && "Not a bucket pointer"
Allocate
Allocator.h
Alignment > 0 && "0-byte alignnment is not allowed. Use 1 instead."
Adjustment + Size >= Size && "Adjustment + Size must not overflow"
AlignedAddr + Size <= (uintptr_t)NewSlab + PaddedSize
AlignedAddr + SizeToAllocate <= (uintptr_t)End && "Unable to allocate memory!"
alignAddr
Alignment && isPowerOf2_64((uint64_t)Alignment) && "Alignment is not a power of two!"
(uintptr_t)Addr + Alignment - 1 >= (uintptr_t)Addr
parseReplacementItem
FormatVariadic.cpp
false && "Invalid replacement sequence index!"
false && "Invalid replacement field layout specification!"
false && "Unexpected characters found in replacement string!"
splitLiteralAndReplacement
false && "Unterminated brace sequence.  Escape with {{ for a literal brace."
drop_back
604e
7400
7410
7447
7455
7450
POWER4
PPC970FX
PPC970MP
POWER5
POWER6
pwr6
POWER7
pwr7
POWER8
pwr8
POWER8E
POWER8NVL
POWER9
pwr9
CPU implementer
Hardware
0x41
MSM8994
MSM8996
cortex-a53
CPU part
0x926
arm926ej-s
0xb02
mpcore
0xb36
arm1136j-s
0xb56
arm1156t2-s
0xb76
arm1176jz-s
0xc08
cortex-a8
0xc09
cortex-a9
0xc0f
cortex-a15
0xc20
cortex-m0
0xc23
cortex-m3
0xc24
cortex-m4
0xd04
cortex-a35
0xd03
0xd07
cortex-a57
0xd08
cortex-a72
0xd09
cortex-a73
0x51
0x06f
krait
0x201
kryo
0x205
0x211
0x800
0x801
0xc00
falkor
0xc01
saphira
0x53
CPU variant
exynos-m1
exynos-m2
features
processor 
machine = 
zEC12
z196
nehalem
westmere
sandybridge
amdfam10
bdver1
bdver2
bdver3
bdver4
znver1
ivybridge
haswell
broadwell
skylake
skylake-avx512
cannonlake
core2
penryn
k6-2
k6-3
geode
bonnell
silvermont
btver1
btver2
i386
i486
pentium
pentium-mmx
pentiumpro
pentium2
pentium3
pentium4
pentium-m
yonah
nocona
prescott
athlon
athlon-xp
k8-sse3
goldmont
goldmont-plus
cmov
sse2
sse3
pclmul
ssse3
cx16
sse4.1
sse4.2
movbe
popcnt
rdrnd
xsave
f16c
sahf
lzcnt
sse4a
prfchw
fma4
mwaitx
clzero
wbnoinvd
fsgsbase
avx2
bmi2
invpcid
avx512f
avx512dq
rdseed
avx512ifma
clflushopt
clwb
avx512pf
avx512er
avx512cd
avx512bw
avx512vl
prefetchwt1
avx512vbmi
waitpkg
avx512vbmi2
shstk
gfni
vaes
vpclmulqdq
avx512vnni
avx512bitalg
avx512vpopcntdq
rdpid
cldemote
movdiri
movdir64b
pconfig
xsaveopt
xsavec
xsaves
ptwrite
-darwin
-macos
hw.physicalcpu
%.2x
RegisterManagedStatic
ManagedStatic.cpp
Creator
!Ptr && !DeleterFn && !Next && "Partially initialized ManagedStatic!?"
destroy
DeleterFn && "ManagedStatic not initialized correctly!"
StaticList == this && "Not destroyed in reverse order of construction?"
Illegal memory protection flag specified!
/AppleInternal/BuildRoot/Library/Caches/com.apple.xbs/Sources/SwiftDriver/SwiftDriver-1.26/Vendored/llbuild/lib/llvm/Support/Unix/Memory.inc
init
MemoryBuffer.cpp
(!RequiresNullTerminator || BufEnd[0] == 0) && "Buffer is not null terminated!"
getOpenFileSlice
MapSize != uint64_t(-1)
<stdin>
getSingleStringRef
isSingleStringRef() &&"This cannot be had as a single stringref!"
Unknown buffer
shouldUseMmap
End <= FileSize
MutexImpl
Mutex.cpp
errorcode == 0
~MutexImpl
mutex != nullptr
acquire
release
tryacquire
writeWithCommas
NativeFormatting.cpp
!Buffer.empty()
Buffer.size() % 3 == 0
addOption
Options.cpp
Options.find(Key) == Options.end() && "Argument with this key already registerd"
DenseMap.h
AdvancePastEmptyBuckets
Ptr <= End
LookupBucketFor
!KeyInfoT::isEqual(Val, EmptyKey) && !KeyInfoT::isEqual(Val, TombstoneKey) && "Empty/Tombstone value shouldn't be inserted into map!"
InsertIntoBucketImpl
TheBucket
initEmpty
(getNumBuckets() & (getNumBuckets()-1)) == 0 && "# initial buckets must be a power of two!"
moveFromOldBuckets
!FoundVal && "Key already in new map?"
operator++
Path.cpp
Position < Path.size() && "Tried to increment past end!"
native
(!path.isSingleStringRef() || path.getSingleStringRef().data() != result.data()) && "path and result are not allowed to overlap!"
-%%%%%%
equivalent
Path.inc
status_known(A) && status_known(B)
Size != 0
size
Mapping && "Mapping failed but used anyway!"
const_data
HOME
~TempFile
Done
keep
!Done
back
0123456789abcdef
Invalid Type
/AppleInternal/BuildRoot/Library/Caches/com.apple.xbs/Sources/SwiftDriver/SwiftDriver-1.26/Vendored/llbuild/lib/llvm/Support/Path.cpp
-%%%%%%.
createTemporaryFile
P.find_first_of(separators(Style::native)) == StringRef::npos && "Model must be a simple filename."
invalid enum
/AppleInternal/BuildRoot/Library/Caches/com.apple.xbs/Sources/SwiftDriver/SwiftDriver-1.26/Vendored/llbuild/lib/llvm/Support/Unix/Path.inc
TEMP
TEMPDIR
getDarwinConfDir
Result.back() == 0
/var/tmp/
XDG_CACHE_HOME
.cache
getErrorStorage
HasError && "Cannot get error when a value exists!"
Expected
Err && "Cannot create Expected<T> from Error success value."
FindInEnvPath
Process.cpp
!path::is_absolute(FileName)
FixupStandardFileDescriptors
Process.inc
errno && "expected errno to be set if fstat failed!"
errno == EBADF && "expected errno to have EBADF at this point!"
/dev/null
COLUMNS
colors
ExecuteAndWait
Program.cpp
Redirects.empty() || Redirects.size() == 3
ExecuteNoWait
findProgramByName
Program.inc
!Name.empty() && "Must have a name!"
PATH
Wait
PI.Pid && "invalid pid to wait on, process not started?"
Child timed out but wouldn't die
Child timed out
Error waiting for child process
Program could not be executed
 (core dumped)
Executable "
" doesn't exist!
Execute
Redirects.size() == 3
Can't redirect stderr to stdout
posix_spawn failed
Couldn't fork
Cannot dup2
Cannot open file '
' for 
input
llvm-symbolizer
%-2d
 %-*s
 %#0*lx
 + %u
LLVM_DISABLE_CRASH_REPORT
Mutex.h
(recursive || acquired == 0) && "Lock already acquired!!"
operator()
Signals.inc
Index < array_lengthof(RegisteredSignalInfo) && "Out of space for signal handlers!"
unlock
((recursive && acquired) || (acquired == 1)) && "Lock not acquired before release!"
too many signal callbacks already registered
shrink_and_clear
SmallPtrSet.cpp
!isSmall() && "Can't shrink a small set!"
CopyFrom
&RHS != this && "Self-copy should be handled by the caller."
CurArraySize == RHS.CurArraySize && "Cannot assign sets with different small sizes"
MoveHelper
&RHS != this && "Self-move should be handled by the caller."
RHS.CurArray == RHS.SmallArray
swap
this->CurArraySize == RHS.CurArraySize
SmallVector capacity overflow during allocation
getLineAndColumn
SourceMgr.cpp
BufferID && "Invalid Location!"
PrintIncludeStack
CurBuf && "Invalid or unspecified location!"
Included from 
<unknown>
GetMessage
PrintMessage
error: 
warning: 
note: 
remark: 
getBufferInfo
SourceMgr.h
isValidBufferID(i)
getMemoryBuffer
buildFixItLine
(size_t)sys::locale::columnWidth(I->getText()) == I->getText().size()
updatePointer
PointerIntPair.h
(PtrWord & ~PointerBitMask) == 0 && "Pointer is not sufficiently aligned"
PointerUnion.h
is<T>() && "Invalid accessor called"
getLineNumber
Sz <= std::numeric_limits<T>::max()
Ptr >= BufStart && Ptr <= Buffer->getBufferEnd()
PtrDiff >= 0 && static_cast<size_t>(PtrDiff) <= std::numeric_limits<T>::max()
&amp;
&lt;
&gt;
&quot;
&apos;
StringMap.cpp
(InitSize & (InitSize-1)) == 0 && "Init Size must be a power of 2 or zero!"
RemoveKey
V == V2 && "Didn't find key?"
getAsInteger
StringRef.cpp
Radix > 1 && Radix <= 36
getHashValue
DenseMapInfo.h
Val.data() != getEmptyKey().data() && "Cannot hash the empty key!"
Val.data() != getTombstoneKey().data() && "Cannot hash the tombstone key!"
arm2
arm3
arm6
arm7m
arm8
arm810
strongarm
strongarm110
strongarm1100
strongarm1110
arm7tdmi
arm7tdmi-s
arm710t
arm720t
arm9
arm9tdmi
arm920
arm920t
arm922t
arm9312
arm940t
ep9312
arm10tdmi
arm1020t
arm9e
arm946e-s
arm966e-s
arm968e-s
arm10e
arm1020e
arm1022e
arm1136jf-s
arm1136jz-s
arm1176j-s
mpcorenovfp
arm1176jzf-s
arm1156t2f-s
cortex-m0plus
cortex-m1
sc000
cortex-a5
cortex-a7
cortex-a12
cortex-a17
cortex-r4
cortex-r4f
cortex-r5
cortex-r7
cortex-r8
cortex-r52
sc300
cortex-m7
cortex-m23
cortex-m33
cortex-a32
cortex-a55
cortex-a75
cyclone
exynos-m3
exynos-m4
iwmmxt
xscale
invalid
+hwdiv-arm
-hwdiv-arm
+hwdiv
-hwdiv
+crc
-crc
+dsp
-dsp
+ras
-ras
+dotprod
-dotprod
+fp-only-sp
+d16
-fp-only-sp
-d16
+fp-armv8
+vfp4
-fp-armv8
+vfp3
+fp16
-vfp4
-fp16
+vfp2
-vfp3
-vfp2
+neon
+crypto
-crypto
-neon
thunderx2t99
thunderx
thunderxt88
thunderxt81
thunderxt83
+fullfp16
+spe
+lse
+rdm
+sve
+rcpc
+v8.1a
+v8.2a
+v8.3a
+v8.4a
armeb
thumbeb
Unhandled architecture
/AppleInternal/BuildRoot/Library/Caches/com.apple.xbs/Sources/SwiftDriver/SwiftDriver-1.26/Vendored/llbuild/lib/llvm/Support/TargetParser.cpp
aapcs
aapcs16
apcs-gnu
aapcs-linux
none
vfpv2
vfpv3
vfpv3-fp16
vfpv3-d16
vfpv3-d16-fp16
vfpv3xd
vfpv3xd-fp16
vfpv4
vfpv4-d16
fpv4-sp-d16
fpv5-d16
fpv5-sp-d16
fp-armv8
neon
neon-fp16
neon-vfpv4
neon-fp-armv8
crypto-neon-fp-armv8
softvfp
armv2
armv2a
armv3
armv3m
armv4
armv4t
armv5t
armv5te
armv5tej
5TEJ
armv6
armv6k
armv6t2
v6t2
armv6kz
v6kz
armv6-m
armv7-a
armv7ve
v7ve
armv7-r
armv7-m
armv7e-m
7E-M
v7em
armv8-a
armv8.1-a
8.1-A
v8.1a
armv8.2-a
8.2-A
v8.2a
armv8.3-a
8.3-A
v8.3a
armv8.4-a
8.4-A
v8.4a
armv8-r
armv8-m.base
8-M.Baseline
v8m.base
armv8-m.main
8-M.Mainline
v8m.main
iwmmxt2
armv7s
armv7k
crypto
sha2
+sha2
-sha2
+aes
-aes
dotprod
idiv
simd
virt
fp16
-fullfp16
maverick
arm,thumb
-lse
-rdm
+sm4
-sm4
sha3
+sha3
-sha3
profile
-spe
-sve
rcpc
-rcpc
thumb,arm
fpe2
fpe3
vfp2
vfp3
vfp4
vfp3-d16
vfp4-d16
fp4-sp-d16
vfpv4-sp-d16
fp4-dp-d16
fpv4-dp-d16
fp5-sp-d16
fp5-dp-d16
fpv5-dp-d16
neon-vfpv3
v5te
v6hl
v6sm
v6s-m
v6-m
v6zk
v7hl
v7-a
v7-r
v7-m
v7e-m
v8-a
v8.1-a
v8.2-a
v8.3-a
v8.4-a
v8-r
v8-m.base
v8-m.main
mipsel
mips64el
nios2
powerpc64
powerpc
r600
riscv32
riscv64
sparc
sparcv9
sparcel
tcele
spir64
renderscript64
Invalid ArchType!
/AppleInternal/BuildRoot/Library/Caches/com.apple.xbs/Sources/SwiftDriver/SwiftDriver-1.26/Vendored/llbuild/lib/llvm/Support/Triple.cpp
s390
nvvm
wasm
riscv
nvidia
mesa
Invalid VendorType!
cloudabi
dragonfly
freebsd
fuchsia
kfreebsd
netbsd
cuda
amdhsa
tvos
contiki
amdpal
Invalid OSType
musleabi
msvc
Invalid EnvironmentType!
ppc32
x86-64
cygwin
mingw
unexpected component type!
Triple.cpp
Pos < Components.size() && Components[Pos] == Comp && "Component moved wrong!"
androideabi
macos
getBigEndianArchVariant: unknown triple.
getLittleEndianArchVariant: unknown triple.
bpf_be
bpf_le
i586
i686
i786
i886
i986
amd64
x86_64h
xscaleeb
mipseb
mipsallegrex
mipsallegrexel
mips64eb
sparc64
kalimba3
kalimba4
kalimba5
win32
coff
macho
unknown architecture
unknown object format type
Invalid architecture value
null
empty
rope:
cstring:"
std::string:"
stringref:"
smallstring:"
formatv:"
char:"
decUI:"
decI:"
decUL:"
decL:"
decULL:"
decLL:"
uhex:"
(Twine 
UnicodeCharSet
UnicodeCharRanges.h
rangesAreValid()
unicode
Upper bound 0x
 should be less than succeeding lower bound 0x
 should not be less than lower bound 0x
Stream-Start: 
Stream-End: 
Version-Directive: 
Tag-Directive: 
Document-Start: 
Document-End: 
Block-Entry: 
Block-End: 
Block-Sequence-Start: 
Block-Mapping-Start: 
Flow-Entry: 
Flow-Sequence-Start: 
Flow-Sequence-End: 
Flow-Mapping-Start: 
Flow-Mapping-End: 
Key: 
Value: 
Scalar: 
Block Scalar: 
Alias: 
Anchor: 
Tag: 
peekNext
YAMLParser.cpp
!TokenQueue.empty() && "fetchMoreTokens lied about getting tokens!"
#;/?:@&=+$,_.!~*'()[]
Not dealing with this yet
skip
Current <= End && "Skipped past the end"
Could not find expected : for simple key
scanValue
i != e && "SimpleKey not in token queue!"
Expected quote at end of scalar
scanPlainScalar
Indent >= -1 && "Indent must be >= -1 !"
Found unexpected ':' while scanning a plain scalar
,:?[]{}
Found invalid tab character in indentation
Got empty plain scalar
Got empty alias or anchor
Expected a line break after block scalar header
Leading all-spaces line must be smaller than the block indent
A text line is less indented than the block scalar
scanBlockScalar
*Current == '|' || *Current == '>'
-?:,[]{}#&*!|>'"%@`
Unrecognized character while tokenizing.
Can only iterate over the stream once
Unknown tag handle 
unescapeDoubleQuoted
!UnquotedValue.empty() && "Can't be empty!"
Unrecognized escape code!
Unexpected token in Key Value.
Unexpected token. Expected Key or Block End
Unexpected token. Expected Key, Flow Entry, or Flow Mapping End.
Unexpected token. Expected Block Entry or Block End.
Could not find closing ]!
Expected , between entries!
tag:yaml.org,2002:
Already encountered an anchor for this node!
Already encountered a tag for this node!
Unexpected token
wasEscaped
Position - 1 >= First
YAMLParser.h
Doc && "incrementing iterator past the end."
(C.IsAtBeginning || C.IsAtEnd) && "Cannot skip mid parse!"
begin
C.IsAtBeginning && "You may only iterate over a collection once!"
Base && Base->CurrentEntry && "Attempted to access end iterator!"
Base && "Attempted to advance iterator past end!"
simple_ilist.h
I != end() && "Cannot remove end of list!"
resetAlloc
AllocatorList.h
empty() && "Cannot reset allocator if not empty"
~raw_ostream
raw_ostream.cpp
OutBufCur == OutBufStart && "raw_ostream destructor called with non-empty buffer!"
SetBufferAndMode
((Mode == Unbuffered && !BufferStart && Size == 0) || (Mode != Unbuffered && BufferStart && Size != 0)) && "stream must be unbuffered or have at least one byte"
GetNumBytesInBuffer() == 0 && "Current buffer is non-empty!"
OutBufStart <= OutBufEnd && "Invalid size!"
%02X
flush_nonempty
OutBufCur > OutBufStart && "Invalid call to flush_nonempty."
write
NumBytes != 0 && "undefined behavior"
copy_to_buffer
Size <= size_t(OutBufEnd - OutBufCur) && "Buffer overrun!"
operator<<
Bad Justification
/AppleInternal/BuildRoot/Library/Caches/com.apple.xbs/Sources/SwiftDriver/SwiftDriver-1.26/Vendored/llbuild/lib/llvm/Support/raw_ostream.cpp
BlockCharWidth >= CharsPrinted
IO failure on output stream: 
write_impl
FD >= 0 && "File already closed."
close
ShouldClose
seek
SupportsSeeking && "Stream does not support seeking!"
preferred_buffer_size
FD >= 0 && "File not yet open!"
outs
print
Format.h
BufferSize && "Invalid buffer size!"
alignTo
Align != 0u && "Align can't be 0."
getFD
(Access & sys::fs::FA_Write) && "Cannot make a raw_ostream from a read-only descriptor!"
/bin/sh
SmallVector.h
Size <= capacity()
getInfoForPath
FileInfo.cpp
result.isMissing()
!result.isMissing()
Twine
ErrorOr.h
/dev/urandom
make
LaneBasedExecutionQueue.cpp
0 && "unknown scheduler algorithm"
LLBUILD_BACKGROUND_TASK_MAX
org.swift.llbuild Lane-
depth:%llu
org.swift.llbuild
tracing
thread constructor failed
LLBUILD_TEST
LLBUILD_BUILD_ID
LLBUILD_LANE_ID
getPointer
setIfMissing
POSIXEnvironment.h
!isFrozen
hasVal
TMPDIR
%s/fileXXXXXX
/tmp/fileXXXXXX
sync
SerialQueue.cpp
async
abcdefghijklmnopqrstuvwxyzABCDEFGHIJKLMNOPQRSTUVWXYZ1234567890-_/:@#%+=.,
'\''
no arguments for command
/AppleInternal/BuildRoot/Library/Caches/com.apple.xbs/Sources/SwiftDriver/SwiftDriver-1.26/Vendored/llbuild/lib/Basic/Subprocess.cpp
LLBUILD_TASK_ID
output pipe
control pipe
unable to open 
LLBUILD_CONTROL_FD
unable to spawn process '
spawnProcess
Subprocess.cpp
readfds[0].fd == outputPipeParentEnd.unsafeDescriptor()
readfds[1].fd == controlPipeParentEnd.unsafeDescriptor()
failed to poll (
unable to read process output (
_getDarwinQOSClass
0 && "unknown command result"
~ManagedDescriptor
!isValid() && _closedProperly
unable to wait for process (
control protocol error
excessive message length
llbuild.1
unsupported protocol: 
bad ID
StringRef.h
size() >= N && "Dropping more elements than exist"
 version 5.2
attempt to use reserved input ID
attempt to register duplicate rule "
taskDiscoveredDependency
BuildEngine.cpp
taskInfo && "cannot request inputs for an unknown task"
invalid state for adding discovered dependency
taskIsComplete
invalid state for marking task complete
taskInfo == ruleInfo->getPendingTaskInfo()
getPendingTaskInfo
isInProgress()
KeyID
KeyID.h
_value < MaxValidID
build engine busy
build
taskInfos.empty() && ruleInfo.isComplete(this)
executeTasks
request.inputRuleInfo->isScanning()
request.inputRuleInfo->getPendingTaskInfo()
request.inputRuleInfo->isComplete(this) || request.forcePriorValue || request.orderOnly
request.inputID == kMustFollowInputID
ruleInfo->state == RuleInfo::StateKind::InProgressComputing
it != taskInfos.end()
cancelRemainingTasks
finishedTaskInfos.size() <= numOutstandingUnfinishedTasks
processRuleScanRequest
ruleInfo.isScanning() || ruleInfo.wasForced
inputRuleInfo.isScanning()
inputRuleInfo.isInProgress()
finishScanRequest
getPendingScanRecord
isScanning()
demandRule
ruleInfo.isScanned(this)
ruleInfo.state == RuleInfo::StateKind::NeedsToRun
task && "rule action returned null task"
result.second && "task already registered"
setComputing
isInProgressWaiting()
resolveCycle
!cycleList.empty()
findCycle
taskInfo.forRuleInfo
request.taskInfo->forRuleInfo
request.ruleInfo->isScanning() || request.ruleInfo->wasForced
unable to open graph output path "
digraph llbuild {
rankdir="LR"
node [fontsize=10, shape=box, height=0.25]
edge [fontsize=10]
"%s"
"%s" -> "%s"
attachDB
!db && "invalid attachDB() call"
currentEpoch == 0 && "invalid attachDB() call"
ruleInfos.empty() && "invalid attachDB() call"
open
BuildEngineTrace.cpp
!isOpen()
unable to open '
isOpen()
unable to close file
{ "new-task", "%s" },
{ "new-rule", "%s", "%s" },
{ "build-started" },
{ "handling-build-input-request", "%s" },
{ "created-task-for-rule", "%s", "%s" },
{ "handling-task-input-request", "%s", "%s" },
{ "paused-input-request-for-rule-scan", "%s" },
{ "readying-task-input-request", "%s", "%s" },
{ "added-rule-pending-task", "%s", "%s" },
{ "completed-task-input-request", "%s", "%s" },
{ "updated-task-wait-count", "%s", %d },
{ "unblocked-task", "%s" },
{ "readied-task", "%s", "%s" },
{ "finished-task", "%s", "%s", "%s" },
unchanged
{ "build-ended" },
{ "checking-rule-needs-to-run", "%s" },
{ "rule-scheduled-for-scanning", "%s"},
{ "rule-scanning-next-input", "%s", "%s" },
{ "rule-scanning-deferred-on-input", "%s", "%s" },
{ "rule-scanning-deferred-on-task", "%s", "%s" },
{ "rule-needs-to-run", "%s", "never-built" },
{ "rule-needs-to-run", "%s", "signature-changed" },
{ "rule-needs-to-run", "%s", "invalid-value" },
{ "rule-needs-to-run", "%s", "input-missing" },
{ "rule-needs-to-run", "%s", "input-rebuilt", "%s" },
{ "rule-does-not-need-to-run", "%s" },
{ "cycle-force-rule-needs-to-run", "%s" },
{ "cycle-supply-prior-value", "%s", "%s" },
missing null terminator
missing version record
parse
DependencyInfoParser.cpp
cur < end
*operandEnd == '\x00' && cur < end
empty operand
invalid duplicate version
unknown opcode in file
unexpected character in file
missing ':' following rule
unexpected character in prerequisites
SQLiteBuildDB.cpp
result == SQLITE_OK && "The database connection could not be closed. That means there are prepared statements that are not finalized, data blobs that are not closed or backups not finished."
SELECT iteration FROM info LIMIT 1
getCurrentEpoch
sqlite3_column_count(stmt) == 1
unable to configure database: not thread-safe
unable to open database: 
SELECT version,client_version FROM info LIMIT 1
sqlite3_column_count(stmt) == 2
Version mismatch. (database-schema: 
 requested schema: 
. database-client: 
 requested client: 
unable to unlink existing database: 
BEGIN EXCLUSIVE;
CREATE TABLE info (id INTEGER PRIMARY KEY, version INTEGER, client_version INTEGER, iteration INTEGER);
INSERT INTO info VALUES (0, %d, %d, 0);
CREATE TABLE key_names (id INTEGER PRIMARY KEY, key STRING UNIQUE);
CREATE TABLE rule_results (key_id INTEGER PRIMARY KEY, value BLOB, signature INTEGER, built_at INTEGER, computed_at INTEGER, start REAL, end REAL, dependencies BLOB, FOREIGN KEY(key_id) REFERENCES key_names(id));
CREATE UNIQUE INDEX rule_results_idx ON rule_results (key_id);
END;
unable to initialize database (
SELECT id FROM key_names WHERE key == ? LIMIT 1;
SELECT key FROM key_names WHERE id == ? LIMIT 1;
INSERT OR IGNORE INTO key_names(key) VALUES (?);
INSERT OR REPLACE INTO rule_results VALUES (?, ?, ?, ?, ?, ?, ?, ?);
DELETE FROM key_names WHERE key == ?;
SELECT rule_results.key_id, value, built_at, computed_at, start, end, dependencies, signature FROM rule_results INNER JOIN key_names ON key_names.id = rule_results.key_id WHERE key == ?;
SELECT key_id, value, built_at, computed_at, start, end, dependencies, signature FROM rule_results WHERE key_id == ?;
SELECT rule_results.key_id, key_names.key, rule_results.value, rule_results.built_at, rule_results.computed_at, rule_results.start, rule_results.end, rule_results.dependencies, rule_results.signature FROM rule_results JOIN key_names WHERE rule_results.key_id == key_names.id;
main
error: accessing build database "
 Possibly there are two concurrent builds running in the same filesystem location.
UPDATE info SET iteration = ? WHERE id == 0;
lookupRuleResult
delegate != nullptr
result_out->builtAt == 0
sqlite3_column_count(fastFindRuleResultStmt) == 8
sqlite3_column_count(findRuleResultStmt) == 8
unexpected contents for database result: 
getKeyIDForID
sqlite3_column_count(findKeyNameForKeyIDStmt) == 1
setRuleResult
getKeyIDFromDB
sqlite3_column_count(findKeyIDForKeyStmt) == 1
buildComplete
result == SQLITE_OK
SELECT key FROM key_names;
getKeys
getKeysWithResult
sqlite3_column_count(stmt) == 9
SELECT key, id FROM key_names;
keys:
dump
 -- 
SELECT key_id, built_at, computed_at, start, end FROM rule_results;
results:
sqlite3_column_count(stmt) == 5
hash_combine_range_impl
Hashing.h
buffer_ptr == buffer_end
%*s<node: %p, unknown>
%*s(null)
%*s(scalar: '%s')
dumpNode
BuildFile.cpp
0 && "unexpected keyvalue node"
%*smap:
%*skey:
%*svalue:
%*ssequence:
%*s(alias)
missing document in stream
unexpected additional document in stream
unexpected top-level node
client
expected initial mapping key 'client'
unexpected 'client' value (expected map)
tools
unexpected 'tools' value (expected map)
targets
unexpected 'targets' value (expected map)
default
unexpected 'default' target value (expected scalar)
nodes
unexpected 'nodes' value (expected map)
commands
unexpected 'commands' value (expected map)
unexpected trailing top-level section
invalid key type in 'client' map
invalid value type in 'client' map
invalid version number in 'client' map
unable to configure client
invalid key type in 'tools' map
invalid value type in 'tools' map
invalid key type for tool in 'tools' map
invalid key type for '
' in 'tools' map
invalid value type for '
invalid value type for tool in 'tools' map
invalid tool type in 'tools' map
invalid key type in 'targets' map
invalid value type in 'targets' map
invalid node type in 'targets' map
getOrCreateNode
invalid default target, a default target should be in targets
invalid key type in 'nodes' map
invalid value type in 'nodes' map
invalid key type for node in 'nodes' map
' in 'nodes' map
invalid value type for node in 'nodes' map
invalid key type in 'commands' map
invalid value type in 'commands' map
duplicate command in 'commands' map
missing 'tool' key for command in 'command' map
expected 'tool' initial key for command in 'commands' map
invalid 'tool' value type for command in 'commands' map
parseCommandsMapping
command && "tool failed to create a command"
invalid value type for 'inputs' command key
invalid node type in 'inputs' command key
invalid value type for 'outputs' command key
invalid node type in 'outputs' command key
invalid value type for 'description' command key
' in 'commands' map
invalid value type for command in 'commands' map
Base && Base->CurrentEntry && "Attempted to dereference end iterator!"
Command
CustomTask
DirectoryContents
FilteredDirectoryContents
DirectoryTreeSignature
DirectoryTreeStructureSignature
Node
Stat
Target
Unknown
BuildKey(
, name='
, dataSize='
, path='
getCommandName
BuildKey.h
isCommand()
getCustomTaskName
isCustomTask()
getCustomTaskData
getDirectoryPath
isDirectoryContents() || isDirectoryTreeStructureSignature()
getFilteredDirectoryPath
isFilteredDirectoryContents()
getNodeName
isNode()
getStatName
isStat()
getTargetName
isTarget()
type
plain
directory
directory-structure
virtual
invalid value: '
' for attribute '
is-directory
is-directory-structure
is-virtual
is-command-timestamp
is-mutated
content-exclusion-patterns
unexpected attribute: '
getFileInfo
BuildNode.cpp
!isVirtual()
getLinkInfo
StringList
StringList.h
value.find('\0') == StringRef::npos
file-system
device-agnostic
unsupported client file-system: '
shell
phony
clang
archive
shared-library
stale-file-removal
swift-compiler
control-enabled
provideValueExternalCommand
BuildSystem.cpp
0 && "unexpected API call"
deps
unable to open dependencies file (
error reading dependency file '
mkdir -p 
unable to create directory '
ln -sfh 
<<<missing output>>>
missing declared output
unexpected explicit output: '
link-output-path
getResultForOutput
value.isSuccessfulCommand()
getOutputInfo
BuildValue.h
kindHasOutputInfo() && "invalid call for value kind"
!hasMultipleOutputs() && "invalid call on result with multiple outputs"
makeExistingInput
!outputInfo.isMissing()
BuildValue
numOutputInfos >= 1
provideValue
unable to create symlink at '
Archiving 
missing expected input
unexpected explicit output: 
missing expected output
Creating Shared library: 
-emit-library
-shared
/link
MSVCRT.lib
SharedLibraryTool requires inputs to be specified
SharedLibraryTool requires the resulting shared library name to be specified
other-args
compiler-style
Unsupported : compiler-style'
' for shared libraries'.  Supported styles are cl, clang, and swiftc
Stale file removal
, stale files: [
], roots: [
getStaleFileList
isStaleFileRemoval() && "invalid call for value kind"
getStringListValues
kindHasStringList()
getValues
i + value.size() <= size
expectedOutputs
roots
getNthOutputInfo
n < getNumOutputs()
n == 0
readBytes
BinaryCoding.h
pos + count <= data.size()
finish
isEmpty()
encode
value == Kind(tmp)
Stale file '
' has a relative path. This is invalid in combination with the root path attribute.
' is located outside of the allowed root paths.
Removed stale file '
cannot remove stale file '
Compiling Swift Module '
 sources)
output-file-map.json
-module-name
-incremental
-emit-module
-num-threads
module-name
module-output-path
sources
objects
import-paths
temps-path
is-library
enable-whole-module-optimization
num-threads
' should be an int.
' should be greater than or equal to zero.
swift-get-version
BuildKey
encodedKey.size() == pos
no configured 'sources'
no configured 'objects'
no configured 'module-name'
no configured 'temps-path'
'sources' and 'objects' are not the same size
writeOutputFileMap
sourcesList.size() == objectsList.size()
unable to create output file map: '
master.swiftdeps
  "": {
    "dependencies": "
    "object": "
    "swift-dependencies": "
  },
~partial.swiftmodule
.swiftdeps
": {
    "swiftmodule": "
Checking Swift Compiler Version
 --version
unexpected
/AppleInternal/BuildRoot/Library/Caches/com.apple.xbs/Sources/SwiftDriver/SwiftDriver-1.26/Vendored/llbuild/lib/BuildSystem/BuildSystem.cpp
--version
2>/dev/null
lookupRule
0 && "FIXME: invalid target"
0 && "invalid key type"
fromData
result.getKind() != Kind::Unknown && "invalid key"
getBuildDescription
buildDescription
convertStatusKind
0 && "unknown status kind"
getDirectoryContents
(isDirectoryContents() || isFilteredDirectoryContents()) && "invalid call for value kind"
getContentExclusionPatterns
isDirectoryTreeSignature() || isFilteredDirectoryContents()
getDirectoryTreeSignaturePath
isDirectoryTreeSignature()
index < childResults.size()
value.isDirectoryContents()
DirectoryInputNodeTask
!node.isVirtual()
DirectoryStructureInputNodeTask
FileInputNodeTask
start
node.getProducers().empty()
inputsAvailable
producingCommand
!nodeResult.isInvalid()
cannot build target '
' due to missing inputs: 
unable to load build file
getMergedSchemaVersion
clientVersion <= (1 << 16) && "unsupported client version"
failed to raise open file limit
no build description loaded
No target named '
' in build description
-for-llbuild
--llbuild-extension-version
--extension-path
initialize_llbuild_buildsystem_extension_v0
--help
show this help message and exit
show the tool version
-C <PATH>, --chdir <PATH>
change directory to PATH before building
--no-db
disable use of a build database
--db <PATH>
enable building against the database at PATH
-f <PATH>
load the build task file at PATH
--serial
do not build in parallel
--scheduler <SCHEDULER>
set scheduler algorithm
-j,--jobs <JOBS>
set how many concurrent jobs (lanes) to run
-v, --verbose
show verbose status information
--trace <PATH>
trace build engine operation to PATH
%-*s
--db
missing argument to '
--chdir
--scheduler
fifo
unknown scheduler algorithm '
--jobs
invalid argument '
' to '
invalid argument to '-j'
--verbose
--trace
invalid option '
cycle detected while building: 
 -> 
((unknown))
command '
custom task '
directory-contents '
filtered-directory-contents '
directory-tree-signature '
directory-tree-structure-signature '
node '
stat '
target '
unable to detect number of CPUs
cannot build '
unable to build node: '
' (node is produced by multiple commands: '
getSystem
BuildSystemFrontend.cpp
delegateImpl.frontend->system
BuildSystemFrontendImpl
this->fileSystem
unable to honor --chdir: 
invalid reuse after initialization failure
unable to create tracing directory: 
unable to enable tracing: 
unable to attach DB: 
missing input '
' and no rule to build it
Invalid
VirtualInput
ExistingInput
MissingInput
MissingOutput
FailedInput
SuccessfulCommand
FailedCommand
PropagatedFailureCommand
CancelledCommand
SkippedCommand
StaleFileRemoval
SuccessfulCommandWithOutputSignature
BuildValue(
, signature=
, outputInfos=[
FileInfo{/*missing*/}
FileInfo{
dev=
, inode=
, mode=
, size=
, modTime=(
, values=[
getNumOutputs
allow-missing-inputs
allow-modified-outputs
always-out-of-date
ExternalCommand.cpp
it != outputs.end()
idx < value.getNumOutputs()
!value.hasMultipleOutputs()
value.isExistingInput() || value.isMissingInput() || value.isMissingOutput() || value.isFailedInput() || value.isVirtualInput() || value.isSkippedCommand() || value.isDirectoryTreeSignature() || value.isDirectoryTreeStructureSignature() || value.isStaleFileRemoval()
execute
missingInputNodes.empty()
unknown result
missing required 'deps-style' specifier
processDiscoveredDependencies
ShellCommand.cpp
0 && "unreachable"
unknown dependencies style
signature
deps-style
makefile
dependency-info
unknown 'deps-style': '
can-safely-interrupt
inherit-env
working-directory
invalid arguments for command '
 at position 
llb_database_get_keys_and_results
BuildDB-C-API.cpp
keys.size() == results.size()
mapResult
0 && "Got dependency from database and don't know this identifier."
Unable to get build key for identifier 
keyAtIndex
0 && "Couldn't find build key for unknown identifier"
CAPIBuildDBFetchResult
keys.size() == results.size() && "The size of keys and results should be the same when initializing a database fetch result."
note
warning
llb_buildsystem_create
BuildSystem-C-API.cpp
delegate.handle_diagnostic
delegate.command_started
delegate.command_finished
delegate.command_process_started
delegate.command_process_had_error
delegate.command_process_had_output
delegate.command_process_finished
llb_buildsystem_tool_create
delegate.create_command
llb_buildsystem_external_command_create
delegate.start
delegate.provide_value
delegate.execute_command
llb_get_quality_of_service
0 && "unknown quality service level"
llb_set_quality_of_service
level != llb_quality_of_service_unspecified
build.db
build.llbuild
basic
get_command_result
convertCycleAction
0 && "unknown cycle action"
executeExternalCommand
cAPIDelegate.execute_command != nullptr
getQoSFromLLBQoS
getDirectoryTreeSignature
isDirectoryTreeSignature() && "invalid call for value kind"
getDirectoryTreeStructureSignature
isDirectoryTreeStructureSignature() && "invalid call for value kind"
getOutputSignature
kind == Kind::SuccessfulCommandWithOutputSignature && "invalid call for value kind"
llbuild
Core-C-API.cpp
capiRule->rule.create_task && "client failed to initialize rule"
cycleDetected
0 && "unexpected cycle!"
CAPITask
cAPIDelegate.start && "missing task start function"
cAPIDelegate.provide_value && "missing task provide_value function"
cAPIDelegate.inputs_available && "missing task inputs_available function"
jobExecution
_TtC20SwiftDriverExecution16MultiJobExecutor
workload
executorDelegate
numParallelJobs
processSet
forceResponseFiles
recordedInputModificationDates
processType
testInputHandle
_TtCC20SwiftDriverExecution16MultiJobExecutor7Context
producerMap
jobs
primaryIndices
postCompileIndices
delegateQueue
jobQueue
isBuildCancelled
continueBuildingAfterErrors
_TtC20SwiftDriverExecution18ExecuteAllJobsRule
context
allInputsSucceeded
allCompilationId
_TtC20SwiftDriverExecution29ExecuteAllCompilationJobsRule
_TtC20SwiftDriverExecution14ExecuteJobRule
SwiftDriverExecution/MultiJobExecutor.swift
SwiftDriverExecution/llbuild.swift
Please file a bug at https://bugs.swift.org with this info -- LLBuildKey: ###
Please file a bug at https://bugs.swift.org with this info -- LLBuildValue: ###
 command failed with exit code 
 (use -v to see invocation)
 command failed due to signal 
Scheduling all post-compile jobs because something was compiled
multiple producers for output 
org.swift.driver.job-execution
org.swift.driver.job-executor-delegate
SwiftDriverExecution/SwiftDriverExecutor.swift
unreachable, exec always throws on failure
_TtC20SwiftDriverExecution19SwiftDriverExecutor
_TtC20SwiftDriverExecution13LLBuildEngine
_TtCC20SwiftDriverExecution13LLBuildEngineP33_C45317666797B541F6C4EC5354FECA0D8Delegate
errors
_TtC20SwiftDriverExecution17LLTaskBuildEngine
_TtC20SwiftDriverExecution11LLBuildRule
__isPlatformOrVariantPlatformVersionAtLeast
os_version_check.c
Platform2 == PLATFORM_MACOS && "unexpected platform"
_availability_version_check
kCFAllocatorNull
CFDataCreateWithBytesNoCopy
CFPropertyListCreateWithData
CFPropertyListCreateFromXMLData
CFStringCreateWithCStringNoCopy
CFDictionaryGetValue
CFGetTypeID
CFStringGetTypeID
CFStringGetCString
CFRelease
/System/Library/CoreServices/SystemVersion.plist
ProductVersion
%d.%d.%d
__TEXT
swift_getObjCClassMetadata
_TtCs12_SwiftObject
swift_getTypeContextDescriptor
swift_getExistentialTypeMetadata
objc_addLoadImageFunc
__swift5_proto
init
lock
unlock
wait
signal
waitUntilDate:
broadcast
unsignedLongLongValue
shortValue
defaultManager
fileExistsAtPath:
moveItemAtURL:toURL:error:
copyItemAtURL:toURL:error:
fileExistsAtPath:isDirectory:
skipDescendants
nextObject
attributesOfItemAtPath:error:
setAttributes:ofItemAtPath:error:
removeItemAtPath:error:
domain
code
createSymbolicLinkAtPath:withDestinationPath:error:
createDirectoryAtPath:withIntermediateDirectories:attributes:error:
URLsForDirectory:inDomains:
changeCurrentDirectoryPath:
currentDirectoryPath
contentsOfDirectoryAtPath:error:
isExecutableFileAtPath:
JSONObjectWithData:options:error:
count
integerValue
initWithInteger:
doubleValue
initWithBool:
processInfo
environment
start
initWithPattern:options:error:
initWithString:
length
matchesInString:options:range:
numberOfRanges
rangeAtIndex:
substringWithRange:
initWithFileDescriptor:closeOnDealloc:
main
initWithBlock:
.cxx_destruct
dealloc
stringByReplacingMatchesInString:options:range:withTemplate:
addOperationWithBlock:
URLSession:downloadTask:didWriteData:totalBytesWritten:totalBytesExpectedToWrite:
URLSession:downloadTask:didFinishDownloadingToURL:
URLSession:task:didCompleteWithError:
taskIdentifier
response
statusCode
downloadTaskWithRequest:
resume
setName:
setMaxConcurrentOperationCount:
sessionWithConfiguration:delegate:delegateQueue:
URLSession:downloadTask:didResumeAtOffset:expectedTotalBytes:
URLSession:task:willBeginDelayedRequest:completionHandler:
URLSession:taskIsWaitingForConnectivity:
URLSession:task:willPerformHTTPRedirection:newRequest:completionHandler:
URLSession:task:didReceiveChallenge:completionHandler:
URLSession:task:needNewBodyStream:
URLSession:task:didSendBodyData:totalBytesSent:totalBytesExpectedToSend:
URLSession:task:didFinishCollectingMetrics:
URLSession:didBecomeInvalidWithError:
URLSession:didReceiveChallenge:completionHandler:
URLSessionDidFinishEventsForBackgroundURLSession:
isEqual:
hash
superclass
class
self
performSelector:
performSelector:withObject:
performSelector:withObject:withObject:
isProxy
isKindOfClass:
isMemberOfClass:
conformsToProtocol:
respondsToSelector:
retain
release
autorelease
retainCount
zone
description
debugDescription
isReadableFileAtPath:
rangeWithName:
range
initWithBytesNoCopy:length:freeWhenDone:
base64EncodedStringWithOptions:
initWithBase64EncodedString:options:
firstMatchInString:options:range:
stringForObjectValue:
stringFromDate:
setLocale:
setDateFormat:
setTimeZone:
setNumberStyle:
setUsesSignificantDigits:
setMaximumSignificantDigits:
setPositiveInfinitySymbol:
setNegativeInfinitySymbol:
setNotANumberSymbol:
setExponentSymbol:
pattern
availableData
mainBundle
executablePath
fileHandleWithStandardInput
_rawValue
rawValue
_flags
_file
_lbfsize
_cookie
_close
_read
_seek
_write
_extra
_ubuf
_nbuf
_blksize
_offset
RawValue
_ObjectiveCType
_base
_size
ArrayLiteralElement
StringLiteralType
ExtendedGraphemeClusterLiteralType
UnicodeScalarLiteralType
_bytes
cArray
Element
Iterator
items
index
sequence
result
success
failure
RawValue
_condition
message
location
error
warning
note
remark
ignored
behavior
data
queue
handlerQueue
_diagnostics
handlers
defaultLocation
description
device
inode
size
modTime
posixPermissions
fileType
RawValue
kind
path
ioError
invalidAccess
isDirectory
noEntry
notDirectory
unsupported
unknownOSError
alreadyExistsAtDestination
userUnWritable
userWritable
executable
recursive
onlyFiles
root
lock
lockFiles
lockFilesLock
contents
entries
underlyingFileSystem
reference
file
directory
symlink
unexpectedCycle
bool
double
string
array
dictionary
orderedDictionary
null
malformed
missingKey
typeMismatch
custom
item
lock
body
cachedValue
_lock
fileDescriptor
lockFile
exclusive
shared
unableToAquireLock
storage
type
Value
Element
Index
SubSequence
Indices
Iterator
array
dict
Element
Index
Iterator
SubSequence
Indices
ArrayLiteralElement
array
_impl
startsWithTilde
invalidAbsolutePath
invalidRelativePath
string
Element
Iterator
current
towalk
shouldRecurse
fileSystem
arguments
environment
exitStatus
output
stderrOutput
nonZeroExit
illegalUTF8Sequence
terminated
signalled
verbose
workingDirectory
processID
launched
outputRedirection
_result
stdout
stderr
serialQueue
startNewProcessGroup
missingExecutableProgram
workingDirectoryNotSupported
collect
stream
none
cancelled
processes
serialQueue
killTimeout
killingCondition
shouldKill
regex
description
Element
Index
SubSequence
Indices
Iterator
elements
areInIncreasingOrder
RawValue
conjunction
disjunction
head
tail
notEmptyCondition
value
next
other
couldNotFindTmpDir
couldNotCreateUniqueName
prefix
suffix
path
fileHandle
pathExists
pathTooLong
permissionDenied
unresolvablePathComponent
outOfMemory
stream
width
clearLineString
resetString
boldString
dumb
file
noColor
green
yellow
cyan
white
black
grey
thread
finishedCondition
isFinished
task
_buffered
_buffer
queue
stream
contents
filePointer
error
closeOnDeinit
path
string
count
value
items
transform
separator
range
chdir
close
exec
pipe
posix_spawn
read
setenv
stat
symlink
unsetenv
waitpid
lowerBound
upperBound
RawValue
fileSystem
error_get_description
error_dispose
format_version
store_create
store_dispose
store_units_apply
store_units_apply_f
unit_event_notification_get_events_count
unit_event_notification_get_event
unit_event_notification_is_initial
unit_event_get_kind
unit_event_get_unit_name
store_set_unit_event_handler
store_set_unit_event_handler_f
store_start_unit_event_listening
store_stop_unit_event_listening
store_discard_unit
store_discard_record
store_purge_stale_data
store_get_unit_name_from_output_path
store_get_unit_modification_time
symbol_get_language
symbol_get_kind
symbol_get_subkind
symbol_get_properties
symbol_get_roles
symbol_get_related_roles
symbol_get_name
symbol_get_usr
symbol_get_codegen_name
symbol_relation_get_roles
symbol_relation_get_symbol
occurrence_get_symbol
occurrence_relations_apply
occurrence_relations_apply_f
occurrence_get_roles
occurrence_get_line_col
record_reader_create
record_reader_dispose
record_reader_search_symbols
record_reader_symbols_apply
record_reader_occurrences_apply
record_reader_occurrences_in_line_range_apply
record_reader_occurrences_of_symbols_apply
record_reader_search_symbols_f
record_reader_symbols_apply_f
record_reader_occurrences_apply_f
record_reader_occurrences_in_line_range_apply_f
record_reader_occurrences_of_symbols_apply_f
unit_reader_create
unit_reader_dispose
unit_reader_get_provider_identifier
unit_reader_get_provider_version
unit_reader_get_modification_time
unit_reader_is_system_unit
unit_reader_is_module_unit
unit_reader_is_debug_compilation
unit_reader_has_main_file
unit_reader_get_main_file
unit_reader_get_module_name
unit_reader_get_working_dir
unit_reader_get_output_file
unit_reader_get_sysroot_path
unit_reader_get_target
unit_dependency_get_kind
unit_dependency_is_system
unit_dependency_get_filepath
unit_dependency_get_modulename
unit_dependency_get_name
unit_include_get_source_path
unit_include_get_target_path
unit_include_get_source_line
unit_reader_dependencies_apply
unit_reader_includes_apply
unit_reader_dependencies_apply_f
unit_reader_includes_apply_f
data
length
rawValue
wait_initial_sync
RawValue
RawValue
ArgumentKindTy
unknownOption
invalidValue
expectedValue
unexpectedArgument
expectedArguments
duplicateArgument
unknown
typeMismatch
custom
bash
function
values
none
unspecified
filename
path
oneByOne
upToNextOption
remaining
name
shortName
strategy
usage
completion
isOptional
kind
isArray
parseClosure
subparsers
optionArguments
positionalArguments
commandName
overview
seeAlso
isSubparser
canAcceptPositionalArguments
results
parentResult
parser
subparser
bodies
currentArgument
associatedArgumentValue
argumentsIterator
buffer
offset
bufferOverflow
Element
Iterator
Index
SubSequence
Indices
RawValue
signature
elements
blockInfo
block
record
fields
payload
array
char6String
blob
none
name
recordNames
value
operands
literal
fixed
char6
setBID
blockName
setRecordName
rawValue
cursor
blockInfo
globalAbbrevs
invalidBlockInfoRecord
abbrevWidthTooSmall
noSuchAbbrev
missingEndBlock
invalidAbbrev
nestedBlockInBlockInfo
missingSETBID
vbrOverflow
data
currentValue
currentBit
codeBitWidth
currentAbbreviations
blockScope
blockInfoRecords
currentBlockID
abbrevs
values
previousCodeWidth
lengthPlaceholderByteIndex
previousAbbrevs
cCompilerFlags
cxxCompilerFlags
linkerFlags
swiftCompilerFlags
anyError
name
packagePath
reference
fatalError
clientError
serverError
fileSystemError
session
downloads
queue
fileSystem
task
destination
progress
completion
paths
_watcher
latency
stream
delegate
thread
runLoop
callbacksQueue
unknownError
block
_impl
name
module
methods
store
instance
path
dylib
classToMethods
thread
signalHandler
delegate
buffer
state
decoder
parsingMessage
parsingMessageSize
parsingNewlineAfterMessage
failed
reason
underlyingError
machines
fileNotFound
unreadableFile
invalidFilePath
machineNotFound
invalidDefaultMachinePosition
name
login
password
couldNotFindConfigFile
parsingError
prohibitedFlags
diagnostics
pkgConfigStack
name
pcFile
cFlags
libs
fileSystem
variables
dependencies
privateDependencies
linux
android
darwin
windows
debian
fedora
value
stream
header
displayedPercentages
hasDisplayedHeader
lastDisplayedText
terminal
hasDisplayedProgress
animation
location
configuration
busyTimeoutMilliseconds
maxSizeInBytes
defaultPageSizeInBytes
path
memory
temporary
string
blob
null
stmt
name
value
callback
databaseFull
RawValue
versionNumber
diagnostics
badMagic
unexpectedTopLevelRecord
unknownBlock
malformedRecord
noMetadataBlock
unexpectedSubblock
unexpectedRecord
missingInformation
text
level
location
category
flag
ranges
fixIts
ignored
note
warning
error
fatal
remark
filename
line
column
offset
start
fileSystem
schemaVersion
supportedSchemaVersions
statePath
otherStatePaths
prettyPrint
invalidSchemaVersion
restoreFailure
RawValue
asyncBegin
asyncEnd
name
startTs
events
RawValue
AllCases
tripleString
arch
vendor
badFormat
unknownArch
unknownOS
x86_64
x86_64h
i686
powerpc64le
s390x
aarch64
armv7
arm64
arm64e
wasm32
unknown
apple
darwin
macOS
linux
windows
wasi
android
RawValue
concise
verbose
debug
StringLiteralType
ExtendedGraphemeClusterLiteralType
UnicodeScalarLiteralType
major
minor
patch
prereleaseIdentifiers
buildMetadataIdentifiers
version
isDevelopment
buildIdentifier
RawValue
Element
ArrayLiteralElement
rawValue
open
close
RawValue
AllCases
interactive
batch
Element
RawValue
ArrayLiteralElement
rawValue
spelling
kind
aliasFunction
attributes
metaVar
helpText
group
input
flag
joined
separate
joinedOrSeparate
remaining
commaJoined
unknownOption
missingArgument
unsupportedOption
options
$__lazy_storage_$_groupMap
codeFormatting
debugCrash
internal
internalDebug
linkerOption
modes
option
argument
index
single
multiple
none
parsedOptions
optionIndex
groupIndex
consumed
root
label
data
children
node
labelCounter
nodeIDs
scalarMap
mappingMap
sequenceMap
_mantissa
error
problem
write_handler
write_handler_data
output
buffer
raw_buffer
encoding
canonical
best_indent
best_width
unicode
line_break
states
state
events
indents
tag_directives
indent
flow_level
root_context
sequence_context
mapping_context
simple_key_context
line
column
whitespace
indention
open_ended
anchor_data
tag_data
scalar_data
opened
closed
anchors
last_anchor_id
document
problem_offset
problem_value
problem_mark
context
context_mark
read_handler
read_handler_data
input
unread
offset
mark
stream_start_produced
stream_end_produced
tokens
tokens_parsed
token_available
simple_key_allowed
simple_keys
marks
aliases
type
data
start_mark
end_mark
rawValue
start
pointer
last
head
tail
anchor
anchor_length
alias
handle
handle_length
suffix
suffix_length
value
length
multiline
flow_plain_allowed
block_plain_allowed
single_quoted_allowed
block_allowed
style
references
serialized
nodes
version_directive
start_implicit
end_implicit
index
RawValue
prefix
major
minor
possible
required
token_number
Input
encoding
node
codingPath
userInfo
decoder
mapping
sequence
currentIndex
data
options
emitter
state
crln
canonical
indent
width
allowUnicode
lineBreak
explicitStart
explicitEnd
version
sortKeys
initialized
opened
closed
options
node
codingPath
userInfo
encoder
reference
mapping
sequence
stringValue
intValue
line
column
RawValue
Value
Element
Index
SubSequence
Iterator
Indices
pairs
style
mark
block
flow
value
RawValue
string
style
mark
plain
singleQuoted
doubleQuoted
literal
folded
RawValue
ArrayLiteralElement
Element
Index
SubSequence
Iterator
Indices
nodes
style
mark
block
flow
ArrayLiteralElement
Value
FloatLiteralType
IntegerLiteralType
StringLiteralType
ExtendedGraphemeClusterLiteralType
UnicodeScalarLiteralType
scalar
mapping
sequence
Element
Iterator
RawValue
error
closure
yaml
resolver
constructor
encoding
anchors
parser
buffer
utf8
utf16
event
utf8View
utf8Slice
rules
regexp
RawValue
StringLiteralType
ExtendedGraphemeClusterLiteralType
UnicodeScalarLiteralType
constructor
name
resolver
rawValue
reader
scanner
parser
composer
writer
emitter
representer
dataCouldNotBeDecoded
memory
text
mark
batchCompile
standardCompile
singleCompile
repl
immediate
jitCompile
compilePCM
seed
count
sizeLimit
swiftscan_dependency_graph_get_main_module_name
swiftscan_dependency_graph_get_dependencies
swiftscan_module_info_get_module_name
swiftscan_module_info_get_module_path
swiftscan_module_info_get_source_files
swiftscan_module_info_get_direct_dependencies
swiftscan_module_info_get_details
swiftscan_module_detail_get_kind
swiftscan_swift_textual_detail_get_module_interface_path
swiftscan_swift_textual_detail_get_compiled_module_candidates
swiftscan_swift_textual_detail_get_bridging_header_path
swiftscan_swift_textual_detail_get_bridging_source_files
swiftscan_swift_textual_detail_get_bridging_module_dependencies
swiftscan_swift_textual_detail_get_command_line
swiftscan_swift_textual_detail_get_extra_pcm_args
swiftscan_swift_textual_detail_get_context_hash
swiftscan_swift_textual_detail_get_is_framework
swiftscan_swift_binary_detail_get_compiled_module_path
swiftscan_swift_binary_detail_get_module_doc_path
swiftscan_swift_binary_detail_get_module_source_info_path
swiftscan_swift_placeholder_detail_get_compiled_module_path
swiftscan_swift_placeholder_detail_get_module_doc_path
swiftscan_swift_placeholder_detail_get_module_source_info_path
swiftscan_clang_detail_get_module_map_path
swiftscan_clang_detail_get_context_hash
swiftscan_clang_detail_get_command_line
swiftscan_batch_scan_input_create
swiftscan_batch_scan_input_set_modules
swiftscan_batch_scan_entry_create
swiftscan_batch_scan_entry_set_module_name
swiftscan_batch_scan_entry_set_arguments
swiftscan_batch_scan_entry_set_is_swift
swiftscan_batch_scan_entry_get_module_name
swiftscan_batch_scan_entry_get_arguments
swiftscan_batch_scan_entry_get_is_swift
swiftscan_import_set_get_imports
swiftscan_scan_invocation_create
swiftscan_scan_invocation_set_working_directory
swiftscan_scan_invocation_set_argv
swiftscan_scan_invocation_get_working_directory
swiftscan_scan_invocation_get_argc
swiftscan_scan_invocation_get_argv
swiftscan_string_set_dispose
swiftscan_dependency_graph_dispose
swiftscan_import_set_dispose
swiftscan_batch_scan_entry_dispose
swiftscan_batch_scan_input_dispose
swiftscan_batch_scan_result_dispose
swiftscan_scan_invocation_dispose
swiftscan_compiler_supported_arguments_query
swiftscan_compiler_supported_features_query
swiftscan_scanner_create
swiftscan_scanner_dispose
swiftscan_dependency_graph_create
swiftscan_batch_scan_result_create
swiftscan_import_set_create
data
length
modules
rawValue
results
strings
RawValue
RawValue
format
level
shouldVerify
dwarf
codeView
lineTables
astTypes
dwarfTypes
integratedDriver
fileSystem
diagnosticEngine
executor
toolchain
frontendTargetInfo
hostTriple
useStaticResourceDir
driverKind
optionTable
parsedOptions
showJobLifecycle
swiftCompilerPrefixArgs
workingDirectory
inputFiles
recordedInputModificationDates
outputFileMap
fileListThreshold
shouldUseInputFileList
allSourcesFileList
compilerMode
compilerOutputType
linkerOutputType
numThreads
numParallelJobs
enabledSanitizers
debugInfo
moduleOutputInfo
buildRecordInfo
shouldAttemptIncrementalCompilation
incrementalCompilationState
importedObjCHeader
bridgingPrecompiledHeader
dependenciesFilePath
referenceDependenciesPath
serializedDiagnosticsFilePath
objcGeneratedHeaderPath
loadedModuleTracePath
tbdPath
moduleDocOutputPath
swiftInterfacePath
swiftPrivateInterfacePath
optimizationRecordPath
moduleSourceInfoPath
forceEmitModuleBeforeCompile
explicitDependencyBuildPlanner
interModuleDependencyOracle
externalBuildArtifacts
supportedFrontendFlags
$__lazy_storage_$_sdkPath
$__lazy_storage_$_iosMacFrameworksSearchPath
invalidDriverName
invalidInput
invalidArgumentValue
relativeFrontendPath
conflictingOptions
unableToLoadOutputFileMap
unableToDecodeFrontendTargetInfo
failedToRunFrontendToRetrieveTargetInfo
missingProfilingData
conditionalCompilationFlagHasRedundantPrefix
conditionalCompilationFlagIsNotValidIdentifier
malformedModuleDependency
missingPCMArguments
missingModuleDependency
dependencyScanningFailure
missingExternalDependency
noInputFiles
subcommandPassedToDriver
integratedReplRemoved
failedToRetrieveFrontendTargetInfo
unableToReadFrontendTargetInfo
normal
subcommand
RawValue
executable
dynamicLibrary
staticLibrary
llvmThin
llvmFull
output
name
nameIsFallback
topLevel
auxiliary
entries
paths
fileType
stringValue
mode
buildRecordInfo
incrementalCompilationState
showJobLifecycle
diagnosticEngine
anyJobHadAbnormalExit
nextBatchQuasiPID
argsResolver
batchJobInputQuasiPIDMap
verbose
parsableOutput
regular
pathMapping
fileSystem
temporaryDirectory
lock
continueBuildingAfterErrors
kind
incremental
jobFailedWithNonzeroExitCode
decodingError
failedToReadJobOutput
name
kind
began
finished
signalled
skipped
realPid
process
inputs
outputs
commandExecutable
commandArguments
type
path
exitStatus
output
errorMessage
signal
RawValue
dependencyGraph
reachabilityMap
toolchain
integratedDriver
mainModuleName
hashedModuleNameCache
swift
swiftPlaceholder
swiftPrebuiltExternal
clang
path
sourceFiles
moduleDependencies
moduleInterfacePath
compiledModuleCandidates
bridgingHeaderPath
bridgingSourceFiles
commandLine
extraPcmArgs
isFramework
moduleDocPath
moduleSourceInfoPath
compiledModulePath
moduleMapPath
dependenciesCapturedPCMArgs
contextHash
modulePath
directDependencies
details
mainModuleName
modules
queue
swiftScanLibInstance
externalModules
moduleName
modulePath
docPath
sourceInfoPath
isFramework
moduleMapPath
swift
clang
swiftModuleName
output
clangModuleName
arguments
Element
Iterator
map1
map2
swiftVersion
argsHash
buildStartTime
buildEndTime
inputInfos
legacyBuildStartTime
AllCases
RawValue
buildRecordPath
fileSystem
currentArgsHash
actualSwiftVersion
timeBeforeFirstJob
diagnosticEngine
compilationInputModificationDates
finishedJobResults
confinementQueue
result
Node
info
versionNumber
RawValue
fileName
$__lazy_storage_$_pathHandle
externalDependency
fingerprint
aspect
designator
cachedHash
interface
implementation
topLevel
dynamicLookup
externalDepend
sourceFileProvide
nominal
potentialMember
member
added
changed
testing
Element
Index
Iterator
SubSequence
Indices
outerDict
notEnd
Element
Iterator
contents
moduleDependencyGraph
jobsInPhases
inputsInvalidatedByExternals
inputFiles
sourceFiles
buildRecordInfo
maybeBuildRecord
fileSystem
showJobLifecycle
alwaysRebuildDependents
reporter
filePath
status
datesMatch
Element
RawValue
ArrayLiteralElement
moduleDependencyGraph
reporter
mandatoryJobsInOrder
jobsAfterCompiles
buildStartTime
buildEndTime
fileSystem
confinementQueue
driver
skippedCompileGroups
graph
buildRecordInfo
maybeBuildRecord
inputsInvalidatedByExternals
incrementalOptions
diagnosticEngine
outputFileMap
rawValue
currentInOrder
previous
disappeared
couldNotWrite
noBuildRecordInfo
outputFileMap
buildRecordInfo
maybeBuildRecord
reporter
options
inputFiles
fileSystem
sourceFiles
diagnosticEngine
dependencyDotFilesIncludeExternals
dependencyDotFilesIncludeAPINotes
buildStartTime
buildEndTime
status
previousModTime
upToDate
needsNonCascadingBuild
needsCascadingBuild
newlyAdded
fingerprint
nodeFinder
inputDependencySourceMap
fingerprintedExternalDependencies
info
dotFileWriter
phase
creationPhase
externalDependencyModTimeCache
buildingWithoutAPrior
updatingFromAPrior
updatingAfterCompilation
buildingAfterEachCompilation
compilerVersion
stream
abbreviations
identifiersToWrite
identifierIDs
lastIdentifierID
nodeIDs
lastNodeID
metadata
moduleDepGraphNode
dependsOnNode
useIDNode
externalDepNode
identifierNode
mapNode
RawValue
fileSystem
graph
majorVersion
minorVersion
compilerVersionString
identifiers
currentDefKey
nodeUses
allNodes
badMagic
noRecordBlock
malformedMetadataRecord
unexpectedMetadataRecord
malformedFingerprintRecord
malformedIdentifierRecord
malformedModuleDepGraphNodeRecord
malformedDependsOnRecord
malformedMapRecord
malformedExternalDepNodeRecord
unknownRecord
unexpectedSubblock
bogusNameOrContext
unknownKind
unknownDependencySourceExtension
typedFile
invalidatedNodes
sourceGraph
destination
disappearedNodes
keyAndFingerprint
dependencySource
isTraced
cachedHash
nodeMap
usesByDef
Element
Index
Iterator
SubSequence
Indices
dictionary
majorVersion
minorVersion
compilerVersionString
allNodes
dependencySource
keyAndFingerprint
sequenceNumber
defsIDependUpon
isProvides
extractFromSwiftModule
nodes
fingerprint
nodeSequenceNumber
defsNodeDependUpon
nextSequenceNumber
identifiers
badMagic
swiftModuleHasNoDependencies
noRecordBlock
malformedMetadataRecord
unexpectedMetadataRecord
malformedFingerprintRecord
malformedDependsOnDefinitionRecord
malformedIdentifierRecord
malformedSourceFileDepGraphNodeRecord
unknownRecord
unexpectedSubblock
bogusNameOrContext
unknownKind
Element
Index
SubSequence
Iterator
Indices
map1
map2
command
args
SupportedArguments
SupportedFeatures
RawValue
moduleName
tool
commandLine
supportsResponseFiles
inputs
displayInputs
primaryInputs
outputs
extraEnvironment
requiresInPlaceExecution
kind
compileInputOutputMap
compile
backend
mergeModule
link
generateDSYM
autolinkExtract
emitModule
generatePCH
moduleWrap
generatePCM
interpret
repl
verifyDebugInfo
printTargetInfo
emitSupportedFeatures
versionRequest
scanDependencies
symlink
mkdir
frontendJITBuild
verifyModuleInterface
help
flag
path
responseFilePath
joinedOptionAndPath
squashedArgumentList
inputUnexpectedlyModified
option
args
replReceivedInput
emitPCMWrongInputFiles
beforeCompiles
compileGroups
afterCompiles
compileJob
backendJob
failingModules
commandMap
diagnosticsEngine
verbose
failingCriticalOutputs
path
arch
sdkPath
nonFrameworkDirs
frameworkDirs
sdkInfo
diagEngine
compilerVersion
target
targetVariant
paths
sdkPath
runtimeLibraryPaths
runtimeLibraryImportPaths
runtimeResourcePath
triple
unversionedTriple
moduleTriple
swiftRuntimeCompatibilityVersion
compatibilityLibraries
librariesRequireRPath
major
minor
libraryName
filter
executable
RawValue
missingRequiredSymbol
missingField
moduleNameDecodeFailure
unsupportedDependencyDetailsKind
scanningLibraryInvocationMismatch
scanningLibraryNotFound
dependencyScanFailed
failedToInstantiateScanner
invalidStringPtr
argumentQueryFailed
path
dylib
lock
scanner
toolPaths
executor
fileSystem
compilerExecutableDir
toolDirectory
dummyForTestingObjectFormat
_sdkInfo
osVersionBelowMinimumDeploymentTarget
argumentNotSupported
iOSVersionAboveMaximumDeploymentTarget
unsupportedTargetVariant
darwinOnlySupportsLibCxx
versionString
version
versionMap
canonicalName
macOSToCatalystMapping
RawValue
executor
fileSystem
toolPaths
compilerExecutableDir
toolDirectory
dummyForTestingObjectFormat
staticLinker
swiftCompiler
dynamicLinker
clang
swiftAutolinkExtract
dsymutil
lldb
dwarfdump
jitStub
swiftHelp
unableToFind
executor
fileSystem
toolPaths
compilerExecutableDir
toolDirectory
dummyForTestingObjectFormat
interactiveModeUnsupportedForTarget
dynamicLibrariesUnsupportedForTarget
sanitizersUnsupportedForTarget
profilingUnsupportedForTarget
kindCounter
hasEmittedStyling
jobs
needSecondsAndNanoseconds
list
outputFileMap
RawValue
RawValue
AllCases
swift
image
object
dSYM
dependencies
autolink
swiftModule
swiftDocumentation
swiftInterface
privateSwiftInterface
swiftSourceInfoFile
assembly
raw_sil
raw_sib
llvmIR
llvmBitcode
diagnostics
objcHeader
swiftDeps
remap
importedModules
jsonDependencies
jsonTargetInfo
jsonCompilerFeatures
jsonSwiftArtifacts
moduleTrace
indexData
indexUnitOutputPath
yamlOptimizationRecord
bitstreamOptimizationRecord
clangModuleMap
state
RawValue
address
thread
undefinedBehavior
fuzzer
scudo
tvOS
watchOS
macOS
device
simulator
catalyst
nonDarwin
available
unavailable
availableInAllVersions
RawValue
AllCases
triple
arch
subArch
vendor
environment
objectFormat
major
minor
micro
armeb
aarch64
aarch64e
aarch64_be
aarch64_32
bpfel
bpfeb
hexagon
mips
mipsel
mips64
mips64el
msp430
ppc64
ppc64le
r600
amdgcn
riscv32
riscv64
sparc
sparcv9
sparcel
systemz
tcele
thumb
thumbeb
x86_64
xcore
nvptx
nvptx64
le32
le64
amdil
amdil64
hsail
hsail64
spir
spir64
kalimba
shave
lanai
wasm32
wasm64
renderscript32
renderscript64
v6kz
v6t2
v7em
v7ve
v8_1a
v8_1m_mainline
v8_2a
v8_3a
v8_4a
v8_5a
v8m_baseline
v8m_mainline
apple
scei
freescale
imaginationTechnologies
mipsTechnologies
nvidia
myriad
mesa
suse
openEmbedded
ananas
cloudABI
darwin
dragonFly
freeBSD
fuchsia
kfreebsd
linux
macosx
netbsd
openbsd
solaris
win32
haiku
minix
rtems
nacl
cuda
nvcl
amdhsa
elfiamcu
tvos
watchos
mesa3d
contiki
amdpal
hermitcore
hurd
wasi
emscripten
eabihf
eabi
elfv1
elfv2
gnuabin32
gnuabi64
gnueabihf
gnueabi
gnux32
code16
android
musleabihf
musleabi
musl
msvc
itanium
cygnus
coreclr
simulator
macabi
coff
macho
wasm
xcoff
value
substring
environmentOnly
objectFormatOnly
both
fileHandle
type
relative
absolute
temporary
temporaryWithKnownContents
fileList
standardInput
standardOutput
core
uniquer
table
queue
uniqueFileCountDict
path
RawValue
cannotResolveTempPath
noCurrentWorkingDirectory
cannotResolveStandardInput
cannotResolveStandardOutput
Element
Index
Iterator
SubSequence
Indices
result
$__lazy_storage_$__count
value
signature
computedAt
builtAt
start
dependencies
_database
couldNotOpenDB
operationDidFail
unknownError
seconds
nanoseconds
length
data
impl
context
destroy_context
lookup_rule
error
device
inode
mode
size
modTime
create_task
is_result_valid
update_status
$__lazy_storage_$_keyData
internalBuildKey
weakPointer
_buildsystemInterface
_taskInterface
tool
commandWrappers
command
_command
kind
location
message
representation
handle
utime
stime
maxRSS
result
exitStatus
metrics
bindings
envp
buildFile
delegate
_system
_cEnvironment
toolWrappers
values
name
shouldShowStatus
description
verboseDescription
internalBuildValue
owned
data
item
engine
task
taskInternal
delegate
_engine
_delegate
numRules
AttachFailure
workload
argsResolver
executorDelegate
numParallelJobs
processSet
forceResponseFiles
recordedInputModificationDates
diagnosticsEngine
processType
testInputHandle
producerMap
jobs
primaryIndices
postCompileIndices
incrementalCompilationState
fileSystem
delegateQueue
jobQueue
isBuildCancelled
continueBuildingAfterErrors
context
allInputsSucceeded
allCompilationId
index
BuildValue
BuildRule
success
kind
jobExecution
RawValue
diagnosticsEngine
processSet
fileSystem
resolver
engine
delegate
errors
fileSystem
rule
data
failed
)j
)j
)j
,s
)|
)j
)j
lane:%d;command:%s
execution_queue_job
execution_queue_subprocess
lane:%d;pid:%d;utime:%llu;stime:%llu;maxrss:%ld
key:%s;kind:%d
engine_queue_item_event
key:%s
key:%llu;kind:%d
engine_task_callback
key:%llu
zPLR
zPLR
zPLR
zPLR
zPLR
zPLR
zPLR
zPLR
zPLR
zPLR
zPLR
zPLR
zPLR
zPLR
zPLR
zPLR
zPLR
zPLR
zPLR
zPLR
zPLR
zPLR
zPLR
zPLR
zPLR
zPLR
zPLR
zPLR
zPLR
zPLR
zPLR
zPLR
zPLR
zPLR
zPLR
zPLR
zPLR
zPLR
zPLR
zPLR
zPLR
zPLR
zPLR
zPLR
zPLR
zPLR
zPLR
zPLR
zPLR
zPLR
zPLR
zPLR
zPLR
zPLR
zPLR
zPLR
zPLR
zPLR
zPLR
zPLR
zPLR
zPLR
}Ut]
$o,
vRQ>
8STs
LwH'
bash
GIT_SSH_COMMAND
pkg-config
uname
-([0-9][0-9]?)
-([0-9][0-9]?)
([0-9][0-9]?)
:([0-9][0-9])
:([0-9][0-9])
(?:\.([0-9]*))?
swift-frontend
arm64_32
arm64
aarch64_32
thumb
aarch64
xcrun
-sdk
macosx
--show-sdk-path
swift-frontend
swift
swift-frontend
swift
swift-frontend
swift
xcrun
-toolchain
default
clang
-Xcc
-Xclang
-Xcc
System
iOSSupport
swift
swift
System
iOSSupport
swift
swift
iossim
tvos
tvossim
tvos
watchos
watchossim
watchos
-lobjc
-lSystem
System
iOSSupport
swift
swift
--verify
--debug-info
--eh-frame
--quiet
