mutableCopy
initWithFormat:arguments:
setObject:forKeyedSubscript:
stringWithUTF8String:
numberWithInt:
errorWithDomain:code:userInfo:
userInfo
objectForKeyedSubscript:
domain
code
isEqualToString:
dataWithContentsOfURL:options:error:
propertyListWithData:options:format:error:
class
dataWithPropertyList:format:options:error:
writeToURL:options:error:
MI_writeToURL:format:options:error:
MI_dictionaryWithContentsOfURL:options:error:
isKindOfClass:
initWithBytes:length:encoding:
lastPathComponent
fileURLWithFileSystemRepresentation:isDirectory:relativeToURL:
URLByAppendingPathComponent:isDirectory:
defaultManager
itemIsFileAtURL:error:
path
dictionaryWithDictionary:
removeObjectForKey:
dictionaryWithContentsOfURL:
isEqual:
itemExistsAtURL:error:
pathExtension
enumerateURLsForItemsInDirectoryAtURL:ignoreSymlinks:withBlock:
createDirectoryAtURL:withIntermediateDirectories:mode:error:
URLByAppendingPathComponent:
copyItemAtURL:toURL:error:
itemDoesNotExistAtURL:
arrayWithObjects:count:
setWithArray:
itemExistsAtURL:
count
copyItemIfExistsAtURL:toURL:error:
stringWithFormat:
fileSystemRepresentation
arrayWithCapacity:
setWithCapacity:
addObjectsFromArray:
countByEnumeratingWithState:objects:count:
addObject:
copy
removeItemAtURL:keepParent:error:
createDirectoryAtURL:withIntermediateDirectories:mode:class:error:
containsString:
_copyItemAtURL:toURL:failIfSrcMissing:alwaysClone:error:
removeItemAtURL:error:
_moveItemAtURL:toURL:failIfSrcMissing:error:
dictionaryWithObjects:forKeys:count:
_bulkSetPropertiesForPath:existingFD:UID:GID:mode:flags:dataProtectionClass:removeACL:error:
moveItemAtURL:toURL:error:
URLByDeletingLastPathComponent
enumerateKeysAndObjectsUsingBlock:
bulkSetPropertiesForPath:UID:GID:mode:flags:dataProtectionClass:removeACL:error:
stageURLByMoving:toItemName:inStagingDir:settingUID:gid:dataProtectionClass:hasSymlink:error:
_stageURLByCopying:toItemName:inStagingDir:stagingMode:settingUID:gid:hasSymlink:error:
realPathForURL:ifChildOfURL:
stringWithFileSystemRepresentation:length:
fileURLWithPath:
_itemIsType:withDescription:atURL:error:
fileHandleForReadingFromURL:error:
readDataUpToLength:error:
readDataOfLength:
description
null
objectAtIndexedSubscript:
moveItemIfExistsAtURL:toURL:error:
pathComponents
subarrayWithRange:
fileURLWithPathComponents:
_realPathForURL:allowNonExistentPathComponents:
pathWithComponents:
_realPathWhatExistsInPath:
hasPrefix:
length
substringFromIndex:
containsObject:
_validateSymlink:withStartingDepth:andEndingDepth:
stringByDeletingLastPathComponent
stringByAppendingPathComponent:
UTF8String
initWithData:encoding:
_markEAFlag:forAppIdentifier:insecurelyCachedOnBundle:error:
_insecureCachedAppIdentifierIfMarkedWithEAFlag:bundleURL:allowPlaceholders:error:
unsignedLongLongValue
numberWithUnsignedLongLong:
bytes
_setData:forExtendedAttributeNamed:onURL:orFD:error:
dataWithLength:
mutableBytes
_dataForExtendedAttributeNamed:length:onURL:orFD:error:
hashTableWithOptions:
dateWithTimeIntervalSince1970:
initWithFormat:
appendFormat:
upToFirstFourBytesFromURL:error:
aclTextFromURL:error:
appendString:
extendedAttributesFromURL:error:
copyItemAtURL:toURL:alwaysClone:error:
createTemporaryDirectoryInDirectoryURL:error:
_removeACLAtPath:isDir:error:
bulkSetPropertiesForPath:withOpenFD:UID:GID:mode:flags:dataProtectionClass:removeACL:error:
stageURL:toItemName:inStagingDir:stagingMode:settingUID:gid:hasSymlink:error:
standardizeOwnershipAtURL:toUID:GID:removeACLs:setProtectionClass:foundSymlink:error:
validateSymlinksInURLDoNotEscapeURL:error:
traverseDirectoryAtURL:withBlock:
urlsForItemsInDirectoryAtURL:ignoringSymlinks:error:
createSymbolicLinkAtURL:withDestinationURL:error:
destinationOfSymbolicLinkAtURL:error:
itemIsSymlinkAtURL:error:
itemIsDirectoryAtURL:error:
dataProtectionClassOfItemAtURL:class:error:
setDataProtectionClassOfItemAtURL:toClass:ifPredicate:error:
setOwnerOfURL:toUID:gid:error:
setPermissionsForURL:toMode:error:
captureStoreDataFromDirectory:toDirectory:doCopy:failureIsFatal:withError:
markBundleAsPlaceholder:withError:
bundleAtURLIsPlaceholder:
clearPlaceholderStatusForBundle:withError:
setAppClipAppIdentifier:insecurelyCachedOnBundle:error:
insecureCachedAppIdentifierIfAppClipForBundle:error:
setValidatedByFreeProfileAppIdentifier:insecurelyCachedOnBundle:error:
insecureCachedAppIdentifierIfValidatedByFreeProfileForBundle:error:
setInstallType:inExtendedAttributeOnBundle:error:
installTypeFromExtendedAttributeOnBundle:error:
setData:forExtendedAttributeNamed:onURL:error:
setData:forExtendedAttributeNamed:onFD:fdLocation:error:
dataForExtendedAttributeNamed:length:fromURL:error:
dataForExtendedAttributeNamed:length:fromFD:fdLocation:error:
diskUsageForURL:
setModificationDateToNowForURL:error:
modificationDateForURL:error:
debugDescriptionForItemAtURL:
dataWithBytesNoCopy:length:freeWhenDone:
stringWithFileSystemRepresentation:
initWithContentsOfURL:options:error:
boolValue
allObjects
%d: %@ (%@:%ld %@)
%d: %@
PercentComplete
InstalledAppInfoArray
UninstalledAppInfoArray
UninstallParallelPlaceholder
MobileInstallationDemotionCompleteNotification
MobileInstallationDemotionCompleteErrorOccurred
CreatePlaceholderOption
MaxWKVersion
DiskUsageBytes
Unknown Process Name
Info.plist
Error :Info.plist missing at %@
Error :Expected Info.plist file at %@ but found something else: %@
Error :Error when introspecting %@ : %@
Failed to create CFBundle from URL %@
Failed to get filtered Info.plist with keys %@ from bundle %@
Object returned from _CFBundleCreateFilteredInfoPlist was not a dictionary, was type %@
CFBundleGetInfoDictionary failed for bundle %@
CFBundleInfoPlistURL
Failed to write current build info to %@ : %@
Notice :Recorded current system version as %@ (%@)
ReleaseType
Notice :Did not find last build info; we must be upgrading from pre-8.0 or this is an erase install.
Could not get build version from last build info dictionary; assuming this is an upgrade
Could not get current build info; assuming this is an upgrade
Could not get current build string; assuming this is an upgrade
Notice :Current build version (%@ / %@) equal to last version recorded (%@ / %@); skipping upgrade
Notice :Detected upgrade from %@ (%@) to %@ (%@)
help
watch
version
hiwv
Could not determine if icon tool exists at %@: %@
Could not determine if combo app asset exists at %@: %@
Could not determine if output directory exists at %@: %@
Must specify either ios or watch placeholder type
Please specify only one placeholder type, not both
Failed to create iOS placeholder for app at %@: %@
Failed to create watch placeholder for app at %@: %@
error spawning %s
error waiting for %s : %s
Watch
Failed to create watch placeholder from app at %@: %@
c20@?0@"NSURL"8C16
com.apple.mobileinstallation.companion_placeholder
com.apple.WatchPlaceholder
Failed to create placeholder directory: %@
Failed to create watch app placeholder directory: %@
Failed to copy Info.plist to placeholder: %@
Failed to copy plugins in %@: %@
PlugIns
Failed to create plugin placeholder directory: %@
appex
Failed to create plugin placeholder at %@: %@
CFBundleIcons
CFBundleIcons~iphone
CFBundlePrimaryIcon
CFBundleIconName
CFBundleIconFiles
CFBundleIconFile
No icons found for app %@
lproj
Failed to create destination lproj directory at "%@": %@
InfoPlist.strings
Failed to copy InfoPlist.strings from "%@" to "%@": %@
Encountered error while enumerating %@ to copy strings: %@
Assets.car
Failed to copy Assets.car from "%@" to "%@": %@
Using %s to strip Assets.car to icons
%@,%@
Did not find any icon names in Info.plist to strip Assets.car
--preserve-assets-named
spawnAndWaitForCommand exited with code: %d
CFBundleIconFile~iphone
Failed to copy icon from "%@" to "%@": %@
%@.png
%@@2x.png
%@@3x.png
Usage: placeholderutil [options] <placeholder type> <icon tool path> <combo app path> <output directory>
       <placeholder type> : --ios/-i OR --watch/-w, specifying a placeholder type to generate
       <icon tool path>   : path to assetutil or carutil to pick icons from Assets.car
       <combo app path>   : path to iOS app with embedded watch app
       <output directory> : path to destination directory for resulting placeholder
Options:
--version, -v     Print placeholderutil version number.
Failed to allocate a continuation!
Failed to allocate an attribute buffer!
TraverseDirectoryWithPostTraversal
Attempted to iterate directories starting at a path that was too long: %s
Failed to create a continuation
Failed to locate an attrBuf
Failed to find a candidate buffer to scavenge!
_CallBlockForBaseItem
fgetattrlist for %s failed: %s
Failed to locate last path element in %s
_GetContinuationFD
Failed to open %s : %s
Error :skipping mount point or trigger at %s/%s
_ProcessContinuation
Internal error: totalProcessedEntryCount (%u) was less than reprocessCount (%u)
Read entry length %u for entry %hu but that put us off the end of the buffer
Entry %hu in %s did not include name information even though we requested it.
got error while processing entry %hu in %s : %s
Could not append element "%s" of length %zd to path "%s" because it would make the path longer than MAXPATHLEN
_PopulateAttrBuf
getattrlistbulk failed on entry %u in %s : %s
MIInstallerErrorDomain
FunctionName
SourceFileLine
PathArgument
LibMISErrorNumber
-[MIFileManager removeItemAtURL:keepParent:error:]
nil url passed to -removeItemAtURL:error:
removefile_state_set REMOVEFILE_STATE_ERROR_CALLBACK failed: %s
removefile_state_set REMOVEFILE_STATE_ERROR_CONTEXT failed: %s
removefile of %@ failed: %s
-[MIFileManager createDirectoryAtURL:withIntermediateDirectories:mode:class:error:]
mkpath_np of %@ failed: %s
mkdir of %@ failed: %s
-[MIFileManager _copyItemAtURL:toURL:failIfSrcMissing:alwaysClone:error:]
stat of %@ failed: %s
destination %@ exists and is a directory
copyfile of %@ to %@ failed: %s
-[MIFileManager _moveItemAtURL:toURL:failIfSrcMissing:error:]
rename of %@ to %@ failed: %s
/Library/ApplicationBackups
/System/Library/AppPlaceholders
Failed to remove move source after copy at %@ : %@
temp.XXXXXX
-[MIFileManager createTemporaryDirectoryInDirectoryURL:error:]
Failed to create temp dir at path %s
-[MIFileManager _removeACLAtPath:isDir:error:]
acl_init() failed: %s
Failed to remove ACL
opendir of %s failed: %s
dirfd of %s failed: %s
Failed to set ACL on dir %s: %s
open of %s failed: %s
Failed to set ACL on %s: %s
-[MIFileManager _bulkSetPropertiesForPath:existingFD:UID:GID:mode:flags:dataProtectionClass:removeACL:error:]
acl_copy_ext_native returned size %zd which was more than we had allocated (%zd)
setattrlist failed for file %s
B24@?0^{?=Qq*Q*QQIIIIIISBC}8^B16
-[MIFileManager stageURLByMoving:toItemName:inStagingDir:settingUID:gid:dataProtectionClass:hasSymlink:error:]_block_invoke
Failed to move clone replaced file from %@ to %@
Notice :Failed to unlink temporary directory at %s : %s
v32@?0@"NSURL"8@"NSURL"16^c24
-[MIFileManager _stageURLByCopying:toItemName:inStagingDir:stagingMode:settingUID:gid:hasSymlink:error:]
Staging destination path was too long: %s (%zu)
Notice :Preserving compressed bit on %s
-[MIFileManager _stageURLByCopying:toItemName:inStagingDir:stagingMode:settingUID:gid:hasSymlink:error:]_block_invoke
mkdir failed for %s: %s
LegacyErrorString
StageCreationFailed
Failed to mkdir %s
copyfile after clonefile failed for %s to %s: %s
Failed to copyfile %s to %s
clonefile failed for %s to %s: %s
Failed to clonefile %s to %s
copyfile failed for %s to %s: %s
link failed for %s to %s: %s
Failed to link %s to %s
Unexpected staging mode: %d
readlink failed for %s: %s
Failed to readlink %s
symlink failed for %s -> %s: %s
Failed to symlink %s -> %s
Unknown filesystem object type %u encountered at %s
B16@?0r*8
-[MIFileManager validateSymlinksInURLDoNotEscapeURL:error:]_block_invoke
InvalidSymlink
invalid symlink at %s
Error :Ignoring symlink at %s
-[MIFileManager urlsForItemsInDirectoryAtURL:ignoringSymlinks:error:]_block_invoke
Failed to create URL for %s
-[MIFileManager createSymbolicLinkAtURL:withDestinationURL:error:]
Could not create symlink containing %s at %s: %s
-[MIFileManager destinationOfSymbolicLinkAtURL:error:]
Could not readlink %s : %s
Failed to determine if %@ exists: %s
-[MIFileManager itemExistsAtURL:error:]
lstat of %s failed: %s
-[MIFileManager _itemIsType:withDescription:atURL:error:]
%s is not a %@ (mode 0%ho)
Failed to stat %s : %s
regular file
symlink
directory
-[MIFileManager upToFirstFourBytesFromURL:error:]
Failed to read data: %@
-[MIFileManager aclTextFromURL:error:]
Could not get ACL for file %@: %s
Could not read ACL text for file %@: %s
-[MIFileManager extendedAttributesFromURL:error:]
Failed to open %@: %s
Could not get the length for extended attribute list for %@: %s
No extended attributes found on %@
Failed to malloc %zd bytes for extended attribute list for %@: %s
Could not get extended attribute list for %@: %s
Extended attribute list for %@ returned length 0, expected length %zd
Failed to get data for EA key "%@": %@
-[MIFileManager dataProtectionClassOfItemAtURL:class:error:]
Failed to getclass of file %s: %s
-[MIFileManager setDataProtectionClassOfItemAtURL:toClass:ifPredicate:error:]
Failed to setclass(%d) on file %s: %s
-[MIFileManager setOwnerOfURL:toUID:gid:error:]
Failed to lchown %s : %s
-[MIFileManager setPermissionsForURL:toMode:error:]
Failed to lchmod %s : %s
Manifest.plist
iTunesArtwork
iTunesMetadata.plist
GeoJSON
ManifestCaptureFailed
iTunesArtworkCaptureFailed
iTunesMetadataCaptureFailed
GeoJSONCaptureFailed
CompanionPlaceholderCaptureFailed
-[MIFileManager captureStoreDataFromDirectory:toDirectory:doCopy:failureIsFatal:withError:]
Failed to copy %@ to %@
Failed to move %@ to %@
Error :Realpathed %@ ; appending non-existing components %@
Failed to realpath %s : %s at %s
The base path %@ and/or suspicious path %@ were nil
/private/
/private
Suspicious path %@ does not contain base path %@ as a prefix
The suspicious path %@ contains '..' paths, which are invalid
Readlink failed: %s
Rejecting %@ -> %s, as absolute symlinks are not allowed
Failed to retrieve depth of %@
Rejecting %@ -> %@, as it is points outside or to the base %@
Failed to retrieve realpath for base path %@ 
Failed to retrieve realpath for suspicious path %@
Rejecting %@ with base %@ because real component counts don't make sense (reals %@ ; %@)
private
Rejecting %@ with base %@ because base component count is greater than child component count (reals %@ ; %@)
Rejecting %@ with base %@ (reals %@ ; %@) because components diverge at %@ != %@
com.apple.installd.placeholder
-[MIFileManager markBundleAsPlaceholder:withError:]
setxattr for %s on %s failed
Could't set placeholder EA on "%s": %s
-[MIFileManager clearPlaceholderStatusForBundle:withError:]
removexattr on %s for %s failed
Could't remove placeholder EA on "%s"
-[MIFileManager _markEAFlag:forAppIdentifier:insecurelyCachedOnBundle:error:]
Attempted to set a zero-length or nil app identifier on "%s"
Couldn't open bundle "%s" for setting extended attributes: %s
Couldn't set %s EA on "%s": %s
com.apple.installd.appIdentifier
Couldn't set app identifier EA on "%s": %s
Failed to clean up %s EA on "%s": %s
-[MIFileManager _insecureCachedAppIdentifierIfMarkedWithEAFlag:bundleURL:allowPlaceholders:error:]
Attr named %s not present on %@
Couldn't get %s EA from "%s": %s
%s EA was not set to expected value from "%s"
Not allowed to mark placeholder as validatedByFreeProfile for %@
Couldn't get appIdentifier EA from "%s"
Failed to convert app identifier EA data (%@) to string from "%s"
com.apple.installd.appclip
com.apple.installd.validatedByFreeProfile
com.apple.installd.installType
-[MIFileManager setInstallType:inExtendedAttributeOnBundle:error:]
Couldn't set installType EA on "%s": %s
-[MIFileManager installTypeFromExtendedAttributeOnBundle:error:]
Install type extended attribute not found on %@
Couldn't get installType EA from "%s": %s
getxattr for installType EA on %s returned %zd (expected %zu)
-[MIFileManager _setData:forExtendedAttributeNamed:onURL:orFD:error:]
Attempted to set nil data on "%s" for EA named %s
[f]setxattr failed for path %s fd %d
Failed to set EA named %s on "%s": %s
-[MIFileManager _dataForExtendedAttributeNamed:length:onURL:orFD:error:]
Attr named %s not present on "%s"
[f]getxattr failed for path %s fd %d
Couldn't get install session UUID from EA named %s on "%s": %s
getxattr for EA named %s on "%s" returned %zd (expected %zu)
Error :Skipping hardlinked file at %s
Error returned while calculating size under %@ : %@
-[MIFileManager setModificationDateToNowForURL:error:]
open() failed for %@: %s
futimes() failed for %@: %s
-[MIFileManager modificationDateForURL:error:]
lstat() failed for %@: %s
Extra info about "%@": 
Couldn't stat %@: %s
dev=%d ino=%llu mode=0%ho nlink=%hu uid=%u gid=%u rdev=%d size=%lld atime=%lf mtime=%lf ctime=%lf birthtime=%lf blksize=%d blocks=%lld flags=0x%x 
Failed to get bytes at beginning of %@: %@
firstBytes=%@ 
ACL=<not found> 
Failed to get ACL: %@
ACL={ %@ } 
extendedAttributes=<not found> 
Failed to get list of extended attributes: %@
extendedAttributes=%@ 
plist
Could not extract dictionary from %@: %@
keyCount=%lu 
keySample={ 
removefile hit error for %s : %s
removefile hit error for %s but we failed to get the error number
_StageURLByMovingProcessItem
Notice :File %s is multiply linked; cloning
Notice :File %s has open file descriptors; cloning
FSIOC_FD_ONLY_OPEN_ONCE returned unexpected result %d errno %d (%s) for path %s
_dataForEAKey
Could not get data length for extended attribute key %s: %s
Data for extended attribute key %s was empty
Data length is more than 4 KB for extended attribute key %s: length is %zd bytes
Failed to malloc %zd bytes for extended attribute key %s: %s
Data for key %s returned length 0, expected length %zd
Rejecting "%s" because its realpath "%@" points outside or to the base %@
HOME
$HOME not set, falling back to using getpwuid
TMPDIR
DARWIN_CACHE_DIR
MILoadFilteredPlist
Failed to read plist from %@
Failed to decode plist from %@
Object returned from _CFPropertyListCreateFiltered was not a dictionary, was type %@
MICreateSHA256Digest
Failed to stat path %s : %s
Failed to read %@. Error: %@
B24@?0*8Q16
Failed to read %@
v8@?0
failed to open %s : %s
failed to stat %s : %s
malloc failed for %ld bytes: %s
read failed for %s : %s
read failed for %s, got %lld bytes
0123456789abcdef
v32@?0@8@16^c24
__isPlatformOrVariantPlatformVersionAtLeast
os_version_check.c
Platform2 == PLATFORM_MACOS && "unexpected platform"
_availability_version_check
kCFAllocatorNull
CFDataCreateWithBytesNoCopy
CFPropertyListCreateWithData
CFPropertyListCreateFromXMLData
CFStringCreateWithCStringNoCopy
CFDictionaryGetValue
CFGetTypeID
CFStringGetTypeID
CFStringGetCString
CFRelease
/System/Library/CoreServices/SystemVersion.plist
ProductVersion
%d.%d.%d
MobileInstallationAdditions
MIFileManager
c48@0:8@16Q24Q32^@40
@40@0:8@16Q24^@32
@16@0:8
c32@0:8@16^@24
c36@0:8@16c24^@28
c44@0:8@16c24S28i32^@36
c40@0:8@16c24S28^@32
c48@0:8@16@24c32c36^@40
c44@0:8@16@24c32^@36
c40@0:8@16@24^@32
@32@0:8@16^@24
c36@0:8r*16c24^@28
c60@0:8r*16i24I28I32S36I40i44c48^@52
c56@0:8r*16I24I28S32I36i40c44^@48
c68@0:8@16@24@32I40I44i48^c52^@60
c68@0:8@16@24@32i40I44I48^c52^@60
c56@0:8@16I24I28c32c36^c40^@48
@36@0:8@16c24@?28
@32@0:8@16@?24
@36@0:8@16c24^@28
c24@0:8@16
c44@0:8S16@20@28^@36
c40@0:8@16^i24^@32
c44@0:8@16i24@?28^@36
c40@0:8@16I24I28^@32
c36@0:8@16S24^@28
@24@0:8@16
@28@0:8@16c24
c36@0:8@16I24^I28
@32@0:8@16@24
c48@0:8r*16@24@32^@40
@44@0:8r*16@24c32^@36
c52@0:8@16@24@32i40^@44
c48@0:8@16@24@32^@40
c52@0:8@16@24i32@36^@44
@52@0:8@16Q24@32i40^@44
@48@0:8@16Q24@32^@40
@52@0:8@16Q24i32@36^@44
Q24@0:8@16
Failed to get home dir path size: %s
getpwnam_r failed for user %s : %s
Failed to get passwd entry for uid %u: error = %d (%s)
failed to resolve user's home directory: error = %d (%s)
Failed to initialize temporary directory: error = %d (%s)
Temporary directory path "%s" was truncated and can't be initialized
failed to resolve temporary directory: error = %d (%s)
Failed to initialize cache directory: error = %d (%s)
Cache directory path "%s" was truncated and can't be initialized
failed to resolve cache directory: error = %d (%s)
Failed to enter sandbox: %s
Exception raised: %@
zPLR
zPLR
zPLR
zPLR
