i24@?0r^^{_ftsent}8r^^{_ftsent}16
hardlink_copy_hierarchy
MIInstallerDeltaErrorDomain
fts_open of %s failed: %s
realpath of '%s' failed at element '%s': %s
Failed to open manifest %s
Failed to read first manifest command
Destination path was too long
Failed to realpath parent of %s
Entity exists at %s but it's not a directory
Command '%c' with path %s matched relpath %s
Failed to make dest path for symlink %s
Entity with mode 0%o exists at symlink location in dest path %s
Copying symlink %s to %s
Failed to copy symlink %s to %s
Failed to make dest path for file %s
Entity does not exist at file location in dest path %s
%s.XXXXXX
failed to make newfile path: %s.XXXXXXX
mktemp failed for %s : %s
patch_file failed for:
chmod failed for %s : %s
rename of %s to %s failed: %s
Skipping link creation for %s
Entity with mode 0%o exists at file location in dest path %s
Hardlinking %s to %s
link of %s to %s failed: %s
copyfile of %s to %s failed: %s
Failed to skip directory %s: %s
Skipping directory %s
Failed to make dest path for directory %s
Non-directory entity with mode 0%o exists at directory location in dest path %s
Making directory %s
mkdir of '%s' failed: %s
Failed to make destination directory "%s" writable: %s
Setting final perms of %s to 0%o
chmod of '%s' failed: %s
Skipping post-traversal directory fixup for entity type 0%o at path %s
FTS in %s returned an error %d for path '%s'
Failed to read next manifest command
Hit EOF so terminating manifest processing
Got done processing bundle but there were still commands remaining in manifest.
FunctionName
SourceFileLine
_CreateAndLogDMError
open_delta_manifest
Could not open %s: %s
Could not stat %s: %s
Failed to map file at %s; error %s
madvise failed: %s
Failed to allocate command stream object
Invalid manifest file at %s
validate_stream
Failed to read magic
Stream had invalid magic: %s
Failed to read version from manifest header
Manifest had invalid version: %ld; expected 1, 2, or 3
Failed to read manifest source version
%s %s
Incoming expected source version string "%s %s" was too long
Got manifest for version "%s", but expected version "%s"
compare of info plist hash failed
expected_infoplisthash is NULL
Failed to read stream
read_string_to_terminator
delta_update.c
stream->currentStreamOffset < stream->streamLength
validate_supported_devices
Failed to malloc buffer for line
Failed to read supported devices from stream
Existing app lists supported devices but there were none in the manifest
Failed to create patch supported devices string
Failed to split patch supported devices string
Target app had no supported devices but patch did: %@
Expected supported devices had devices that were not in patch: %@
Patch listed devices that were not in expected supported devices: %@
read_next_manifest_command
Failed to read command from manifest
Stream had invalid command: %hhu
Failed to read arg1 of command %hhu
Failed to read arg2 of command %hhu
Invalid touch time "%s" found for path "%s"
Got malformed EOF marker
read_bytes
Expected to read %ld bytes but stream didn't have that many
realpath_parent_no_symlink
Failed to find parent of '%s'
Path was too long
Found symlink at destination path "%s"; this is not allowed.
make_and_check_dest_path
%s/%s
Dest path '%s/%s' was too long
realpath'd destpath '%s' is different from non-realpath '%s'
_copy_symlink
Can't read symlink %s: %s
Can't create symlink %s: %s
MISErrorStringForMISError not supported on this platform; returning raw error: 0x%x
%d: %@ (%@:%ld %@)
%d: %@
-[MILaunchServicesDatabaseGatherer initWithOptions:enumerator:]
Updating plugin containers with their parent bundle ID
+[MILaunchServicesDatabaseGatherer enumeratePluginKitPluginsInBundle:updatingPluginParentID:ensurePluginsAreExecutable:installProfiles:error:enumerator:]
Failed to get plugin bundles for bundle %@ : %@
Ignoring plugin at %@ due to validation issue(s). See previous log messages for details.
Failed to get plugin data container for plugin %@ in bundle %@ : %@
Failed to make plugin %@ executable: %@
Failed to gather launch services info for plugin %@ in bundle %@ : %@
+[MILaunchServicesDatabaseGatherer entryForBundle:inContainer:withError:]
Failed to get data container for containerized system app %@ : %@
Failed to gather launch services info for %@ : %@
+[MILaunchServicesDatabaseGatherer fetchInfoForBundle:inContainer:withError:]_block_invoke
PluginKit plugin with identifier %@ already found at path %@; ignoring discovered plugin at %@
Path
v24@?0@"NSString"8@"NSDictionary"16
-[MILaunchServicesDatabaseGatherer _scanPluginsInBundle:inBundleContainer:withError:]_block_invoke
PluginKit plugin with identifier %@ already located; keeping that instead of new one found at %@
ApplicationType
System
CoreServices
User
Internal
PluginKitPlugin
VPNPlugin
Framework
SystemAppPlaceholder
-[MILaunchServicesDatabaseGatherer _setForEntry:]
Can't figure out set for app type %@
-[MILaunchServicesDatabaseGatherer _scanBundle:inContainer:addingToBundleSet:enumeratingEntry:withError:]
Already have entry for app %@; keeping it instead of %@
-[MILaunchServicesDatabaseGatherer scanExecutableBundle:inContainer:withError:]
Could not find appropriate set for app %@
-[MILaunchServicesDatabaseGatherer performGatherWithError:]
Updated plugin containers with parent bundle IDs
com.apple.installd
Signpost
-[MICodeSigningInfo initWithDictionaryRepresentation:fromSource:]
Dictionary parameter was nil or not a dictionary
SigningInfoSource
Derived profile validation type %lu does not match the corresponding code signer type %lu
SignerIdentity
SignerOrganization
CodeInfoIdentifier
TeamIdentifier
SignatureVersion
com.apple.MobileContainerManager.Entitlements
ProfileType
CodeSignerType
AdHocSigned
ValidatedByProfile
ValidatedByUPP
ValidatedByFreeProfile
com.apple.MobileInstallationHelperService
-[MIHelperServiceClient _remoteObjectProxyWithErrorHandler:]
Failed to get XPC connection
-[MIHelperServiceClient _synchronousRemoteObjectProxyWithErrorHandler:]
-[MIHelperServiceClient wipeStagingRootWithError:]_block_invoke
Failed to setup remote proxy
v16@?0@"NSError"8
-[MIHelperServiceClient stageItemAtURL:options:containedSymlink:error:]_block_invoke
v28@?0@"NSURL"8B16@"NSError"20
-[MIHelperServiceClient createSafeHarborWithIdentifier:containerType:andMigrateDataFrom:withError:]_block_invoke
com.apple.mobile.installation
InstallQOSOverride
unspecified
interactive
-[MIDaemonConfiguration init]
InstallQOSOverride pref set: installations will always occur at QOS_CLASS_USER_INTERACTIVE
initiated
InstallQOSOverride pref set: installations will always occur at QOS_CLASS_USER_INITIATED
default
InstallQOSOverride pref set: installations will always occur at QOS_CLASS_DEFAULT
utility
InstallQOSOverride pref set: installations will always occur at QOS_CLASS_UTILITY
background
InstallQOSOverride pref set: installations will always occur at QOS_CLASS_BACKGROUND
Unknown QOS class value specified: %@; ignoring
SkipDeviceFamilyCheck
Skipping device family check because of a set default
SkipThinningCheck
Skipping device thinning check because of a set default
AllowPatchInstallationWithoutSinf
Allowing patch installation without sinf present in options
SimultaneousInstallsNumber
Setting simultaneous installations allowed to %ld
UpdatedPluginContainersWithParentIDWithSafeHarborFix
-[MIDaemonConfiguration diskImageApplicationsDirectories]
returning: %@
-[MIInstallableParallelPlaceholder performInstallationWithError:]
Installing parallel placeholder
InstallingApplication
com.apple.mobileinstallation.placeholder
LegacyErrorString
ApplicationMoveFailed
Could not create placeholder URL for %@
Could not move %@ to %@
Unknown client
%@ (pid %d (%u/%u))
-[MIClientConnection sendProgressWithDictionary:]_block_invoke
Failed to send progress: %@
-[MIClientConnection sendProgressWithDictionary:]
Failed to send progress; the connection has gone invalid.
Status
PercentComplete
-[MIClientConnection sendDelegateMessagesComplete]_block_invoke
Failed to send delegateMessageDeliveryComplete : %@
Customer
PackageType
LSInstallType
-[MIClientConnection _doInstallationForURL:withOptions:completion:]
Install of "%@" type %@ (LSInstallType = %@) requested by %@
APIInternalError
Failed to create installer for %@
Failed to get receipt after installing %@
Returning dictionary %@
Got exception: %@ : %@
com.apple.installd.installation-for-url-complete
-[MIClientConnection installURL:withOptions:completion:]
Options provided was not a dictionary
AllowInstallLocalProvisioned
LinkedParentBundleID
Failed to query test mode with %@
CarrierBundle
Installation of carrier bundles is now handled directly through CoreTelephony.
MissingPackagePath
URL provided to install was not a URL or was nil
com.apple.installd.install-url
com.apple.installd.install-url-error
com.apple.installd.install-url-complete
-[MIClientConnection revertIdentifier:withOptions:completion:]
Identifier provided to revert was not a string or was nil
Revert of "%@" requested by %@ with options %@
com.apple.installd.revert-complete
-[MIClientConnection uninstallIdentifiers:withOptions:completion:]
MissingApplicationIdentifier
Identifers provided was not an array of strings
Uninstall requested by %@ for identifier %@ with options: %@
Uninstall requested by %@ for identifiers %@ with options: %@
Failed to create uninstaller for %@
Failed to get receipt after uninstalling %@
com.apple.installd.uninstall-identifiers-complete
-[MIClientConnection lookupUninstalledWithOptions:completion:]
Lookup uninstalled requested by %@ with options %@
Lookup failed
LookupFailed
-[MIClientConnection clearUninstalledIdentifiers:withOptions:completion:]
Clear uninstalled identifiers requested by %@ with options %@ : %@
-[MIClientConnection lookupSystemAppStateWithOptions:completion:]
Lookup system app state requested by %@ with options %@
RestoreBackupAppState
-[MIClientConnection updateSystemAppStateForIdentifier:appState:completion:]
bundleID parameter was not a string
Unknown value for appState key : %lu
Update system app state for %@ to %lu (requested by %@)
-[MIClientConnection fetchInfoForFrameworkAtURL:options:completion:]
frameworkBundleURL parameter was not a valid url
options parameter was not a dictionary
Fetch framework info at %@ requested by %@ with options %@
-[MIClientConnection fetchInfoForFrameworkAtURL:options:completion:]_block_invoke
-[MIClientConnection fetchInfoForContainerizedAppWithBundleID:options:completion:]
Got fetch info for containerized app %@ request from client %@
Failed to find bundle in bundle container %@ for %@
-[MIClientConnection _validateArgsForMethodWithName:bundleIdentifier:data:optionalOptions:error:]
Parameter validation failed for: %s, bundleIdentifier parameter was not a string
Parameter validation failed for: %s, data parameter was not a data object
Parameter validation failed for: %s, options parameter was not a dictionary
-[MIClientConnection updateSinfForLSWithIdentifier:withOptions:sinfData:completion:]
Update sinf requested by client %@ for identifier %@ with options %@
Sinf update failed: %@
UpdateSinf result: %@
-[MIClientConnection updateiTunesMetadataForLSWithIdentifier:options:plistData:completion:]
Update iTunesMetadata requested by client %@ for identifier %@ with options %@
-[MIClientConnection fetchDiskUsageForIdentifiers:withOptions:completion:]
Fetch disk usage requested by %@ with options %@ for identifiers %@
-[MIClientConnection processRestoredContainerWithIdentifier:ofType:options:completion:]
Identifier parameter was not a string
Container type parameter did not correspond to a defined container content class.
Options parameter was not a dictionary
Process restored container requested by client %@ for identifier %@ of type %ld with options %@
Process Restored Container failed: %@
com.apple.installd.process-restored-container-complete
-[MIClientConnection registerSafeHarborAtPath:forIdentifier:ofType:withOptions:completion:]
Path parameter was not a string
Register safe harbor requested by client %@ for path %@, identifier %@ of type %ld, with options %@
Register Safe Harbor failed: %@
-[MIClientConnection removeSafeHarborForIdentifier:ofType:withOptions:completion:]
Remove safe harbor requested by client %@ for identifier %@ of type %ld with options %@
Remove Safe Harbor failed: %@
-[MIClientConnection listSafeHarborsOfType:withOptions:completion:]
List safe harbor requested by client %@ for type %ld with options %@
CopySafeHarbors failed: %@
-[MIClientConnection checkCapabilities:withOptions:completion:]
CapabilitiesMatch
MismatchedCapabilities
Bogus Capabilities Key
Double-check Info.plist format
SPI failed
-[MIClientConnection updatePlaceholderMetadataForApp:installType:failureReason:underlyingError:failureSource:completion:]
Update placeholder metadata requested by client %@ for app %@ installType = %lu failureReason = %lu underlyingError = %@ failureSource = %lu
-[MIClientConnection getAppMetadataForApp:completion:]
Get app metadata requested by client %@ for app %@
Failed to save bundle metadata for %@. Error: %@
Failed to calculate hash on watchkit app executable for %@. Error: %@
-[MIClientConnection setSystemAppMigrationComplete:]
Set SystemAppMigrator complete requested by client %@
-[MIClientConnection waitForSystemAppMigratorToComplete:]
SystemAppMigration finished callback registered by client %@
-[MIClientConnection systemAppMigratorHasCompleted:]
Get SystemAppMigrator complete requested by client %@
-[MIClientConnection dieForTesting]
Unit test client %@ requested that installd exit. Exiting.
-[MIClientConnection setTestFlags:withCompletion:]
Can't set test flags because installd is not in test mode.
-[MIClientConnection clearTestFlags:withCompletion:]
Can't clear test flags because installd is not in test mode.
com.apple.mobileinstallation.enumeration
IsOnMountedDiskImage
_DoEnumerationOfInstalledAppsWithOptions_block_invoke_2
Failed to call enumerator callback: %@
v24@?0@"NSDictionary"8@"NSError"16
LastLaunchServicesMap.plist
_DoEnumerationOfInstalledAppsWithOptions
Enumerate installed apps requested by %@ with options %@
UserRequestedAppDBRebuild
Error clearing containermanagerd's cache: %llu
OnlyScanPluginsUnderFrameworks
Only scanning plugins in frameworks
com.apple.installd.enumerate-installed-apps-complete
_DoEnumerationOfInstalledAppsWithOptions_block_invoke
Enumerate installed apps complete for %@ with options %@
-[MIInstaller _takeOwnershipOfInstallableContainingSymlink:error:]
Failed to transfer ownership of path %@ to installd
Helper returned error %@
-[MIInstaller _setupPackageStateWithError:]
Can't stat %s: %s
PackageInspectionFailed
Archive we've been requested to install at %s is an incomplete download.
PackageExtractionFailed
Archive we've been requested to install at %s is 0 bytes. That can't be a valid ipa.
Archive at %s doesn't appear to be a zip archive
Payload
AssetData
Unrecognized package file type 0%o
Failed to get staging root path
extracted
-[MIInstaller _extractPackageContainedSymlink:withError:]
Failed to extract archive at %@ to %@ : %@
Failed to remove input archive %@ : %@
Failed to standardize permissions on extracted archive: %@
.app
Failed to make app parent directory %@ : %@
Moving %@ to %@
Failed to move %@ to %@
com.apple.deltainstallcommands.
com.apple.parallelpatchinfo.
-[MIInstaller _manifestPathForBase:withIdentifier:patchType:error:]
Found manifest for delta patch at %@
Found parallel patch file at %@
No manifest file for application %@ found in %@
PackagePatchFailed
Failed to determine if patch URL %@ for application %@ exists. Failing.
vpnplugin
-[MIInstaller _bundlesAtURL:error:]_block_invoke
Failed to create bundle for %@ : %@
bundle
Ignoring potential carrier bundle: %@
B20@?0@"NSURL"8C16
TakingInstallLock
-[MIInstaller _discoverInstallablesWithError:]
Unknown package format: %hhu
DowngradeToPlaceholder
Placeholder
kInstallOptionDowngradeToPlaceholder doesn't make sense if the value of kPackageTypeKey is not kPackageTypePlaceholder (was %@)
Expected MIExecutableBundle class for type %d (bundle at %@)
Found existing bundle container for %@ but it didn't contain a bundle. That's odd, but we'll remove it to allow a fresh install.
-[MIInstaller _discoverInstallablesWithError:]_block_invoke
Failed to destroy zombie bundle container for %@ : %@
Application %@ not found to downgrade to placeholder.
Downgrading %@ to a placeholder.
%@ patch submitted for application %@ that's not installed. Failing.
%@ patch submitted for application %@ that's just a placeholder. Failing.
%@ patch supplied with kPackageTypeKey = kPackageTypePlaceholder. This doesn't make sense.
%@ patch submitted for application %@ on a platform that doesn't support it. Failing.
Got unexpected bundle type %d at %@
No installable items found at %@
ProvisioningProfiles
ProvisioningProfileInstallFailureIsFatal
-[MIInstaller _installProvisioningProfilesFromUserOptionsWithError:]
Encountered non-NSData object (%@) in provisioning profile array, skipping
ApplicationVerificationFailed
Failed to install local provisioning profile from user options for %@ : 0x%08x (%@)
mobileprovision
-[MIInstaller _installProvisioningProfilesAtStagingRootWithError:]_block_invoke
Failed to install local provisioning profile at staging root for %@ : 0x%08x (%@)
-[MIInstaller _installProvisioningProfilesAtStagingRootWithError:]
Error while enumerating provision profiles directory: %@
-[MIInstaller performInstallationWithError:]
self.installURL after ownership change = %@
CreatingStagingDirectory
ExtractingPackage
InspectingPackage
AppBlacklisted
Found blacklisted app in identifiers to be installed: %@
v20@?0@"NSString"8I16
Installing %@
Discovered invalid symlinks in %@
Preflight stage failed
Verification stage failed
Installation stage failed
Postflight stage failed
Finalize stage failed
Failed to get launch services dictionary
Install Successful for (%@:%@); Staging: %.2fs; Waiting: %.2fs; Preflight/Patch: %.2fs, Verifying: %.2fs; Overall: %.2fs
succeeded
failed
No error was specified but the operation failed.
com.apple.streamingzip.incomplete_extraction
_HasIncompleteDownloadAttribute
Got unknown error from getxattr when checking for %s on %s : %s
_IsValidZipArchiveAccordingToBom
Failed to open %s : %s
Failed to read %lu bytes (got %ld) from start of %s : %s
File starts with 0x%02hhx%02hhx%02hhx%02hhx; expected 0x%02hhx%02hhx%02hhx%02hhx
Invalid
Delta
Parallel
sMITestMode
-[MITestManager setIsRunningInTestMode:]
Missing required internal content variant
Failed to create sentinel file at %@ for running in test mode: %@
Successfully created the sentinel file for running in test mode: %@
-[MITestManager clearIsRunningInTestMode:]
Failed to remove the file at %@ : %@
-[MITestManager setTestFlags:]
Setting test flags 0x%llx (0x%llx -> 0x%llx)
-[MITestManager clearTestFlags:]
Clearing test flags 0x%llx (0x%llx -> 0x%llx)
data
plug-in data
PreflightingApplication
-[MIReverter _performPreflightWithError:]
Could not locate an existing installed app with bundle ID %@ to revert
Installed app with bundle ID %@ did not have a stashed version
-[MIReverter _validateBundle:error:]
Unexpectedly failed to validate code signing (status %lu) for %@
VerifyingApplication
-[MIReverter _validateAndEstablishLinkToParentContainer:]
Could not read previously set bundle metadata %@
Setting linked parent app for %@ to %@
Failed to locate installed app for requested parent bundle %@
CreatingContainer
-[MIReverter _performInstallationWithError:]
ContainerCreationFailed
Failed to create container
-[MIReverter _postFlightPluginsWithError:]
Failed to update MobileContainerManager with code signing info for %@ : %@
Failed to set plugin code signing info with MCM for %@, isPlaceholder: %c
Failed to create plugin data container for plugin %@
PostflightingApplication
-[MIReverter _postFlightInstallationWithError:]
Failed to locate data container for stashed app %@
-[MIReverter _refreshUUIDForContainer:withError:]
Data container for %@ is now at %@
SandboxingApplication
-[MIReverter _finalizeInstallationWithError:]
Failed to discover bundle identifiers of plugins in previously installed app at %@ : %@
Failed to fetch data container for no longer present plugin with id %@ : %@
App no longer needs data container for plugin with id %@; removing it
WaitForStorageDeletion
-[MIReverter _finalizeInstallationWithError:]_block_invoke
Failed to remove unused plugin data containers: %@
GeneratingApplicationMap
-[MIReverter _launchServicesDictionariesWithError:]
Have %ld plugins and %ld plugin data containers; they should be equal.
_DestroyContainerIfTemporary_block_invoke
Failed to destroy temp %s container for %@ : %@
Successfully cleaned up orphaned temp %s container for %@
+[MIBOMWrapper _countFilesAndBytesInArchiveAtURL:withBOMCopier:totalFiles:totalUncompressedBytes:error:]
Failed to count the files and bytes in archive : %d (%s)
extractPKZip
+[MIBOMWrapper extractZipArchiveAtURL:toURL:withError:extractionProgressBlock:]
Failed to create copier
Failed to count files and bytes in the archive at %@ : %@
Archive at %@ contains a total of %llu files which account for a total of %llu uncompressed bytes
Could not extract archive
bom_file_error_handler
BOMCopier signaled file error on %s : %s
bom_fatal_error_handler
BOMCopier signaled fatal error: %s
bom_fatal_file_error_handler
BOMCopier signaled fatal file error on %s : %s
MICreateSHA256Digest
Failed to stat path %s : %s
Failed to read %@. Error: %@
B24@?0*8Q16
Failed to read %@
v8@?0
_ReadFile
failed to open %s : %s
failed to stat %s : %s
malloc failed for %ld bytes: %s
read failed for %s : %s
read failed for %s, got %lld bytes
0123456789abcdef
** INTERNAL ERROR: Uncaught Exception **
Exception: 
Stack:
DynamicDiskUsage
SharedDiskUsage
StaticDiskUsage
-[MIDiskUsageGatherer _gatherForIdentifier:]
Failed to get all containers for identifier %@ : %@
Got an exception: %@ : %@
-[MIDiskUsageGatherer gatherUsageInfoWithError:]
No usage type to fetch specified.
-[MIInstalledInfoGatherer _fixUpForBuiltInAppParallelPlaceholder]
App with id %@ is not in the system app map even though it's type system
com.apple.MobileInstallation.bundleURL
App with id %@ is not in the core services app map even though it's type core services
App with id %@ is not in the internal app map even though it's type internal
Unknown app bundle type: %d for %@
Failed to get bundle URL for %@ from built in app map
Failed to fetch alternative bundle at %@ : %@
Failed to get data container for bundle %@ : %@
Failed to check for upgrade container for identifier %@ : %@
EmbeddedWatchApp
HOME
CFFIXED_USER_HOME
TMPDIR
-[MIInstalledInfoGatherer _sandboxEnvironment]
Failed to construct URLs: dataContainerURL: %@, tempURL: %@
-[MIInstalledInfoGatherer _groupContainersDictionary]
Got a non-dictionary group container mapping for %@
Error fetching group containers for %@ : %llu
-[MIInstalledInfoGatherer _staticDiskUsage]
Failed to get VPN plugin bundle container with ID %@ for app %@ : %@
-[MIInstalledInfoGatherer _infoForStashedContainer:]
StashedAtTimestamp
StashOriginalInstallTimestamp
Failed to get stash metadata from %@ : %@
-[MIInstalledInfoGatherer launchServicesDictionaryWithError:]
Failed to validate binary at %@: %@. This binary may not work properly.
CodeSigningInfoNotAuthoritative
IsContainerized
HasAppGroupContainers
HasSystemContainer
HasSystemGroupContainers
IsOnDemandInstallCapable
ParentIdentifiers
IsSwiftPlaygroundsApp
AppManagementDomain
Failed to find a valid architecture for %@ at %@ : %@
CompatibilityState
Unable to determine application type for %@
Failed to get installType from bundle %@ : %@. Placeholder will have installed system app state.
Discovered %@ app without bundle container %@
system
user
Discovered %@ app without data container %@
Discovered VPN plugin without data container %@
Discovered VPN plugin without bundle container %@
Discovered PluginKit plugin without data container %@
LSCounterpartIdentifiers
Entitlements
ProfileValidated
UPPValidated
FreeProfileValidated
IsAdHocSigned
IsNoLongerCompatible
UniqueInstallID
InstallSessionID
Failed to get installation identity for %@ : %@
IsDeletable
CompanionAppURL
CompanionAppBundleID
PluginOwnerBundleID
Settings.bundle
HasSettingsBundle
Could not stat %@ : %@
HasWatchGlance
HasCustomNotificationKey
Unknown WatchKit version enum value: %hhu
WatchKitVersion
CLKComplicationPrincipalClass
-[MIInstalledInfoGatherer launchServicesDictionaryWithError:]_block_invoke
CLKComplicationPrincipalClass entry in Info.plist of WatchKit executable in %@ is not a string: %@
CLKComplicationSupportedFamilies
CLKComplicationSupportedFamilies entry in Info.plist of WatchKit executable in %@ is not an array: %@
ComplicationPrincipalClass
SupportedComplicationFamilies
v16@?0@"NSDictionary"8
Failed to get plugins in app %@ : %@
WatchKitAppExBundleID
NSExtension
NSExtension dictionary did not exist in Info.plist in %@
NSExtensionAttributes
Intents extension did not have NSExtensionAttributes dictionary in its NSExtension dictionary in its Info.plist in bundle at %@
IntentsSupported
IntentsSupported array for intents extension at %@ did not contain only strings
IntentsRestrictedWhileLocked
IntentsRestrictedWhileLocked array for intents extension at %@ did not contain only strings
AlternateIconName
AppInstallDate
Failed to get metadata from %@ : %@
IsPlaceholder
PlaceholderFailureReason
MissingSINF
StashedVersionInfo
Failed to get URL for container %@
BundleContainer
ParallelPlaceholderPath
Failed to get installType from bundle %@ : %@
IsUpdatedSystemApp
Container
EnvironmentVariables
GroupContainers
dateStashed
dateOriginallyInstalled
<%@<%p> dateStashed=%@ dateOriginallyInstalled=%@>
+[MIStashMetadata metadataFromURL:error:]
Failed to read stash metadata from %@
Failed to decode stash metadata from %@
-[MIStashMetadata serializeToURL:error:]
Got exception while serializing MIStashedBundleMetadata to %@ : %@
Failed to write serialized MIStashedBundleMetadata to %@
-[MIContainer initWithContainer:]
Failed to get container URL from container %@
com.apple.MobileContainerManager.SafeHarborInfo
+[MIContainer tempContainerWithIdentifier:ofContentClass:error:]_block_invoke
Failed to destroy already existing temp container %@ : %@
+[MIContainer tempContainerWithIdentifier:ofContentClass:error:]
Unable to get a fresh temporary container with class %ld for identifier %@.
Failed to create MIContainer instance for %@
+[MIContainer containerWithIdentifier:ofContentClass:createIfNeeded:created:error:]
+[MIContainer containersWithClass:error:]
Failed to construct MIContainer instance with container %@
-[MIContainer makeContainerLiveReplacingContainer:reason:waitForDeletion:withError:]
Existing container was nil but replacement reason was not NewContainer; given %ld
-[MIContainer makeContainerLiveReplacingContainer:reason:waitForDeletion:withError:]_block_invoke
An error occurred when deleting after replacing a container of class %ld with identifier %@ : %@
Posted downgrade notification with userInfo %@
Live container is already present %@; continuing
Failed to delete temp container %@: %@
Failed to get existing container for %@
Failed to make staged container live %@
Failed to fetch updated container URL after making container live: %@
Made safe harbor container active for %@ at %@
Made container live for %@ at %@
Failed to make safe harbor container live %@
Removed safe harbor attribute for %@ at %@
Failed to re-create default container structure for container %@: %@
Unknown container status: %lu
-[MIContainer regenerateDirectoryUUIDWithError:]
Failed to regenerate data container UUID for %@
Failed to fetch updated container URL after regenerating directory UUID: %@
-[MIContainer purgeContentWithError:]
Container (%ld) for identifier %@ is not a data container.
Failed to wipe container for identifier %@.
-[MIContainer diskUsage]
Error getting disk usage for %@ (%ld): %@
+[MIContainer _groupContainerIdentifiersForBundleId:]
Got a non-array group container identifier list for %@ : %@
Error fetching group container identifiers for %@ : %llu
+[MIContainer allContainersForIdentifier:options:error:]
No bundle container found for identifier %@
Failed to find app with bundle ID %@
Failed to get bundle URL for system app with id %@
Failed to create bundle object for system app %@ at %@
Failed to find VPN plugin data container with ID %@ : %@
Failed to find VPN plugin bundle container with ID %@ : %@
Failed to get PluginKit bundles for app %@
Failed to fetch plugin data container for plugin %@
Failed to get group container with ID %@ : %@
-[MIContainer captureStoreDataFromDirectory:doCopy:failureIsFatal:withError:]
Failed to get container URL
<MIContainer status=%lu, container=%@>
-[MIContainer createLinkToContainer:withAttributes:error:]
Failed to create container link between %s and %s with attributes: %llu
Creation of link between containers %s and %s with attributes %llu failed with error %s
_containerClassForContentClass
Unknown MCMContainerContentClass: %lu
_SetUpExtensionCacheOnce
Failed to create extension cache: %@; Creating empty extension cache
DYLD_ROOT_PATH
DYLD_ROOT_PATH was unexpectedly not set in environment
/System/Library/xpc/extensions.plist
_ReadPlist
Reading extension cache plist: %@
Unable to read plist at %@
Unable to deserialize %@
Extension cache at path [%@] not a dictionary: %@
_CopyCacheEntry
Extension cache does not have an entry for %@
Extension cache is not a dictionary for %@ [malformed cache] %@
Extension cache dictionary has no values %@ [malformed cache] %@
Extension cache entry for %@ is not a dictionary [malformed extension point plist] %@
+[MIContainerRestoration processRestoredContainerWithIdentifier:ofType:options:forClient:error:]
Failed to get container with identifier %@ of type %ld
Failed to refresh container with identifier %@ type %ld: %@
-[MIFilesystemScanner _scanAppsDirectory:withError:]_block_invoke
Failed to create MIExecutableBundle instance for %@ : %@
Skipping app with no bundle executable at %@
-[MIFilesystemScanner _scanAppsDirectory:withError:]
Failed to enumerate %@
Scanned %lu apps in %@
framework
PlugIns
-[MIFilesystemScanner _scanFrameworkDirectory:withError:]_block_invoke
-[MIFilesystemScanner _scanFrameworkDirectory:withError:]
Scanned %lu items in frameworks dir %@
-[MIFilesystemScanner _scanBundleContainerType:withError:ignoredErrorOccurredOnOneOrMoreItems:]
Failed to scan for bundle containers of content class %ld
Delegate unexpectedly was nil
No bundle found in container %@; skipping.
Scanned %lu items in container type %ld
-[MIFilesystemScanner performScanWithError:]
Scanning %@
com.apple.installd.startup
Failed to get timebase info
main_block_invoke
Got SIGTERM; Exiting...
mobile_installation.log
com.apple.mobile.installd
Failed to set up rotating logs at path %s
main
Failed to remove staging directory at %@ : %@
Reboot detected
ArchivedApplications.plist
Failed to clean up obsolete upgrades: %@
v32@?0@"NSString"8@"NSDictionary"16^B24
_CheckApp
Failed to locate container for bundle ID %@: %@
Installed app with bundle ID %@ doesn't have a CFBundleVersion defined or its value is not a string
Failed to locate bundle in container %@
App installed in container %@ for bundle ID %@ doesn't have a CFBundleVersion or its value is not a string
Found upgraded app for %@: container at %@ has version %@, built in has version %@
Container for %@ had version %@ while bundled version was %@; removing containerized version.
_CheckApp_block_invoke
Failed to destroy bundle container %@ for %@ : %@
INTERNAL-ONLY: Preserving containerized version of %@ even though it has the same version as what's built in.
Preserving containerized version of %@ because it has a higher version that what's built in
8.9999
Info.plist
-[MIBundle _validateWithError:]
Failed to load Info.plist from bundle at path %@; %@
MissingBundleIdentifier
Bundle at path %@ did not have a CFBundleIdentifier in its Info.plist
Bundle at path %@ had an invalid CFBundleIdentifier in its Info.plist: %@
+[MIBundle _URLOfFirstBundleInDirectory:withExtension:error:]
Failed to locate a bundle with extension %@ in directory %@
UIVPNPlugin
MinimumProductVersion
MinimumOSVersion
UIDeviceFamily
InstallDeviceClasses
UIBackgroundModes
XPCService
EXAppExtensionAttributes
UIRequiredDeviceCapabilities
UISupportedDevices
SupportedDevices
WKCompanionAppBundleIdentifier
WKApplication
WKWatchKitApp
WKWatchOnly
WKRunsIndependentlyOfCompanionApp
LSApplicationLaunchProhibited
INAlternativeAppNames
ITSWatchOnlyContainer
DTSDKBuild
-[MIBundle infoPlistSubset]
Info.plist loaded from %@ had no keys!
appex
System App
Internal App
Disk Image App
User App
VPN Plugin
App Extension
Embedded Watch App
System App Placeholder
Core Services App
Unknown
+[MIBundle bundlesInParentBundle:subDirectory:matchingPredicate:error:]
Failed to discover bundles in directory %@
B16@?0@"NSURL"8
-[MIBundle pluginKitBundlesPerformingPlatformValidation:withError:]
Ignoring plugin at %@ because it doesn't work on this OS version
Ignoring plugin %@ because it is not applicable to this device's capabilities: %@
Ignoring plugin with identifier %@ due to missing extension cache entry; continuing
com.apple.MapsExternalComponents
2.9.9
-[MIBundle validatePluginMetadataWithError:]
MessagesStubAppMissingAppExtension
The app extension stub app %@ must have at least one app extension, but none were found.
MultipleFileProviderAppexBundles
Multiple file provider app extensions found in app but only one is allowed (found %@ ; already found %@)
AppexBundleUnknownExtensionPointIdentifier
App %@ is forbidden from providing an extension of type %@
NonAllowedAppexTypeFoundInMessagesStubApp
Messages stub apps may only have a single message payload provider app extension, but this stub app has an extension %@ of type %@
MultipleMessagePayloadProviderExtensionsFound
Multiple message payload provider extensions found in app but only one is allowed (found %@ ; already found %@)
MultipleWatchKitAppexBundles
Multiple WatchKit app extensions found in app but only one is allowed (found %@ ; already found %@)
WKAppBundleIdentifier
WatchKitAppExtensionAttributesInvalidAppBundleID
WatchKit 2 app extension's NSExtension.NSExtensionAttributes.WKAppBundleIdentifier value is missing (should be WatchKit app's bundle ID).
WatchKit 2 app extension's NSExtension.NSExtensionAttributes.WKAppBundleIdentifier value does not match WatchKit app's bundle ID (found "%@"; expected "%@").
WatchKit 2 app extension's NSExtension.NSExtensionAttributes dictionary is not present. It must contain a WKAppBundleIdentifier key set to the WatchKit app's bundle ID.
Ignoring WatchKit 1 app extension with identifier %@
WatchKitAppExtensionInDisallowedLocation
WatchKit 2 app contains a non-WatchKit extension at %@. WatchKit apps specifying a MinimumOSVersion earlier than 3.0 must have non-WatchKit extensions embedded within the WatchKit extension.
IntentsAppexIntentsSupportedDuplicated
More than one Siri Intents app extension in the app %@ declares the value %@ in the IntentsSupported array in the ExtensionAttributes dictionary in the NSExtensionDictionary in its Info.plist.
More than one Siri Intents UI app extension in the app %@ declares the value %@ in the IntentsSupported array in the ExtensionAttributes dictionary in the NSExtensionDictionary in its Info.plist.
/System/Library/Frameworks/CoreGraphics.framework
/System/Library/Frameworks/IOKit.framework
/System/Library/Frameworks/JavaScriptCore.framework
/System/Library/Frameworks/System.framework
/System/Library/PrivateFrameworks/AppleSauce.framework
/System/Library/PrivateFrameworks/FactoryTest.framework
/System/Library/PrivateFrameworks/GPUSupport.framework
/System/Library/PrivateFrameworks/AdminLite.framework
/System/Library/PrivateFrameworks/AirPlayDiagnostics.framework
/System/Library/PrivateFrameworks/FindMyDeviceUI.framework
/System/Library/PrivateFrameworks/PassKitUIFoundation.framework
/System/Library/PrivateFrameworks/Pasteboard.framework
+[MIBundle bundleIsBlacklisted:]
Blacklisting %@
Frameworks
XPCServices
SupportedDeviceFamilies
-[MIBundle isApplicableToCurrentDeviceFamilyWithError:]
DeviceFamilyNotSupported
Couldn't fetch list of supported device families.
This app was not built to support this device family; app is compatible with %@ but this device supports %@
ProductVersion
-[MIBundle currentOSVersionForValidationWithError:]
Could not get the product version from MobileGestalt.
-[MIBundle isMinimumOSVersion:applicableToOSVersion:error:]
DeviceOSVersionTooLow
The system version is lower than the minimum OS version specified for bundle at %@. Have %@; need %@
-[MIBundle isApplicableToCurrentDeviceCapabilitiesWithError:]
Device capabilities do not match requirements: %@
-[MIBundle thinningMatchesCurrentDeviceWithError:]
InvalidSupportedDevices
SupportedDevices Info.plist key does not contain only string values.
h9jDsbgj7xIVeIQ8S3/X3Q
MGCopyAnswer for kMGOProductType returned NULL
oPeik/9e8lQWMszEjbPzng
CompatibleDeviceFallback
Matched thinning based on fallback %@
Fallback %@ did not match supported devices.
Failed to get artwork traits from gestalt.
Matched thinning based on defaults override %@
Defaults override %@ did not match supported devices.
DeviceNotSupportedByThinning
Device %@ not in SupportedDevices list for %@ : %@
<%@ : path = %@ identifier = %@ type = %@>
-[MIBundle siriIntents]
Failed to get PluginKit bundles for app %@: %@
-[MIBundle validateAppMetadataWithError:]
TooManyAlternativeAppNames
Bundle at path %@ has %lu %@ in its Info.plist, maximum of %lu allowed
WatchOnlyAppContainerNotInstallable
This app has the %@ key set in its Info.plist, which identifies it as a shell app surrounding a Watch-only app; these are not installable.
-[MIRelocatedBundleContainer makeContainerLiveWithError:]
There is nothing to be made live
-[MIRelocatedBundleContainer makeContainerLiveReplacingContainer:reason:waitForDeletion:withError:]
There is nothing to be replaced
-[MIRelocatedBundleContainer purgeContentWithError:]
There is nothing to purge
-[MIRelocatedBundleContainer regenerateDirectoryUUIDWithError:]
There is nothing to generate UUID
com.apple.MobileInstallation.ParentBundleID
-[MIPluginDataContainer parentBundleID]
Failed to get parent bundle ID for plugin data container %@ : %@
-[MIPluginDataContainer setParentBundleID:]
Failed to save parent bundle ID on plugin data container %@ : %@
-[MICapabilitiesManager checkCapabilities:withOptions:error:]
UIRequiredDeviceCapabilties in Info.plist does not have an array or dictionary value.
App %@ is blacklisted; returning failure for capabilities match.
UIRequiredDeviceCapabilties in Info.plist has a key that is not a string
-[MIInstallableBundle _verifyBundleMetadataWithError:]
Bundle is not applicable to current OS: %@
-[MIInstallableBundle _installEmbeddedProfilesWithError:]
Failed to install embedded profile for %@ : 0x%08x (%@)
-[MIInstallableBundle _checkCanInstallWithError:]
ApplicationAlreadyInstalled
A system framework has the bundle ID %@ so an app with the same identifier cannot be installed.
Failed to get system app map
Failed to get core services app map
Failed to get developer app map
Failed to get internal app map
Failed to get CFBundleVersion from Info.plist of installed OS app with bundle ID %@
Failed to get CFBundleVersion from Info.plist for incoming OS app upgrade for bundle ID %@
INTERNAL-ONLY: Allowing version numbers to be equal when upgrading %@.
Rejecting downgrade of system/internal app %@: installed version is %@, proposed version is %@
ApplicationSINF
iTunesMetadata
-[MIInstallableBundle _validateITunesMetadataOptionWithError:]
InvalidiTunesMetadataPlist
Unable to deserialize iTunesMetadata.plist data
bundleVersion
BundleiTunesMetadataVersionMismatch
iTunesMetadata.plist content supplied to install command specified bundleVersion (%@) that did not match app's CFBundleVersion (%@).
bundleShortVersionString
iTunesMetadata.plist content supplied to install command specified bundleShortVersionString (%@) that did not match app's CFBundleShortVersionString (%@).
-[MIInstallableBundle performPreflightWithError:]
DuplicateIdentifier
Found bundle at %@ with the same identifier (%@) as bundle at %@
The parent bundle has the same identifier (%@) as sub-bundle at %@
-[MIInstallableBundle _performCompanionWatchAppValidationForWatchApp:withVersion:companionAppSigningInfo:frameworks:error:]
WatchKitAppInvalidUIDeviceFamily
WatchKit %@ app's UIDeviceFamily key does not specify that it's compatible with device family 4.
-[MIInstallableBundle _validateCompanionAppStateInWatchKitApp:withVersion:error:]
WatchOnlyAndRunsIndependentlyNotAllowed
This app defines both %@ and %@ in its Info.plist and/or its WatchKit extension's Info.plist. Having both defined is not allowed.
WatchOnlyAppOnCompanion
Watch-only apps cannot be contained in companion apps installed on the companion.
InvalidCompanionAppBundleIdentifier
%@: Missing WKCompanionAppBundleIdentifier key in WatchKit %@ app's Info.plist
Invalid value of WKCompanionAppBundleIdentifier key in WatchKit %@ app's Info.plist: %@ (expected %@)
WatchKitAppBundleIDNotPrefixed
WatchKit %@ app's bundle ID %@ is not prefixed by the parent app's bundle ID followed by a '.'; expected prefix %@
-[MIInstallableBundle _isValidWatchKitApp:withVersion:installableSigningInfo:error:]
WatchKitAppFrameworkInDisallowedLocation
WatchKit 2 app contains a framework at %@. Frameworks are only allowed at that location in WatchKit apps compatible with watchOS 3.0 or later.
WatchKit version %hhu is no longer supported
Unknown WatchKit app version while validating %@: %hhu
-[MIInstallableBundle _verifyAppExtensions:inWatchKit2App:checkPluginSignature:checkFrameworkSignature:error:]
WatchKitBothWKApplicationAndWKWatchKitAppKeys
WatchKit app %@ has both WKApplication and WKWatchKitApp Info.plist keys. A WatchKit app should only have one of these keys.
WatchKitExtensionlessAppWithWKExtension
Extensionless WatchKit app %@ has a WatchKit extension.
WatchKitTwoAppMissingExtension
Extension-based WatchKit 2 app %@ is missing its app extension.
-[MIInstallableBundle _validateBundle:validatingResources:performingOnlineAuthorization:checkingTrustCacheIfApplicable:allowingFreeProfileValidation:skippingProfileIDValidation:error:]
The bundle being installed with bundle ID %@ is authorized by a free provisioning profile, but apps validated by those are not allowed to be installed from this source.
-[MIInstallableBundle _performWatchVerificationForSigningInfo:withError:]
InvalidWatchKitApp
Found WatchKit app at %@ but it was not a WatchKit 2 app (was version %@). Is it missing its app extension?
-[MIInstallableBundle _performLocallySignedAppValidation:withError:]
Failed to read previously set bundle metadata for %@
swift-playgrounds
Configuration for locally signed app %@ is linkedParentBundleID:%@ appManagementDomain:%@ configAllowsUnrestrictedLocalSigning:%d
App %@ linked to Swift Playgrounds did not have the %@ entitlement set to a value prefixed by "swift-playgrounds" (found %@)
com.apple.developer.app-management-domain
App %@ with the %@ entitlement set to a value prefixed by "swift-playgrounds" did not specify a linkage to the Swift Playgrounds app
Locally signed app placeholder 
Locally signed app 
%@ %@ did not specify a linkage to the Swift Playgrounds app and did not have the %@ entitlement set to a value prefixed by "swift-playgrounds"
-[MIInstallableBundle _performAppClipSpecificValidationForEntitlements:isAppClip:withError:]
AppClipInstallationNotSupported
Attempted to install an app clip with bundleID %@ on a platform that doesn't support it
Developer
-[MIInstallableBundle performVerificationWithError:]
Attempted to install a deletable system app with incorrect install type.
XPCService key in Info.plist of XPC service at %@ has illegal value type: %@
ServiceType
XPCService's ServiceType key in Info.plist of service at %@ has illegal value type: %@
Application
XPCService's ServiceType key in Info.plist of service at %@ has illegal value: %@ (must be "Application")
Enabling XPC services in %@
AppexBundleIDConflictWithOtherIdentifier
An app extension with the identifier %@ is already installed as part of the bundle with identifier %@
No parent bundle ID set for plugin container %@
Failed to look up data container for plugin %@
%@: Initial placeholder install; skipping application-identifier check
%@: Failed to fetch entitlements from existing installed bundle at %@; we won't be able to authenticate its upgrade.
%@: No placeholder entitlements supplied; writing existing.
%@: Existing bundle has no application-identifier entitlement; we can't authenticate its upgrade.
%@: No application-identifier was in the supplied entitlements but the existing installed placeholder has it; replacing supplied entitlements with existing.
%@: Supplied application-identifier in placeholder, "%@", was not equal to installed application-identifier, "%@"; replacing supplied entitlements with existing.
%@: Unable to write placeholder entitlements into downgrade placeholder: %@
%@: Parallel placeholder install or upgrade; skipping application-identifier check
VPN plugins must have either the "com.apple.networking.vpn.configuration" or "com.apple.networking.filtering.configuration" entitlements, and this has neither. Rejecting installation.
System app upgrade is missing upgrade entitlement
System app install missing system app entitlement
Install of known system app missing system app entitlement
File
GeoJSON
GeoJSONCaptureFailed
iTunesArtwork
iTunesArtworkCaptureFailed
iTunesMetadata.plist
iTunesMetadataCaptureFailed
-[MIInstallableBundle _writeOptionsDataToBundle:orContainer:error:]_block_invoke
Failed to write %@ data to %@ : %@
Wrote %ld bytes of data from options key %@ to %@
-[MIInstallableBundle _setLinkedParentFromBundleMetadata:error:]
Could not read previously set bundle metadata with: %@
%@ not supplied in installation options; preserving existing parent bundle ID link: %@
Client specified a linked parent bundle ID for an upgrade to %@ when a parent linkage was not originally specified when the app was installed. Linkage cannot be established by updating an app
Existing installation of %@ is linked to %@, but the client supplied a linked parent bundle ID of %@ for the update. Changing linkage of an already installed app is not supported
BuildVersion
-[MIInstallableBundle _setBundleMetadataWithError:]
Failed to copy build version for %@
Failed to get installType from existing bundle %@ : %@
SkipWatchAppInstall
Setting skip watch app install flag
AutoInstallWatchApp
Setting override auto-install for watch app flag
%@: Storing alternate icon name: %@
-[MIInstallableBundle _handleStashMode:withError:]
%@: MIStashModePurge was specified in install options; dropping any previously stashed version while installing this version
Unknown stash mode specified in options: %lu
-[MIInstallableBundle _linkToParentApplication:]
StashMode
-[MIInstallableBundle performInstallationWithError:]
Don't know how to create bundle container for installable type %d
Failed to create container for %@
-[MIInstallableBundle _postFlightPluginsWithError:]
-[MIInstallableBundle _refreshUUIDForContainer:withError:]
-[MIInstallableBundle finalizeInstallationWithError:]
Failed to update keychain references for %@; invalidating cache
Unexpected LS Install Type for demoted placeholder: %lu. Using MISystemAppStateAutomaticallyDemoted
-[MIInstallableBundle finalizeInstallationWithError:]_block_invoke
-[MIInstallableBundle launchServicesDictionariesWithError:]
com.apple.Playgrounds
com.apple.mock.Playgrounds
_IsPlaygroundsBundleID
Failed to determine if we're running in test mode: %@
-[MIExecutableBundle _validateWithError:]
MissingBundleExecutable
Bundle at path %@ has missing or invalid CFBundleExecutable in its Info.plist
-[MIExecutableBundle lsInstallTypeWithError:]
Could not get install type because no bundle container relation is set on %@
Could not get install type because bundle metadata could not be read from %@
Install type not set in bundle metadata for %@
-[MIExecutableBundle watchKitAppExecutableHashWithError:]
%@ contains a placeholder watch app, so an executable hash is not possible.
%@ is not expected to contain watch app executables
Failed to hash watchkit app executable for %@ at %@
_CodeSignature/CodeResources
-[MIExecutableBundle estimatedMemoryUsageToValidate]
Failed to lstat %@ : %s (%d) (may require significant memory usage to validate this app)
com.apple.TVIdleScreen
com.apple.TVPhotos
-[MIExecutableBundle _hasNonContainerizingEntitlement:checkSeatbeltProfiles:]
%@ was grandfathered but has no-container entitlement
%@ was grandfathered but has no-sandbox entitlement
%@ was grandfathered but has seatbelt-profiles entitlement
-[MIExecutableBundle needsDataContainer]
Failed to verify code signature for this system app, %@. Because of that, we don't have entitlements or signing info so we'll assume that it requires a container.
%@ was grandfathered but has container required entitlement
Failed to verify code signature for this internal, disk image, or core services app, %@. Because of that, we don't have entitlements or signing info so we'll assume that it does NOT require a container.
Unhandled bundle type %hhu
-[MIExecutableBundle updateMCMWithCodeSigningInfoAsAdvanceCopy:withError:]
Not pushing signing info to MCM because state was %lu
com.apple.MobileContainerManager.DataContainerClass
com.apple.MobileContainerManager.ParentBundleID
com.apple.MobileContainerManager.PlaceholderEntitlements
com.apple.MobileContainerManager.AdvanceCopy
Updating MCM with signing info for %@ : %@; options %@
Failed to set code signing info with MCM for %@, isPlaceholder: %c
-[MIExecutableBundle _codeSigningInfoFromMCM]
Failed to get code signing info for %@: %llu
Got non-dictionary response from MCM: %@
-[MIExecutableBundle codeSigningInfoByValidatingResources:performingOnlineAuthorization:ignoringCachedSigningInfo:checkingTrustCacheIfApplicable:skippingProfileIDValidation:error:]
Returning previously obtained code signing info for %@
Returning cached code signing info for %@
Built in framework is expectedly missing its bundle executable.
Unsigned Placeholder
Failed to create verifier for executable %@
Validating %@ as removable system app
Validating %@ as sub-bundle of removable system app
Validating as built-in: %@
cZflGJ39lJHTCPy35/N14Q
Allowing possibly ad-hoc signed binary at path %@
Failed to determine if we're running in test mode : %@
Allowing possibly ad-hoc signed binary at path %@ because we're running in test mode
INTERNAL-ONLY BEHAVIOR: allowing bundle at %@ despite its ad-hoc signature because boot-args allow it to be runnable.
-[MIExecutableBundle _hasNoConflictWithSystemAppsForSigningInfo:error:]
Exempting %@ from System App bundle ID conflict check because it has the System App entitlement
System App XPC Service
System App Extension
Exempting %@ from System App XPC Service & Extension bundle ID conflict checks because the parent bundle has the System App entitlement
VPN plugin
-[MIExecutableBundle hasNoConflictsWithOtherInstalledEntitiesForSigningInfo:error:]
Don't know how to check bundle %@ for conflicts.
-[MIExecutableBundle _dataContainerCreatingIfNeeded:makeLive:checkIfNeeded:created:error:]
Asked for data container for %@ but none is needed.
Failed to get data container for identifier %@ : %@
Failed to make new data container for app/vpnplugin %@ live: %@
-[MIExecutableBundle _dataContainerCreatingIfNeeded:makeLive:checkIfNeeded:created:error:]_block_invoke
Failed to destroy aborted temp container for app/vpnplugin %@ : %@
-[MIExecutableBundle makeExecutableWithError:]
ExecutableTwiddleFailed
Failed to chmod %@ : %s
-[MIExecutableBundle validatePluginMetadataWithError:]
IntentsAppexIntentsSupportedNotASubset
Siri Intents app extension is present in the WatchKit app %@ but there are no Siri Intents in the companion app %@
Siri Intents in the WatchKit app %@ are not a subset of the Siri Intents in the companion app %@
SC_Info
%@.sinf
%@.supp
%@.supf
-[MIExecutableBundle bestEffortRollbackSinfData:]
Removing bad SINF for identifier %@
Failed to rollback to old SINF data for identifier %@: %@
-[MIExecutableBundle updateAndValidateSinf:withRollback:error:]
Could not read SINF at %@ for identifier %@: %@
Interface-notification
plist
Interface-glance
WatchKit
extensionless_watchkit_apps
-[MIExecutableBundle watchKitAppRunsIndependentlyOfCompanion]
Failed to get watchkit plugin for %@: %@
-[MIExecutableBundle isWatchOnlyApp]
-[MIExecutableBundle watchKitPluginWithError:]
No WatchKit extension found
-[MIExecutableBundle watchKitVersionWithError:]
Trying to fetch watchkit version for non-watchkit app %@
-[MIExecutableBundle watchKitAppBundleForWKVersionOrEarlier:error:]
WatchKit version enum value %hhu is no longer supported
Unknown WatchKit version enum value %hhu
com.apple.WatchPlaceholder
Watch
-[MIExecutableBundle _discoverWatchAppBundleAsPlaceholder:error:]_block_invoke
MultipleWatchKitTwoApps
Found WatchKit 2.0 app bundle named %@ in %@ when we already found %@
Could not create bundle for WatchKit app at %@
Ignoring Watch app at %@ because it's not compatible with a known watchOS version
-[MIExecutableBundle _discoverWatchAppBundleAsPlaceholder:error:]
No WatchKit 2.0 app bundle or placeholder found for app %@
-[MIExecutableBundle watchKitV2AppBundleWithError:]
Could not get contents of Watch directory in %@
No WatchKit 2.0 placeholder found for app %@
Could not get contents of watch placeholder directory in %@
Found WatchKit 2.0 app at %@ but it does not have a WKWatchKitApp or WKApplication key set to true in its Info.plist
Found WatchKit app at %@ but it was not a WatchKit 2 app. Is it missing its app extension?
-[MIExecutableBundle bundleSignatureVersionWithError:]
Failed to fetch signature version for executable at %@ with libMIS error %@
CFBundleDevelopmentRegion
CFBundleExecutable
CFBundleIcons
CFBundlePrimaryIcon
CFBundleIconFiles
UIPrerenderedIcon
CFBundleIdentifier
CFBundleInfoDictionaryVersion
CFBundleName
CFBundleDisplayName
CFBundlePackageType
CFBundleShortVersionString
CFBundleSignature
CFBundleVersion
PUICApplicationColors
PUICApplicationPrimaryColor
PrincipalClass
UIApplicationDelegateClass
UISupportedInterfaceOrientations
NSUserActivityTypes
UIAppFonts
UILaunchImages
UILaunchImageSize
UILaunchImageMinimumOSVersion
UILaunchImageName
SBAppTags
BuildMachineOSBuild
CFBundleInfoPlistURL
CFBundleResourceSpecification
CFBundleNumericVersion
CFBundleSupportedPlatforms
DTCompiler
DTPlatformBuild
DTPlatformName
DTPlatformVersion
DTSDKName
DTXcode
DTXcodeBuild
CFBundleLocalizations
-[MIExecutableBundle hasOnlyAllowedWatchKitAppInfoPlistKeysForWatchKitVersion:error:]
MIExecutableBundle.m
MIWatchKitVersion_1_0 == version || MIWatchKitVersion_2_0 == version
Unknown watchkit version value: %hhu
false
WatchKitAppInvalidInfoPlistKey
WatchKit %@ app had an Info.plist key that was not a string.
WatchKitAppIllegalInfoPlistKey
WatchKit %@ app has disallowed Info.plist key: %@
_hasNoConflictWithSystemAppBundleIDs
BundleIDConflictWithOtherIdentifier
Identifier %@ is a %@, so we can't install %@ with that same identifier.
_checkIdentifierForConflict
%@ with identifier %@ is already installed, so we can't install %@ with that same identifier.
Unable to check if %@ with bundle identifier %@ is already installed.
_hasNoConflictWithNonContainerizedSystemApp
InstalledAppInfoArray
UninstalledAppInfoArray
UninstallParallelPlaceholder
MobileInstallationDemotionCompleteNotification
MobileInstallationDemotionCompleteErrorOccurred
Unknown Process Name
MILoadInfoPlist
Info.plist missing at %@
Expected Info.plist file at %@ but found something else: %@
Error when introspecting %@ : %@
Failed to create CFBundle from URL %@
Failed to get filtered Info.plist with keys %@ from bundle %@
Object returned from _CFBundleCreateFilteredInfoPlist was not a dictionary, was type %@
CFBundleGetInfoDictionary failed for bundle %@
MIRecordCurrentBuildVersion
Failed to write current build info to %@ : %@
Recorded current system version as %@ (%@)
ReleaseType
MIIsBuildUpgrade
Did not find last build info; we must be upgrading from pre-8.0 or this is an erase install.
Could not get build version from last build info dictionary; assuming this is an upgrade
Could not get current build info; assuming this is an upgrade
Could not get current build string; assuming this is an upgrade
Current build version (%@ / %@) equal to last version recorded (%@ / %@); skipping upgrade
Detected upgrade from %@ (%@) to %@ (%@)
com.apple.installd.MIKeychainAccessGroupTracker
-[MIKeychainAccessGroupTracker init]
Failed to create queue
-[MIKeychainAccessGroupTracker _onQueue_discoverReferences]
Failed to discover installed apps: %@
Failed to discover installed vpn plugins: %@
Found container %@ with no bundle; skipping.
Failed to get keychain access groups for %@
-[MIKeychainAccessGroupTracker _onQueue_discoverReferences]_block_invoke
Bundle URL missing in info for %@
Calculating keychain group references took %.02f seconds
-[MIKeychainAccessGroupTracker _onQueue_addReferencesForBundle:error:]
-[MIKeychainAccessGroupTracker _onQueue_updateReferencesWithOldBundle:newBundle:error:]
Failed to get keychain access groups for old bundle %@
Failed to get keychain access groups for new bundle %@
Updated bundle %@ no longer references keychain group %@
Updated bundle %@ added ref for keychain group %@
-[MIKeychainAccessGroupTracker _onQueue_removeReferencesForBundle:error:]
Removing reference in %@ for %@
-[MIKeychainAccessGroupTracker _removeGroupsWithError:error:]
Removing keychain access groups: %@
Failed to remove keychain items %@
-[MIKeychainAccessGroupTracker _keychainAccessGroupsForBundle:error:]
Failed to discover code signing info for app: %@
-[MIKeychainAccessGroupTracker _keychainAccessGroupsForApp:error:]
Failed to get keychain access groups for app %@
Failed to get pluginkit plugins in app %@
Failed to get keychain access groups in plugin %@
Failed to get XPC services in app %@
Failed to get keychain access groups in XPC service %@
-[MIInstallableBundlePatch initWithBundle:inStagingRoot:packageFormat:userOptions:manifestURL:existingBundleContainer:patchType:error:]
No installed app container supplied for patch update.
No manifest supplied for patch update.
No patch type supplied for patch update.
-[MIInstallableBundlePatch _applyDeltaPatchWithError:]
Failed to get Info.plist hash for %@
Existing app's SupportedDevices Info.plist key does not contain only string values.
Could not hardlink copy %@ to %@ with manifest %@
PatchingApplication
-[MIInstallableBundlePatch applyPatchWithError:]
Attempting %@ patch update of %@ from %@ (%@) to %@ (%@)
Parallel patch for application %@ attempted on a platform that doesn't support it
StashMetadata.plist
-[MIUninstaller _uninstallUserStuffForIdentifier:error:]
Could not get containers with identifier %@
Uninstalling user stuff for identifier %@
-[MIUninstaller _uninstallBundleWithIdentifier:waitForDeletion:uninstallReason:error:]
Uninstalling identifier %@
Failed to get bundle identifier for bundle in bundle container %@
Failed to remove reference to %@ at %@ for free profile validated app tracking (%@); invalidating cache.
Failed to remove keychain access group references for %@ (%@); invalidating group reference cache.
UninstallReasonSystemAppNotAllowed
MobileInstallation
uninstall_dependent_swift_playgrounds
uninstall_dependent_all
UserDataOnly
ParallelPlaceholderOnlyIfExists
UninstallPlaceholdersOnly
UninstallReason
-[MIUninstaller performUninstallationWithError:]
Illegal option combination passed to MobileInstallationUninstall. Can't uninstall user stuff only and uninstall placeholders.
RemovingApplication
Failed to look up container for %@:error %@
Uninstalling parallel placeholder for %@ at %@
-[MIUninstaller performUninstallationWithError:]_block_invoke
Failed to destroy placeholder bundle container for %@ : %@
Uninstalling parallel placeholder for %@
Couldn't remove parallel placeholder at %@ : %@
Failed to construct parallel placeholder URL
%@ is a built in app and cannot be uninstalled.
_IsLinkedParentApplication
_FlagErrorAndPostAppDeletionNotification
Failed to destroy containers with error %@
Posting the notification %@
com.apple.mobile.application_deletion_complete
com.apple.MobileInstallation.SystemAppStateQueue
+[MISystemAppState _systemAppStateFromURL:]
Failed to deserialize SystemAppState from %@ : %@
Deserialized SystemAppState dictionary from %@ did not contain only string keys and number values
-[MISystemAppState _onQueue_retrieveSystemAppStateRestoringBackedUpState:]
Restoring backed up system app state following a restore: %@
-[MISystemAppState _onQueue_setSystemAppStateList:]
Failed to unlink no longer needed install map at %@ : %@
Failed to write uninstalled list to %@ : %@
-[MILinkedUninstallNotifier init]
+[MILinkedUninstallNotifier new]
com.apple.mobileinstallation_disk_space_reclaim
-[MILinkedUninstallNotifier _removeLinkedContainersWithDeletionOptions:error:]
Failed to delete %@ and its linked containers with error %s
When deleting %@, MCM deleted additional linked apps: %@
Failed to remove linked containers:%@ for %@
com.apple.installd.reclaim-container-disk-space
-[MILinkedUninstallNotifier performContainerRemovalWithError:diskSpaceCleanupCompletion:]_block_invoke
Failed to reclaim container disk storage with MCM error %s
%lld_%s
<%@ ID=%@; Version=%@, ShortVersion=%@>
+[MIInstallationIdentity installationIdentityForBundle:settingIfNotSet:error:]
Install session ID requested for bundle that was not an app or app extension: %@
Failed to open %s
Failed to get FD to bundle executable at %s
com.apple.install_uuid
com.apple.install_session_uuid
-[MIInstallationIdentity initWithSessionID:uniqueID:]
Session ID provided, %@, wasn't of expected length %zu
Unique ID provided, %@, wasn't of expected length %zu
-[MIInstallationIdentity _writeToBundle:fd:fdLocation:error:]
Failed to set unique install ID on plugin %@
Failed to set unique install ID on xpc service %@
-[MIInstallationIdentity _writeToBundle:error:]
-[MIInstallationIdentity writeToBundle:error:]
Cannot set installation identity for non-app bundle %@
Cannot set installation identity for bundle that uses a static identity: %@
<%@ 0x%p uniqueInstallID=%@ installSessionID=%@
re6Zb+zwFKJNlkQTUeT+/w
%@/%@
v32@?0@8@16^B24
MIMachOFileMatchesMyArchitecture
Skipping macho file not runnable failure during test mode
IncorrectArchitecture
Failed to find matching arch for input file: %s
Failed to determine if file matches arch for input file: %s because libparsemacho returned error code: %u
-[MIPluginKitPluginBundle initWithBundleParentURL:parentSubdirectory:bundleName:error:]
This method is not valid for MIPluginKitPluginBundle
-[MIPluginKitPluginBundle extensionPointOverlay]
Failed to fetch extension cache entry for extension point with identifier %@ : %@
NSExtensionPointIdentifier
EXExtensionPointIdentifier
com.apple.watchkit
com.apple.intents-service
com.apple.intents-ui-service
com.apple.message-payload-provider
com.apple.fileprovider-nonui
com.apple.geoservices.mapdata
-[MIPluginKitPluginBundle overlaidInfoPlistWithError:]
AppexBundleMissingNSExtensionDict
Appex bundle at %@ with id %@ does not define an NSExtension dictionary in its Info.plist
AppexBundleMissingExtensionPointIdentifierString
Appex bundle at %@ with id %@ does not define a NSExtensionPointIdentifier key with a string value in the NSExtension dictionary in its Info.plist
AppexBundleIllegalExtensionPointIdentifierString
Appex bundle at %@ with id %@ does not have a legal value for the NSExtensionPointIdentifier key in the NSExtension dictionary in its Info.plist; found: %@
Appex bundle at %@ with id %@ does not have a legal value for the EXExtensionPointIdentifier key in the EXAppExtensionAttributes dictionary in its Info.plist; found: %@
Appex bundle at %@ with id %@ defines an EXExtensionPointIdentifier key in the EXAppExtensionAttributes dictionary in its Info.plist with a value that is not a string.
Appex bundle at %@ with id %@ does not define an extension point in its Info.plist
Appex bundle at %@ with id %@ specifies a value (%@) for the EXExtensionPointIdentifier key in the EXAppExtensionAttributes dictionary in its Info.plist that does not correspond to a known extension point.
Appex bundle at %@ with id %@ specifies a value (%@) for the NSExtensionPointIdentifier key in the NSExtension dictionary in its Info.plist that does not correspond to a known extension point.
-[MIPluginKitPluginBundle _validateXPCServiceWithOverlaidDictionary:error:]
AppexBundleIllegalXPCServiceDict
Appex bundle at %@ with id %@ defines a value for the "XPCService" key in its Info.plist that is not a dictionary.
RunLoopType
IllegalXPCServiceRunLoopType
Appex bundle at %@ with id %@ has an illegal value for the RunLoopType key in the XPCService dictionary in its Info.plist
_UIApplicationMain
MissingBundleDisplayNameString
Appex bundle at %@ with ID %@ does not have a CFBundleDisplayName key with a non-zero length string value in its Info.plist
IllegalXPCServiceServiceType
Appex bundle at %@ with id %@ has an illegal value for the ServiceType key in the XPCService dictionary in its Info.plist
XPC!
AppexBundleIllegalPackageTypeValue
Appex bundle at %@ with id %@ has an illegal value for the CFBundlePackageType key in its Info.plist: %@
14.0
-[MIPluginKitPluginBundle _validateNSExtensionWithOverlaidDictionary:error:]
NSExtensionMainStoryboard
NSExtensionPrincipalClass
Extension cache does not define an NSExtension dictionary in its Info.plist: %@
NSExtensionPrincipalClassProhibited
AppexBundleMissingClassOrStoryboard
Appex bundle at %@ with id %@ does not define either an NSExtensionMainStoryboard or NSExtensionPrincipalClass key with a string value in the NSExtension dictionary in its Info.plist
AppexBundleContainsClassOrStoryboard
Appex bundle at %@ with id %@ defines either an NSExtensionMainStoryboard or NSExtensionPrincipalClass key, which is not allowed for the extension point %@
NSExtensionContextClass
AppexBundleIllegalExtensionContextClass
Appex bundle at %@ with id %@ does not have a string value for the NSExtensionContextClass key in the NSExtension dictionary in its Info.plist
NSExtensionContextHostClass
AppexBundleIllegalExtensionContextHostClass
Appex bundle at %@ with id %@ does not have a string value for the NSExtensionContextHostClass key in the NSExtension dictionary in its Info.plist
NSExtensionViewControllerHostClass
AppexBundleIllegalExtensionViewControllerHostClass
Appex bundle at %@ with id %@ does not have a string value for the NSExtensionViewControllerHostClass key in the NSExtension dictionary in its Info.plist
AppexBundleIllegalExtensionAttributesDict
Appex bundle at %@ with id %@ does not define a NSExtensionAttributes key with a dictionary value in the NSExtension dictionary in its Info.plist
NSExtensionPointName
AppexBundleIllegalExtensionPointNameString
Appex bundle at %@ with id %@ does not define a NSExtensionPointName key with a string value in the NSExtensionAttributes dictionary in the NSExtension dictionary in its Info.plist
NSExtensionPointVersion
AppexBundleIllegalExtensionPointVersionString
Appex bundle at %@ with id %@ does not define a NSExtensionPointVersion key with a string value in the NSExtensionAttributes dictionary in the NSExtension dictionary in its Info.plist
IntentsAppexMissingIntentsSupported
Siri Intents Appex bundle at %@ with id %@ does not define an IntentsSupported key with an array value containing strings in the ExtensionAttributes dictionary in the NSExtensionDictionary in its Info.plist.
IntentsAppexIntentsRestrictedFormat
Siri Intents Appex bundle at %@ with id %@ defines an IntentsRestrictedWhileLocked key in the ExtensionAttributes dictionary in the NSExtensionDictionary in its Info.plist, but that key's value is not an array of strings.
IntentsAppexIntentsRestrictedNotSubset
Siri Intents Appex bundle at %@ with id %@ specifies a value in the IntentsRestrictedWhileLocked key's array value in the ExtensionAttributes dictionary in the NSExtensionDictionary in its Info.plist that is not a listed in the the IntentsSupported key's array.
-[MIPluginKitPluginBundle validateBundleMetadataWithError:]
AppexBundleIDNotPrefixed
Appex bundle at "%@" with identifier "%@" does not have expected identifier prefix "%@"
AppexBundleIDSuffixContainsPeriod
Appex bundle at "%@" with identifier "%@" contains a '.' in the portion after the parent app's prefix (prefix: "%@" ; dot in: "%@").'
MissingBundleVersion
Appex bundle at %@ with ID %@ does not have a CFBundleVersion key with a non-zero length string value in its Info.plist
IllegalBundleShortVersionString
Appex bundle at %@ with ID %@ has a CFBundleShortVersionString key with a non-string value in its Info.plist
MissingBundleNameString
Appex bundle at %@ with ID %@ does not have a CFBundleName key with a non-zero length string value in its Info.plist
com.apple.MobileInstallation.UninstalledAppListQueue
UninstalledApplications.plist
-[MIUninstalledAppList _onQueue_setUninstalledList:]
Failed to unlink no longer needed install map: %s
Failed to write uninstalled list
-[MIUninstalledAppList preflightUninstalledMap]
/var/mobile/Library/ApplicationSync
com.apple.installd.SystemAppMigrationState
-[MISystemAppMigrationState init]
System App Migration is complete.
System App Migration is not complete.
-[MISystemAppMigrationState setSystemAppMigrationComplete:]_block_invoke
Updated SystemAppMigration state set to complete.
-[MISystemAppMigrationState waitForSystemAppMigrationToComplete:]_block_invoke
Failed to create an array
Start
Start (Asynch)
Unknown Phase
%s (%s) : %s
Success
Fail
%s : %s
Install (Patch Update)
Install (Parallel Placeholder)
Install (Placeholder Update)
Install (Placeholder)
Install (New)
Install (Demote To Placeholder)
Install (Promote From Placeholder)
Install (Unknown Type)
Uninstall (Parallel Placeholder)
Uninstall (Placeholder)
Uninstall (Application)
Uninstall (User Data Only)
MIInstallerErrorDomain
PathArgument
LibMISErrorNumber
-[MIApplicationTerminationAssertion initWithBundleIdentifier:reason:]
Failed to create completion semaphore: %s
-[MIApplicationTerminationAssertion initWithBundleIdentifier:reason:]_block_invoke
Failed to acquire termination assertion for %@ : %@
v24@?0@"FBSApplicationTerminationAssertion"8@"NSError"16
Failed to get FBSApplicationTerminationAssertion
-[MIApplicationTerminationAssertion dealloc]
MIApplicationTerminationAssertion.m
nil == self.termAssertion
_FBSApplicationTerminationReasonStringForReason
Unknown reason: %d
com.apple.installd.MIFreeProfileValidatedAppTracker
-[MIFreeProfileValidatedAppTracker init]
-[MIFreeProfileValidatedAppTracker _onQueue_addAppIdentifierIfCachedOnContainer:error:]
Failed to get container path during discovery: error = %llu
-[MIFreeProfileValidatedAppTracker _onQueue_discoverReferencesWithError:]
Failed to retrieve application containers during scan for free profile validated apps: error = %llu
-[MIFreeProfileValidatedAppTracker _onQueue_addReferenceForApplicationIdentifier:bundle:error:]
This device has reached the maximum number of installed apps using a free developer profile: %@
Failed to set app identifier (%@) for %@
-[MIFreeProfileValidatedAppTracker _onQueue_removeReferenceForBundle:error:]
Cached app identifier contains invalid data (%@)
Cached bundle identifier (%@) does not match bundle identifier (%@)
v16@?0r^v8
unlock_identifier
Unknown parameter type!
unlock_all_identifiers
Unlocked all identifiers
_lock_identifier
take_one_lock
Waiting to lock %@ for %s
writing
reading
Got lock on identifier %@
unlock_one_lock
Unlocked identifier %@
Destroying lock for identifier %@
_lock_all_identifiers
Waiting to lock all identifiers for %s
Locked all identifiers for %s
Unvalidated
None
copy_entitlements_for_path
Unable to load entitlements from "%s": (%d) %s
2 _sim_load_entitlements_blob(%s): %s
bad magic 0x%08x
-[MISafeHarborManager registerSafeHarborAtURL:withOptions:forIdentifier:ofType:error:]
Safe harbors are not supported for container type %ld
Failure from helper service when trying to create and migrate safe harbor content: %@
-[MISafeHarborManager removeSafeHarborWithIdentifier:ofType:options:error:]_block_invoke
Failed to destroy safe harbor container %@ : %@
-[MISafeHarborManager removeSafeHarborWithIdentifier:ofType:options:error:]
Safe harbor with identifier %@ of type %ld not found
Safe harbor with identifier %@ of type %ld was already installed.
Unable to get safe harbor container attribute from container %@ : %@
-[MISafeHarborManager safeHarborListForType:withError:]
Failed to get list of containers of type %ld : %@
Failed to get harbor info from container %@ : %@
Harbor info for container %@ was not a dictionary!
HarborPathKey
Failed to get path for container %@
Failed to get identifier from container %@
MIGetBooleanEntitlement
Found non-boolean value for boolean entitlement %@: %@ ; assuming %s.
true
com.apple.private.mobileinstall.upgrade-enabled
com.apple.private.security.container-required
com.apple.private.security.no-container
com.apple.private.security.no-sandbox
seatbelt-profiles
com.apple.security.system-container
com.apple.private.mobileinstall.xpc-services-enabled
com.apple.private.security.system-application
PlaceholderEntitlements.plist
com.apple.security.application-groups
com.apple.security.system-groups
com.apple.security.system-group-containers
com.apple.developer.on-demand-install-capable
com.apple.developer.parent-application-identifiers
application-identifier
beta-reports-active
com.apple.networking.vpn.configuration
com.apple.networking.filtering.configuration
keychain-access-groups
com.apple.developer.swift-playgrounds-app
_MICommonCopyGroupEntitlement
Entitlement %@ contains non-string values; ignoring.
Entitlement %@ does not contain supported types; ignoring.
-[MIUninstallNotifier performRemovalWithCompletionBlock:]
Destroying container with identifier %@ at %@
com.apple.installd.delete-containers
-[MIUninstallNotifier performRemovalWithCompletionBlock:]_block_invoke
Failed to destroy containers: %@
patchFile
failed to read header: %s
bad magic
failed to open control region: %s
failed to open diff region: %s
failed to open extra region: %s
malloc of filebuf failed: %s
malloc of patchbuf failed: %s
failed to read control block
read %zd from orig file, expected %d
read %zd from diff sect, expected %d
wrote %zd to new file, expected %d
read %zd from extra sect, expected %d
patch_file
open(%s): %s
fstat(%s): %s
q36@?0i8^v12Q20q28
q36@?0i8r^v12Q20q28
patch failed
BZOpen
malloc of wrapper failed: %s
fropen failed: %s
BZ2_bzReadOpen failed: %d
BZRead
BZ2_bzRead failed: %d
+[MIBundleContainer updateSinfDataForAppWithIdentifier:sinfData:error:]
Failed to get bundle from container %@
-[MIBundleContainer writeiTunesMetadata:error:]
Failed to write iTunesMetadata to %@
-[MIBundleContainer initForAppContainerWithURL:]
Failed to find app bundle in container %@ : %@
-[MIBundleContainer initWithContainer:]
Failed to get URL for container
Failed to find executable bundle in container %@ : %@
BundleMetadata.plist
-[MIBundleContainer captureBundleByMoving:withError:]
Failed get container URL from %@
Failed to move application at %@ into container path %@
-[MIBundleContainer makeContainerLiveReplacingContainer:reason:waitForDeletion:withError:]
Failed to get container URL from %@
com.apple.MobileInstallation.BundleMaxLinkedSDKVersion
-[MIBundleContainer bundleMaxLinkedSDKVersion]
Failed to set SDK version in cache on %@ : %@
com.apple.mobileinstallation.stash
-[MIBundleContainer _stashedBundleContainerForIndex:error:]
No stash was found in bundle container %@ with index %lu (at %@)
Failed to create %@ instance for %@
-[MIBundleContainer cloneContentFromStashedBundleContainer:error:]
Failed get container URL for %@ when trying to clone content from %@
Could not locate bundle in stashed bundle container at %@
-[MIBundleContainer cloneContentFromStashedBundleContainer:error:]_block_invoke
Failed to clone stashed item %@ to %@
Failed to enumerate stashed container
-[MIBundleContainer transferExistingStashesFromContainer:error:]
Failed to preserve existing stashed version of app %@ at %@
Preserved existing stashed version for %@
-[MIBundleContainer stashBundleContainerContents:error:]
Failed to create stash base directory at %@
-[MIBundleContainer stashBundleContainerContents:error:]_block_invoke
Failed to clone existing container item at path %@ to stash path %@
Failed to create MIStashedBundleContainer instance for %@
Failed to read bundle metadata from %@
Failed to save stash metadata
Stashed previous version of %@
+[MIDataContainer dataContainerForExecutableBundle:createIfNeeded:temporary:created:error:]
Can't get data container for bundle %@
com.apple.MobileInstallation.ContentProtectionClass
-[MIDataContainer setContentProtectionClass:]
Failed to save content protection class value on data container %@ : %@
Failed to open macho file at %s for reading: %s
Failed to stat %s : %s
File at %s is not a valid mach-o (too small to contain a valid header)
Failed to read magic from %s : %s
Failed to read macho header and load commands in %s at %u
Failed to read fat header of %s : %s
Got fat header with magic 0x%08x and %u archs
Number of fat archs %u exceeds the maximum %u
File is not large enough to contain %u fat arch headers and their referenced slices.
Failed to read fat archs from %s : %s
Evaluating fat slice with cputype %d; subtype %d; offset %u; size %u; align %u
Fat arch %u in %s specifies offset which is beyond the end of the file
Unknown binary with magic 0x%08x at %s
v20@?0I8I12I16
Failed to get SDK version from slice in %s
Slice had version 0x%08x
B24@?0r^{fat_arch=iiIII}8r^{mach_header=IiiIIII}16
Failed to iterate macho file at %s
Error: Argument pointer must not be null
SIMULATOR_ARCHS
Error: Can't read SIMULATOR_ARCHS environment variable: %s
Failed to allocate memory for SIMULATOR_ARCHS environment variable duplicate: %s
x86_64
arm64e
arm64
Unable to determine CPU type is runnable with error: %d
CPU type 0x%x and subtype 0x%x are runnable
CPU type 0x%x and subtype 0x%x are not runnable
Input path is NULL
Can't open input file %s: %s
Can't stat input file %s: %s
Failed to read header for file %s: %s
Can't seek input file %s: %s
Failed to read fat header from input file %s: %s
Malformed fat file: %s
Failed to allocate memory for fat arch(s): %s
Failed to read fat arch(s) from input file %s: %s
Failed to check if cpu type is runnable
FAT matching_arch cpu_type: 0x%x cpu_subtype: 0x%x
Failed to find matching arch for FAT input file %s
Failed to read mach header from input file %s: %s
32-bit thin matching_arch cpu_type: 0x%x cpu_subtype: 0x%x
Failed to find matching arch for 32-bit Mach-O input file %s
64-bit thin matching_arch cpu_type: 0x%x cpu_subtype: 0x%x
Failed to find matching arch for 64-bit Mach-O input file %s
Unknown binary format for input file %s.
Failed to read mach header at offset %lld : %s
Expected to read at least sizeof(struct mach_header) but only got %zd bytes
Got 64-bit magic but didn't read size of 64-bit mach header
Unknown magic in macho header at offset %llu: 0x%08x
Space required for total size of load commands (%llu) is greater than indicated size of commands (%u).
File is not large enough to contain commands with length %u
Failed to allocate %llu bytes: %s
Failed to read %u bytes at offset %lld : %s
Expected to read %u bytes of commands but only got %zd bytes
MobileInstallerDelegateProtocol
MobileInstallerProtocol
MobileInstallationHelperServiceProtocol
MILaunchServicesDatabaseGatherer
MIFilesystemScannerDelegate
MICodeSigningInfo
MIHelperServiceClient
MIDaemonConfiguration
MIInstallableParallelPlaceholder
MobileInstallationServiceDelegate
NSXPCListenerDelegate
NSObject
MIClientConnection
MIInstaller
MITestManager
MIReverter
MobileInstallationAdditions
MIBOMWrapper
MIDiskUsageGatherer
MIInstalledInfoGatherer
MIStashMetadata
NSSecureCoding
NSCoding
NSCopying
MIContainer
MIContainerRestoration
MIFilesystemScanner
MIObsoleteUpgradeCleaner
MIEmbeddedWatchBundle
0 2@
MIBundle
MIRelocatedBundleContainer
MIPluginDataContainer
MICapabilitiesManager
MIInstallableBundle
MIExecutableBundle
MIGroupContainer
MIKeychainAccessGroupTracker
MIInstallableBundlePatch
MIStashedBundleContainer
MIUninstaller
MISystemAppState
MILinkedUninstallNotifier
MIInstallable
MIInstallationIdentity
MIPluginKitPluginBundle
MIUninstalledAppList
MISystemAppMigrationState
MIApplicationTerminationAssertion
MIFreeProfileValidatedAppTracker
MICodeSigningVerifier
MISafeHarborManager
MIUninstallNotifier
MIContainerProtectionManager
MIBundleContainer
MIDataContainer
reportProgress:
enumerateAppDictionary:error:
delegateMessageDeliveryCompleteWithError:
interfaceWithProtocol:
installURL:withOptions:completion:
revertIdentifier:withOptions:completion:
uninstallIdentifiers:withOptions:completion:
lookupUninstalledWithOptions:completion:
clearUninstalledIdentifiers:withOptions:completion:
lookupSystemAppStateWithOptions:completion:
updateSystemAppStateForIdentifier:appState:completion:
enumerateInstalledAppsWithOptions:completion:
fetchDiskUsageForIdentifiers:withOptions:completion:
processRestoredContainerWithIdentifier:ofType:options:completion:
registerSafeHarborAtPath:forIdentifier:ofType:withOptions:completion:
removeSafeHarborForIdentifier:ofType:withOptions:completion:
listSafeHarborsOfType:withOptions:completion:
checkCapabilities:withOptions:completion:
fetchInfoForFrameworkAtURL:options:completion:
fetchInfoForContainerizedAppWithBundleID:options:completion:
updateSinfForLSWithIdentifier:withOptions:sinfData:completion:
updateiTunesMetadataForLSWithIdentifier:options:plistData:completion:
updatePlaceholderMetadataForApp:installType:failureReason:underlyingError:failureSource:completion:
getAppMetadataForApp:completion:
setSystemAppMigrationComplete:
waitForSystemAppMigratorToComplete:
systemAppMigratorHasCompleted:
getPidForTestingWithCompletion:
dieForTesting
setTestModeWithCompletion:
endTestModeWithCompletion:
getTestModeWithCompletion:
setTestFlags:withCompletion:
clearTestFlags:withCompletion:
setWithObjects:
setClasses:forSelector:argumentIndex:ofReply:
wipeStagingRootWithCompletion:
stageItemAtURL:options:completion:
createSafeHarborWithIdentifier:containerType:andMigrateDataFrom:completion:
stringWithFormat:
mutableCopy
initWithFormat:arguments:
setObject:forKeyedSubscript:
stringWithUTF8String:
numberWithInt:
errorWithDomain:code:userInfo:
userInfo
objectForKeyedSubscript:
domain
code
isEqualToString:
init
sharedInstance
haveUpdatedPluginContainersWithParentID
pluginKitBundlesWithError:
identifier
countByEnumeratingWithState:objects:count:
validateBundleMetadataWithError:
bundleURL
path
dataContainerCreatingIfNeeded:makeLive:created:error:
setParentBundleID:
makeExecutableWithError:
installEmbeddedProvisioningProfileWithProgress:
initWithPluginBundle:inBundleIdentifier:dataContainer:
launchServicesDictionaryWithError:
defaultManager
setDataProtectionOnDataContainer:forNewBundle:retryIfLocked:
needsDataContainer
initWithBundleContainer:dataContainer:
initWithBundle:dataContainer:
entryForBundle:inContainer:withError:
addObject:
enumeratePluginKitPluginsInBundle:updatingPluginParentID:ensurePluginsAreExecutable:installProfiles:error:enumerator:
copy
pluginKitPlugins
containsObject:
enumerator
bundleType
systemApps
coreServices
userApps
internalApps
vpnPlugins
frameworks
systemAppPlaceholders
_scanPluginsInBundle:inBundleContainer:withError:
_setForEntry:
_scanBundle:inContainer:addingToBundleSet:enumeratingEntry:withError:
gatherOptions
initWithScanOptions:
setDelegate:
reScanSystemApps
reScanInternalApps
reScanCoreServicesApps
sharedTracker
invalidateCache
performScanWithError:
setHaveUpdatedPluginContainersWithParentID:
fetchInfoForBundle:inContainer:withError:
scanExecutableBundle:inContainer:withError:
scanPluginsInFrameworkBundle:withError:
errorOccurred:
initWithOptions:enumerator:
performGatherWithError:
shouldUpdatePluginContainersWithParentID
.cxx_destruct
_shouldUpdatePluginContainersWithParentID
_coreServices
_systemApps
_userApps
_internalApps
_pluginKitPlugins
_vpnPlugins
_frameworks
_systemAppPlaceholders
_enumerator
_gatherOptions
T@"NSMutableSet",R,N,V_coreServices
T@"NSMutableSet",R,N,V_systemApps
T@"NSMutableSet",R,N,V_userApps
T@"NSMutableSet",R,N,V_internalApps
T@"NSMutableSet",R,N,V_pluginKitPlugins
T@"NSMutableSet",R,N,V_vpnPlugins
T@"NSMutableSet",R,N,V_frameworks
T@"NSMutableSet",R,N,V_systemAppPlaceholders
T@?,R,N,V_enumerator
TQ,R,N,V_gatherOptions
TB,R,N,V_shouldUpdatePluginContainersWithParentID
initWithDictionaryRepresentation:fromSource:
unsignedIntegerValue
initWithSignerIdentity:signerOrganization:codeInfoIdentifier:teamIdentifier:signatureVersion:entitlements:signerType:profileType:signingInfoSource:
entitlements
signerIdentity
signerOrganization
codeInfoIdentifier
teamIdentifier
signatureVersion
profileValidationType
numberWithUnsignedInteger:
codeSignerType
signingInfoSource
initWithDictionaryRepresentation:
dictionaryRepresentation
_signerIdentity
_signerOrganization
_codeInfoIdentifier
_teamIdentifier
_signatureVersion
_entitlements
_codeSignerType
_profileValidationType
_signingInfoSource
T@"NSString",R,C,N,V_signerIdentity
T@"NSString",R,C,N,V_signerOrganization
T@"NSString",R,C,N,V_codeInfoIdentifier
T@"NSString",R,C,N,V_teamIdentifier
T@"NSNumber",R,C,N,V_signatureVersion
T@"NSDictionary",R,C,N,V_entitlements
TQ,R,N,V_codeSignerType
TQ,R,N,V_profileValidationType
TQ,R,N,V_signingInfoSource
T@"NSDictionary",R,C,N
xpcConnection
invalidate
setXpcConnection:
_invalidateObject
dealloc
initWithServiceName:
setRemoteObjectInterface:
setInterruptionHandler:
setInvalidationHandler:
resume
_sharedConnection
remoteObjectProxyWithErrorHandler:
synchronousRemoteObjectProxyWithErrorHandler:
_synchronousRemoteObjectProxyWithErrorHandler:
_remoteObjectProxyWithErrorHandler:
wipeStagingRootWithError:
stageItemAtURL:options:containedSymlink:error:
createSafeHarborWithIdentifier:containerType:andMigrateDataFrom:withError:
_xpcConnection
T@"NSXPCConnection",&,N,V_xpcConnection
initWithSuiteName:
stringForKey:
boolForKey:
integerForKey:
allowsInternalSecurityPolicy
synchronize
setBool:forKey:
dictionary
diskImageApplicationsDirectories
_bundleIDMapForAppsInDirectory:
addEntriesFromDictionary:
developerAppsDirectory
array
codeSigningEnforcementIsDisabled
localSigningIsUnrestricted
diskImageAppBundleIDToInfoMap
installQOSOverride
skipDeviceFamilyCheck
skipThinningCheck
allowPatchWithoutSinf
nSimultaneousInstallations
_skipDeviceFamilyCheck
_skipThinningCheck
_allowPatchWithoutSinf
_installQOSOverride
_nSimultaneousInstallations
TI,R,N,V_installQOSOverride
TB,R,N,V_skipDeviceFamilyCheck
TB,R,N,V_skipThinningCheck
TB,R,N,V_allowPatchWithoutSinf
TB,R,D,N
Tq,R,N,V_nSimultaneousInstallations
TB,N
T@"NSArray",R,C,N
progressBlock
existingBundleContainer
containerURL
URLByAppendingPathComponent:isDirectory:
bundle
removeItemAtURL:error:
moveItemAtURL:toURL:error:
setBundle:
setBundleContainer:
frameworkBundlesWithError:
setFrameworkBundles:
frameworkBundles
setPluginBundles:
pluginBundles
shouldModifyExistingContainers
performInstallationWithError:
setExportedInterface:
setExportedObject:
isEqual:
class
self
performSelector:
performSelector:withObject:
performSelector:withObject:withObject:
isProxy
isKindOfClass:
isMemberOfClass:
conformsToProtocol:
respondsToSelector:
retain
release
autorelease
retainCount
zone
hash
superclass
description
debugDescription
TQ,R
T#,R
T@"NSString",R,C
listener:shouldAcceptNewConnection:
processIdentifier
effectiveUserIdentifier
effectiveGroupIdentifier
numberWithUnsignedInt:
dictionaryWithObjects:forKeys:count:
sendProgressWithDictionary:
sendProgressWithStatus:percentComplete:
addBarrierBlock:
clientName
installerForURL:withOptions:forClient:
receipt
callStackSymbols
sendDelegateMessagesComplete
_callBlockAfterDelegateMessagesSend:dispatchBlock:
isRunningInTestMode:outError:
_doInstallationForURL:withOptions:completion:
reverterForBundleIdentifier:withOptions:forClient:
performRevertWithError:
count
objectAtIndexedSubscript:
uninstallerForIdentifiers:withOptions:forClient:
performUninstallationWithError:
sharedList
uninstalledDictionary
removeIdentifiers:
systemAppStateDictionaryRestoringBackedUpState:
arrayWithObjects:count:
addIdentifier:withState:
bundleForURL:error:
appBundleContainerWithIdentifier:createIfNeeded:created:error:
_validateArgsForMethodWithName:bundleIdentifier:data:optionalOptions:error:
updateSinfDataForAppWithIdentifier:sinfData:error:
updateiTunesMetadataForAppWithIdentifier:plistData:error:
initWithIdentifiers:options:
gatherUsageInfoWithError:
processRestoredContainerWithIdentifier:ofType:options:forClient:error:
fileURLWithPath:
registerSafeHarborAtURL:withOptions:forIdentifier:ofType:error:
removeSafeHarborWithIdentifier:ofType:options:error:
safeHarborListForType:withError:
checkCapabilities:withOptions:error:
bundleMetadataWithError:
setPlaceholderFailureReason:
setPlaceholderFailureUnderlyingError:
setPlaceholderFailureUnderlyingErrorSource:
setInstallType:
saveBundleMetadata:withError:
watchKitAppExecutableHash
watchKitAppExecutableHashWithError:
setWatchKitAppExecutableHash:
waitForSystemAppMigrationToComplete:
systemAppMigrationComplete
setIsRunningInTestMode:
clearIsRunningInTestMode:
setTestFlags:
clearTestFlags:
sendProgressWithStatus:
percentComplete
_percentComplete
TI,R,N,V_percentComplete
T@"NSString",R,C,N
T@"NSXPCConnection",W,N,V_xpcConnection
boolValue
dataDirectory
URLByAppendingPathComponent:
lockedIdentifiers
setLockedIdentifiers:
outstandingTerminationAssertions
setOutstandingTerminationAssertions:
initWithURL:options:forClient:
client
installURL
options
setInstallURL:
fileSystemRepresentation
setPackageFormat:
itemExistsAtURL:
stagingRoot
URLByDeletingLastPathComponent
setStagingRoot:
setStagingURL:
packageFormat
stagingURL
extractZipArchiveAtURL:toURL:withError:
standardizeOwnershipAtURL:toUID:GID:removeACLs:setProtectionClass:foundSymlink:error:
pathExtension
lastPathComponent
stringByAppendingString:
createDirectoryAtURL:withIntermediateDirectories:mode:error:
itemIsFileAtURL:error:
enumerateURLsForItemsInDirectoryAtURL:ignoreSymlinks:withBlock:
initWithBundleIdentifier:reason:
_fireCallbackWithStatus:
setWaitingTime:
_bundlesAtURL:error:
_acquireTerminationAssertionsForBundles:
_writeLockBundles:
vpnPluginBundleContainerWithIdentifier:createIfNeeded:created:error:
container
destroyContainerWithCompletion:
isPlaceholder
initWithBundle:inStagingRoot:packageFormat:userOptions:existingBundleContainer:error:
_manifestPathForBase:withIdentifier:patchType:error:
initWithBundle:inStagingRoot:packageFormat:userOptions:manifestURL:existingBundleContainer:patchType:error:
setInstallables:
installationBlacklist
_takeOwnershipOfInstallableContainingSymlink:error:
_setupPackageStateWithError:
_fireCallbackWithStatus:percentComplete:
_extractPackageContainedSymlink:withError:
setStagingTime:
_discoverInstallablesWithError:
setWithArray:
intersectsSet:
_installProvisioningProfilesAtStagingRootWithError:
_installProvisioningProfilesFromUserOptionsWithError:
installables
setProgressBlock:
isPlaceholderInstall
validateSymlinksInURLDoNotEscapeURL:error:
performPreflightWithError:
setPreflightAndPatchTime:
performVerificationWithError:
setVerificationTime:
postFlightInstallationWithError:
finalizeInstallationWithError:
launchServicesDictionariesWithError:
addObjectsFromArray:
componentsJoinedByString:
stagingTime
waitingTime
preflightAndPatchTime
verificationTime
_packageFormat
_receipt
_installURL
_options
_client
_stagingRoot
_stagingURL
_installables
_outstandingTerminationAssertions
_lockedIdentifiers
_stagingTime
_waitingTime
_preflightAndPatchTime
_verificationTime
T@"NSURL",&,N,V_installURL
T@"NSDictionary",R,N,V_options
T@"MIClientConnection",R,N,V_client
T@"NSURL",&,N,V_stagingRoot
T@"NSURL",&,N,V_stagingURL
TC,N,V_packageFormat
T@"NSArray",&,N,V_installables
T@"NSArray",&,N,V_outstandingTerminationAssertions
T@"NSArray",&,N,V_lockedIdentifiers
TQ,N,V_stagingTime
TQ,N,V_waitingTime
TQ,N,V_preflightAndPatchTime
TQ,N,V_verificationTime
T@"NSDictionary",R,N,V_receipt
hasInternalContent
_testModeSentinelURL
writeToURL:atomically:encoding:error:
testFlags
testFlagsAreSet:
_testFlags
TQ,N,V_testFlags
initForBundleIdentifier:options:forClient:
bundleContainer
dataContainer
pluginDataContainers
isLocked
bundleID
setExistingBundleContainer:
stashedBundleContainerWithError:
setStashedContainer:
codeSigningInfoByValidatingResources:performingOnlineAuthorization:ignoringCachedSigningInfo:checkingTrustCacheIfApplicable:skippingProfileIDValidation:error:
codeSignatureVerificationState
hasNoConflictsWithOtherInstalledEntitiesForSigningInfo:error:
stashedContainer
_validateBundle:error:
linkedParentBundleID
createLinkToContainer:withAttributes:error:
tempAppBundleContainerWithIdentifier:error:
cloneContentFromStashedBundleContainer:error:
_validateAndEstablishLinkToParentContainer:
updateMCMWithCodeSigningInfoAsAdvanceCopy:withError:
setPluginDataContainers:
setDataContainer:
_postFlightPluginsWithError:
status
regenerateDirectoryUUIDWithError:
arrayWithCapacity:
_refreshUUIDForContainer:withError:
makeContainerLiveWithError:
makeContainerLiveReplacingContainer:reason:waitForDeletion:withError:
deleteContainers:withCompletion:
setIsLocked:
_performPreflightWithError:
_performVerificationWithError:
_performInstallationWithError:
_postFlightInstallationWithError:
_finalizeInstallationWithError:
_launchServicesDictionariesWithError:
setClient:
setOptions:
setBundleID:
_isLocked
_bundleID
_existingBundleContainer
_stashedContainer
_bundleContainer
_pluginBundles
_dataContainer
_pluginDataContainers
T@"MIClientConnection",W,N,V_client
T@"NSDictionary",C,N,V_options
T@"NSString",&,N,V_bundleID
TB,N,V_isLocked
T@"MIBundleContainer",&,N,V_existingBundleContainer
T@"MIStashedBundleContainer",&,N,V_stashedContainer
T@"MIBundleContainer",&,N,V_bundleContainer
T@"NSArray",&,N,V_pluginBundles
T@"MIDataContainer",&,N,V_dataContainer
T@"NSMutableArray",&,N,V_pluginDataContainers
isTemporary
stringWithFileSystemRepresentation:length:
pathComponents
containsDotDotPathComponents
stringWithFileSystemRepresentation:
TB,R
extractZipArchiveAtURL:toURL:withError:extractionProgressBlock:
_countFilesAndBytesInArchiveAtURL:withBOMCopier:totalFiles:totalUncompressedBytes:error:
initWithContentsOfURL:options:error:
bytes
length
UTF8String
currentThread
name
initWithString:
appendString:
reason
calcDynamic
calcShared
calcStatic
allContainersForIdentifier:options:error:
diskUsage
numberWithUnsignedLongLong:
identifiers
_gatherForIdentifier:
_calcStatic
_calcDynamic
_calcShared
_identifiers
T@"NSArray",R,N,V_identifiers
TB,R,N,V_calcStatic
TB,R,N,V_calcDynamic
TB,R,N,V_calcShared
isRemovableSystemApp
systemAppBundleIDToInfoMap
coreServicesAppBundleIDToInfoMap
internalAppBundleIDToInfoMap
dataContainerWithError:
_fixUpForBuiltInAppParallelPlaceholder
vpnPluginIdentifiers
initWithBundleContainer:
stashMetadataWithError:
dateStashed
dateOriginallyInstalled
dictionaryWithCapacity:
bundleSignatureVersionWithError:
numberWithBool:
executableURL
_determineApplicationType
bundleParentDirectoryURL
systemAppsDirectory
lsInstallTypeWithError:
shouldHaveCorrespondingDataContainer
bundleVersion
bundleShortVersion
counterpartIdentifiers
installationIdentitySettingIfNotSet:withError:
uniqueInstallID
installSessionID
allowDeletableSystemApps
parentBundleURL
owningBundleIdentifier
itemExistsAtURL:error:
hasWatchGlance
hasWatchCustomNotification
watchKitVersionWithError:
isExtensionlessWatchKitApp
infoPlistSubset
pluginKitBundlesSkippingPlatformValidation:withError:
parentBundleID
isWatchKitExtension
isSiriIntentsExtension
alternateIconName
installDate
placeholderFailureReason
fairPlaySinfInfoWithError:
needsSinf
_infoForStashedContainer:
_staticDiskUsage
builtInAppParallelPlaceholderBundle
_sandboxEnvironment
_groupContainersDictionary
initWithWatchKitAppBundle:inBundle:
_bundle
_builtInAppParallelPlaceholderBundle
_owningBundleIdentifier
_parentBundleURL
T@"MIExecutableBundle",R,N,V_bundle
T@"MIExecutableBundle",R,N,V_builtInAppParallelPlaceholderBundle
T@"MIBundleContainer",R,N,V_bundleContainer
T@"MIDataContainer",R,N,V_dataContainer
T@"NSString",R,N,V_owningBundleIdentifier
T@"NSURL",R,N,V_parentBundleURL
decodeObjectOfClass:forKey:
allocWithZone:
setDateStashed:
setDateOriginallyInstalled:
encodeObject:forKey:
dataWithContentsOfURL:options:error:
initForReadingFromData:error:
error
finishDecoding
initRequiringSecureCoding:
encodedData
writeToURL:options:error:
supportsSecureCoding
metadataFromURL:error:
encodeWithCoder:
initWithCoder:
copyWithZone:
serializeToURL:error:
_dateStashed
_dateOriginallyInstalled
T@"NSDate",&,N,V_dateStashed
T@"NSDate",&,N,V_dateOriginallyInstalled
info
temporaryContainerWithContentClass:identifier:existed:error:
initWithContainer:
containerWithIdentifier:error:
tempContainerWithIdentifier:ofContentClass:error:
containersWithClass:error:
containerClass
defaultCenter
postNotificationName:object:userInfo:options:
replaceContainer:withContainer:error:withCompletion:
containerWithContentClass:identifier:error:
infoValueForKey:error:
setInfoValue:forKey:error:
recreateDefaultStructureWithError:
wipeAllMyContainerContent:
diskUsageWithError:
_bundleContainerForIdentifier:error:
_groupContainerIdentifiersForBundleId:
groupContainerWithIdentifier:createIfNeeded:error:
captureStoreDataFromDirectory:toDirectory:doCopy:failureIsFatal:withError:
thisContainer
containerWithIdentifier:ofContentClass:createIfNeeded:created:error:
initWithContainerURL:
contentClass
purgeContentWithError:
captureStoreDataFromDirectory:doCopy:failureIsFatal:withError:
_container
_containerURL
_status
T@"MCMContainer",R,N,V_container
T@"NSURL",R,N,V_containerURL
Tq,R,N
TQ,R,N,V_status
TQ,R,N
fileURLWithFileSystemRepresentation:isDirectory:relativeToURL:
propertyListWithData:options:format:error:
allValues
firstObject
itemDoesNotExistAtURL:
delegate
bundleIsBlacklisted:
allFrameworksDirectories
_scanFrameworkDirectory:withError:
_scanBundleContainerType:withError:ignoredErrorOccurredOnOneOrMoreItems:
_scanBundleContainersWithError:ignoredErrorOccurredOnOneOrMoreItems:
_scanAppsDirectory:withError:
coreServicesDirectory
internalAppsDirectory
systemAppPlaceholdersDirectory
_scanFrameworksLocationsWithError:
_delegate
TQ,R,N,V_options
T@"<MIFilesystemScannerDelegate>",W,N,V_delegate
_setFileNameLocalizationEnabled:
logDirectory
lastBuildInfoFileURL
reconcile
cleanUpgradesWithError:
preflightUninstalledMap
initWithMachServiceName:
installdLibraryPath
backedUpStateDirectory
cachesDirectory
installdPath
debugDescriptionForItemAtURL:
createDirectoryAtURL:withIntermediateDirectories:mode:class:error:
enumerateKeysAndObjectsUsingBlock:
compare:options:
isApplicableToOSVersion:error:
initWithParentBundle:parentSubdirectory:bundleName:error:
pluginKitBundlesPerformingPlatformValidation:withError:
isApplicableToKnownWatchOSVersion
initWithParentBundle:parentSubdirectory:bundleName:isPlaceholder:error:
currentOSVersionForValidationWithError:
allowsAppExtensionsNotInExtensionCache
_isPlaceholder
TB,R,N,V_isPlaceholder
TB,R,N
containsString:
_validateWithError:
initWithBundleParentURL:parentSubdirectory:bundleName:error:
_URLOfFirstBundleInDirectory:withExtension:error:
initWithBundleURL:error:
_infoPlistKeysToLoad
systemAppPlaceholderBundleIDToInfoMap
factoryMountDirectory
hasPrefix:
objectForKey:
isPlaceholderStatusValid
bundleAtURLIsPlaceholder:
setIsPlaceholderStatusValid:
markBundleAsPlaceholder:withError:
pluginKitBundles
bundlesInParentBundle:subDirectory:matchingPredicate:error:
isWatchApp
bundleName
pathWithComponents:
bundlesInParentBundle:overrideParentBundleIDForValidation:subDirectory:matchingPredicate:error:
arrayByAddingObjectsFromArray:
isApplicableToCurrentOSVersionWithError:
isApplicableToCurrentDeviceCapabilitiesWithError:
minimumOSVersion
extensionPointOverlay
setPluginKitBundles:
isLaunchProhibited
isFileProviderNonUIExtension
isMapsGeoServicesExtension
extensionPointIdentifier
isMessagePayloadProviderExtension
extensionAttributes
bundleParentSubdirectory
isSiriIntentsUIExtension
xpcServiceBundles
setXpcServiceBundles:
setBundleParentDirectoryURL:
isCompatibleWithDeviceFamily:
deviceFamilies
intValue
isMinimumOSVersion:applicableToOSVersion:error:
supportedDevices
alternateThinningModelIdentifier
bundleTypeDescription
sdkBuildVersion
initWithBundleInDirectory:withExtension:error:
isStaticContent
setIsPlaceholderWithError:
validatePluginMetadataWithError:
xpcServiceBundlesWithError:
isApplicableToCurrentDeviceFamilyWithError:
isApplicableToOSVersionEarlierThan:
thinningMatchesCurrentDeviceWithError:
siriIntents
validateAppMetadataWithError:
sdkBuildVersionIsAtLeast:
parentBundle
_bundleType
_isPlaceholderStatusValid
_infoPlistSubset
_bundleParentDirectoryURL
_parentBundleID
_bundleName
_bundleParentSubdirectory
_parentBundle
_pluginKitBundles
_frameworkBundles
_xpcServiceBundles
T@"NSArray",&,N,V_pluginKitBundles
T@"NSArray",&,N,V_frameworkBundles
T@"NSArray",&,N,V_xpcServiceBundles
TB,N,V_isPlaceholderStatusValid
T@"NSDictionary",R,C,N,V_infoPlistSubset
T@"NSString",R,C,N,V_parentBundleID
T@"NSURL",R,N
T@"NSString",R,C,N,V_bundleName
TC,R,N,V_bundleType
T@"NSURL",&,N,V_bundleParentDirectoryURL
T@"NSString",R,C,N,V_bundleParentSubdirectory
T@"NSSet",R,N
T@"MIBundle",R,W,N,V_parentBundle
diskUsageForURL:
pluginDataContainerWithIdentifier:createIfNeeded:created:error:
T@"NSString",C,N,V_parentBundleID
allKeys
initWithBundle:inStagingRoot:packageFormat:userOptions:error:
userOptions
builtInFrameworkBundleIDs
setCheckIncomingUpgradeEntitlement:
whitespaceAndNewlineCharacterSet
stringByTrimmingCharactersInSet:
_validateITunesMetadataOptionWithError:
_checkCanInstallWithError:
setIdentifiersMap:
identifiersMap
transferInstallationIdentityFromBundle:error:
makeAndSetNewInstallationIdentityWithError:
_verifyBundleMetadataWithError:
_installEmbeddedProfilesWithError:
companionAppIdentifier
isWatchOnlyApp
watchKitAppRunsIndependentlyOfCompanion
isExtensionBasedWatchKitApp
minimumWatchOSVersionIsPreV6
hasOnlyAllowedWatchKitAppInfoPlistKeysForWatchKitVersion:error:
_validateCompanionAppStateInWatchKitApp:withVersion:error:
_performCompanionWatchAppValidationForWatchApp:withVersion:companionAppSigningInfo:frameworks:error:
_verifyAppExtensions:inWatchKit2App:checkPluginSignature:checkFrameworkSignature:error:
watchKitV2AppBundleWithError:
_isValidWatchKitApp:withVersion:installableSigningInfo:error:
setEmbeddedWatchApp:
_validateBundle:validatingResources:performingOnlineAuthorization:checkingTrustCacheIfApplicable:allowingFreeProfileValidation:skippingProfileIDValidation:error:
setValidatedByFreeProfile:
setAppIdentifier:
setXpcServiceBundlesEnabled:
_performLocallySignedAppValidation:withError:
_validateApplicationIdentifierForNewBundleSigningInfo:error:
_performWatchVerificationForSigningInfo:withError:
_performAppClipSpecificValidationForEntitlements:isAppClip:withError:
checkIncomingUpgradeEntitlement
updateSinfWithData:error:
replicateRootSinfWithError:
stagingRootURL
validateSinfWithError:
setLinkedParentBundleID:
date
setInstallDate:
setInstallBuildVersion:
_setLinkedParentFromBundleMetadata:error:
setAutoInstallOverride:
setAlternateIconName:
transferExistingStashesFromContainer:error:
stashBundleContainerContents:error:
_handleStashMode:withError:
tempVPNPluginBundleContainerWithIdentifier:error:
captureBundleByMoving:withError:
_captureDataFromStagingRootOrBundle:toContainer:withError:
_writeOptionsDataToBundle:orContainer:error:
_setBundleMetadataWithError:
_validateSinfsWithError:
_handleStashOptionWithError:
_linkToParentApplication:
xpcServiceBundlesEnabled
updateReferencesWithOldBundle:newBundle:error:
addReferencesForBundle:error:
validatedByFreeProfile
appIdentifier
addReferenceForApplicationIdentifier:bundle:error:
embeddedWatchApp
_isPlaceholderInstall
_checkIncomingUpgradeEntitlement
_xpcServiceBundlesEnabled
_validatedByFreeProfile
_identifiersMap
_appIdentifier
_embeddedWatchApp
TB,N,V_checkIncomingUpgradeEntitlement
T@"NSMutableDictionary",&,N,V_identifiersMap
TB,N,V_xpcServiceBundlesEnabled
TB,N,V_validatedByFreeProfile
T@"NSString",&,N,V_appIdentifier
T@"MIEmbeddedWatchBundle",&,N,V_embeddedWatchApp
T@"MIExecutableBundle",&,D,N
TB,R,N,V_isPlaceholderInstall
T@"MIBundleContainer",R,N,V_existingBundleContainer
T@"NSArray",&,N,V_pluginDataContainers
realPathForURL:ifChildOfURL:
executableName
installType
installTypeFromExtendedAttributeOnBundle:error:
wk2AppBundle
watchKitAppBundleForWKVersionOrEarlier:error:
installationIdentity
installationIdentityForBundle:settingIfNotSet:error:
setInstallationIdentity:
identityForUpdateOfBundle:error:
writeToBundle:error:
newIdentityForBundle:
_isGrandfatheredNonContainerized:
_hasNonContainerizingEntitlement:checkSeatbeltProfiles:
raise:format:
dataContainerContentClass
numberWithInteger:
codeSigningInfo
codeSigningInfoError
_codeSigningInfoFromMCM
setCodeSigningInfo:
codeSigningVerifierForBundle:
setValidateResources:
setPerformOnlineAuthorization:
setSkipProfileIDValidation:
setAllowAdhocSigning:
setVerifyTrustCachePresence:
setValidateUsingDetachedSignature:
performValidationWithError:
setCodeSigningInfoError:
signingInfo
systemAppPlaceholderXPCServiceBundleIDs
systemAppPlaceholderPluginBundleIDs
systemAppPlaceholderBundleIDs
_hasNoConflictWithSystemAppsForSigningInfo:error:
_dataContainerCreatingIfNeeded:makeLive:checkIfNeeded:created:error:
dataContainerClass
dataContainerForExecutableBundle:createIfNeeded:temporary:created:error:
isSubsetOfSet:
removeSinf
updateAndValidateSinf:withRollback:error:
rootSinfURL
bestEffortRollbackSinfData:
rootSuppURL
rootSupfURL
cfBundle
_hasResource:withExtension:
watchKitPluginWithError:
watchKitPlugin
setWatchKitPlugin:
wk2AppBundleError
_discoverWatchAppBundleAsPlaceholder:error:
setWk2AppBundle:
setWk2AppBundleError:
initWithBundleInContainer:withExtension:error:
maxLinkedSDKVersion
estimatedMemoryUsageToValidate
updateAndValidateSinf:error:
hasSinf
lsInstallType
setLsInstallType:
_cfBundle
_codeSignatureVerificationState
_wk2AppBundleError
_wk2AppBundle
_codeSigningInfo
_codeSigningInfoError
_watchKitAppExecutableHash
_watchKitPlugin
_installationIdentity
_lsInstallType
T@"NSError",&,N,V_wk2AppBundleError
T@"MIEmbeddedWatchBundle",&,N,V_wk2AppBundle
T@"MICodeSigningInfo",&,N,V_codeSigningInfo
T@"NSError",&,N,V_codeSigningInfoError
T@"NSString",&,N,V_watchKitAppExecutableHash
T@"MIPluginKitPluginBundle",&,N,V_watchKitPlugin
T@"MIInstallationIdentity",&,N,V_installationIdentity
TQ,N,V_lsInstallType
T@"MIBundleContainer",W,N,V_bundleContainer
T^{__CFBundle=},R,N,V_cfBundle
TI,R,N
T@"NSArray",R,C,D,N
TQ,R,N,V_codeSignatureVerificationState
T#,R,N
containerWithIdentifier:createIfNecessary:existed:error:
builtInApplicationBundleIDs
initWithBytes:length:encoding:
dictionaryWithDictionary:
removeObjectForKey:
MI_writeToURL:format:options:error:
dictionaryWithContentsOfURL:
setRefs:
allAppBundleContainersWithError:
allVPNPluginBundleContainersWithError:
_onQueue_addReferencesForBundle:error:
refs
_onQueue_discoverReferences
_keychainAccessGroupsForApp:error:
isEqualToSet:
removeObject:
countForObject:
_removeGroupsWithError:error:
_keychainAccessGroupsForBundle:error:
unionSet:
_onQueue_updateReferencesWithOldBundle:newBundle:error:
_onQueue_removeReferencesForBundle:error:
removeReferencesForBundle:error:
_refs
T@"NSCountedSet",&,N,V_refs
T@"NSObject<OS_dispatch_queue>",R,N,V_q
migrationPlistURL
patchType
manifestURL
existingBundleVersion
existingBundleShortVersion
patchTypeName
updatedBundleVersion
updatedBundleShortVersion
_applyDeltaPatchWithError:
applyPatchWithError:
_patchType
_existingBundleVersion
_existingBundleShortVersion
_updatedBundleVersion
_updatedBundleShortVersion
_manifestURL
T@"NSString",R,N,V_existingBundleVersion
T@"NSString",R,N,V_existingBundleShortVersion
T@"NSString",R,N,V_updatedBundleVersion
T@"NSString",R,N,V_updatedBundleShortVersion
T@"NSURL",R,N,V_manifestURL
T@"NSString",R,D,N
TC,R,N,V_patchType
initForAppContainerWithURL:
setStashMetadata:
stashMetadata
stashMetadataURL
newStashMetadata
saveStashMetadata:withError:
_stashMetadata
T@"MIStashMetadata",&,N,V_stashMetadata
initWithIdentifiers:options:forClient:
setPercentComplete:
removeReferenceForBundle:error:
addIdentifier:
initWithAppBundleContainerToRemove:withLinkedContainers:
performContainerRemovalWithError:
performContainerRemovalWithError:diskSpaceCleanupCompletion:
removedAppBundleIDs
initWithContainersToRemove:
performRemovalWithCompletionBlock:
_acquireTerminationAssertionsForIdentifiers:uninstallUserDataOnly:
_uninstallUserStuffForIdentifier:error:
_uninstallBundleWithIdentifier:waitForDeletion:uninstallReason:error:
_releaseOutstandingTerminationAssertions
TI,N,V_percentComplete
MI_dictionaryWithContentsOfURL:options:error:
appStateQueue
systemAppStateList
systemAppInstallStateFilePath
_systemAppStateFromURL:
setSystemAppStateList:
backupSystemAppInstallStateFilePath
_onQueue_setSystemAppStateList:
_onQueue_systemAppStateList
_onQueue_retrieveSystemAppStateRestoringBackedUpState:
removeObjectsForKeys:
_appStateQueue
_systemAppStateList
T@"NSObject<OS_dispatch_queue>",R,N,V_appStateQueue
T@"NSMutableDictionary",&,N,V_systemAppStateList
appBundleContainer
expectedRemovals
_removeLinkedContainersWithDeletionOptions:error:
queue
setQueue:
_removedAppBundleIDs
_expectedRemovals
_appBundleContainer
_queue
T@"NSArray",R,N,V_expectedRemovals
T@"MIContainer",R,N,V_appBundleContainer
T@"NSObject<OS_dispatch_queue>",&,N,V_queue
T@"NSArray",R,N,V_removedAppBundleIDs
_userOptions
_stagingRootURL
_progressBlock
T@"NSDictionary",R,N,V_userOptions
T@"NSURL",R,N,V_stagingRootURL
TC,R,N,V_packageFormat
T@"MIBundle",&,N,V_bundle
T@?,C,N,V_progressBlock
initWithSessionID:uniqueID:
dataForExtendedAttributeNamed:length:fromFD:fdLocation:error:
_writeToBundle:fd:fdLocation:error:
setInstallSessionID:
setUniqueInstallID:
setData:forExtendedAttributeNamed:onFD:fdLocation:error:
_writeToBundle:error:
_installSessionID
_uniqueInstallID
T@"NSData",C,N,V_installSessionID
T@"NSData",C,N,V_uniqueInstallID
dataWithBytes:length:
allObjects
setValidationOverrideParentBundleID:
exExtensionPointIdentifier
nsExtensionPointIdentifier
_overlayDictionary:onDictionary:
overlaidInfoPlist
setOverlaidInfoPlist:
validationOverrideParentBundleID
overlaidInfoPlistWithError:
substringFromIndex:
_validateXPCServiceWithOverlaidDictionary:error:
_validateNSExtensionWithOverlaidDictionary:error:
_extensionPointOverlay
_extensionPointIdentifier
_extensionAttributes
_overlaidInfoPlist
_validationOverrideParentBundleID
T@"NSDictionary",C,N,V_overlaidInfoPlist
T@"NSString",C,N,V_validationOverrideParentBundleID
T@"NSString",R,C,N,V_extensionPointIdentifier
T@"NSDictionary",R,C,N,V_extensionAttributes
T@"NSDictionary",R,N,V_extensionPointOverlay
componentsSeparatedByString:
dataWithPropertyList:format:options:error:
MI_writeAtomicallyToURLMatchingCurrentFileMetadata:error:
MI_writeAtomicallyToURLMatchingCurrentFileMetadata:format:error:
uninstalledList
_mapPath
setUninstalledList:
writeToURL:atomically:
listQueue
_onQueue_uninstalledList
dateWithTimeIntervalSinceNow:
_onQueue_setUninstalledList:
_listQueue
_uninstalledList
T@"NSObject<OS_dispatch_queue>",R,N,V_listQueue
T@"NSMutableDictionary",&,N,V_uninstalledList
T@"NSDictionary",R,N
systemAppMigrationStateQueue
blockArray
setBlockArray:
_systemAppMigrationComplete
_blockArray
_systemAppMigrationStateQueue
T@"NSMutableArray",&,N,V_blockArray
T@"NSObject<OS_dispatch_queue>",R,N,V_systemAppMigrationStateQueue
TB,N,V_systemAppMigrationComplete
logStep:byParty:phase:success:forBundleID:description:
initWithBundleID:reason:acquisitionHandler:
setTermAssertion:
termAssertion
_termAssertion
T@"FBSApplicationTerminationAssertion",&,N,V_termAssertion
insecureCachedAppIdentifierIfValidatedByFreeProfileForBundle:error:
_onQueue_addAppIdentifierIfCachedOnContainer:error:
_onQueue_discoverReferencesWithError:
setValidatedByFreeProfileAppIdentifier:insecurelyCachedOnBundle:error:
_onQueue_addReferenceForApplicationIdentifier:bundle:error:
rangeOfString:
_onQueue_removeReferenceForBundle:error:
T@"NSMutableSet",&,N,V_refs
initWithBundle:
allowAdhocSigning
logResourceVerificationErrors
setLogResourceVerificationErrors:
validateResources
performOnlineAuthorization
validateUsingDetachedSignature
verifyTrustCachePresence
skipProfileIDValidation
_allowAdhocSigning
_logResourceVerificationErrors
_validateResources
_performOnlineAuthorization
_validateUsingDetachedSignature
_verifyTrustCachePresence
_skipProfileIDValidation
_signingInfo
TB,N,V_allowAdhocSigning
TB,N,V_logResourceVerificationErrors
TB,N,V_validateResources
TB,N,V_performOnlineAuthorization
TB,N,V_validateUsingDetachedSignature
TB,N,V_verifyTrustCachePresence
TB,N,V_skipProfileIDValidation
T@"MICodeSigningInfo",R,N,V_signingInfo
removals
_removals
T@"NSArray",R,N,V_removals
iTunesMetadataURL
writeiTunesMetadata:error:
bundleMetadata
bundleMetadataURL
setBundleMetadata:
unsignedIntValue
stashBaseURL
_stashURLForIndex:
_stashedBundleContainerForIndex:error:
copyItemAtURL:toURL:alwaysClone:error:
pluginKitPluginBundleContainerWithIdentifier:createIfNeeded:created:error:
tempPluginKitPluginBundleContainerWithIdentifier:error:
bundleMaxLinkedSDKVersion
_bundleMetadata
T@"MIBundleMetadata",C,N,V_bundleMetadata
contentProtectionClass
setContentProtectionClass:
_contentProtectionClass
Ti,N,V_contentProtectionClass
v24@0:8@16
v32@0:8@16@24
v24@0:8@"NSDictionary"16
v32@0:8@"NSDictionary"16@"NSError"24
v24@0:8@"NSError"16
v40@0:8@16@24@?32
v32@0:8@16@?24
v36@0:8@16i24@?28
v48@0:8@16q24@32@?40
v56@0:8@16@24q32@40@?48
v40@0:8q16@24@?32
v48@0:8@16@24@32@?40
v64@0:8@16Q24Q32@40Q48@?56
v24@0:8@?16
v16@0:8
v32@0:8Q16@?24
v40@0:8@"NSURL"16@"NSDictionary"24@?<v@?@"NSDictionary"@"NSError">32
v40@0:8@"NSString"16@"NSDictionary"24@?<v@?@"NSDictionary"@"NSError">32
v40@0:8@"NSArray"16@"NSDictionary"24@?<v@?@"NSDictionary"@"NSError">32
v32@0:8@"NSDictionary"16@?<v@?@"NSDictionary"@"NSError">24
v40@0:8@"NSArray"16@"NSDictionary"24@?<v@?@"NSError">32
v36@0:8@"NSString"16i24@?<v@?@"NSError">28
v32@0:8@"NSDictionary"16@?<v@?@"NSError">24
v48@0:8@"NSString"16q24@"NSDictionary"32@?<v@?@"NSError">40
v56@0:8@"NSString"16@"NSString"24q32@"NSDictionary"40@?<v@?@"NSError">48
v40@0:8q16@"NSDictionary"24@?<v@?@"NSDictionary"@"NSError">32
v40@0:8@"NSObject"16@"NSDictionary"24@?<v@?@"NSDictionary"@"NSError">32
v40@0:8@"NSURL"16@"NSDictionary"24@?<v@?@"NSArray"@"NSError">32
v40@0:8@"NSString"16@"NSDictionary"24@?<v@?@"NSArray"@"NSError">32
v48@0:8@"NSString"16@"NSDictionary"24@"NSData"32@?<v@?@"NSDictionary"@"NSError">40
v48@0:8@"NSString"16@"NSDictionary"24@"NSData"32@?<v@?@"NSError">40
v64@0:8@"NSString"16Q24Q32@"NSError"40Q48@?<v@?@"NSError">56
v32@0:8@"NSString"16@?<v@?@"MIBundleMetadata"@"NSError">24
v24@0:8@?<v@?@"NSError">16
v24@0:8@?<v@?B@"NSError">16
v24@0:8@?<v@?i>16
v32@0:8Q16@?<v@?@"NSError">24
v40@0:8@"NSURL"16@"NSDictionary"24@?<v@?@"NSURL"B@"NSError">32
v48@0:8@"NSString"16q24@"NSURL"32@?<v@?@"NSError">40
B52@0:8@16B24B28B32^@36@?44
@40@0:8@16@24^@32
B40@0:8@16@24^@32
B32@0:8@16^@24
B40@0:8@"MIExecutableBundle"16@"MIBundleContainer"24^@32
B32@0:8@"MIExecutableBundle"16^@24
@32@0:8Q16@?24
@24@0:8@16
B56@0:8@16@24@32@40^@48
B24@0:8^@16
@16@0:8
@?16@0:8
Q16@0:8
B16@0:8
@"NSMutableSet"
@88@0:8@16@24@32@40@48@56Q64Q72Q80
@32@0:8@16Q24
@"NSString"
@"NSNumber"
@"NSDictionary"
@24@0:8@?16
@48@0:8@16@24^B32^@40
B48@0:8@16q24@32^@40
@"NSXPCConnection"
v20@0:8B16
I16@0:8
q16@0:8
B24@0:8@16
#16@0:8
@24@0:8:16
@32@0:8:16@24
@40@0:8:16@24@32
B24@0:8#16
B24@0:8:16
Vv16@0:8
^{_NSZone=}16@0:8
B24@0:8@"Protocol"16
@"NSString"16@0:8
B32@0:8@16@24
B32@0:8@"NSXPCListener"16@"NSXPCConnection"24
v28@0:8@16I24
v32@0:8r*16@?24
B56@0:8r*16@24@32@40^@48
@40@0:8@16@24@32
B32@0:8^B16^@24
@48@0:8@16@24^C32^@40
@32@0:8@16^@24
C16@0:8
v20@0:8C16
v24@0:8Q16
@"NSURL"
@"MIClientConnection"
@"NSArray"
B24@0:8Q16
@24@0:8^@16
@"MIBundleContainer"
@"MIStashedBundleContainer"
@"MIDataContainer"
@"NSMutableArray"
@32@0:8r*16Q24
@24@0:8r*16
B56@0:8@16^{_BOMCopier=}24^Q32^Q40^@48
B48@0:8@16@24^@32@?40
@32@0:8@16@24
@"MIExecutableBundle"
v24@0:8@"NSCoder"16
@24@0:8@"NSCoder"16
@24@0:8^{_NSZone=}16
@"NSDate"
@40@0:8@16q24^@32
@52@0:8@16q24B32^B36^@44
@32@0:8q16^@24
@40@0:8@16Q24^@32
B44@0:8@16Q24B32^@36
B40@0:8@16B24B28^@32
B40@0:8@16Q24^@32
@"MCMContainer"
B56@0:8@16q24@32@40^@48
B40@0:8q16^@24^B32
B32@0:8^@16^B24
@24@0:8Q16
@"<MIFilesystemScannerDelegate>"
@52@0:8@16@24@32B40^@44
@28@0:8B16^@20
@48@0:8@16@24@?32^@40
@48@0:8@16@24@32^@40
@28@0:8C16^@20
B20@0:8i16
@"MIBundle"
@44@0:8@16B24^B28^@36
@60@0:8@16@24C32@36@44^@52
B52@0:8@16C24@28@36^@44
B36@0:8@16C24^@28
B44@0:8@16C24@28^@36
B48@0:8@16@24B32B36^@40
@52@0:8@16B24B28B32B36B40^@44
B40@0:8@16^B24^@32
B32@0:8Q16^@24
@"NSMutableDictionary"
@"MIEmbeddedWatchBundle"
^{__CFBundle=}16@0:8
B28@0:8@16B24
B28@0:8B16^@20
@44@0:8B16B20B24B28B32^@36
i24@0:8@?16
@40@0:8B16B20^B24^@32
@44@0:8B16B20B24^B28^@36
@36@0:8@16B24^@28
C24@0:8^@16
B28@0:8C16^@20
^{__CFBundle=}
@"NSError"
@"MICodeSigningInfo"
@"MIPluginKitPluginBundle"
@"MIInstallationIdentity"
@"NSCountedSet"
@"NSObject<OS_dispatch_queue>"
@72@0:8@16@24C32@36@44@52C60^@64
@"MIStashMetadata"
@44@0:8@16B24@28^@36
v28@0:8@16B24
v20@0:8I16
@20@0:8B16
v28@0:8@16i24
B32@0:8^@16@?24
@"MIContainer"
@52@0:8@16@24C32@36^@44
B44@0:8@16i24@28^@36
@"NSData"
@56@0:8@16@24@32@?40^@48
B48@0:8@16Q24Q32^@40
@28@0:8@16C24
@"FBSApplicationTerminationAssertion"
B32@0:8^{container_object_s=}16^@24
B56@0:8@16@24@32q40^@48
v36@0:8@16@24B32
@32@0:8Q16^@24
@"MIBundleMetadata"
@48@0:8@16B24B28^B32^@40
i16@0:8
v20@0:8i16
Scanning plugins in bundle at %@
[FAIL] Done scanning plugins in bundle at %@
Done scanning plugins in bundle at %@
ScanPlugins
Scanning bundle at %@
Done scanning bundle at %@
[FAIL] Done scanning bundle at %@
ScanBundle
Scanning framework at %@
Done scanning framework at %@
[FAIL] Done scanning framework at %@
Start installation
Start staging
End staging [failed]
End staging [succeeded]
Stage
Start preflighting and patching
End preflighting and patching [failed]
PreflightAndPatch
End preflighting and patching [succeeded]
Start code sign verification
End code sign verification [failed]
Verification
End code sign verification [succeeded]
End installation [%s]
Install
Generating LS dict for %@
GenerateDict
Done generating LS dict for %@
[FAIL] Done generating LS dict for %@
Failed to stat daemon's home directory at %@ : %d (%s); parentInfo: %@
Daemon's home directory at %@ was not a directory; found mode: 0%ho
Daemon's home directory at %@ should be owned by uid %u, but found %u
Daemon's home directory at %@ should have gid %u, but found %u
Daemon's home directory at %@ should have at least perms 0%ho, but found 0%ho
No space to create directory at "%@": %@; parentInfo: %@
Failed to create directory at "%@": %@; parentInfo: %@
Unexpectedly called %s
Y@333333
<?xml version="1.0" encoding="UTF-8"?>
<!DOCTYPE plist PUBLIC "-//Apple//DTD PLIST 1.0//EN" "http://www.apple.com/DTDs/PropertyList-1.0.dtd">
<plist version="1.0">
<dict>
<key>com.apple.multitasking.termination</key>
<true/>
<key>com.apple.private.MobileContainerManager.allowed</key>
<true/>
<key>com.apple.private.MobileGestalt.AllowedProtectedKeys</key>
<array>
<string>UniqueDeviceID</string>
<string>ProvisioningUniqueDeviceID</string>
</array>
<key>com.apple.private.MobileInstallationHelperService.InstallDaemonOpsEnabled</key>
<true/>
<key>com.apple.private.MobileInstallationHelperService.allowed</key>
<true/>
<key>com.apple.private.amfi.can-check-trust-cache</key>
<true/>
<key>com.apple.private.kernel.override-cpumon</key>
<true/>
<key>com.apple.private.keychain.appclipdeletion</key>
<true/>
<key>com.apple.private.mis.online_auth_agent</key>
<true/>
<key>com.apple.private.security.storage.AppBundles</key>
<true/>
<key>com.apple.private.uninstall.deletion</key>
<true/>
<key>com.apple.vpn.installer_events</key>
<true/>
<key>fairplay-client</key>
<integer>2033844765</integer>
<key>keychain-cloud-circle</key>
<true/>
<key>seatbelt-profiles</key>
<array>
<string>installd</string>
</array>
</dict>
</plist>
