333333
@(#)PROGRAM:trustd  PROJECT:Security-60420.100.324.502.1
3333
>Ln:
g+9f
{FE0
Apple Inc.1&0$
Apple Certification Authority1
Apple Root CA0
060425214036Z
350209214036Z0b1
Apple Inc.1&0$
Apple Certification Authority1
Apple Root CA0
, op
https://www.apple.com/appleca/0
Reliance on this certificate by any party assumes acceptance of the then applicable standard terms and conditions of use, certificate policy and certification practice statements.0
=&g 
Sj[d
Apple Root CA - G21&0$
Apple Certification Authority1
Apple Inc.1
140430181009Z
390430181009Z0g1
Apple Root CA - G21&0$
Apple Certification Authority1
Apple Inc.1
]>qf
%]'b
!hpg
Mq}Q
uAf"
fe(7
fCP?na
`CK
B0@0
}c7h
!I!9
o?!`
e]>7Gc1
Apple Root CA - G31&0$
Apple Certification Authority1
Apple Inc.1
140430181906Z
390430181906Z0g1
Apple Root CA - G31&0$
Apple Certification Authority1
Apple Inc.1
US0v0
/=@r
*wd{_N8
[O0O
B0@0
Apple Inc.1&0$
Apple Certification Authority1
Test Apple Root CA0
150422021548Z
350209214036Z0g1
Apple Inc.1&0$
Apple Certification Authority1
Test Apple Root CA0
$kzu$
]Ka.
PR#3
PR#3
https://www.apple.com/appleca/0
Reliance on this certificate by any party assumes acceptance of the then applicable standard terms and conditions of use, certificate policy and certification practice statements.0
Sq)f
M U)
gc P
_NZ/C
0n1"0 
Test Apple Global Root CA1&0$
Apple Certification Authority1
Apple Inc.1
150422024357Z
401226031337Z0n1"0 
Test Apple Global Root CA1&0$
Apple Certification Authority1
Apple Inc.1
US0v0
"Z %
c0a0
X2C0
X2C0
0l1 0
Test Apple Root CA - G31&0$
Apple Certification Authority1
Apple Inc.1
150422031744Z
401226031337Z0l1 0
Test Apple Root CA - G31&0$
Apple Certification Authority1
Apple Inc.1
US0v0
*j8"
B0@0
Pc4:
|O\uo0
m}se
DELETE FROM issuers
INSERT OR REPLACE INTO issuers (uri,expires,certificate) VALUES (?,?,?)
SELECT certificate FROM issuers WHERE uri=?
SELECT certificate FROM issuers WHERE uri=? and expires>?
SALT LAKE CITY1
THE USERTRUST NETWORK1!0
HTTP://WWW.USERTRUST.COM1
UTN-USERFIRST-HARDWARE
iZtTp
DG9*CO
ki0!!
(+pw)
$[(9s
\.aK
u#"r
jCMl
mBEGIN EXCLUSIVE TRANSACTION
INSERT OR REPLACE INTO tsettings(sha256,subj,tset,data)VALUES(?,?,?,?)
COMMIT TRANSACTION
DELETE FROM tsettings WHERE sha256=?
BEGIN EXCLUSIVE TRANSACTION; DELETE from tsettings; COMMIT TRANSACTION; VACUUM;
SELECT data FROM tsettings WHERE subj=?
SELECT tset FROM tsettings WHERE sha256=?
SELECT data,tset FROM tsettings ORDER BY sha256
SELECT data,tset FROM tsettings ORDER BY sha1
SELECT COUNT(*) FROM tsettings
<?xml version="1.0" encoding="UTF-8"?>
<!DOCTYPE plist PUBLIC "-//Apple//DTD PLIST 1.0//EN" "http://www.apple.com/DTDs/PropertyList-1.0.dtd">
<plist version="1.0">
<dict>
<key>application-identifier</key>
<string>com.apple.trustd</string>
<key>com.apple.application-identifier</key>
<string>com.apple.trustd</string>
<key>com.apple.private.assets.accessible-asset-types</key>
<array>
<string>com.apple.MobileAsset.PKITrustSupplementals</string>
<string>com.apple.MobileAsset.SecExperimentAssets</string>
</array>
<key>com.apple.private.keychain.certificates</key>
<true/>
<key>com.apple.private.necp.match</key>
<true/>
<key>com.apple.private.network.delegation-whitelist</key>
<true/>
<key>com.apple.private.network.socket-delegate</key>
<true/>
<key>com.apple.private.security.storage.SFAnalytics</key>
<true/>
<key>com.apple.private.security.storage.trustd</key>
<true/>
<key>com.apple.private.security.storage.trustd-private</key>
<true/>
<key>com.apple.private.trustd.FileHelp</key>
<true/>
<key>seatbelt-profiles</key>
<array>
<string>trustd</string>
</array>
</dict>
</plist>
application-identifier
com.apple.trustd04 com.apple.application-identifier
com.apple.trustd0
/com.apple.private.assets.accessible-asset-types0X+com.apple.MobileAsset.PKITrustSupplementals)com.apple.MobileAsset.SecExperimentAssets0,'com.apple.private.keychain.certificates
com.apple.private.necp.match
03.com.apple.private.network.delegation-whitelist
0.)com.apple.private.network.socket-delegate
03.com.apple.private.security.storage.SFAnalytics
0.)com.apple.private.security.storage.trustd
061com.apple.private.security.storage.trustd-private
0&!com.apple.private.trustd.FileHelp
seatbelt-profiles0
trustd
WAIT4DEBUGGER
serverxpc
v16@?0^v8
anchorsOnly
keychainsAllowed
attribution
certificates
anchors
policies
responses
scts
trustedLogs
verifyDate
exceptions
auditToken
com.apple.private.network.socket-delegate
result
details
info
chain
auth
Messages expect to be xpc dictionary, got: %@
{%string: %value}
no certs for key %s
%@: %@ lacks entitlement %@
xpc_array_create failed
modify-anchor-certificates
object for key %s failed to create certificate from data
object for key %s missing
eventAttributes
eventName
appID
revocationCheck
application-identifier
com.apple.application-identifier
com.apple.developer.on-demand-install-capable
keychain-access-groups
com.apple.security.application-groups
com.apple.developer.associated-application-identifier
entitlements
CryptoTokenKit
UseTokens
logging
com.apple.securityd
null input
Unknown data encoding, expected CCDER_CONSTRUCTED_SET
Failed to create dictionary
Unknown data encoding, expected CCDER_CONSTRUCTED_SEQUENCE
debug
v24@?0Q8*16
ZuluCalendar
Invalid universal time year between 50 and 70
Failed to create utc date
Failed to create date
setting default value
continuing
Not a decimal digit
Unexpected end of datetime
trailing garbage at end of datetime
overflow
fraction ends in 0
fraction without digits
Invalid datetime character
yMdHms
Failed to encode date from components
Failed to encode date.
Invalid date: %i, %i, %i, %i, %i, %i, %i
com.apple.utilities.sqlite3
%@: [%d]%@ %s
%@: [%d->%d]%@ %s
%@: [%d] %s sql: %s
%@: [%d->%d] %s sql: %s
SecDb
__OSINSTALL_ENVIRONMENT
#SecDB
file::memory:?cache=shared
%@-commit
SecCritical
Error with unexecuted sql remaining %@
pragma page_count
pragma freelist_count
pragma incremental_vacuum(%d)
SecDbStep SQLITE_ROW returned without a row handler
B16@?0^{__OpaqueSecDbConnection={__CFRuntimeBase=QAQ}^{__OpaqueSecDb}BBQBiB^{__CFError}^{sqlite3}^{__CFArray}}8
dbconn
failed to get a db handle
bind_blob[%d]: blob bigger than INT_MAX
bind_blob[%d]
bind_text[%d]: text bigger than INT_MAX
bind_text[%d]
bind_double[%d]
bind_int[%d]
bind_int64[%d]
v24@?0r*8Q16
reset
finalize: %p
prepare_v2: sql bigger than INT_MAX
preparev2
prepare_v2: %@ unused sql: %@
SecDbWithSQL perform block missing
step[%d]: %s returned SQLITE_ROW with NULL row block
SecDbForEach step[%d]
SecDbConnection
<SecDb path:%@ connections: %@>
step
BEGIN IMMEDIATE
BEGIN EXCLUSIVE
invalid transaction type %d
ROLLBACK
SQL DB %@ is corrupted already. Corruption error was: %d (previously %d)
/Library/Keychains/keychain-2.db
/Library/Keychains/ocspcache.sqlite3
/Library/Keychains/TrustStore.sqlite3
/Library/Keychains/caissuercache.sqlite3
PRAGMA integrity_check
NULL
v16@?0^{sqlite3_stmt=}8
Unable to process corruption marker: %{darwin.errno}d
%s-iscorrupt
mkpath_np %s: [%d] %s
open_v2 "%s" 0x%X
PRAGMA auto_vacuum
PRAGMA auto_vacuum = incremental
VACUUM
PRAGMA journal_mode = WAL
SQLProfile
SecDbHandleCorrupt not allowed to repair, handled error: [%d] %s
<SecDbConnection %s %s>
open
closed
com.apple.security.cfder.error
ccder failed to encode
Unknown number encoding
Number too large
Number allocation failed
Unable to get number from data
Unknown size
invalid tag
Unsupported DER Type
Null CFType
Unsupported CFType
tag/length decode failed
Unknown string encoding
String allocation failed
Unknown numeric string encoding
Numeric string allocation failed
String extraction failed
Unknown boolean encoding
Unknown data encoding
Failed to create data
Unknown CoreEntitlements encoding
Failed to create CoreEntitlements data
Unknown null encoding
Unknown data encoding, expected CCDER_CONSTRUCTED_CFSET
Failed to create set
%@/%@
Library/Keychains
private/var/protected/
BOOL soft_SimulateCrash(pid_t, mach_exception_data_type_t, NSString *__strong)
simulate_crash.m
SimulateCrash
void *CrashReporterSupportLibrary(void)
com.apple.security.xpc
code
userinfo
trustd
com.apple.trustd.evaluation
%s%@
MobileAssetContentVersion
MobileAssetLastCheckIn
MobileAssetLastRequest
OTAPKIContext.plist
TrustedCTLogs.plist
TrustedCTLogs_nonTLS.plist
AnalyticsSamplingRates.plist
AppleCertificateAuthorities.plist
SecExperimentAssets.plist
CTKillSwitch
CTKillSwitch_nonTLS
com.apple.MobileAsset.PKITrustSupplementals
com.apple.MobileAsset.SecExperimentAssets
SecOTAPKI
com.apple.security.OTAPKIQueue
com.apple.security.OTAPKIBackgroundQueue
com.apple.trustd.asset-check-in
Could not get CT logs from the current OTAPKIRef
Unable to get the current OTAPKIRef
This function may only be performed by the system trustd.
OTATrust
/System/Library/Security/Certificates.bundle
log_id
<SecOTAPKIRef: version %llu/%llu>
VersionNumber
Blocked
plist
GrayListedKeys
CertificatePinning
Events
SupplementalsAssets
OTAContext.plist missing check-in
OTAContext.plist missing dictionary
ValidUpdate
Version
Format
Generation
valid
could not get valid snapshot
sqlite3
EVRoots
certsIndex
certsTable
com.apple.MobileAsset.PKITrustSupplementals.ma.cached-metadata-updated
com.apple.trustd.asset-updated
com.apple.trustd.kill-switch
MAQueryResult
failed to query MobileAsset %@ metadata: %ld
no results in MobileAsset query for %@
_ContentVersion
unknown asset state %ld
MAAssetState
asset %@ is unknown
com.apple.trustd.asset.downloadAsset
MADownLoadResult
failed to download asset %@: %ld
v16@?0q8
_CompatibilityVersion
skipping asset %@ because Compatibility Version doesn't match %@
assetVersion
systemVersion
installedVersion
skipping asset %@ because we already have _ContentVersion %@ (or newer)
Failed to install new asset version %@ from %@
missing url and version for downloaded SecExperiment asset
com.apple.trustd.secexperiment.asset-updated
missing url and version for downloaded asset
copyfile error for asset %d: %s
failed to change permissions of %s: %s
OTAContext.plist missing kill switch
PKITrustSupplementalsUpdatePeriod
AssetVersion
MobileAsset disabled, skipping check.
last MobileAsset request for %@ too recent, skipping check.
com.apple.trustd.asset.download
failed to download catalog for asset %@: %ld
Failed to get asset %@ metadata within %d seconds.
Unknown error occurred.
%@-%@
TrustdAssetDownloadWaitTimeout
OTAContext.plist missing version
trustd/
trustd/%@
private
private/
private/%@
helper
com.apple.trustd/3.0
DefaultHTTPTimeout
User-Agent
com.apple.trustd.TrustURLSession
caissuercache.sqlite3
caissuercache
CREATE TABLE issuers(uri BLOB PRIMARY KEY,expires DOUBLE NOT NULL,certificate BLOB NOT NULL);CREATE INDEX iexpires ON issuers(expires);
caissuer
SecCertificateVC
SecCertificatePathVC
v24@?0^{__SecCertificate=}8^B16
<%@ certs: 
kSecTrustSettingsResult
kSecTrustSettingsPolicyOptions
async
ExceptionResetCount
com.apple.security.exception_reset_counter.plist
Error
exception counter not implemented in this environment
ocspcache.sqlite3
v16@?0^{__SecOCSPCache=^{__OpaqueSecDb}}8
SELECT DISTINCT hashAlgorithm FROM ocsp WHERE serialNum=?
CREATE TABLE ocsp(issuerNameHash BLOB NOT NULL,issuerPubKeyHash BLOB NOT NULL,serialNum BLOB NOT NULL,hashAlgorithm BLOB NOT NULL,responseId INTEGER NOT NULL,certStatus INTEGER NOT NULL DEFAULT 255);CREATE INDEX iResponseId ON ocsp(responseId);CREATE INDEX iserialNum ON ocsp(serialNum);CREATE INDEX iSNumDAlg ON ocsp(serialNum,hashAlgorithm);CREATE TABLE responses(responseId INTEGER PRIMARY KEY,ocspResponse BLOB NOT NULL,responderURI BLOB,expires DOUBLE NOT NULL,lastUsed DOUBLE NOT NULL);CREATE INDEX iexpires ON responses(expires);CREATE TRIGGER tocspdel BEFORE DELETE ON responses FOR EACH ROW BEGIN DELETE FROM ocsp WHERE responseId=OLD.responseId; END;
SELECT issuerNameHash FROM ocsp WHERE certStatus=0 LIMIT 1
ALTER TABLE ocsp ADD COLUMN certStatus INTEGER NOT NULL DEFAULT 255
DELETE FROM responses WHERE responseId=?
INSERT INTO responses (ocspResponse,responderURI,expires,lastUsed) VALUES (?,?,?,?)
INSERT INTO ocsp (hashAlgorithm,issuerNameHash,issuerPubKeyHash,serialNum,responseId,certStatus) VALUES (?,?,?,?,?,?)
DELETE FROM responses WHERE expires<? AND responseId NOT IN (SELECT responseId FROM ocsp WHERE certStatus=1)
SELECT ocspResponse,responseId FROM responses WHERE lastUsed>? AND responseId=(SELECT responseId FROM ocsp WHERE issuerNameHash=? AND issuerPubKeyHash=? AND serialNum=? AND hashAlgorithm=?) ORDER BY expires DESC
DELETE FROM ocsp WHERE certStatus!=1; DELETE FROM responses WHERE responseId NOT IN (SELECT responseId FROM ocsp WHERE certStatus=1)
expiry
frozen
start_inclusive
end_exclusive
v16@?0^{__CFCalendar=}8
update
download
com.apple.trustd.valid.updateDb
com.apple.trustd.valid.download
update-current
com.apple.trustd.networking.background
Accept
Accept-Encoding
gzip,deflate,br
com.apple.trustd.valid.scheduleUpdate
https://%@/g%ld/v%ld
:/?#[]@!$&'()*+,;=
POST
ValidUpdateWiFiOnly
ValidUpdateBackground
B32@?0@8^@16^^{__CFError}24
value for CT Exceptions is not a dictionary in new configuration
value for CT Exceptions is not a dictionary in current configuration
unknown key (%@) in configuration dictionary
v32@?0@"NSString"8@16^B24
@"NSDictionary"24@?0@"NSURL"8^@16
CT Exceptions
com.apple.trustd.ct.exceptions-changed
^v24@?0@"NSDictionary"8^^{__CFError}16
value for CA revocation additions is not a dictionary in new configuration
value for CA revocation additions is not a dictionary in existing configuration
unknown key (%@) in additions dictionary
CA Revocation Additions
com.apple.trustd.ca.revocation-changed
value for Transparent Connection pins is not an array in existing configuration
TransparentConnectionPins
Transparent Connection Pins
com.apple.trustd.hrn.pins-changed
value for %@ is not an array in configuration
value %lu for %@ is not the expected type
sha256
Unable to write %s in this environment
Unable to write %s from user agent
application-identifier required to set %s
config
CTExceptions.plist
CARevocation.plist
TransparentConnectionPins.plist
i24@?0^{?={?=*Q}{?=*Q}{?=*Q}{?=*Q}{?=*Q}}8^B16
nextUpdate
thisUpdate + defaultTTL
i24@?0^{?=Q{?=*Q}}8^B16
i40@?0^{__SecOCSPSingleResponse=Cdddi^{__CFArray}}8^{?={?=*Q}{?=*Q}{?=*Q}{?=*Q}}16^{?={?=*Q}{?=*Q}}24^B32
policyName
domains
rules
suffix
labelRegex
transparentConnection
PinningHostname
PinningPolicyName
PinningRules
PinningTransparentConnection
PRAGMA user_version
PRAGMA user_version = %llu
SELECT ival FROM admin WHERE key='version'
INSERT OR REPLACE INTO admin (key,ival,value) VALUES (?,?,?)
pinningDb
INSERT OR REPLACE INTO rules (policyName,domainSuffix,labelRegex,policies,transparentConnection) VALUES (?,?,?,?,?) 
v32@?0@8Q16^B24
DELETE FROM rules;
CREATE TABLE IF NOT EXISTS admin(key TEXT PRIMARY KEY NOT NULL,ival INTEGER NOT NULL,value BLOB);
CREATE TABLE IF NOT EXISTS rules(policyName TEXT NOT NULL,domainSuffix TEXT NOT NULL,labelRegex TEXT NOT NULL,policies BLOB NOT NULL,transparentConnection INTEGER,UNIQUE(policyName, domainSuffix, labelRegex));
CREATE INDEX IF NOT EXISTS idomain ON rules(domainSuffix);
CREATE INDEX IF NOT EXISTS ipolicy ON rules(policyName);
ALTER TABLE rules ADD COLUMN transparentConnection INTEGER
CertificatePinning.plist
pinningrules.sqlite3
Pinning DB Queue
AppleServerAuthenticationNoPinning
pinningQA
IdMS
AppleServerAuthenticationNoPinningIdMS
pinning logging charles
SELECT DISTINCT labelRegex,policyName,policies,transparentConnection FROM rules WHERE domainSuffix=?
sslServer
SELECT DISTINCT policies,transparentConnection FROM rules WHERE policyName=?
CheckLeafMarkerOid
CheckLeafMarkersProdAndQA
CheckIntermediateMarkerOid
CheckIntermediateCountry
CheckIntermediateOrganization
policy
leaf
path
custom
force
 source
TestSystemRoot
2.5.29.37.0
AppleServerAuthenticationAllowUATIdMS
TestCTRequiredSystemRoot
IgnoreMaximumValidityPeriod
1.3.6.1.5.5.7.3.1
1.3.6.1.5.5.7.3.4
WeakKeySize
WeakSignature
BlackListedLeaf
BlackListedKey
UsageConstraints
Revocation
IssuerPolicyConstraints
IssuerNameConstraints
kSecTrustSettingsAllowedError
kSecTrustSettingsPolicy
kSecTrustSettingsPolicyName
kSecTrustSettingsPolicyString
kSecTrustSettingsKeyUsage
kSecTrustSettingsApplication
valid.apple.com
valid.apple.com/seed
valid.apple.com/carry
B24@?0^{__SecRevocationDbConnection=^{__SecRevocationDb}^{__OpaqueSecDbConnection}qqqB}8^^{__CFError}16
com.apple.trustd.valid.db-changed
v16@?0^{__SecRevocationDb=^{__OpaqueSecDb}^{dispatch_queue_s}BBB^{__CFArray}^{__CFDictionary}{os_unfair_lock_s=I}}8
com.apple.trustd.valid.initialize
.valid_replace
-journal
-shm
-wal
SecValidInfo
update_check
com.apple.trustd.valid.checkNextUpdate
Unable to update Valid DB from user agent
Valid updates not enabled on this device
1.2.840.113635.100.6.2.10
1.2.840.113635.100.6.51
db_source
B16@?0^{sqlite3_stmt=}8
DELETE FROM groups; DELETE FROM admin WHERE key='version'; DELETE FROM sqlite_sequence
_SecRevocationDbApplyUpdate: invalid db or update parameter
full
delete
SecValidUpdateProcessData: invalid update format
SecValidUpdateProcessData: data length is too short
SecValidUpdateProcessData: data longer than expected
check-again
hash
SecValidUpdateProcessData: failed to get update chunk
db_hash
ValidVerifyEnabled
ValidUpdateGeneration
%s%s
ValidUpdateServer
com.apple.security
validInfo certHash: %@ issuerHash: %@
%02X
ValidUpdateEnabled
ValidUpdateInterval
valid.sqlite3
v12@?0i8
CREATE TABLE IF NOT EXISTS admin(key TEXT PRIMARY KEY NOT NULL,ival INTEGER NOT NULL,value BLOB);CREATE TABLE IF NOT EXISTS issuers(groupid INTEGER NOT NULL,issuer_hash BLOB PRIMARY KEY NOT NULL);CREATE INDEX IF NOT EXISTS issuer_idx ON issuers(issuer_hash);CREATE TABLE IF NOT EXISTS groups(groupid INTEGER PRIMARY KEY AUTOINCREMENT,flags INTEGER,format INTEGER,data BLOB,policies BLOB);CREATE TABLE IF NOT EXISTS serials(groupid INTEGER NOT NULL,serial BLOB NOT NULL,UNIQUE(groupid,serial));CREATE TABLE IF NOT EXISTS hashes(groupid INTEGER NOT NULL,sha256 BLOB NOT NULL,UNIQUE(groupid,sha256));CREATE TABLE IF NOT EXISTS dates(groupid INTEGER PRIMARY KEY NOT NULL,notbefore REAL,notafter REAL);CREATE TRIGGER IF NOT EXISTS group_del BEFORE DELETE ON groups FOR EACH ROW BEGIN DELETE FROM serials WHERE groupid=OLD.groupid; DELETE FROM hashes WHERE groupid=OLD.groupid; DELETE FROM issuers WHERE groupid=OLD.groupid; DELETE FROM dates WHERE groupid=OLD.groupid; END;
v16@?0^B8
Create
Open
B44@?0^{__OpaqueSecDb=}8^{__OpaqueSecDbConnection=}16B24^B28^^{__CFError}36
SELECT ival FROM admin WHERE key='db_version'
v16@?0^{__OpaqueSecDbConnection=}8
CREATE TABLE IF NOT EXISTS dates(groupid INTEGER PRIMARY KEY NOT NULL,notbefore REAL,notafter REAL);
DROP TRIGGER IF EXISTS group_del;CREATE TRIGGER group_del BEFORE DELETE ON groups FOR EACH ROW BEGIN DELETE FROM serials WHERE groupid=OLD.groupid; DELETE FROM hashes WHERE groupid=OLD.groupid; DELETE FROM issuers WHERE groupid=OLD.groupid; DELETE FROM dates WHERE groupid=OLD.groupid; END;
ALTER TABLE groups ADD COLUMN policies BLOB
db_version
db_format
group not found for issuer
DELETE FROM groups WHERE groupid=?
issuer-hash
DELETE FROM issuers WHERE groupid=?
format
serial
nto1
INSERT OR REPLACE INTO groups (groupid,flags,format,data,policies) VALUES (?,?,?,?,?)
complete
check-ocsp
known-intermediates-only
require-ct
no-ca
no-ca-v2
overridable
not-before
not-after
SELECT flags,format,data,policies FROM groups WHERE groupid=?
params
1.2.11
INSERT OR REPLACE INTO issuers (groupid,issuer_hash) VALUES (?,?)
DELETE FROM serials WHERE groupid=? AND hex(serial) LIKE ?
DELETE FROM hashes WHERE groupid=? AND hex(sha256) LIKE ?
INSERT OR REPLACE INTO serials (groupid,serial) VALUES (?,?)
INSERT OR REPLACE INTO hashes (groupid,sha256) VALUES (?,?)
INSERT OR REPLACE INTO dates (groupid,notbefore,notafter) VALUES (?,?,?)
SELECT notbefore,notafter FROM dates WHERE groupid=?
UPDATE OR IGNORE groups SET policies=? WHERE groupid=?
version
generation
SELECT ival FROM admin WHERE key='interval'
interval
SELECT ival FROM admin WHERE key='db_format'
SELECT value FROM admin WHERE key='db_source'
check_again
SELECT value FROM admin WHERE key='check_again'
validcache
SELECT rowid FROM serials WHERE groupid=? AND serial=?
SELECT rowid FROM hashes WHERE groupid=? AND sha256=?
SELECT DISTINCT groupid FROM issuers WHERE issuer_hash=?
SELECT ival FROM admin WHERE key='generation'
SUCCESS
FAIL
SELECT value FROM admin WHERE key='db_hash'
SELECT count(*) FROM groups
SELECT DISTINCT groupid FROM issuers ORDER BY issuer_hash ASC
SELECT flags,format,data FROM groups WHERE groupid=?
SELECT count(*) FROM issuers WHERE groupid=?
SELECT issuer_hash FROM issuers WHERE groupid=? ORDER BY issuer_hash ASC
B12@?0i8
SELECT count(*) FROM serials WHERE groupid=?
SELECT count(*) FROM hashes WHERE groupid=?
SELECT serial FROM serials WHERE groupid=? ORDER BY serial ASC
SELECT sha256 FROM hashes WHERE groupid=? ORDER by sha256 ASC
ocsp
SecORVC
validupdate
v12@?0I8
orvc<%p> current url:%@
OCSPSigner
 (non-recoverable error)
errorDomain
errorCode
AnalyticsRate
trust_analytics
networking_analytics
ValidUpdateEvent
DatabaseEvent
OTAPKIEvent
database
Networking analytics not supported in this environment
X-Apple-Request-UUID
AbstractClassException
This is an abstract class. To use it, please subclass.
com.apple.trustd.TrustURLSessionDelegate
ocsp2.apple.com
ocsp.apple.com
ocsp-uat.corp.apple.com
https
(trustd) The request timed out: %@
This is an abstract class. To use it, please subclass and override didCompleteWithError.
cache-control
max-age
Trust settings not implemented in this environment
trustsettings.write.recursive
v20@?0B8^{__CFError=}12
no trust settings for domain
trustsettings
trustsettings.read
trustsettings.write
system trust settings are not modifiable
invalid trust settings domain
Authorization not present
TrustSettings.plist
unable to create user trust settings path
Admin.plist
unable to create admin trust settings path
/System/Library/Keychains/SystemTrustSettings.plist
SecPathBuilder
v24@?0^{OpaqueSecPVC=^{_SecPathBuilder}^{__CFArray}^{__CFDictionary}qB^{__CFArray}I^{__CFArray}I}8^B16
http
trust
com.apple.trustd.evaluation.recursive
v44@?0I8^{__CFArray=}12^{__CFDictionary=}20^{__CFArray=}28^{__CFError=}36
builder<%p> current path: %@
com.apple.trustd.evaluation.builder
SecPinningDb
v24@?0r^v8r^v16
accept
non 
reject
user
v8@?0
admin
unsupported domain: %@
system
unknown domain: %@
truststore is NULL
truststore is readOnly
get normalized subject failed
get sha256 digest failed
CFArrayCreate failed
trustSettingsDictOrArray neither dict nor array
xml encode failed
sqlite3 error: %d
size error
ROLLBACK TRANSACTION
failed to get cert sha256 digest
cert digest of bad length
trustStoreContents is NULL
ts is NULL
Cannot copy system trust store contents
ts DB is NULL
sqlite3_step failed
TrustStore.sqlite3
failed to get old DB file URL
failed to get old DB file path
failed to open old trust store database; new trust store will be empty
failed to prepare old trust store read
failed to open new trust store
failed to decode cert in old DB
no tset data in old DB
tset is not an array in old DB
failed to finalize old trust store read
failed to close old trust store
v16@?0r*8
truststore
CREATE TABLE tsettings(sha256 BLOB NOT NULL DEFAULT '',subj BLOB NOT NULL DEFAULT '',tset BLOB,data BLOB,PRIMARY KEY(sha256));CREATE INDEX isubj ON tsettings(subj);
SecWarning
com.apple.trustd
/AppleInternal/Library/Security/
SIMULATOR_ROOT
.cer
%@%@
sqlite3_bind_blob failed
v16@?0r^v8
operation
status
error
flags
domain
cert
settings
data
AccountSetToNew
OTAGetEscrowCertificates
OTAPKIGetNewAsset
OTASecExperimentGetNewAsset
OTASecExperimentGetAsset
AcceptApplicants
BailFromCircle
CanAuthenticate
CopyApplicantPeerInfo
CopyConcurringPeerPeerInfo
CopyEngineState
CopyGenerationPeerInfo
CopyMyPeerInfo
CopyNotValidPeerPeerInfo
CopyPeerPeerInfo
CopyRetirementPeerInfo
CopyValidPeerPeerInfo
CopyViewUnawarePeerInfo
DeviceInCircle
GetLastDepartureReason
LoggedOutOfAccount
ProcessSyncWithAllPeers
ProcessSyncWithPeers
ProcessUnlockNotification
PurgeUserCredentials
RejectApplicants
RemoveThisDeviceFromCircle
RemovePeersFromCircle
RequestToJoin
RequestToJoinAfterRestore
ResetToEmpty
ResetToOffering
RollKeys
SetBagForAllSlices
SetLastDepartureReason
SetNewPublicBackupKey
SetUserCredentials
SetUserCredentialsAndDSID
TryUserCredentials
ValidateUserPublic
View
add_shared_web_credential
delete_all
get_log_settings
backup_copy_names
backup_register_view
backup_handoff_fd
backup_restore
backup_set_confirmed_manifest
copy_matching
keychain_backup
keychain_backup_syncable
keychain_restore
keychain_restore_syncable
keychain_sync_update_message
ota_pki_trust_store_version
ota_pki_asset_version
otr_session_create_remote
otr_session_process_packet_remote
set_circle_log_settings
set_xpc_log_settings
trust_evaluate
trust_store_contains
trust_store_remove_certificate
trust_store_set_trust_settings
trust_store_copy_all
trust_store_copy_usage_constraints
ocsp_cache_flush
EnsurePeerRegistration
WhoAmI
TransmogrifyToSyncBubble
UpdateTokenItems
sec_delete_items_with_access_groups_id
kSecXPCOpPeersHaveViewsEnabled
RegisterRecoveryPublicKey
GetRecoveryPublicKey
MessageFromPeerIsPending
SendToPeerIsPending
copy_parent_certificates
certificate_exists
KeybagAdd
KeybagDelete
KeychainControlEndpoint
NetworkingAnalyticsReport
SetCTExceptions
CopyCTExceptions
GetExceptionResetCount
IncrementExceptionResetCount
SetCARevocationAdditions
CopyCARevocationAdditions
SetTransparentConnectionPins
CopyTransparentConnectionPins
trust_settings_set_data
trust_settings_copy_data
sec_truststore_remove_all
sec_trust_reset_settings
Unknown xpc operation
object for key %s is NULL
no data for key %s
object for key %s not array but %@
too large data for key %s
failed to create data for key %s
object for key %s failed to convert %s to CFString
object for key %s not string
object for key %s not dictionary but %@
no object for key %s
trailing garbage after der decoded object for key %s
SecError
data_array xpc value is not an array
failed to create CFArray of capacity %zu
data_array[%zu] failed to decode
SIGSTOPing self, awaiting debugger
Again, for good luck (or bad debuggers)
Received signal SIGTERM. Will terminate when clean.
security failed to register xpc listener for %s, exiting
XPC [%@] operation: %@ (%llu)
Authentication is needed %@ %@ %@
%@ %@ %@
%@: returning error: %@
Ignoring "%@" because client is API-restricted
Keychain access group com.apple.token ignored, feature not available
der: unable to encode date: %@
der: invalid date: %@; %s
Could not set up sqlite global error logging to syslog: %d
SecDB: running from installer
SecDb: SecDbCreate failed to create attributes for the write mutex; fairness properties are no longer present
SecDb: SecDbCreate failed to init the write mutex, this will end badly
incremental_vacuum failed with: (%d) %{public}s
#SecDB nested transaction asked to not be committed
SecDbConnectionRelease called with NULL dbconn
SecDbConnectionRelease: IO failure reported in connection, throwing away currently idle caches
dbconn: did not expect to run out of room in the %s cache when releasing connection
releasing %s connection rather than storing in size %d cache
SecDbForEach: SecDbConnection is readonly but we're about to write: %s
_SecDbStep: SecDbConnection is readonly but we're about to write: %s
SecDbConnectionCheckCode detected corruption twice: going to handle corrupt DB
operation returned code: %d integrity check=fail
operation returned code: %d: integrity check=pass
SecDBCheckCorrupted integrity_check returned %s
#SecDB warning error %{public}@ when running integrity check
#SecDB warning: failed to run integrity check due to corruption
SecDBCheckCorrupted ran integrity_check, and that didn't return ok
SecDBCheckCorrupted failed to run integrity check
Unable to create database: %@
#SecDB starting maintenance
opened block failed: %@
opened block failed: error (%@) is being released and lost
#SecDB ending maintenance
SecDbSecDbProcessCorruptionMarker: Unable to check for corruption marker: %{darwin.errno}d
SecDbSecDbProcessCorruptionMarker: found corruption marker %s
SecDbSecDbProcessCorruptionMarker: Unable (%{darwin.errno}d) to delete corruption marker
SecDbSecDbProcessCorruptionMarker: Unable (%{darwin.errno}d) to delete db %{public}s
SecDbSecDbProcessCorruptionMarker: deleted corrupt db %{public}s
sqlDb: sql trace mask: 0x%08x
SecDbHandleCorrupt: Tried to write corruption marker %s but one already exists
SecDbHandleCorrupt: Unable (%{darwin.errno}d) to create corruption marker %{public}s
SecDbHandleCorrupt: killing self so that successor might cleanly delete corrupt db
sqlite busy/locked: %d ntries: %d totaltimeout: %d
sqlite busy/locked: too long: %d ms, giving up
failed to close database connection (%d) for %@: %s
Simulating crash, reason: %@, code=%08x
can't parse general name or not a type we support
variant does not allow analytics
variant does not allow file writes
Weak-linked MobileAsset framework missing.
variant does not allow MobileAsset
Failed to create OTAPKI Queues. May crash later.
OTATrust: failed to write last check-in time: %@
asset found
asset NULL
OTATrust: failed to read entry from trusted CT logs array at index %lu
failed to read log_id from trusted CT log array entry at index %lu, computing log_id
failed to read key from trusted CT log array entry at index %lu
read: %ld
resource: %@.%@ in %@ not found
OTATrust: failed to read sampling rates from asset data: %@
Using asset v%llu instead of system v%llu
could not create path: %s (%s)
resource: %@ not found
OTATrust: failed to read Apple CAs list from asset data: %@
OTATrust: %@
%s path
%s path as UTF8 string
EVRoot.plist is wrong type.
could not find certsIndex
could not find certsTable
unable to map %s (errno %d)
unable to unmap %ld bytes at %p (error %d)
Got notification about a new PKITrustSupplementals asset from mobileassetd.
Initial check with MobileAsset for newer PKITrustSupplementals asset
Initializing listener for PKI Asset changes from system trustd.
Got notification about a new PKITrustSupplementals asset from system trustd.
OTATrust: failed to update from asset after notification: %@
Got notification about successful PKITrustSupplementals asset check-in
begin MobileAsset metadata sync request %{public}@
asset %{public}@ is downloading
begin download of OTATrust asset
got CT kill switch = %{bool}d
got non-TLS CT kill switch = %{bool}d
finished update to version %@ from installed asset. purging asset.
OTATrust: purge failed: %ld
OTATrust: unable to create SecExperiment from asset file: %@
updating SecExperiment asset version from %llu to %llu
Asset staleness state: warning
Asset staleness state: at risk
OTATrust: unable to create TrustedCTLogs from asset file: %@
OTATrust: unable to create TrustedCTLogs_nonTLS from asset file: %@
OTATrust: unable to create AnalyticsSamplingRates from asset file: %@
OTATrust: unable to create AppleCAs from asset file: %@
updating asset version from %llu to %llu
failed to remove %@: %s
failed to change permissions of %s: %s
found on-disk kill switch %{public}@ with value %d
Initial check with MobileAsset for newer SecExperiment asset
Initializing listener for SecExperiment Asset changes from system trustd.
Got notification about a new SecExperiment asset from system trustd.
OTATrust: failed to update SecExperiment Asset after notification: %ld
Updated SecExperiment asset successfully
OTATrust: unable to write OTA Context to disk: %@
Setting periodic update delta to %llu seconds
periodic re-read asset from disk
OTATrust: failed to update from asset during periodic re-read: %@
OTATrust: failed to read CT list from asset data: %@
begin MobileAsset query for catalog %@
OTATrust: failed to write last request time: %@
asset (%llu) is not newer than the system version (%llu); deleting stale data
trustd file permissions already fixed. skipping trustdFileHelper call.
Retrieved DefaultHTTPTimeout setting for %ld seconds
caissuer db CREATE TABLES: %s
caissuer cache add failed: %s
caissuer cache flush failed: %s
caissuer cache lookup failed: %s
clearing CAIssuer cache
caissuer cache delete failed: %s
failed to find context for %@
Failed to download issuer %@, with error %@
too many caIssuer entries (%ld)
policy tree failure on cert %u
policy mapping anyPolicy failure %u
policy tree failure on leaf
Leaf has invalid basic constraints
Leaf has invalid key usage %u
Leaf's public key is too small for issuance before 2014
Leaf's public key is too small for issuance after 2013
Leaf was issued with SHA-1 after 2015
key-based CA revocation applies at index %lld
skipping CAIssuer fetch for expired %@
exceptionResetCount: %llu (%s)
Failed to increment the extensions epoch.
Failed to migrate exceptions reset count: %@
Failed to read from permanent storage at '%{public}@' or the data is bad. Defaulting to value %llu.
Could not find key '%{public}@'. Defaulting to value %llu.
The value for key '%{public}@' is not a number.
'%{public}@' is %llu.
Failed to allocate memory for the exceptions epoch structure.
Failed to write to permanent storage at '%{public}@'.
'%{public}@' has been committed to permanent storage at '%{public}@'.
OCSP table update failed: %@
_SecOCSPCacheAddResponse failed: %@
ocsp cache lookup failed: %@
SCT version unsupported: %d
SCT is in the future: %llu > %llu
SCT signature failed (log=%@)
Frozen CT log issued SCT after freezing (log=%@)
failed to migrate user trust store; new trust store will be empty: %@
%s canceled at %f
update started at %f
failed to read %@ with error %d
unable to unmap current update %ld bytes at %p (error %d)
update finished at %f
Session %@ data task %@ returned response %ld (%@), expecting %lld bytes
failed to connect to URL. canceling task %@
failed to find revocation info directory. canceling task %@
unable to open %@ (errno %d)
download started at %f
failed to open %@: %@. canceling task %@
received data, but output file is not open
Session %@ task %@ failed with error %@
download finished at %f
invalid update request
missing update queue, skipping update
postponing update until %f
scheduling update at %f
removing all old sessions for trustd
scheduled background data task %@ at %f URL:%@
running foreground data task %@ at %f URL:%@
Failed to download ocsp response %@, with error %@
too may OCSP responder entries (%ld)
Unable to write %{public}s in this environment
Unable to write %{public}s from user agent
application-identifier required to set %{public}s
%{public}s have error: %@
failed to write %{public}s: %@
wrote %lu configs for %{public}s
have %{public}s. will need to read.
failed to establish notification for %{public}s: %u
skipping further reads. no %{public}s found: %@
failed to parse certId in single response
failed to parse certId hash algorithm
failed to parse single extensions
OCSPResponse: producedAt more than 1:15 from now
OCSPResponse: thisUpdate more than 1:15 from now
OCSPResponse: latestNextUpdate more than 1:15 ago
OCSPSingleResponse: thisUpdate more than 1:15 from now
OCSPSingleResponse: %s %.2f days ago
Unknown hash algorithm in singleResponse
failed to parse single responses
failed to parse single response
SingleResponse missing thisUpdate
failed to decode thisUpdate: %@
missing certStatus in SingleResponse
failed to decode certStatus in SingleResponse
invalid Good certStatus content
invalid Unknown certStatus content
Unknown cert status: %llu
failed to parse RevokedInfo
RevokedInfo missing revocationTime
failed to decode revocationTime: %@
failed to parse revocation reason
failed to decode nextUpdate: %@
failed to parse OCSPResponse: %d
OCSPResponse has missing/bad responseStatus
Successful OCSPResponse has missing/bad responseBytes
failed to parse OCSPResponseBytes: %d
unknown responseType
OCSPResponseBytes with missing response
failed to parse BasicOCSPResponse: %d
BasicOCSPResponse missing/bad responseData
BasicOCSPResponse missing/bad signatureAlgorithm
failed to parse BasicOCSPResponse signatureAlgorithm: %d
BasicOCSPResponse missing/bad signature
failed to parse BasicOCSPResponse signature: %d
failed to parse BasicOCSPResponse certs
failed to parse ResponseData: %d
failed to parse version from ResponseData: %d
ResponseData has unknown version: %llu
ResponseData with missing producedAt
failed to decode producedAt time: %@
ResponseData missing responderId
failed to parse ResponderId
failed to parse ResponderId byKey
failed to parse ResponderId byKey, wrong type
failed to parse ResponderId byKey, extra data
unknown responderId choice: %llu
SecPinningDb: failed to create admin table: %@
SecPinningDb: failed to set version %@ from pinning list: %@
Pinning database should update from version %@ to version %@
Pinning database should not update from version %@ to version %@
SecPinningDb: error reading content version from database %@
SecPinningDb: failed to serialize policies
SecPinningDb: failed to insert rule %@ for %@.%@ with error %@
SecPinningDb: rule entry in pinning plist is wrong class
SecPinningDb: failed to get required fields from rule entry %lu
SecPinningDb: domain entry %lu for %@ in pinning rule is wrong class
SecPinningDb: failed to get required fields for entry %lu for %@
SecPinningDb: failed to populate DB from pinning list: %@
SecPinningDb: failed to delete old values: %@
SecPinningDb: failed to create rules table: %@
SecPinningDb: missing url for downloaded asset
SecPinningDb: unable to create pinning list from asset file: %@
SecPinningDb: error installing updated pinning list version %@: %@
SecPinningDb: failed to get pinning plist URL
SecPinningDb: failed to read pinning plist from bundle: %@
SecPinningDb: failed to find pinning plist in bundle
SecPinningDb: pinning plist in wrong format
Opening db with version %@
Updating pinning database content from version %@ to version %@
Updating pinning database schema from version %@ to version %@
SecPinningDb: %s failed: %@
adding %llu entries for %@ to cache
purging LRU suffix: %@
found matching rule in cache for %@.%@
%@ disable pinning = %{BOOL}d
could not disable pinning: not an internal release
generic pinning disable = %{BOOL}d
found matching rule in DB for %@.%@
SecPinningDb: error querying DB for hostname: %@
Fetching rules for policy named %@
found matching rule for %@ policy
SecPinningDb: error querying DB for policyName: %@
Database Schema: %@ Content: %@
SecPinningDb: unable to initialize db: %@
cert[%d]: skipped allowed error %@
cert[%d]: skipped exception error %@
cert[%d]: %@ =(%s)[%s]> %@
SecPVCSetResultForced: failed to get detail at index %ld (array length %ld)
unrestricted anchor%s
complex trust settings anchor
complex trust settings denied anchor
name in excluded subtrees
name not in permitted subtrees
domain-based CT exception applied
key-based CT exceptions applied
System-trusted leaf validity period longer than 825 days and issued on or after 1 March 2018
System-trusted leaf validity period longer than 398 days and issued on or after 1 September 2020
Non-system-trusted leaf validity period longer than 825 days and issued on or after 1 July 2019
kSecTrustSettingsApplication is not yet supported on this platform
policy: unknown policy key %@, skipping
subordinate certificate is not ev
anchor certificate is not ev
valid_policies set is empty: chain not ev
SubCA missing certificate policies
SubCA missing CRLDP
SubCA has invalid basic constraints
SubCA has invalid key usage %u
SubCA's public key is too small for issuance before 2011 or expiration before 2014
SubCA's public key is too small for issuance after 2010 or expiration after 2013
SubCA was issued with SHA-1 after 2015
anchor not in plist
Anchor issued after October 2006 and is not v3
Anchor has invalid basic constraints
Anchor has invalid key usage %u
Anchor's public key is too weak for EV
certificate issuance time (%f) is later than allowed value (%f)
invalid update data
failed to verify valid update
switching db source from "%@" to "%@"
failed to process valid update: %@
remove (%s): %s
initializing database
failed to verify Valid Update: %d
Valid Update SecTrustEvaluate failed with trust result %d
valid generation received %ld is different from requested %ld
_SecRevocationDbSetUpdateSource failed: %d
_SecRevocationDbSetUpdateSource failed: unable to get UTF-8 encoding
_SecRevocationDbSetUpdateSource failed: %@
resetting database, result: %d (expected 1)
_SecRevocationDbRemoveAllEntries failed: %@
_SecRevocationDbApplyUpdate failed: invalid args
Skipping property list creation (length %ld is too short)
Skipping property list creation (dataLength=%ld, bytesRemaining=%ld)
Failed to deserialize update chunk %u of %u
unable to write %s (error %d)
process exiting to replace db file
starting service with g%ld, v%ld, schema v%ld
copyfile error %d
failed to change protection class of copied valid snapshot: %@
starting update
skipping update
Recreate VALID db generation %ld from previous %ld
Got notification of database change
%s failed: %@
_SecRevocationDbReadSchemaVersionFromDb failed: %@
_SecRevocationDbUpdateSchema failed: %@
_SecRevocationDbSetSchemaVersion failed: %@
_SecRevocationDbSetUpdateFormat failed: %@
_SecRevocationDbApplyGroupDelete failed: %@
_SecRevocationDbUpdateGroup failed: %@
_SecRevocationDbUpdateIssuers failed: %@
_SecRevocationDbUpdatePerIssuerData failed: %@
_SecRevocationDbUpdateDateConstraints failed (ok=%s, localError=%@)
_SecRevocationDbCopyDateConstraints failed: %@
_SecRevocationDbUpdatePolicyConstraints failed (ok=%s, localError=%@)
_SecRevocationDbSetVersion failed: %@
_SecRevocationDbSetGeneration failed: %@
_SecRevocationDbGetUpdateInterval failed: %@
_SecRevocationDbSetUpdateInterval failed: %@
_SecRevocationDbGetUpdateFormat failed: %@
_SecRevocationDbCopyUpdateSource failed: %@
_SecRevocationDbSetNextUpdate failed: %@
_SecRevocationDbGetNextUpdateTime failed: %@
found a bad valid info cache entry at %ld
_SecRevocationDbSerialInGroup failed: %@
_SecRevocationDbCertHashInGroup failed: %@
_SecRevocationDbGroupIdForIssuerHash failed: %@
error processing filter params at index %ld
_SecRevocationDbGetVersion failed: %@
_SecRevocationDbGetLocalGeneration failed: %@
Started verifying db content
Unable to read db_hash values
Expected: %@
Computed: %@
Finished verifying db content; result=%s
responder: %@ returned status: %d
ocsp responder: %@ did not include status of requested cert
CA at index %ld violates known-intermediate constraint
BAD certStatus (%d) for cert %ld
ocsp responder: %@ response signed by issuer
ocsp responder: %@ response signed by cert issued by issuer
ocsp response signed by certificate which does not satisfy ocspSigner policy
ocsp responder: %@ no signer found for response
ocsp signer cert not signed by issuer
invalid policy constraints array
%@ not allowed by policy constraints on issuing CA
certificate issuance date not within the allowed range for this CA%s
Too many fetch %@ requests for this cert
trustd triggered evaluation timeout for taskId %@
request for uri: %@
skipping unsupported scheme %@
skipping host due to too many recent timeouts: %@
failed to find task for taskId: %@
failed redirection for %@
failed to connect to server: %@
_SecTrustResetSettings: kSecTrustResetOCSPCache
_SecTrustResetSettings: kSecTrustResetValidDB
_SecTrustResetSettings: kSecTrustResetIssuersCache
_readFile: short read (%ld)
network access re-enabled by policy
network access disabled by policy
completed: %@ details: %@ result: %d
failed to get audit token for ourselves
found pinning %lu %@ policies for hostname %@, policyName %@
Adding %lu CA pins for Transparent Connection
not building any more paths, already have %ld
In ComputeDetails, we got a reject after an accept in DidValidatePath.
replacing %sev %s score: %ld with %sev score: %ld %@
%sev score: %ld %@
%sev score: %ld lower than %ld %@
Failed to update trust store: (%d) %@
Failed to rollback transaction (%d) %@
Removal of certificate from trust store failed: %d
Clearing of trust store failed: %d
Failed to read parents from trust store: %d
Failed to query for all certs in trust store: %d
CREATE TABLE cert: %s
Failed to create trust store database: %d
Failed to query for cert in trust store: %d
xpc: %@
softlink:o:path:/System/Library/PrivateFrameworks/CrashReporterSupport.framework/CrashReporterSupport
trustdAdditions
TrustdFileHelper_protocol
TrustURLSessionCache
CAIssuerContext
CAIssuerDelegate
ValidDelegate
NSURLSessionDelegate
NSObject
NSURLSessionTaskDelegate
NSURLSessionDataDelegate
ValidUpdateRequest
OCSPFetchDelegate
SecPinningDb
TrustAnalytics
NetworkingAnalytics
TrustURLSessionContext
TrustURLRequest
TimeoutEntry
TrustURLSessionDelegate
T@?,C,V_handler
AddMultiSamplerForName:withTimeInterval:block:
__clientLRUList
T#,R
_dbPath
T@"NSDate",&,V_lastAttemptDate
_regexCacheList
T@"NSMutableArray",&,V__clientLRUList
_taskContextMap
T@"NSMutableData",&,V_response
allHeaderFields
T@"NSMutableDictionary",&,V__serverMap
containsObject:
T@"NSMutableDictionary",&,V__timerMap
contextForTask:
T@"NSObject<OS_dispatch_queue>",&,V_queue
getBytes:range:
T@"NSObject<OS_os_transaction>",&,V_transaction
handler
T@"NSString",R,C
lastAttemptDate
T@"NSURL",&,V_dbPath
numberWithBool:
T@"NSURLSession",&,V_ephemeralSession
originalRequest
T@"_NSHSTSStorage",&,V__sharedHSTSCache
queryForDomain:
TQ,R
requestWithURL:
TQ,V_attribution
setAttribution:
TQ,V_timeoutCounter
setTLSMinimumSupportedProtocol:
T^v,V_context
setValuesForKeysWithDictionary:
Td,V_maxAge
taskDescription
T{os_unfair_lock_s=I},V_regexCacheLock
.cxx_destruct
MIMEType
T@"NSArray",&,V_URIs
_maxAge
T@"NSFileHandle",&,V_currentUpdateFile
_regexCacheLock
T@"NSMutableArray",&,V_regexCacheList
_timeoutCounter
T@"NSMutableDictionary",&,V__clientSessionMap
base64EncodedStringWithOptions:
T@"NSMutableDictionary",&,V__taskContextMap
context
T@"NSMutableDictionary",&,V_regexCache
dealloc
T@"NSObject<OS_dispatch_queue>",&,V_revDbUpdateQueue
getLocalFileUrl
T@"NSString",&,V_currentUpdateServer
isProxy
T@"NSURL",&,V_currentUpdateFileURL
lowercaseString
T@"NSURLSession",&,V_backgroundSession
numberWithLong:
T@"TrustURLSessionDelegate",&,V_delegate
protectionSpace
TB,V_finishedDownloading
release
TQ,V_URIix
results
TQ,V_numTasks
setMaxConcurrentOperationCount:
T^?,V_callback
setTransaction:
T^{__OpaqueSecDb=},V_db
setWithObjects:
Td,V_updateScheduled
updateScheduled
URIix
URIs
URLByAppendingPathComponent:
URLPathAllowedCharacterSet
URLSession:dataTask:didBecomeDownloadTask:
URLSession:dataTask:didBecomeStreamTask:
URLSession:dataTask:didReceiveData:
URLSession:dataTask:didReceiveResponse:completionHandler:
URLSession:dataTask:willCacheResponse:completionHandler:
URLSession:didBecomeInvalidWithError:
URLSession:didCreateTask:
URLSession:didReceiveChallenge:completionHandler:
URLSession:task:didCompleteWithError:
URLSession:task:didFinishCollectingMetrics:
URLSession:task:didReceiveChallenge:completionHandler:
URLSession:task:didSendBodyData:totalBytesSent:totalBytesExpectedToSend:
URLSession:task:needNewBodyStream:
URLSession:task:willBeginDelayedRequest:completionHandler:
URLSession:task:willPerformHTTPRedirection:newRequest:completionHandler:
URLSession:taskIsWaitingForConnectivity:
URLSessionDidFinishEventsForBackgroundURLSession:
URLWithString:
URLWithString:relativeToURL:
UTF8String
UUID
UUIDString
_URIix
_URIs
__clientSessionMap
__serverMap
__sharedHSTSCache
__taskContextMap
__timerMap
_attribution
_backgroundSession
_callback
_clientLRUList
_clientSessionMap
_context
_currentUpdateFile
_currentUpdateFileURL
_currentUpdateServer
_delegate
_ephemeralSession
_finishedDownloading
_handler
_lastAttemptDate
_numTasks
_obliterateAllBackgroundSessionsWithCompletionHandler:
_queue
_regexCache
_response
_revDbUpdateQueue
_serverMap
_setFileNameLocalizationEnabled:
_sharedHSTSCache
_timerMap
_transaction
_updateScheduled
absoluteString
addObject:
addObjectsFromArray:
addServer:
addSuffixToCache:entry:
addTask:
addValue:forHTTPHeaderField:
allHTTPHeaderFields
appendData:
appendString:
array
arrayWithCapacity:
arrayWithContentsOfURL:
arrayWithContentsOfURL:error:
arrayWithObjects:count:
assetProperty:
attributes
attribution
authenticationMethod
autorelease
backgroundSession
backgroundSessionConfigurationWithIdentifier:
boolForKey:
boolValue
bytes
cStringUsingEncoding:
calendarWithIdentifier:
callback
cancel
cancelTimer:
class
clearCache
closeFile
code
compare:
components:fromDate:
componentsWithURL:resolvingAgainstBaseURL:
conformsToProtocol:
copy
copySystemPinningList
count
countByEnumeratingWithState:objects:count:
createAtPath
createNextRequest:context:
createOrAlterAdminTable:error:
createOrAlterRulesTable:error:
createSession:queue:forServer:
createSessionForAuditToken:
createSessions:forServer:
createTimerForTask:
credentialForTrust:
currentHandler
currentUpdateFile
currentUpdateFileURL
currentUpdateServer
data
dataTaskWithRequest:
dataTaskWithURL:
dataWithBytes:length:
dataWithPropertyList:format:options:error:
databasePath
date
dateFromComponents:
dateWithTimeIntervalSince1970:
dateWithTimeIntervalSinceReferenceDate:
dbPath
debugDescription
defaultAnalyticsDatabasePath:
delegate
description
dictionary
dictionaryWithCapacity:
dictionaryWithContentsOfURL:
dictionaryWithContentsOfURL:error:
dictionaryWithDictionary:
dictionaryWithObjects:forKeys:count:
domain
doubleValue
duration
enableInMemoryCache
enumerateKeysAndObjectsUsingBlock:
enumerateObjectsUsingBlock:
ephemeralSession
ephemeralSessionConfiguration
errorWithDomain:code:userInfo:
exceptionWithName:reason:userInfo:
expectedContentLength
fetchNext:context:
fileHandleForWritingToURL:error:
fileSystemRepresentation
fileURLWithPath:isDirectory:
finishTasksAndInvalidate
finishedDownloading
fixFiles:
floatValue
getContentVersion:error:
getSchemaVersion:error:
handleFailureInFunction:file:lineNumber:description:
hasPrefix:
hasSuffix:
hash
host
incrementCountForServer:
indexOfObject:
init
initInMemoryStore
initWithBytes:length:encoding:
initWithContext:uris:
initWithDelegate:
initWithFormat:arguments:
initWithMachServiceName:options:
initWithSuiteName:
initWithType:
initWithUUIDBytes:
initWithUUIDString:
initializedDb
insertObject:atIndex:
insertRuleWithName:domainSuffix:labelRegex:policies:transparentConnection:dbConnection:error:
installDbFromURL:error:
intValue
interfaceWithProtocol:
isEqual:
isEqualToNumber:
isEqualToString:
isKindOfClass:
isMemberOfClass:
isPinningDisabled:
lastObject
length
localizedStringWithFormat:
logHardError:withEventName:withAttributes:
logHardFailureForEventNamed:withAttributes:
logHardFailureForEventNamed:withAttributes:timestampBucket:
logResultForEvent:hardFailure:result:
logResultForEvent:hardFailure:result:withAttributes:
logSoftFailureForEventNamed:withAttributes:
logSuccessForEventNamed:
logger
longLongValue
maxAge
mutableCopy
numTasks
numberOfMatchesInString:options:range:
numberWithDouble:
numberWithFloat:
numberWithInt:
numberWithInteger:
numberWithLongLong:
numberWithUnsignedChar:
numberWithUnsignedInt:
numberWithUnsignedInteger:
numberWithUnsignedLong:
numberWithUnsignedLongLong:
objectAtIndex:
objectAtIndexedSubscript:
objectForKey:
objectForKeyedSubscript:
performSelector:
performSelector:withObject:
performSelector:withObject:withObject:
pinningDbPath
populateDbFromBundle:dbConnection:error:
propertyListWithData:options:format:error:
purge:
queryCacheForSuffix:firstLabel:results:
queryForPolicyName:
queryMetaDataSync
queue
rangeOfString:
regexCache
regexCacheList
regexCacheLock
regularExpressionWithPattern:options:error:
removeAllObjects
removeAllRulesFromDb:error:
removeCharactersInString:
removeLastObject
removeObject:
removeObjectForKey:
removeServer:
removeTask:
reschedule
respondsToSelector:
response
resume
retain
retainCount
returnTypes:
revDbUpdateQueue
scheduleUpdateFromServer:forVersion:withQueue:
scheme
self
serverTrust
sessionForAuditToken:
sessionWithConfiguration:delegate:delegateQueue:
setAllowsCellularAccess:
setBackgroundSession:
setCallback:
setContentVersion:dbConnection:error:
setContext:
setCurrentUpdateFile:
setCurrentUpdateFileURL:
setCurrentUpdateServer:
setDb:
setDbPath:
setDelegate:
setDiscretionary:
setEphemeralSession:
setFinishedDownloading:
setHTTPAdditionalHeaders:
setHTTPBody:
setHTTPCookieStorage:
setHTTPMethod:
setHandler:
setHost:
setLastAttemptDate:
setMaxAge:
setNetworkServiceType:
setNumTasks:
setObject:forKey:
setObject:forKeyedSubscript:
setQueue:
setRegexCache:
setRegexCacheList:
setRegexCacheLock:
setRemoteObjectInterface:
setResponse:
setRevDbUpdateQueue:
setSchemaVersion:error:
setScheme:
setTaskDescription:
setTimeZone:
setTimeoutCounter:
setURIix:
setURIs:
setURLCache:
setUnderlyingQueue:
setUpdateScheduled:
set_clientLRUList:
set_clientSessionMap:
set_hstsStorage:
set_requiresPowerPluggedIn:
set_serverMap:
set_sharedHSTSCache:
set_sourceApplicationAuditTokenData:
set_sourceApplicationSecondaryIdentifier:
set_taskContextMap:
set_timerMap:
shouldUpdateContent:error:
startCatalogDownload:options:then:
startDownload:then:
state
statusCode
stringByAddingPercentEncodingWithAllowedCharacters:
stringWithCString:encoding:
stringWithFormat:
stringWithString:
stringWithUTF8String:
substringFromIndex:
substringToIndex:
superclass
synchronousRemoteObjectProxyWithErrorHandler:
taskId
taskInterval
timeIntervalSince1970
timeIntervalSinceNow
timeZoneForSecondsFromGMT:
timeoutCounter
timeoutEntryForServer:
transaction
trustd_logDetailedEventforEventNamed:attributesCallback:
trustd_logDetailedEventforEventNamed:attributesCallback:timestampBucket:
unsignedIntValue
unsignedIntegerValue
unsignedLongLongValue
unsignedLongValue
updateDb:
updateDb:error:pinningList:updateSchema:updateContent:
updateNowFromServer:version:queue:
validUpdateConfiguration:
valueForKey:
versionFromTask:
writeData:
writeToClassDURL:permissions:error:
writeToURL:error:
zone
B36@0:8@16S24^@28
v24@0:8@?16
v24@0:8@?<v@?B@"NSError">16
@24@0:8@16
@16@0:8
v24@0:8@16
v16@0:8
@"TrustURLSessionDelegate"
@"NSMutableDictionary"
@"NSMutableArray"
@"_NSHSTSStorage"
^?16@0:8
v24@0:8^?16
B32@0:8@16@24
v40@0:8@16@24@32
B24@0:8@16
#16@0:8
@24@0:8:16
@32@0:8:16@24
@40@0:8:16@24@32
B16@0:8
B24@0:8#16
B24@0:8:16
Vv16@0:8
Q16@0:8
^{_NSZone=}16@0:8
B24@0:8@"Protocol"16
@"NSString"16@0:8
v32@0:8@16@24
v40@0:8@16@24@?32
v32@0:8@"NSURLSession"16@"NSError"24
v40@0:8@"NSURLSession"16@"NSURLAuthenticationChallenge"24@?<v@?q@"NSURLCredential">32
v24@0:8@"NSURLSession"16
v48@0:8@16@24@32@?40
v56@0:8@16@24@32@40@?48
v56@0:8@16@24q32q40q48
v32@0:8@"NSURLSession"16@"NSURLSessionTask"24
v48@0:8@"NSURLSession"16@"NSURLSessionTask"24@"NSURLRequest"32@?<v@?q@"NSURLRequest">40
v56@0:8@"NSURLSession"16@"NSURLSessionTask"24@"NSHTTPURLResponse"32@"NSURLRequest"40@?<v@?@"NSURLRequest">48
v48@0:8@"NSURLSession"16@"NSURLSessionTask"24@"NSURLAuthenticationChallenge"32@?<v@?q@"NSURLCredential">40
v40@0:8@"NSURLSession"16@"NSURLSessionTask"24@?<v@?@"NSInputStream">32
v56@0:8@"NSURLSession"16@"NSURLSessionTask"24q32q40q48
v40@0:8@"NSURLSession"16@"NSURLSessionTask"24@"NSURLSessionTaskMetrics"32
v40@0:8@"NSURLSession"16@"NSURLSessionTask"24@"NSError"32
v48@0:8@"NSURLSession"16@"NSURLSessionDataTask"24@"NSURLResponse"32@?<v@?q>40
v40@0:8@"NSURLSession"16@"NSURLSessionDataTask"24@"NSURLSessionDownloadTask"32
v40@0:8@"NSURLSession"16@"NSURLSessionDataTask"24@"NSURLSessionStreamTask"32
v40@0:8@"NSURLSession"16@"NSURLSessionDataTask"24@"NSData"32
v48@0:8@"NSURLSession"16@"NSURLSessionDataTask"24@"NSCachedURLResponse"32@?<v@?@"NSCachedURLResponse">40
v24@0:8q16
q24@0:8@16
@?16@0:8
v20@0:8B16
@"NSObject<OS_dispatch_queue>"
@"NSObject<OS_os_transaction>"
@"NSString"
@"NSFileHandle"
@"NSURL"
@20@0:8B16
@36@0:8B16@20@28
B40@0:8@16q24@32
d16@0:8
v24@0:8d16
@"NSURLSession"
@32@0:8@16@24
@32@0:8^{__OpaqueSecDbConnection=}16^^{__CFError}24
B32@0:8^{__OpaqueSecDbConnection=}16^^{__CFError}24
B40@0:8@16^{__OpaqueSecDbConnection=}24^^{__CFError}32
B32@0:8@16^@24
B72@0:8@16@24@32@40@48^{__OpaqueSecDbConnection=}56^^{__CFError}64
B48@0:8^{__OpaqueSecDbConnection=}16^^{__CFError}24@32B40B44
^{__OpaqueSecDb=}16@0:8
B40@0:8@16@24^@32
v24@0:8^{__OpaqueSecDb=}16
{os_unfair_lock_s=I}16@0:8
v20@0:8{os_unfair_lock_s=I}16
{os_unfair_lock_s="_os_unfair_lock_opaque"I}
^{__OpaqueSecDb=}
v36@0:8@16@?24I32
v32@0:8@16@?24
@32@0:8^v16@24
^v16@0:8
v24@0:8^v16
v24@0:8Q16
@"NSArray"
@"NSMutableData"
@"NSDate"
333333
69<?BEHKNQTWZ
/(S(j
@(#)PROGRAM:trustd  PROJECT:Security-60420.100.324.502.1
3333
>Ln:
g+9f
{FE0
Apple Inc.1&0$
Apple Certification Authority1
Apple Root CA0
060425214036Z
350209214036Z0b1
Apple Inc.1&0$
Apple Certification Authority1
Apple Root CA0
, op
https://www.apple.com/appleca/0
Reliance on this certificate by any party assumes acceptance of the then applicable standard terms and conditions of use, certificate policy and certification practice statements.0
=&g 
Sj[d
uu!0
Apple Root CA - G21&0$
Apple Certification Authority1
Apple Inc.1
140430181009Z
390430181009Z0g1
Apple Root CA - G21&0$
Apple Certification Authority1
Apple Inc.1
]>qf
%]'b
!hpg
Mq}Q
uAf"
fe(7
fCP?na
`CK
B0@0
}c7h
!I!9
o?!`
e]>7Gc1
Apple Root CA - G31&0$
Apple Certification Authority1
Apple Inc.1
140430181906Z
390430181906Z0g1
Apple Root CA - G31&0$
Apple Certification Authority1
Apple Inc.1
US0v0
/=@r
*wd{_N8
[O0O
B0@0
Apple Inc.1&0$
Apple Certification Authority1
Test Apple Root CA0
150422021548Z
350209214036Z0g1
Apple Inc.1&0$
Apple Certification Authority1
Test Apple Root CA0
$kzu$
]Ka.
PR#3
PR#3
https://www.apple.com/appleca/0
Reliance on this certificate by any party assumes acceptance of the then applicable standard terms and conditions of use, certificate policy and certification practice statements.0
Sq)f
M U)
gc P
_NZ/C
0n1"0 
Test Apple Global Root CA1&0$
Apple Certification Authority1
Apple Inc.1
150422024357Z
401226031337Z0n1"0 
Test Apple Global Root CA1&0$
Apple Certification Authority1
Apple Inc.1
US0v0
"Z %
c0a0
X2C0
X2C0
0l1 0
Test Apple Root CA - G31&0$
Apple Certification Authority1
Apple Inc.1
150422031744Z
401226031337Z0l1 0
Test Apple Root CA - G31&0$
Apple Certification Authority1
Apple Inc.1
US0v0
*j8"
B0@0
Pc4:
|O\uo0
m}se
DELETE FROM issuers
INSERT OR REPLACE INTO issuers (uri,expires,certificate) VALUES (?,?,?)
SELECT certificate FROM issuers WHERE uri=?
SELECT certificate FROM issuers WHERE uri=? and expires>?
SALT LAKE CITY1
THE USERTRUST NETWORK1!0
HTTP://WWW.USERTRUST.COM1
UTN-USERFIRST-HARDWARE
iZtTp
DG9*CO
ki0!!
(+pw)
$[(9s
\.aK
u#"r
jCMl
mBEGIN EXCLUSIVE TRANSACTION
INSERT OR REPLACE INTO tsettings(sha256,subj,tset,data)VALUES(?,?,?,?)
COMMIT TRANSACTION
DELETE FROM tsettings WHERE sha256=?
BEGIN EXCLUSIVE TRANSACTION; DELETE from tsettings; COMMIT TRANSACTION; VACUUM;
SELECT data FROM tsettings WHERE subj=?
SELECT tset FROM tsettings WHERE sha256=?
SELECT data,tset FROM tsettings ORDER BY sha256
SELECT data,tset FROM tsettings ORDER BY sha1
SELECT COUNT(*) FROM tsettings
<?xml version="1.0" encoding="UTF-8"?>
<!DOCTYPE plist PUBLIC "-//Apple//DTD PLIST 1.0//EN" "http://www.apple.com/DTDs/PropertyList-1.0.dtd">
<plist version="1.0">
<dict>
<key>application-identifier</key>
<string>com.apple.trustd</string>
<key>com.apple.application-identifier</key>
<string>com.apple.trustd</string>
<key>com.apple.private.assets.accessible-asset-types</key>
<array>
<string>com.apple.MobileAsset.PKITrustSupplementals</string>
<string>com.apple.MobileAsset.SecExperimentAssets</string>
</array>
<key>com.apple.private.keychain.certificates</key>
<true/>
<key>com.apple.private.necp.match</key>
<true/>
<key>com.apple.private.network.delegation-whitelist</key>
<true/>
<key>com.apple.private.network.socket-delegate</key>
<true/>
<key>com.apple.private.security.storage.SFAnalytics</key>
<true/>
<key>com.apple.private.security.storage.trustd</key>
<true/>
<key>com.apple.private.security.storage.trustd-private</key>
<true/>
<key>com.apple.private.trustd.FileHelp</key>
<true/>
<key>seatbelt-profiles</key>
<array>
<string>trustd</string>
</array>
</dict>
</plist>
application-identifier
com.apple.trustd04 com.apple.application-identifier
com.apple.trustd0
/com.apple.private.assets.accessible-asset-types0X+com.apple.MobileAsset.PKITrustSupplementals)com.apple.MobileAsset.SecExperimentAssets0,'com.apple.private.keychain.certificates
com.apple.private.necp.match
03.com.apple.private.network.delegation-whitelist
0.)com.apple.private.network.socket-delegate
03.com.apple.private.security.storage.SFAnalytics
0.)com.apple.private.security.storage.trustd
061com.apple.private.security.storage.trustd-private
0&!com.apple.private.trustd.FileHelp
seatbelt-profiles0
trustd
WAIT4DEBUGGER
serverxpc
v16@?0^v8
anchorsOnly
keychainsAllowed
attribution
certificates
anchors
policies
responses
scts
trustedLogs
verifyDate
exceptions
auditToken
com.apple.private.network.socket-delegate
result
details
info
chain
auth
Messages expect to be xpc dictionary, got: %@
{%string: %value}
no certs for key %s
%@: %@ lacks entitlement %@
xpc_array_create failed
modify-anchor-certificates
object for key %s failed to create certificate from data
object for key %s missing
eventAttributes
eventName
appID
revocationCheck
application-identifier
com.apple.application-identifier
com.apple.developer.on-demand-install-capable
keychain-access-groups
com.apple.security.application-groups
com.apple.developer.associated-application-identifier
entitlements
CryptoTokenKit
UseTokens
logging
com.apple.securityd
null input
Unknown data encoding, expected CCDER_CONSTRUCTED_SET
Failed to create dictionary
Unknown data encoding, expected CCDER_CONSTRUCTED_SEQUENCE
debug
v24@?0Q8*16
ZuluCalendar
Invalid universal time year between 50 and 70
Failed to create utc date
Failed to create date
setting default value
continuing
Not a decimal digit
Unexpected end of datetime
trailing garbage at end of datetime
overflow
fraction ends in 0
fraction without digits
Invalid datetime character
yMdHms
Failed to encode date from components
Failed to encode date.
Invalid date: %i, %i, %i, %i, %i, %i, %i
com.apple.utilities.sqlite3
%@: [%d]%@ %s
%@: [%d->%d]%@ %s
%@: [%d] %s sql: %s
%@: [%d->%d] %s sql: %s
SecDb
__OSINSTALL_ENVIRONMENT
#SecDB
file::memory:?cache=shared
%@-commit
SecCritical
Error with unexecuted sql remaining %@
pragma page_count
pragma freelist_count
pragma incremental_vacuum(%d)
SecDbStep SQLITE_ROW returned without a row handler
B16@?0^{__OpaqueSecDbConnection={__CFRuntimeBase=QAQ}^{__OpaqueSecDb}BBQBiB^{__CFError}^{sqlite3}^{__CFArray}}8
dbconn
failed to get a db handle
bind_blob[%d]: blob bigger than INT_MAX
bind_blob[%d]
bind_text[%d]: text bigger than INT_MAX
bind_text[%d]
bind_double[%d]
bind_int[%d]
bind_int64[%d]
v24@?0r*8Q16
reset
finalize: %p
prepare_v2: sql bigger than INT_MAX
preparev2
prepare_v2: %@ unused sql: %@
SecDbWithSQL perform block missing
step[%d]: %s returned SQLITE_ROW with NULL row block
SecDbForEach step[%d]
SecDbConnection
<SecDb path:%@ connections: %@>
step
BEGIN IMMEDIATE
BEGIN EXCLUSIVE
invalid transaction type %d
ROLLBACK
SQL DB %@ is corrupted already. Corruption error was: %d (previously %d)
/Library/Keychains/keychain-2.db
/Library/Keychains/ocspcache.sqlite3
/Library/Keychains/TrustStore.sqlite3
/Library/Keychains/caissuercache.sqlite3
PRAGMA integrity_check
NULL
v16@?0^{sqlite3_stmt=}8
Unable to process corruption marker: %{darwin.errno}d
%s-iscorrupt
mkpath_np %s: [%d] %s
open_v2 "%s" 0x%X
PRAGMA auto_vacuum
PRAGMA auto_vacuum = incremental
VACUUM
PRAGMA journal_mode = WAL
SQLProfile
SecDbHandleCorrupt not allowed to repair, handled error: [%d] %s
<SecDbConnection %s %s>
open
closed
com.apple.security.cfder.error
ccder failed to encode
Unknown number encoding
Number too large
Number allocation failed
Unable to get number from data
Unknown size
invalid tag
Unsupported DER Type
Null CFType
Unsupported CFType
tag/length decode failed
Unknown string encoding
String allocation failed
Unknown numeric string encoding
Numeric string allocation failed
String extraction failed
Unknown boolean encoding
Unknown data encoding
Failed to create data
Unknown CoreEntitlements encoding
Failed to create CoreEntitlements data
Unknown null encoding
Unknown data encoding, expected CCDER_CONSTRUCTED_CFSET
Failed to create set
%@/%@
Library/Keychains
private/var/protected/
BOOL soft_SimulateCrash(pid_t, mach_exception_data_type_t, NSString *__strong)
simulate_crash.m
SimulateCrash
void *CrashReporterSupportLibrary(void)
com.apple.security.xpc
code
userinfo
trustd
com.apple.trustd.evaluation
%s%@
MobileAssetContentVersion
MobileAssetLastCheckIn
MobileAssetLastRequest
OTAPKIContext.plist
TrustedCTLogs.plist
TrustedCTLogs_nonTLS.plist
AnalyticsSamplingRates.plist
AppleCertificateAuthorities.plist
SecExperimentAssets.plist
CTKillSwitch
CTKillSwitch_nonTLS
com.apple.MobileAsset.PKITrustSupplementals
com.apple.MobileAsset.SecExperimentAssets
SecOTAPKI
com.apple.security.OTAPKIQueue
com.apple.security.OTAPKIBackgroundQueue
com.apple.trustd.asset-check-in
Could not get CT logs from the current OTAPKIRef
Unable to get the current OTAPKIRef
This function may only be performed by the system trustd.
OTATrust
/System/Library/Security/Certificates.bundle
log_id
<SecOTAPKIRef: version %llu/%llu>
VersionNumber
Blocked
plist
GrayListedKeys
CertificatePinning
Events
SupplementalsAssets
OTAContext.plist missing check-in
OTAContext.plist missing dictionary
ValidUpdate
Version
Format
Generation
valid
could not get valid snapshot
sqlite3
EVRoots
certsIndex
certsTable
com.apple.MobileAsset.PKITrustSupplementals.ma.cached-metadata-updated
com.apple.trustd.asset-updated
com.apple.trustd.kill-switch
MAQueryResult
failed to query MobileAsset %@ metadata: %ld
no results in MobileAsset query for %@
_ContentVersion
unknown asset state %ld
MAAssetState
asset %@ is unknown
com.apple.trustd.asset.downloadAsset
MADownLoadResult
failed to download asset %@: %ld
v16@?0q8
_CompatibilityVersion
skipping asset %@ because Compatibility Version doesn't match %@
assetVersion
systemVersion
installedVersion
skipping asset %@ because we already have _ContentVersion %@ (or newer)
Failed to install new asset version %@ from %@
missing url and version for downloaded SecExperiment asset
com.apple.trustd.secexperiment.asset-updated
missing url and version for downloaded asset
copyfile error for asset %d: %s
failed to change permissions of %s: %s
OTAContext.plist missing kill switch
PKITrustSupplementalsUpdatePeriod
AssetVersion
MobileAsset disabled, skipping check.
last MobileAsset request for %@ too recent, skipping check.
com.apple.trustd.asset.download
failed to download catalog for asset %@: %ld
Failed to get asset %@ metadata within %d seconds.
Unknown error occurred.
%@-%@
TrustdAssetDownloadWaitTimeout
OTAContext.plist missing version
trustd/
trustd/%@
private
private/
private/%@
helper
com.apple.trustd/3.0
DefaultHTTPTimeout
User-Agent
com.apple.trustd.TrustURLSession
caissuercache.sqlite3
caissuercache
CREATE TABLE issuers(uri BLOB PRIMARY KEY,expires DOUBLE NOT NULL,certificate BLOB NOT NULL);CREATE INDEX iexpires ON issuers(expires);
caissuer
SecCertificateVC
SecCertificatePathVC
v24@?0^{__SecCertificate=}8^B16
<%@ certs: 
kSecTrustSettingsResult
kSecTrustSettingsPolicyOptions
async
ExceptionResetCount
com.apple.security.exception_reset_counter.plist
Error
exception counter not implemented in this environment
ocspcache.sqlite3
v16@?0^{__SecOCSPCache=^{__OpaqueSecDb}}8
SELECT DISTINCT hashAlgorithm FROM ocsp WHERE serialNum=?
CREATE TABLE ocsp(issuerNameHash BLOB NOT NULL,issuerPubKeyHash BLOB NOT NULL,serialNum BLOB NOT NULL,hashAlgorithm BLOB NOT NULL,responseId INTEGER NOT NULL,certStatus INTEGER NOT NULL DEFAULT 255);CREATE INDEX iResponseId ON ocsp(responseId);CREATE INDEX iserialNum ON ocsp(serialNum);CREATE INDEX iSNumDAlg ON ocsp(serialNum,hashAlgorithm);CREATE TABLE responses(responseId INTEGER PRIMARY KEY,ocspResponse BLOB NOT NULL,responderURI BLOB,expires DOUBLE NOT NULL,lastUsed DOUBLE NOT NULL);CREATE INDEX iexpires ON responses(expires);CREATE TRIGGER tocspdel BEFORE DELETE ON responses FOR EACH ROW BEGIN DELETE FROM ocsp WHERE responseId=OLD.responseId; END;
SELECT issuerNameHash FROM ocsp WHERE certStatus=0 LIMIT 1
ALTER TABLE ocsp ADD COLUMN certStatus INTEGER NOT NULL DEFAULT 255
DELETE FROM responses WHERE responseId=?
INSERT INTO responses (ocspResponse,responderURI,expires,lastUsed) VALUES (?,?,?,?)
INSERT INTO ocsp (hashAlgorithm,issuerNameHash,issuerPubKeyHash,serialNum,responseId,certStatus) VALUES (?,?,?,?,?,?)
DELETE FROM responses WHERE expires<? AND responseId NOT IN (SELECT responseId FROM ocsp WHERE certStatus=1)
SELECT ocspResponse,responseId FROM responses WHERE lastUsed>? AND responseId=(SELECT responseId FROM ocsp WHERE issuerNameHash=? AND issuerPubKeyHash=? AND serialNum=? AND hashAlgorithm=?) ORDER BY expires DESC
DELETE FROM ocsp WHERE certStatus!=1; DELETE FROM responses WHERE responseId NOT IN (SELECT responseId FROM ocsp WHERE certStatus=1)
expiry
frozen
start_inclusive
end_exclusive
v16@?0^{__CFCalendar=}8
update
download
com.apple.trustd.valid.updateDb
com.apple.trustd.valid.download
update-current
com.apple.trustd.networking.background
Accept
Accept-Encoding
gzip,deflate,br
com.apple.trustd.valid.scheduleUpdate
https://%@/g%ld/v%ld
:/?#[]@!$&'()*+,;=
POST
ValidUpdateWiFiOnly
ValidUpdateBackground
B32@?0@8^@16^^{__CFError}24
value for CT Exceptions is not a dictionary in new configuration
value for CT Exceptions is not a dictionary in current configuration
unknown key (%@) in configuration dictionary
v32@?0@"NSString"8@16^B24
@"NSDictionary"24@?0@"NSURL"8^@16
CT Exceptions
com.apple.trustd.ct.exceptions-changed
^v24@?0@"NSDictionary"8^^{__CFError}16
value for CA revocation additions is not a dictionary in new configuration
value for CA revocation additions is not a dictionary in existing configuration
unknown key (%@) in additions dictionary
CA Revocation Additions
com.apple.trustd.ca.revocation-changed
value for Transparent Connection pins is not an array in existing configuration
TransparentConnectionPins
Transparent Connection Pins
com.apple.trustd.hrn.pins-changed
value for %@ is not an array in configuration
value %lu for %@ is not the expected type
sha256
Unable to write %s in this environment
Unable to write %s from user agent
application-identifier required to set %s
config
CTExceptions.plist
CARevocation.plist
TransparentConnectionPins.plist
i24@?0^{?={?=*Q}{?=*Q}{?=*Q}{?=*Q}{?=*Q}}8^B16
nextUpdate
thisUpdate + defaultTTL
i24@?0^{?=Q{?=*Q}}8^B16
i40@?0^{__SecOCSPSingleResponse=Cdddi^{__CFArray}}8^{?={?=*Q}{?=*Q}{?=*Q}{?=*Q}}16^{?={?=*Q}{?=*Q}}24^B32
policyName
domains
rules
suffix
labelRegex
transparentConnection
PinningHostname
PinningPolicyName
PinningRules
PinningTransparentConnection
PRAGMA user_version
PRAGMA user_version = %llu
SELECT ival FROM admin WHERE key='version'
INSERT OR REPLACE INTO admin (key,ival,value) VALUES (?,?,?)
pinningDb
INSERT OR REPLACE INTO rules (policyName,domainSuffix,labelRegex,policies,transparentConnection) VALUES (?,?,?,?,?) 
v32@?0@8Q16^B24
DELETE FROM rules;
CREATE TABLE IF NOT EXISTS admin(key TEXT PRIMARY KEY NOT NULL,ival INTEGER NOT NULL,value BLOB);
CREATE TABLE IF NOT EXISTS rules(policyName TEXT NOT NULL,domainSuffix TEXT NOT NULL,labelRegex TEXT NOT NULL,policies BLOB NOT NULL,transparentConnection INTEGER,UNIQUE(policyName, domainSuffix, labelRegex));
CREATE INDEX IF NOT EXISTS idomain ON rules(domainSuffix);
CREATE INDEX IF NOT EXISTS ipolicy ON rules(policyName);
ALTER TABLE rules ADD COLUMN transparentConnection INTEGER
CertificatePinning.plist
pinningrules.sqlite3
Pinning DB Queue
AppleServerAuthenticationNoPinning
pinningQA
IdMS
AppleServerAuthenticationNoPinningIdMS
pinning logging charles
SELECT DISTINCT labelRegex,policyName,policies,transparentConnection FROM rules WHERE domainSuffix=?
sslServer
SELECT DISTINCT policies,transparentConnection FROM rules WHERE policyName=?
CheckLeafMarkerOid
CheckLeafMarkersProdAndQA
CheckIntermediateMarkerOid
CheckIntermediateCountry
CheckIntermediateOrganization
policy
leaf
path
custom
force
 source
TestSystemRoot
2.5.29.37.0
AppleServerAuthenticationAllowUATIdMS
TestCTRequiredSystemRoot
IgnoreMaximumValidityPeriod
1.3.6.1.5.5.7.3.1
1.3.6.1.5.5.7.3.4
WeakKeySize
WeakSignature
BlackListedLeaf
BlackListedKey
UsageConstraints
Revocation
IssuerPolicyConstraints
IssuerNameConstraints
kSecTrustSettingsAllowedError
kSecTrustSettingsPolicy
kSecTrustSettingsPolicyName
kSecTrustSettingsPolicyString
kSecTrustSettingsKeyUsage
kSecTrustSettingsApplication
valid.apple.com
valid.apple.com/seed
valid.apple.com/carry
B24@?0^{__SecRevocationDbConnection=^{__SecRevocationDb}^{__OpaqueSecDbConnection}qqqB}8^^{__CFError}16
com.apple.trustd.valid.db-changed
v16@?0^{__SecRevocationDb=^{__OpaqueSecDb}^{dispatch_queue_s}BBB^{__CFArray}^{__CFDictionary}{os_unfair_lock_s=I}}8
com.apple.trustd.valid.initialize
.valid_replace
-journal
-shm
-wal
SecValidInfo
update_check
com.apple.trustd.valid.checkNextUpdate
Unable to update Valid DB from user agent
Valid updates not enabled on this device
1.2.840.113635.100.6.2.10
1.2.840.113635.100.6.51
db_source
B16@?0^{sqlite3_stmt=}8
DELETE FROM groups; DELETE FROM admin WHERE key='version'; DELETE FROM sqlite_sequence
_SecRevocationDbApplyUpdate: invalid db or update parameter
full
delete
SecValidUpdateProcessData: invalid update format
SecValidUpdateProcessData: data length is too short
SecValidUpdateProcessData: data longer than expected
check-again
hash
SecValidUpdateProcessData: failed to get update chunk
db_hash
ValidVerifyEnabled
ValidUpdateGeneration
%s%s
ValidUpdateServer
com.apple.security
validInfo certHash: %@ issuerHash: %@
%02X
ValidUpdateEnabled
ValidUpdateInterval
valid.sqlite3
v12@?0i8
CREATE TABLE IF NOT EXISTS admin(key TEXT PRIMARY KEY NOT NULL,ival INTEGER NOT NULL,value BLOB);CREATE TABLE IF NOT EXISTS issuers(groupid INTEGER NOT NULL,issuer_hash BLOB PRIMARY KEY NOT NULL);CREATE INDEX IF NOT EXISTS issuer_idx ON issuers(issuer_hash);CREATE TABLE IF NOT EXISTS groups(groupid INTEGER PRIMARY KEY AUTOINCREMENT,flags INTEGER,format INTEGER,data BLOB,policies BLOB);CREATE TABLE IF NOT EXISTS serials(groupid INTEGER NOT NULL,serial BLOB NOT NULL,UNIQUE(groupid,serial));CREATE TABLE IF NOT EXISTS hashes(groupid INTEGER NOT NULL,sha256 BLOB NOT NULL,UNIQUE(groupid,sha256));CREATE TABLE IF NOT EXISTS dates(groupid INTEGER PRIMARY KEY NOT NULL,notbefore REAL,notafter REAL);CREATE TRIGGER IF NOT EXISTS group_del BEFORE DELETE ON groups FOR EACH ROW BEGIN DELETE FROM serials WHERE groupid=OLD.groupid; DELETE FROM hashes WHERE groupid=OLD.groupid; DELETE FROM issuers WHERE groupid=OLD.groupid; DELETE FROM dates WHERE groupid=OLD.groupid; END;
v16@?0^B8
Create
Open
B44@?0^{__OpaqueSecDb=}8^{__OpaqueSecDbConnection=}16B24^B28^^{__CFError}36
SELECT ival FROM admin WHERE key='db_version'
v16@?0^{__OpaqueSecDbConnection=}8
CREATE TABLE IF NOT EXISTS dates(groupid INTEGER PRIMARY KEY NOT NULL,notbefore REAL,notafter REAL);
DROP TRIGGER IF EXISTS group_del;CREATE TRIGGER group_del BEFORE DELETE ON groups FOR EACH ROW BEGIN DELETE FROM serials WHERE groupid=OLD.groupid; DELETE FROM hashes WHERE groupid=OLD.groupid; DELETE FROM issuers WHERE groupid=OLD.groupid; DELETE FROM dates WHERE groupid=OLD.groupid; END;
ALTER TABLE groups ADD COLUMN policies BLOB
db_version
db_format
group not found for issuer
DELETE FROM groups WHERE groupid=?
issuer-hash
DELETE FROM issuers WHERE groupid=?
format
serial
nto1
INSERT OR REPLACE INTO groups (groupid,flags,format,data,policies) VALUES (?,?,?,?,?)
complete
check-ocsp
known-intermediates-only
require-ct
no-ca
no-ca-v2
overridable
not-before
not-after
SELECT flags,format,data,policies FROM groups WHERE groupid=?
params
1.2.11
INSERT OR REPLACE INTO issuers (groupid,issuer_hash) VALUES (?,?)
DELETE FROM serials WHERE groupid=? AND hex(serial) LIKE ?
DELETE FROM hashes WHERE groupid=? AND hex(sha256) LIKE ?
INSERT OR REPLACE INTO serials (groupid,serial) VALUES (?,?)
INSERT OR REPLACE INTO hashes (groupid,sha256) VALUES (?,?)
INSERT OR REPLACE INTO dates (groupid,notbefore,notafter) VALUES (?,?,?)
SELECT notbefore,notafter FROM dates WHERE groupid=?
UPDATE OR IGNORE groups SET policies=? WHERE groupid=?
version
generation
SELECT ival FROM admin WHERE key='interval'
interval
SELECT ival FROM admin WHERE key='db_format'
SELECT value FROM admin WHERE key='db_source'
check_again
SELECT value FROM admin WHERE key='check_again'
validcache
SELECT rowid FROM serials WHERE groupid=? AND serial=?
SELECT rowid FROM hashes WHERE groupid=? AND sha256=?
SELECT DISTINCT groupid FROM issuers WHERE issuer_hash=?
SELECT ival FROM admin WHERE key='generation'
SUCCESS
FAIL
SELECT value FROM admin WHERE key='db_hash'
SELECT count(*) FROM groups
SELECT DISTINCT groupid FROM issuers ORDER BY issuer_hash ASC
SELECT flags,format,data FROM groups WHERE groupid=?
SELECT count(*) FROM issuers WHERE groupid=?
SELECT issuer_hash FROM issuers WHERE groupid=? ORDER BY issuer_hash ASC
B12@?0i8
SELECT count(*) FROM serials WHERE groupid=?
SELECT count(*) FROM hashes WHERE groupid=?
SELECT serial FROM serials WHERE groupid=? ORDER BY serial ASC
SELECT sha256 FROM hashes WHERE groupid=? ORDER by sha256 ASC
ocsp
SecORVC
validupdate
v12@?0I8
orvc<%p> current url:%@
OCSPSigner
 (non-recoverable error)
errorDomain
errorCode
AnalyticsRate
trust_analytics
networking_analytics
ValidUpdateEvent
DatabaseEvent
OTAPKIEvent
database
Networking analytics not supported in this environment
X-Apple-Request-UUID
AbstractClassException
This is an abstract class. To use it, please subclass.
com.apple.trustd.TrustURLSessionDelegate
ocsp2.apple.com
ocsp.apple.com
ocsp-uat.corp.apple.com
https
(trustd) The request timed out: %@
This is an abstract class. To use it, please subclass and override didCompleteWithError.
cache-control
max-age
Trust settings not implemented in this environment
trustsettings.write.recursive
v20@?0B8^{__CFError=}12
no trust settings for domain
trustsettings
trustsettings.read
trustsettings.write
system trust settings are not modifiable
invalid trust settings domain
Authorization not present
TrustSettings.plist
unable to create user trust settings path
Admin.plist
unable to create admin trust settings path
/System/Library/Keychains/SystemTrustSettings.plist
SecPathBuilder
v24@?0^{OpaqueSecPVC=^{_SecPathBuilder}^{__CFArray}^{__CFDictionary}qB^{__CFArray}I^{__CFArray}I}8^B16
http
trust
com.apple.trustd.evaluation.recursive
v44@?0I8^{__CFArray=}12^{__CFDictionary=}20^{__CFArray=}28^{__CFError=}36
builder<%p> current path: %@
com.apple.trustd.evaluation.builder
SecPinningDb
v24@?0r^v8r^v16
accept
non 
reject
user
v8@?0
admin
unsupported domain: %@
system
unknown domain: %@
truststore is NULL
truststore is readOnly
get normalized subject failed
get sha256 digest failed
CFArrayCreate failed
trustSettingsDictOrArray neither dict nor array
xml encode failed
sqlite3 error: %d
size error
ROLLBACK TRANSACTION
failed to get cert sha256 digest
cert digest of bad length
trustStoreContents is NULL
ts is NULL
Cannot copy system trust store contents
ts DB is NULL
sqlite3_step failed
TrustStore.sqlite3
failed to get old DB file URL
failed to get old DB file path
failed to open old trust store database; new trust store will be empty
failed to prepare old trust store read
failed to open new trust store
failed to decode cert in old DB
no tset data in old DB
tset is not an array in old DB
failed to finalize old trust store read
failed to close old trust store
v16@?0r*8
truststore
CREATE TABLE tsettings(sha256 BLOB NOT NULL DEFAULT '',subj BLOB NOT NULL DEFAULT '',tset BLOB,data BLOB,PRIMARY KEY(sha256));CREATE INDEX isubj ON tsettings(subj);
SecWarning
com.apple.trustd
/AppleInternal/Library/Security/
SIMULATOR_ROOT
.cer
%@%@
sqlite3_bind_blob failed
v16@?0r^v8
operation
status
error
flags
domain
cert
settings
data
AccountSetToNew
OTAGetEscrowCertificates
OTAPKIGetNewAsset
OTASecExperimentGetNewAsset
OTASecExperimentGetAsset
AcceptApplicants
BailFromCircle
CanAuthenticate
CopyApplicantPeerInfo
CopyConcurringPeerPeerInfo
CopyEngineState
CopyGenerationPeerInfo
CopyMyPeerInfo
CopyNotValidPeerPeerInfo
CopyPeerPeerInfo
CopyRetirementPeerInfo
CopyValidPeerPeerInfo
CopyViewUnawarePeerInfo
DeviceInCircle
GetLastDepartureReason
LoggedOutOfAccount
ProcessSyncWithAllPeers
ProcessSyncWithPeers
ProcessUnlockNotification
PurgeUserCredentials
RejectApplicants
RemoveThisDeviceFromCircle
RemovePeersFromCircle
RequestToJoin
RequestToJoinAfterRestore
ResetToEmpty
ResetToOffering
RollKeys
SetBagForAllSlices
SetLastDepartureReason
SetNewPublicBackupKey
SetUserCredentials
SetUserCredentialsAndDSID
TryUserCredentials
ValidateUserPublic
View
add_shared_web_credential
delete_all
get_log_settings
backup_copy_names
backup_register_view
backup_handoff_fd
backup_restore
backup_set_confirmed_manifest
copy_matching
keychain_backup
keychain_backup_syncable
keychain_restore
keychain_restore_syncable
keychain_sync_update_message
ota_pki_trust_store_version
ota_pki_asset_version
otr_session_create_remote
otr_session_process_packet_remote
set_circle_log_settings
set_xpc_log_settings
trust_evaluate
trust_store_contains
trust_store_remove_certificate
trust_store_set_trust_settings
trust_store_copy_all
trust_store_copy_usage_constraints
ocsp_cache_flush
EnsurePeerRegistration
WhoAmI
TransmogrifyToSyncBubble
UpdateTokenItems
sec_delete_items_with_access_groups_id
kSecXPCOpPeersHaveViewsEnabled
RegisterRecoveryPublicKey
GetRecoveryPublicKey
MessageFromPeerIsPending
SendToPeerIsPending
copy_parent_certificates
certificate_exists
KeybagAdd
KeybagDelete
KeychainControlEndpoint
NetworkingAnalyticsReport
SetCTExceptions
CopyCTExceptions
GetExceptionResetCount
IncrementExceptionResetCount
SetCARevocationAdditions
CopyCARevocationAdditions
SetTransparentConnectionPins
CopyTransparentConnectionPins
trust_settings_set_data
trust_settings_copy_data
sec_truststore_remove_all
sec_trust_reset_settings
Unknown xpc operation
object for key %s is NULL
no data for key %s
object for key %s not array but %@
too large data for key %s
failed to create data for key %s
object for key %s failed to convert %s to CFString
object for key %s not string
object for key %s not dictionary but %@
no object for key %s
trailing garbage after der decoded object for key %s
SecError
data_array xpc value is not an array
failed to create CFArray of capacity %zu
data_array[%zu] failed to decode
SIGSTOPing self, awaiting debugger
Again, for good luck (or bad debuggers)
Received signal SIGTERM. Will terminate when clean.
security failed to register xpc listener for %s, exiting
XPC [%@] operation: %@ (%llu)
Authentication is needed %@ %@ %@
%@ %@ %@
%@: returning error: %@
Ignoring "%@" because client is API-restricted
Keychain access group com.apple.token ignored, feature not available
der: unable to encode date: %@
der: invalid date: %@; %s
Could not set up sqlite global error logging to syslog: %d
SecDB: running from installer
SecDb: SecDbCreate failed to create attributes for the write mutex; fairness properties are no longer present
SecDb: SecDbCreate failed to init the write mutex, this will end badly
incremental_vacuum failed with: (%d) %{public}s
#SecDB nested transaction asked to not be committed
SecDbConnectionRelease called with NULL dbconn
SecDbConnectionRelease: IO failure reported in connection, throwing away currently idle caches
dbconn: did not expect to run out of room in the %s cache when releasing connection
releasing %s connection rather than storing in size %d cache
SecDbForEach: SecDbConnection is readonly but we're about to write: %s
_SecDbStep: SecDbConnection is readonly but we're about to write: %s
SecDbConnectionCheckCode detected corruption twice: going to handle corrupt DB
operation returned code: %d integrity check=fail
operation returned code: %d: integrity check=pass
SecDBCheckCorrupted integrity_check returned %s
#SecDB warning error %{public}@ when running integrity check
#SecDB warning: failed to run integrity check due to corruption
SecDBCheckCorrupted ran integrity_check, and that didn't return ok
SecDBCheckCorrupted failed to run integrity check
Unable to create database: %@
#SecDB starting maintenance
opened block failed: %@
opened block failed: error (%@) is being released and lost
#SecDB ending maintenance
SecDbSecDbProcessCorruptionMarker: Unable to check for corruption marker: %{darwin.errno}d
SecDbSecDbProcessCorruptionMarker: found corruption marker %s
SecDbSecDbProcessCorruptionMarker: Unable (%{darwin.errno}d) to delete corruption marker
SecDbSecDbProcessCorruptionMarker: Unable (%{darwin.errno}d) to delete db %{public}s
SecDbSecDbProcessCorruptionMarker: deleted corrupt db %{public}s
sqlDb: sql trace mask: 0x%08x
SecDbHandleCorrupt: Tried to write corruption marker %s but one already exists
SecDbHandleCorrupt: Unable (%{darwin.errno}d) to create corruption marker %{public}s
SecDbHandleCorrupt: killing self so that successor might cleanly delete corrupt db
sqlite busy/locked: %d ntries: %d totaltimeout: %d
sqlite busy/locked: too long: %d ms, giving up
failed to close database connection (%d) for %@: %s
Simulating crash, reason: %@, code=%08x
can't parse general name or not a type we support
variant does not allow analytics
variant does not allow file writes
Weak-linked MobileAsset framework missing.
variant does not allow MobileAsset
Failed to create OTAPKI Queues. May crash later.
OTATrust: failed to write last check-in time: %@
asset found
asset NULL
OTATrust: failed to read entry from trusted CT logs array at index %lu
failed to read log_id from trusted CT log array entry at index %lu, computing log_id
failed to read key from trusted CT log array entry at index %lu
read: %ld
resource: %@.%@ in %@ not found
OTATrust: failed to read sampling rates from asset data: %@
Using asset v%llu instead of system v%llu
could not create path: %s (%s)
resource: %@ not found
OTATrust: failed to read Apple CAs list from asset data: %@
OTATrust: %@
%s path
%s path as UTF8 string
EVRoot.plist is wrong type.
could not find certsIndex
could not find certsTable
unable to map %s (errno %d)
unable to unmap %ld bytes at %p (error %d)
Got notification about a new PKITrustSupplementals asset from mobileassetd.
Initial check with MobileAsset for newer PKITrustSupplementals asset
Initializing listener for PKI Asset changes from system trustd.
Got notification about a new PKITrustSupplementals asset from system trustd.
OTATrust: failed to update from asset after notification: %@
Got notification about successful PKITrustSupplementals asset check-in
begin MobileAsset metadata sync request %{public}@
asset %{public}@ is downloading
begin download of OTATrust asset
got CT kill switch = %{bool}d
got non-TLS CT kill switch = %{bool}d
finished update to version %@ from installed asset. purging asset.
OTATrust: purge failed: %ld
OTATrust: unable to create SecExperiment from asset file: %@
updating SecExperiment asset version from %llu to %llu
Asset staleness state: warning
Asset staleness state: at risk
OTATrust: unable to create TrustedCTLogs from asset file: %@
OTATrust: unable to create TrustedCTLogs_nonTLS from asset file: %@
OTATrust: unable to create AnalyticsSamplingRates from asset file: %@
OTATrust: unable to create AppleCAs from asset file: %@
updating asset version from %llu to %llu
failed to remove %@: %s
failed to change permissions of %s: %s
found on-disk kill switch %{public}@ with value %d
Initial check with MobileAsset for newer SecExperiment asset
Initializing listener for SecExperiment Asset changes from system trustd.
Got notification about a new SecExperiment asset from system trustd.
OTATrust: failed to update SecExperiment Asset after notification: %ld
Updated SecExperiment asset successfully
OTATrust: unable to write OTA Context to disk: %@
Setting periodic update delta to %llu seconds
periodic re-read asset from disk
OTATrust: failed to update from asset during periodic re-read: %@
OTATrust: failed to read CT list from asset data: %@
begin MobileAsset query for catalog %@
OTATrust: failed to write last request time: %@
asset (%llu) is not newer than the system version (%llu); deleting stale data
trustd file permissions already fixed. skipping trustdFileHelper call.
Retrieved DefaultHTTPTimeout setting for %ld seconds
caissuer db CREATE TABLES: %s
caissuer cache add failed: %s
caissuer cache flush failed: %s
caissuer cache lookup failed: %s
clearing CAIssuer cache
caissuer cache delete failed: %s
failed to find context for %@
Failed to download issuer %@, with error %@
too many caIssuer entries (%ld)
policy tree failure on cert %u
policy mapping anyPolicy failure %u
policy tree failure on leaf
Leaf has invalid basic constraints
Leaf has invalid key usage %u
Leaf's public key is too small for issuance before 2014
Leaf's public key is too small for issuance after 2013
Leaf was issued with SHA-1 after 2015
key-based CA revocation applies at index %lld
skipping CAIssuer fetch for expired %@
exceptionResetCount: %llu (%s)
Failed to increment the extensions epoch.
Failed to migrate exceptions reset count: %@
Failed to read from permanent storage at '%{public}@' or the data is bad. Defaulting to value %llu.
Could not find key '%{public}@'. Defaulting to value %llu.
The value for key '%{public}@' is not a number.
'%{public}@' is %llu.
Failed to allocate memory for the exceptions epoch structure.
Failed to write to permanent storage at '%{public}@'.
'%{public}@' has been committed to permanent storage at '%{public}@'.
%s failed: %@
OCSP table update failed: %@
_SecOCSPCacheAddResponse failed: %@
ocsp cache lookup failed: %@
SCT version unsupported: %d
SCT is in the future: %llu > %llu
SCT signature failed (log=%@)
Frozen CT log issued SCT after freezing (log=%@)
failed to migrate user trust store; new trust store will be empty: %@
%s canceled at %f
update started at %f
failed to read %@ with error %d
unable to unmap current update %ld bytes at %p (error %d)
update finished at %f
Session %@ data task %@ returned response %ld (%@), expecting %lld bytes
failed to connect to URL. canceling task %@
failed to find revocation info directory. canceling task %@
unable to open %@ (errno %d)
download started at %f
failed to open %@: %@. canceling task %@
received data, but output file is not open
Session %@ task %@ failed with error %@
download finished at %f
invalid update request
missing update queue, skipping update
postponing update until %f
scheduling update at %f
removing all old sessions for trustd
scheduled background data task %@ at %f URL:%@
running foreground data task %@ at %f URL:%@
Failed to download ocsp response %@, with error %@
too may OCSP responder entries (%ld)
Unable to write %{public}s in this environment
Unable to write %{public}s from user agent
application-identifier required to set %{public}s
%{public}s have error: %@
failed to write %{public}s: %@
wrote %lu configs for %{public}s
have %{public}s. will need to read.
failed to establish notification for %{public}s: %u
skipping further reads. no %{public}s found: %@
failed to parse certId in single response
failed to parse certId hash algorithm
failed to parse single extensions
OCSPResponse: producedAt more than 1:15 from now
OCSPResponse: thisUpdate more than 1:15 from now
OCSPResponse: latestNextUpdate more than 1:15 ago
OCSPSingleResponse: thisUpdate more than 1:15 from now
OCSPSingleResponse: %s %.2f days ago
Unknown hash algorithm in singleResponse
failed to parse single responses
failed to parse single response
SingleResponse missing thisUpdate
failed to decode thisUpdate: %@
missing certStatus in SingleResponse
failed to decode certStatus in SingleResponse
invalid Good certStatus content
invalid Unknown certStatus content
Unknown cert status: %llu
failed to parse RevokedInfo
RevokedInfo missing revocationTime
failed to decode revocationTime: %@
failed to parse revocation reason
failed to decode nextUpdate: %@
failed to parse OCSPResponse: %d
OCSPResponse has missing/bad responseStatus
Successful OCSPResponse has missing/bad responseBytes
failed to parse OCSPResponseBytes: %d
unknown responseType
OCSPResponseBytes with missing response
failed to parse BasicOCSPResponse: %d
BasicOCSPResponse missing/bad responseData
BasicOCSPResponse missing/bad signatureAlgorithm
failed to parse BasicOCSPResponse signatureAlgorithm: %d
BasicOCSPResponse missing/bad signature
failed to parse BasicOCSPResponse signature: %d
failed to parse BasicOCSPResponse certs
failed to parse ResponseData: %d
failed to parse version from ResponseData: %d
ResponseData has unknown version: %llu
ResponseData with missing producedAt
failed to decode producedAt time: %@
ResponseData missing responderId
failed to parse ResponderId
failed to parse ResponderId byKey
failed to parse ResponderId byKey, wrong type
failed to parse ResponderId byKey, extra data
unknown responderId choice: %llu
SecPinningDb: failed to create admin table: %@
SecPinningDb: failed to set version %@ from pinning list: %@
Pinning database should update from version %@ to version %@
Pinning database should not update from version %@ to version %@
SecPinningDb: error reading content version from database %@
SecPinningDb: failed to serialize policies
SecPinningDb: failed to insert rule %@ for %@.%@ with error %@
SecPinningDb: rule entry in pinning plist is wrong class
SecPinningDb: failed to get required fields from rule entry %lu
SecPinningDb: domain entry %lu for %@ in pinning rule is wrong class
SecPinningDb: failed to get required fields for entry %lu for %@
SecPinningDb: failed to populate DB from pinning list: %@
SecPinningDb: failed to delete old values: %@
SecPinningDb: failed to create rules table: %@
SecPinningDb: missing url for downloaded asset
SecPinningDb: unable to create pinning list from asset file: %@
SecPinningDb: error installing updated pinning list version %@: %@
SecPinningDb: failed to get pinning plist URL
SecPinningDb: failed to read pinning plist from bundle: %@
SecPinningDb: failed to find pinning plist in bundle
SecPinningDb: pinning plist in wrong format
Opening db with version %@
Updating pinning database content from version %@ to version %@
Updating pinning database schema from version %@ to version %@
SecPinningDb: %s failed: %@
adding %llu entries for %@ to cache
purging LRU suffix: %@
found matching rule in cache for %@.%@
%@ disable pinning = %{BOOL}d
could not disable pinning: not an internal release
generic pinning disable = %{BOOL}d
found matching rule in DB for %@.%@
SecPinningDb: error querying DB for hostname: %@
Fetching rules for policy named %@
found matching rule for %@ policy
SecPinningDb: error querying DB for policyName: %@
Database Schema: %@ Content: %@
SecPinningDb: unable to initialize db: %@
cert[%d]: skipped allowed error %@
cert[%d]: skipped exception error %@
cert[%d]: %@ =(%s)[%s]> %@
SecPVCSetResultForced: failed to get detail at index %ld (array length %ld)
unrestricted anchor%s
complex trust settings anchor
complex trust settings denied anchor
name in excluded subtrees
name not in permitted subtrees
domain-based CT exception applied
key-based CT exceptions applied
System-trusted leaf validity period longer than 825 days and issued on or after 1 March 2018
System-trusted leaf validity period longer than 398 days and issued on or after 1 September 2020
Non-system-trusted leaf validity period longer than 825 days and issued on or after 1 July 2019
kSecTrustSettingsApplication is not yet supported on this platform
policy: unknown policy key %@, skipping
subordinate certificate is not ev
anchor certificate is not ev
valid_policies set is empty: chain not ev
SubCA missing certificate policies
SubCA missing CRLDP
SubCA has invalid basic constraints
SubCA has invalid key usage %u
SubCA's public key is too small for issuance before 2011 or expiration before 2014
SubCA's public key is too small for issuance after 2010 or expiration after 2013
SubCA was issued with SHA-1 after 2015
anchor not in plist
Anchor issued after October 2006 and is not v3
Anchor has invalid basic constraints
Anchor has invalid key usage %u
Anchor's public key is too weak for EV
certificate issuance time (%f) is later than allowed value (%f)
invalid update data
failed to verify valid update
switching db source from "%@" to "%@"
failed to process valid update: %@
remove (%s): %s
initializing database
failed to verify Valid Update: %d
Valid Update SecTrustEvaluate failed with trust result %d
valid generation received %ld is different from requested %ld
_SecRevocationDbSetUpdateSource failed: %d
_SecRevocationDbSetUpdateSource failed: unable to get UTF-8 encoding
_SecRevocationDbSetUpdateSource failed: %@
resetting database, result: %d (expected 1)
_SecRevocationDbRemoveAllEntries failed: %@
_SecRevocationDbApplyUpdate failed: invalid args
Skipping property list creation (length %ld is too short)
Skipping property list creation (dataLength=%ld, bytesRemaining=%ld)
Failed to deserialize update chunk %u of %u
unable to write %s (error %d)
process exiting to replace db file
starting service with g%ld, v%ld, schema v%ld
copyfile error %d
failed to change protection class of copied valid snapshot: %@
starting update
skipping update
Recreate VALID db generation %ld from previous %ld
Got notification of database change
_SecRevocationDbReadSchemaVersionFromDb failed: %@
_SecRevocationDbUpdateSchema failed: %@
_SecRevocationDbSetSchemaVersion failed: %@
_SecRevocationDbSetUpdateFormat failed: %@
_SecRevocationDbApplyGroupDelete failed: %@
_SecRevocationDbUpdateGroup failed: %@
_SecRevocationDbUpdateIssuers failed: %@
_SecRevocationDbUpdatePerIssuerData failed: %@
_SecRevocationDbUpdateDateConstraints failed (ok=%s, localError=%@)
_SecRevocationDbCopyDateConstraints failed: %@
_SecRevocationDbUpdatePolicyConstraints failed (ok=%s, localError=%@)
_SecRevocationDbSetVersion failed: %@
_SecRevocationDbSetGeneration failed: %@
_SecRevocationDbGetUpdateInterval failed: %@
_SecRevocationDbSetUpdateInterval failed: %@
_SecRevocationDbGetUpdateFormat failed: %@
_SecRevocationDbCopyUpdateSource failed: %@
_SecRevocationDbSetNextUpdate failed: %@
_SecRevocationDbGetNextUpdateTime failed: %@
found a bad valid info cache entry at %ld
_SecRevocationDbSerialInGroup failed: %@
_SecRevocationDbCertHashInGroup failed: %@
_SecRevocationDbGroupIdForIssuerHash failed: %@
error processing filter params at index %ld
_SecRevocationDbGetVersion failed: %@
_SecRevocationDbGetLocalGeneration failed: %@
Started verifying db content
Unable to read db_hash values
Expected: %@
Computed: %@
Finished verifying db content; result=%s
responder: %@ returned status: %d
ocsp responder: %@ did not include status of requested cert
CA at index %ld violates known-intermediate constraint
BAD certStatus (%d) for cert %ld
ocsp responder: %@ response signed by issuer
ocsp responder: %@ response signed by cert issued by issuer
ocsp response signed by certificate which does not satisfy ocspSigner policy
ocsp responder: %@ no signer found for response
ocsp signer cert not signed by issuer
invalid policy constraints array
%@ not allowed by policy constraints on issuing CA
certificate issuance date not within the allowed range for this CA%s
Too many fetch %@ requests for this cert
trustd triggered evaluation timeout for taskId %@
request for uri: %@
skipping unsupported scheme %@
skipping host due to too many recent timeouts: %@
failed to find task for taskId: %@
failed redirection for %@
failed to connect to server: %@
_SecTrustResetSettings: kSecTrustResetOCSPCache
_SecTrustResetSettings: kSecTrustResetValidDB
_SecTrustResetSettings: kSecTrustResetIssuersCache
_readFile: short read (%ld)
network access re-enabled by policy
network access disabled by policy
completed: %@ details: %@ result: %d
failed to get audit token for ourselves
found pinning %lu %@ policies for hostname %@, policyName %@
Adding %lu CA pins for Transparent Connection
not building any more paths, already have %ld
In ComputeDetails, we got a reject after an accept in DidValidatePath.
replacing %sev %s score: %ld with %sev score: %ld %@
%sev score: %ld %@
%sev score: %ld lower than %ld %@
Failed to update trust store: (%d) %@
Failed to rollback transaction (%d) %@
Removal of certificate from trust store failed: %d
Clearing of trust store failed: %d
Failed to read parents from trust store: %d
Failed to query for all certs in trust store: %d
CREATE TABLE cert: %s
Failed to create trust store database: %d
Failed to query for cert in trust store: %d
xpc: %@
softlink:o:path:/System/Library/PrivateFrameworks/CrashReporterSupport.framework/CrashReporterSupport
trustdAdditions
TrustdFileHelper_protocol
TrustURLSessionCache
CAIssuerContext
CAIssuerDelegate
ValidDelegate
NSURLSessionDelegate
NSObject
NSURLSessionTaskDelegate
NSURLSessionDataDelegate
ValidUpdateRequest
OCSPFetchDelegate
SecPinningDb
TrustAnalytics
NetworkingAnalytics
TrustURLSessionContext
TrustURLRequest
TimeoutEntry
TrustURLSessionDelegate
T@?,C,V_handler
MIMEType
__clientLRUList
T@"NSArray",&,V_URIs
_dbPath
T@"NSFileHandle",&,V_currentUpdateFile
_regexCacheList
T@"NSMutableArray",&,V_regexCacheList
_taskContextMap
T@"NSMutableDictionary",&,V__clientSessionMap
allHeaderFields
T@"NSMutableDictionary",&,V__taskContextMap
context
T@"NSMutableDictionary",&,V_regexCache
dealloc
T@"NSObject<OS_dispatch_queue>",&,V_revDbUpdateQueue
handler
T@"NSString",&,V_currentUpdateServer
lastAttemptDate
T@"NSURL",&,V_currentUpdateFileURL
originalRequest
T@"NSURLSession",&,V_backgroundSession
queryForDomain:
T@"TrustURLSessionDelegate",&,V_delegate
requestWithURL:
TB,V_finishedDownloading
setAttribution:
TQ,V_URIix
setTLSMinimumSupportedProtocol:
TQ,V_numTasks
setValuesForKeysWithDictionary:
T^?,V_callback
updateScheduled
.cxx_destruct
T#,R
T@"NSDate",&,V_lastAttemptDate
_maxAge
T@"NSMutableArray",&,V__clientLRUList
_regexCacheLock
T@"NSMutableData",&,V_response
_timeoutCounter
T@"NSMutableDictionary",&,V__serverMap
base64EncodedStringWithOptions:
T@"NSMutableDictionary",&,V__timerMap
contextForTask:
T@"NSObject<OS_dispatch_queue>",&,V_queue
getLocalFileUrl
T@"NSObject<OS_os_transaction>",&,V_transaction
isProxy
T@"NSString",R,C
numberWithBool:
T@"NSURL",&,V_dbPath
protectionSpace
T@"NSURLSession",&,V_ephemeralSession
release
T@"_NSHSTSStorage",&,V__sharedHSTSCache
results
TQ,R
setMaxConcurrentOperationCount:
TQ,V_attribution
setTransaction:
TQ,V_timeoutCounter
taskDescription
T^v,V_context
T^{__OpaqueSecDb=},V_db
Td,V_maxAge
Td,V_updateScheduled
T{os_unfair_lock_s=I},V_regexCacheLock
URIix
URIs
URLByAppendingPathComponent:
URLPathAllowedCharacterSet
URLSession:dataTask:didBecomeDownloadTask:
URLSession:dataTask:didBecomeStreamTask:
URLSession:dataTask:didReceiveData:
URLSession:dataTask:didReceiveResponse:completionHandler:
URLSession:dataTask:willCacheResponse:completionHandler:
URLSession:didBecomeInvalidWithError:
URLSession:didCreateTask:
URLSession:didReceiveChallenge:completionHandler:
URLSession:task:didCompleteWithError:
URLSession:task:didFinishCollectingMetrics:
URLSession:task:didReceiveChallenge:completionHandler:
URLSession:task:didSendBodyData:totalBytesSent:totalBytesExpectedToSend:
URLSession:task:needNewBodyStream:
URLSession:task:willBeginDelayedRequest:completionHandler:
URLSession:task:willPerformHTTPRedirection:newRequest:completionHandler:
URLSession:taskIsWaitingForConnectivity:
URLSessionDidFinishEventsForBackgroundURLSession:
URLWithString:
URLWithString:relativeToURL:
UTF8String
UUID
UUIDString
_URIix
_URIs
__clientSessionMap
__serverMap
__sharedHSTSCache
__taskContextMap
__timerMap
_attribution
_backgroundSession
_callback
_clientLRUList
_clientSessionMap
_context
_currentUpdateFile
_currentUpdateFileURL
_currentUpdateServer
_delegate
_ephemeralSession
_finishedDownloading
_handler
_lastAttemptDate
_numTasks
_obliterateAllBackgroundSessionsWithCompletionHandler:
_queue
_regexCache
_response
_revDbUpdateQueue
_serverMap
_setFileNameLocalizationEnabled:
_sharedHSTSCache
_timerMap
_transaction
_updateScheduled
absoluteString
addObject:
addObjectsFromArray:
addServer:
addSuffixToCache:entry:
addTask:
addValue:forHTTPHeaderField:
allHTTPHeaderFields
appendData:
appendString:
array
arrayWithCapacity:
arrayWithContentsOfURL:
arrayWithContentsOfURL:error:
arrayWithObjects:count:
assetProperty:
attributes
attribution
authenticationMethod
autorelease
backgroundSession
backgroundSessionConfigurationWithIdentifier:
boolForKey:
boolValue
bytes
cStringUsingEncoding:
callback
cancel
cancelTimer:
class
clearCache
closeFile
code
compare:
componentsWithURL:resolvingAgainstBaseURL:
conformsToProtocol:
copy
copySystemPinningList
count
countByEnumeratingWithState:objects:count:
createAtPath
createNextRequest:context:
createOrAlterAdminTable:error:
createOrAlterRulesTable:error:
createSession:queue:forServer:
createSessionForAuditToken:
createSessions:forServer:
createTimerForTask:
credentialForTrust:
currentHandler
currentUpdateFile
currentUpdateFileURL
currentUpdateServer
data
dataTaskWithRequest:
dataTaskWithURL:
dataWithBytes:length:
dataWithPropertyList:format:options:error:
databasePath
date
dateWithTimeIntervalSince1970:
dateWithTimeIntervalSinceReferenceDate:
dbPath
debugDescription
defaultAnalyticsDatabasePath:
delegate
description
dictionary
dictionaryWithCapacity:
dictionaryWithContentsOfURL:
dictionaryWithContentsOfURL:error:
dictionaryWithObjects:forKeys:count:
domain
doubleValue
duration
enableInMemoryCache
enumerateKeysAndObjectsUsingBlock:
enumerateObjectsUsingBlock:
ephemeralSession
ephemeralSessionConfiguration
errorWithDomain:code:userInfo:
exceptionWithName:reason:userInfo:
expectedContentLength
fetchNext:context:
fileHandleForWritingToURL:error:
fileSystemRepresentation
fileURLWithPath:isDirectory:
finishTasksAndInvalidate
finishedDownloading
fixFiles:
floatValue
getContentVersion:error:
getSchemaVersion:error:
handleFailureInFunction:file:lineNumber:description:
hasSuffix:
hash
host
incrementCountForServer:
init
initInMemoryStore
initWithContext:uris:
initWithDelegate:
initWithFormat:arguments:
initWithSuiteName:
initWithType:
initWithUUIDString:
initializedDb
insertObject:atIndex:
insertRuleWithName:domainSuffix:labelRegex:policies:transparentConnection:dbConnection:error:
installDbFromURL:error:
intValue
isEqual:
isEqualToNumber:
isEqualToString:
isKindOfClass:
isMemberOfClass:
isPinningDisabled:
lastObject
length
localizedStringWithFormat:
logHardError:withEventName:withAttributes:
logHardFailureForEventNamed:withAttributes:
logHardFailureForEventNamed:withAttributes:timestampBucket:
logResultForEvent:hardFailure:result:
logResultForEvent:hardFailure:result:withAttributes:
logSuccessForEventNamed:
logger
longLongValue
maxAge
mutableCopy
numTasks
numberOfMatchesInString:options:range:
numberWithInt:
numberWithInteger:
numberWithLongLong:
numberWithUnsignedInteger:
numberWithUnsignedLongLong:
objectAtIndex:
objectAtIndexedSubscript:
objectForKey:
objectForKeyedSubscript:
performSelector:
performSelector:withObject:
performSelector:withObject:withObject:
pinningDbPath
populateDbFromBundle:dbConnection:error:
propertyListWithData:options:format:error:
purge:
queryCacheForSuffix:firstLabel:results:
queryForPolicyName:
queryMetaDataSync
queue
rangeOfString:
regexCache
regexCacheList
regexCacheLock
regularExpressionWithPattern:options:error:
removeAllObjects
removeAllRulesFromDb:error:
removeCharactersInString:
removeLastObject
removeObject:
removeObjectForKey:
removeServer:
removeTask:
reschedule
respondsToSelector:
response
resume
retain
retainCount
returnTypes:
revDbUpdateQueue
scheduleUpdateFromServer:forVersion:withQueue:
scheme
self
serverTrust
sessionForAuditToken:
sessionWithConfiguration:delegate:delegateQueue:
setAllowsCellularAccess:
setBackgroundSession:
setCallback:
setContentVersion:dbConnection:error:
setContext:
setCurrentUpdateFile:
setCurrentUpdateFileURL:
setCurrentUpdateServer:
setDb:
setDbPath:
setDelegate:
setDiscretionary:
setEphemeralSession:
setFinishedDownloading:
setHTTPAdditionalHeaders:
setHTTPBody:
setHTTPCookieStorage:
setHTTPMethod:
setHandler:
setHost:
setLastAttemptDate:
setMaxAge:
setNetworkServiceType:
setNumTasks:
setObject:forKey:
setObject:forKeyedSubscript:
setQueue:
setRegexCache:
setRegexCacheList:
setRegexCacheLock:
setResponse:
setRevDbUpdateQueue:
setSchemaVersion:error:
setScheme:
setTaskDescription:
setTimeoutCounter:
setURIix:
setURIs:
setURLCache:
setUnderlyingQueue:
setUpdateScheduled:
set_clientLRUList:
set_clientSessionMap:
set_hstsStorage:
set_requiresPowerPluggedIn:
set_serverMap:
set_sharedHSTSCache:
set_sourceApplicationAuditTokenData:
set_sourceApplicationSecondaryIdentifier:
set_taskContextMap:
set_timerMap:
shouldUpdateContent:error:
startCatalogDownload:options:then:
startDownload:then:
state
statusCode
stringByAddingPercentEncodingWithAllowedCharacters:
stringWithFormat:
stringWithString:
stringWithUTF8String:
substringFromIndex:
substringToIndex:
superclass
taskId
taskInterval
timeIntervalSinceNow
timeoutCounter
timeoutEntryForServer:
transaction
trustd_logDetailedEventforEventNamed:attributesCallback:
trustd_logDetailedEventforEventNamed:attributesCallback:timestampBucket:
unsignedIntValue
unsignedIntegerValue
unsignedLongLongValue
updateDb:
updateDb:error:pinningList:updateSchema:updateContent:
updateNowFromServer:version:queue:
validUpdateConfiguration:
valueForKey:
versionFromTask:
writeData:
writeToClassDURL:permissions:error:
writeToURL:error:
zone
B36@0:8@16S24^@28
v24@0:8@?16
v24@0:8@?<v@?B@"NSError">16
@24@0:8@16
@16@0:8
v24@0:8@16
v16@0:8
@"TrustURLSessionDelegate"
@"NSMutableDictionary"
@"NSMutableArray"
@"_NSHSTSStorage"
^?16@0:8
v24@0:8^?16
B32@0:8@16@24
v40@0:8@16@24@32
B24@0:8@16
#16@0:8
@24@0:8:16
@32@0:8:16@24
@40@0:8:16@24@32
B16@0:8
B24@0:8#16
B24@0:8:16
Vv16@0:8
Q16@0:8
^{_NSZone=}16@0:8
B24@0:8@"Protocol"16
@"NSString"16@0:8
v32@0:8@16@24
v40@0:8@16@24@?32
v32@0:8@"NSURLSession"16@"NSError"24
v40@0:8@"NSURLSession"16@"NSURLAuthenticationChallenge"24@?<v@?q@"NSURLCredential">32
v24@0:8@"NSURLSession"16
v48@0:8@16@24@32@?40
v56@0:8@16@24@32@40@?48
v56@0:8@16@24q32q40q48
v32@0:8@"NSURLSession"16@"NSURLSessionTask"24
v48@0:8@"NSURLSession"16@"NSURLSessionTask"24@"NSURLRequest"32@?<v@?q@"NSURLRequest">40
v56@0:8@"NSURLSession"16@"NSURLSessionTask"24@"NSHTTPURLResponse"32@"NSURLRequest"40@?<v@?@"NSURLRequest">48
v48@0:8@"NSURLSession"16@"NSURLSessionTask"24@"NSURLAuthenticationChallenge"32@?<v@?q@"NSURLCredential">40
v40@0:8@"NSURLSession"16@"NSURLSessionTask"24@?<v@?@"NSInputStream">32
v56@0:8@"NSURLSession"16@"NSURLSessionTask"24q32q40q48
v40@0:8@"NSURLSession"16@"NSURLSessionTask"24@"NSURLSessionTaskMetrics"32
v40@0:8@"NSURLSession"16@"NSURLSessionTask"24@"NSError"32
v48@0:8@"NSURLSession"16@"NSURLSessionDataTask"24@"NSURLResponse"32@?<v@?q>40
v40@0:8@"NSURLSession"16@"NSURLSessionDataTask"24@"NSURLSessionDownloadTask"32
v40@0:8@"NSURLSession"16@"NSURLSessionDataTask"24@"NSURLSessionStreamTask"32
v40@0:8@"NSURLSession"16@"NSURLSessionDataTask"24@"NSData"32
v48@0:8@"NSURLSession"16@"NSURLSessionDataTask"24@"NSCachedURLResponse"32@?<v@?@"NSCachedURLResponse">40
v24@0:8q16
q24@0:8@16
@?16@0:8
v20@0:8B16
@"NSObject<OS_dispatch_queue>"
@"NSObject<OS_os_transaction>"
@"NSString"
@"NSFileHandle"
@"NSURL"
@20@0:8B16
@36@0:8B16@20@28
B40@0:8@16q24@32
d16@0:8
v24@0:8d16
@"NSURLSession"
@32@0:8@16@24
@32@0:8^{__OpaqueSecDbConnection=}16^^{__CFError}24
B32@0:8^{__OpaqueSecDbConnection=}16^^{__CFError}24
B40@0:8@16^{__OpaqueSecDbConnection=}24^^{__CFError}32
B32@0:8@16^@24
B72@0:8@16@24@32@40@48^{__OpaqueSecDbConnection=}56^^{__CFError}64
B48@0:8^{__OpaqueSecDbConnection=}16^^{__CFError}24@32B40B44
^{__OpaqueSecDb=}16@0:8
B40@0:8@16@24^@32
v24@0:8^{__OpaqueSecDb=}16
{os_unfair_lock_s=I}16@0:8
v20@0:8{os_unfair_lock_s=I}16
{os_unfair_lock_s="_os_unfair_lock_opaque"I}
^{__OpaqueSecDb=}
v36@0:8@16@?24I32
v32@0:8@16@?24
@32@0:8^v16@24
^v16@0:8
v24@0:8^v16
v24@0:8Q16
@"NSArray"
@"NSMutableData"
@"NSDate"
