@(#)PROGRAM:IDESimulatorAvailability  PROJECT:IDEPlugIns-22757
IDESimulatorAvailability
IDESimulatorAvailabilityProvider
sdkToSimulatorMapping
SAKSAuthMethod
__C_Synthesized
DVTSimulatorAvailabilityError
NDVTSimulatorAvailabilityErrorCode
AvailabilityError
DVTFoundation
Code
NDVTSimulatorAvailabilityErrorCode
_TtC24IDESimulatorAvailability32IDESimulatorAvailabilityProvider
c32@0:8Q16^@24
@24@0:8^@16
@32@0:8d16^@24
v56@0:8@16c24c28@32@40@?48
v40@0:8@16@24@?32
@16@0:8
v16@0:8
Fatal error
Down-casted Array element failed to match the target type
Expected 
NSArray element failed to match the Swift Array Element type
Expected 
v8@?0
readRuntimePolicyResults: evaluateRuntimeBuildsForCurrentDeveloperDir() completed within timeout
readRuntimePolicyResults: evaluateRuntimeBuildsForCurrentDeveloperDir() INCOMPLETE after timeout
runtimeSelectionResults: 
-evaluateRuntimeBuildsForCurrentDeveloperDir failed: 
readRuntimePolicyResults: will wait for 
 seconds for SimDiskImageManager to respond
v16@?0@"NSError"8
DVTUseAppleConnectForSAKSDecryption
SAKS_MTLS_CERT_PATH
v24@?0@"SimDiskImageIdentifier"8@"NSError"16
SAKS_MTLS_CERT_PASSWORD
SAKS_MTLS_CERT_PASSWORD_PATH
SAKS: MTLS password provided as direct environment variable
Failed to read password from file: 
SAKS: MTLS password provided in file at: 
SAKS: MTLS certificate provided at: 
addDiskImageRuntime(at: 
v24@?0@"NSDictionary"8@"NSError"16
readDiskImages: listDiskImages completed within timeout
readDiskImages: listDiskImages INCOMPLETE after timeout
readDiskImages: listDiskImages completed with success
readDiskImages: listDiskImages completed with error: 
readDiskImages: listDiskImages completed with neither success nor error!
readDiskImages: will wait for 
IDESimulatorAvailabilityProviderDiskImageTimeout
v16@?0@"NSDictionary"8
availableDevices_changed
DVTSimulatorAvailability.notifyObserversOfChange() fired!
startObservingSimulatorUpdates registering SimDeviceSet observer
startObservingSimulatorUpdates registering SimDiskImageManager observer
startObservingSimulatorUpdates FAILED to register SimDiskImage observer
startObservingSimulatorUpdates FAILED to register SimDeviceSet observer
IDESimulatorAvailabilityProvider.simServiceContextQueue
Successfully set PreferredRuntimeBuildBySDKBuild on CoreSimulator: 
Failed to set PreferredRuntimeBuildBySDKBuild: 
DVTSimulatorAvailabilityProvider
@"NSArray"24@0:8^@16
@"NSArray"32@0:8d16^@24
v56@0:8@"DVTFilePath"16c24c28@"NSDictionary"32@"OS_dispatch_queue"40@?<v@?@@"NSError">48
v40@0:8@16@"OS_dispatch_queue"24@?<v@?@"NSError">32
IDEInitialization
dealloc
SDKBuild
.cxx_destruct
fileURL
SDKCanonicalName
SDKVersionString
addDiskImageAtURL:copyMoveStrategy:expandPartition:userInfo:certificateURL:certificateAuth:completionQueue:completionHandler:
addDiskImageAtURL:copyMoveStrategy:expandPartition:userInfo:completionQueue:completionHandler:
addDiskImageAtURL:copyMoveStrategy:expandPartition:userInfo:dawToken:completionQueue:completionHandler:
addDiskImageRuntimeAtPath:expandPartition:mountInPlace:userInfo:completionQueue:completionHandler:
buildVersionString
chosenRuntime
chosenRuntimeBuild
defaultDeviceSetWithError:
defaultPathsIfAvailableWithError:
defaultRuntimeBuild
deletable
deleteDiskImage:completionQueue:completionHandler:
description
developerDirectory
evaluateRuntimeBuildsForCurrentDeveloperDirWithError:
ide_initializeWithOptions:error:
identifier
imageKind
imageState
imageURL
infoForAllSimulatorsWithError:
infoForAllSimulatorsWithTimeout:error:
init
initWithIdentifier:kind:imageURL:sizeInBytes:lastUsedAt:state:stateDisplayString:unusableStateError:canDelete:runtimeInfo:userInfo:
initWithPlatformDirectory:platformIdentifier:sdkCanonicalName:sdkBuild:sdkVersionString:preferredRuntimeBuild:defaultRuntimeBuild:userOverridenRuntimeBuild:
initWithRuntimeIdentifier:platformIdentifier:bundleURL:version:buildVersion:chosenForSDKs:isInternal:
isInternal
lastUsedAt
listDiskImagesOnCompletionQueue:completionHandler:
logAspectWithName:
name
notifyObserversOfChange
pathString
platformDirectory
platformIdentifier
preferredRuntimeBuild
processInfo
processName
registerConcreteImplementationProviderClass:
registerDiskImagesUpdatedHandlerOnQueue:handler:
registerNotificationHandlerOnQueue:handler:
removeRuntimeWithIdentifier:completionQueue:completionHandler:
runtimeBundleURL
runtimeIdentifier
runtimeInfo
runtimeInternalState
runtimeMatchPoliciesWithTimeout:error:
sdkToSimulatorMapping
setDeveloperDirectory:
setPreferredRuntimeBuildBySDKBuild:error:
sharedDownloadableManager
sharedManager
sharedServiceContextForDeveloperDir:error:
sizeBytes
standardUserDefaults
stringValue
toolsInfo
unusableError
userInfo
userOverridenRuntimeBuild
versionString
versionWithStringValue:
So8NSObjectC
yyXlG
ySaySo30SimSelectedRuntimePolicyResultCG
So11DVTFilePathC
ySaySo30SimSelectedRuntimePolicyResultCG
_pGz_Xx
So21OS_dispatch_semaphoreC
ySSypG
SS_ypt
SaySSG
ySSG
So12DVTLogAspectC
So7NSErrorCSgIeyBy_
_pSgIegg_
Sg_ABt
yXlSgSo7NSErrorCSgIeyByy_
ypSg
_pSgIegng_
_SSt
ypSg
ySSSaySo30SimSelectedRuntimePolicyResultCGG
ySo22SimDiskImageIdentifierCSo0abC0C_G
ySSG
_ypt
ySDySo22SimDiskImageIdentifierCSo0abC0CG
ySDySo22SimDiskImageIdentifierCSo0abC0CG
_pGz_Xx
So22DVTDownloadableManagerC
SDySSSDySo15DVTBuildVersionCABGG
SDySo15DVTBuildVersionCABG
SDyS2SG
ySSSDyS2SGG
yS2SG
So7NSErrorC
$s10Foundation21_BridgedStoredNSErrorP
$sSY
$s10Foundation18_ErrorCodeProtocolP
emptyValue
_nsError
dawToken
mtlsCertificate
none
Code
RawValue
_ErrorType
@(#)PROGRAM:IDESimulatorAvailability  PROJECT:IDEPlugIns-22757
IDESimulatorAvailability
IDESimulatorAvailabilityProvider
sdkToSimulatorMapping
SAKSAuthMethod
__C_Synthesized
DVTSimulatorAvailabilityError
NDVTSimulatorAvailabilityErrorCode
AvailabilityError
DVTFoundation
Code
NDVTSimulatorAvailabilityErrorCode
_TtC24IDESimulatorAvailability32IDESimulatorAvailabilityProvider
B32@0:8Q16^@24
@24@0:8^@16
@32@0:8d16^@24
v56@0:8@16B24B28@32@40@?48
v40@0:8@16@24@?32
@16@0:8
v16@0:8
Fatal error
Down-casted Array element failed to match the target type
Expected 
NSArray element failed to match the Swift Array Element type
Expected 
v8@?0
readRuntimePolicyResults: evaluateRuntimeBuildsForCurrentDeveloperDir() completed within timeout
readRuntimePolicyResults: evaluateRuntimeBuildsForCurrentDeveloperDir() INCOMPLETE after timeout
runtimeSelectionResults: 
-evaluateRuntimeBuildsForCurrentDeveloperDir failed: 
readRuntimePolicyResults: will wait for 
 seconds for SimDiskImageManager to respond
v16@?0@"NSError"8
DVTUseAppleConnectForSAKSDecryption
SAKS_MTLS_CERT_PATH
v24@?0@"SimDiskImageIdentifier"8@"NSError"16
SAKS_MTLS_CERT_PASSWORD
SAKS_MTLS_CERT_PASSWORD_PATH
SAKS: MTLS password provided as direct environment variable
Failed to read password from file: 
SAKS: MTLS password provided in file at: 
SAKS: MTLS certificate provided at: 
addDiskImageRuntime(at: 
v24@?0@"NSDictionary"8@"NSError"16
readDiskImages: listDiskImages completed within timeout
readDiskImages: listDiskImages INCOMPLETE after timeout
readDiskImages: listDiskImages completed with success
readDiskImages: listDiskImages completed with error: 
readDiskImages: listDiskImages completed with neither success nor error!
readDiskImages: will wait for 
IDESimulatorAvailabilityProviderDiskImageTimeout
v16@?0@"NSDictionary"8
availableDevices_changed
DVTSimulatorAvailability.notifyObserversOfChange() fired!
startObservingSimulatorUpdates registering SimDeviceSet observer
startObservingSimulatorUpdates registering SimDiskImageManager observer
startObservingSimulatorUpdates FAILED to register SimDiskImage observer
startObservingSimulatorUpdates FAILED to register SimDeviceSet observer
IDESimulatorAvailabilityProvider.simServiceContextQueue
Successfully set PreferredRuntimeBuildBySDKBuild on CoreSimulator: 
Failed to set PreferredRuntimeBuildBySDKBuild: 
DVTSimulatorAvailabilityProvider
@"NSArray"24@0:8^@16
@"NSArray"32@0:8d16^@24
v56@0:8@"DVTFilePath"16B24B28@"NSDictionary"32@"OS_dispatch_queue"40@?<v@?@@"NSError">48
v40@0:8@16@"OS_dispatch_queue"24@?<v@?@"NSError">32
IDEInitialization
dealloc
SDKBuild
.cxx_destruct
fileURL
SDKCanonicalName
SDKVersionString
addDiskImageAtURL:copyMoveStrategy:expandPartition:userInfo:certificateURL:certificateAuth:completionQueue:completionHandler:
addDiskImageAtURL:copyMoveStrategy:expandPartition:userInfo:completionQueue:completionHandler:
addDiskImageAtURL:copyMoveStrategy:expandPartition:userInfo:dawToken:completionQueue:completionHandler:
addDiskImageRuntimeAtPath:expandPartition:mountInPlace:userInfo:completionQueue:completionHandler:
buildVersionString
chosenRuntime
chosenRuntimeBuild
defaultDeviceSetWithError:
defaultPathsIfAvailableWithError:
defaultRuntimeBuild
deletable
deleteDiskImage:completionQueue:completionHandler:
description
developerDirectory
evaluateRuntimeBuildsForCurrentDeveloperDirWithError:
ide_initializeWithOptions:error:
identifier
imageKind
imageState
imageURL
infoForAllSimulatorsWithError:
infoForAllSimulatorsWithTimeout:error:
init
initWithIdentifier:kind:imageURL:sizeInBytes:lastUsedAt:state:stateDisplayString:unusableStateError:canDelete:runtimeInfo:userInfo:
initWithPlatformDirectory:platformIdentifier:sdkCanonicalName:sdkBuild:sdkVersionString:preferredRuntimeBuild:defaultRuntimeBuild:userOverridenRuntimeBuild:
initWithRuntimeIdentifier:platformIdentifier:bundleURL:version:buildVersion:chosenForSDKs:isInternal:
isInternal
lastUsedAt
listDiskImagesOnCompletionQueue:completionHandler:
logAspectWithName:
name
notifyObserversOfChange
pathString
platformDirectory
platformIdentifier
preferredRuntimeBuild
processInfo
processName
registerConcreteImplementationProviderClass:
registerDiskImagesUpdatedHandlerOnQueue:handler:
registerNotificationHandlerOnQueue:handler:
removeRuntimeWithIdentifier:completionQueue:completionHandler:
runtimeBundleURL
runtimeIdentifier
runtimeInfo
runtimeInternalState
runtimeMatchPoliciesWithTimeout:error:
sdkToSimulatorMapping
setDeveloperDirectory:
setPreferredRuntimeBuildBySDKBuild:error:
sharedDownloadableManager
sharedManager
sharedServiceContextForDeveloperDir:error:
sizeBytes
standardUserDefaults
stringValue
toolsInfo
unusableError
userInfo
userOverridenRuntimeBuild
versionString
versionWithStringValue:
So8NSObjectC
yyXlG
ySaySo30SimSelectedRuntimePolicyResultCG
So11DVTFilePathC
ySaySo30SimSelectedRuntimePolicyResultCG
_pGz_Xx
So21OS_dispatch_semaphoreC
ySSypG
SS_ypt
SaySSG
ySSG
So12DVTLogAspectC
So7NSErrorCSgIeyBy_
_pSgIegg_
Sg_ABt
yXlSgSo7NSErrorCSgIeyByy_
ypSg
_pSgIegng_
_SSt
ypSg
ySSSaySo30SimSelectedRuntimePolicyResultCGG
ySo22SimDiskImageIdentifierCSo0abC0C_G
ySSG
_ypt
ySDySo22SimDiskImageIdentifierCSo0abC0CG
ySDySo22SimDiskImageIdentifierCSo0abC0CG
_pGz_Xx
So22DVTDownloadableManagerC
SDySSSDySo15DVTBuildVersionCABGG
SDySo15DVTBuildVersionCABG
SDyS2SG
ySSSDyS2SGG
yS2SG
So7NSErrorC
$s10Foundation21_BridgedStoredNSErrorP
$sSY
$s10Foundation18_ErrorCodeProtocolP
emptyValue
_nsError
dawToken
mtlsCertificate
none
Code
RawValue
_ErrorType
