?ffffff
?ffffff
?333333
?333333
@(#)PROGRAM:XCTest  PROJECT:XCTest-13201
release
dealloc
startRecordingReply
stringWithUTF8String:
currentHandler
handleFailureInMethod:object:file:lineNumber:description:
setStartRecordingReply:
setEventTapPort:
sharedManager
loadAccessibility:
localizedDescription
_callStartRecordingReply:
_setupEventTapOnCurrentRunLoopWithErrorString:
setIsRecording:
currentRunLoop
distantFuture
runMode:beforeDate:
alloc
init
array
setNodes:
setErrorMessages:
setExcludedProccessPIDs:
excludedProccessPIDs
numberWithInt:
addObject:
autorelease
setUtilities:
utilities
setLanguage:
setPlatform:
copy
standardUserDefaults
boolForKey:
_recordEventsOnPrivateThread
detachNewThreadSelector:toTarget:withObject:
fetchSourceCodeTreeNodesReply
setFetchSourceCodeTreeNodesReply:
errorMessages
count
nodes
removeLastObject
addObjectsFromArray:
removeAllObjects
firstObject
objectAtIndex:
stringWithFormat:
containsObject:
timeIntervalSinceReferenceDate
setStart:
setMessage:
isRecording
_isCancelCommandEvent:withType:
_stopRecording
_addTimingMessage:
_really_recordEvent:withType:proxy:
removeObjectAtIndex:
_shouldRecordEventForPID:
snapshotForApplicationWithPID:attributeList:parameters:error:
stringByAppendingString:
_sendErrorMessage:
copyDFRElementRefForElementAtPoint:forPID:error:
simpleGestureNodeForMethodName:
elementWithAXUIElement:
snapshotsForAccessibilityElement:applicationSnapshot:
nodeToFindElementForSnapshots:
arrayWithObjects:count:
setChildrenOnAllLeafNodes:selectChildNodeIndex:
_sendNodes:replaceLastNode:
recursiveDescriptionIncludingAccessibilityElement
setSimpleClickEventNode:
_copyUIElementForLocation:inRootElementSnapshot:error:
isEqualToString:
doubleClickInterval
simpleClickEventNode
performWithKeyModifiersAndBlockNodeForModifierFlags:
applicationSnapshot
focusedAccessibilityElementForApplicationSnapshot:
eventWithCGEvent:
characters
charactersIgnoringModifiers
gestureNodesForKeyDownEventWithCharacters:charactersIgnoringModifiers:modifierFlags:focusedAccessibilityElement:didAppendToPreviousString:
applicationNode
setChildNodes:
setSelectedChildNodeIndex:
descriptionForTimingMessages:
enumerateObjectsUsingBlock:
clearPreviousTyping
copyElementRefForElementAtPoint:error:
launchWithInput:reply:
startRecordingWithHostXcodePID:targetProcessPID:language:reply:
stopRecordingWithReply:
fetchSourceCodeTreeNodesWithReply:
eventTapPort
_recordEvent:withType:proxy:
_recordDFREvent:withType:proxy:
_eventsQueue
_startRecordingReply
_eventTapPort
_lastTimestamp
_targetProcessPID
_fetchSourceCodeTreeNodesReply
_nodes
_errorMessages
_replacePreviousLastNode
_timingMessageArraysForPreviousEvents
_timingMessagesForCurrentEvent
_isRecording
_excludedProccessPIDs
_utilities
_simpleClickEventNode
setDelegate:
launchServicesMonitor
bundleID
path
beginMonitoringApplicationWithBundleID:path:
applicationInfoForPID:
objectForKeyedSubscript:
initWithLaunchServicesInfo:
processID
terminateApplicationWithPID:error:
_beginMonitoringApplication:
monitoredApplicationWithProcessIdentifier:
_terminateApplicationProcess:
setLaunchServicesMonitor:
_launchServicesMonitor
activeTestConfiguration
testApplicationDependencies
testApplicationUserOverrides
initWithTestDependencies:userOverrides:
initWithPath:bundleID:
setObject:forKeyedSubscript:
retain
unsignedIntegerValue
sharedSession
terminateProcessWithToken:completion:
removeObject:
countByEnumeratingWithState:objects:count:
terminationTrackedForApplicationProcess:
numberWithUnsignedInteger:
initWithKeyPath:object:expectedValue:
setExpectationDescription:
setInverted:
allObjects
componentsJoinedByString:
waitForExpectations:timeout:
applicationState
applicationImplementation
initWithKeyPath:object:
hasExitCode
exitCode
setHandler:
fulfill
hasCrashReport
startActivityWithTitle:block:
isMainThread
_appFromSet:thatTransitionedToNotRunningDuringTimeInterval:
reportsCrashes
_waitForCrashReportOrCleanExitStatusOfApp:
applicationProcessWithPID:
handleCrashUnderSymbol:
setHasCrashReport:
setApplicationProcess:forToken:
applicationProcessWithToken:
setExitCode:
initializeForUITesting
_lookupApplicationImplementationForApplicationAtPath:bundleID:
setProcessID:
runState
setState:
currentProcess
activationPolicy
setActivationPolicy:
requestAutomationSessionForTestTargetWithPID:reply:
sharedMonitor
isEqual:
class
self
performSelector:
performSelector:withObject:
performSelector:withObject:withObject:
isProxy
isKindOfClass:
isMemberOfClass:
conformsToProtocol:
respondsToSelector:
retainCount
zone
hash
superclass
description
debugDescription
crashInProcessWithBundleID:path:pid:symbol:
stopTrackingProcessWithToken:
processWithToken:exitedWithStatus:
applicationWithBundleID:didUpdatePID:state:
updatedApplicationStateSnapshot:
applicationImplementationForApplicationAtPath:bundleID:
setApplicationProcess:forPID:
terminateApplicationProcess:withToken:
launchRequestedForApplicationProcess:
waitForUnrequestedTerminationOfLaunchedApplicationsWithTimeout:
applicationRegistry
queue
setQueue:
applicationImplementations
applicationProcessesForPID
applicationProcessesForToken
launchedApplications
_applicationRegistry
_queue
_applicationImplementations
_applicationProcessesForPID
_applicationProcessesForToken
_launchedApplications
initWithTransport:
setBlock:
setRecording:
initialize
macRecorder
deviceRecorderWithTransport:
loggingEnabled
requiresPermissionForAccessibilityAPIs
launchRecorderProcessWithBlock:
launchRecorderProcess
recordTargetProcessPID:forLanguage:reservedNames:withBlock:
recordTargetProcessPID:forLanguage:withBlock:
invalidate
isValid
processPID
setProcessPID:
language
block
recording
_processPID
_language
_recording
_block
_isInvalid
dictionaryWithObjects:forKeys:count:
registerDefaults:
doubleForKey:
initWithTestConfiguration:
bundleForClass:
xct_bundleLinkageInfo
processInfo
systemUptime
stringFromTimeInterval:
arguments
environment
UTF8String
_queue_flushDebugMessageBufferWithBlock:
testConfiguration
emitOSLogs
logDebugMessage:
debugMessageBuffer
debugMessageBufferOverflow
setDebugMessageBufferOverflow:
setDebugMessageBuffer:
pathToXcodeReportingSocket
transportForLocalPath:error:
sessionIdentifier
initWithDescription:
requestIDEConnectionTransportForSessionIdentifier:reply:
IDEConnectionTimeout
errorWithDomain:code:userInfo:
_transportForIDESession:
requestReadinessForTesting:
reportResultsToIDE
_readyIDESession:
supportsVariableScreenshotFormats
setSystemScreenshotQuality:
setSharedSession:
initWithTestConfiguration:delegate:
runTestsAndReturnError:
reportStallOnMainThreadInTestCase:method:file:line:
sharedTestDriver
logStartupInfo
printBufferedDebugMessages
runTestSuite:completionHandler:
runTestConfiguration:completionHandler:
_testConfiguration
_debugMessageBuffer
_debugMessageBufferOverflow
initWithListenerEndpoint:
requestHostAppExecutableNameWithReply:
fetchMatchesForQuery:reply:
interfaceWithProtocol:
setWithObjects:
setClasses:forSelector:argumentIndex:ofReply:
connection
setRemoteObjectInterface:
resume
remoteObjectProxy
finishWithError:
waitForActivity:timeout:block:
error
matchesForQuery:error:
initWithEndpoint:
setConnection:
_connection
handleFailureInFunction:file:lineNumber:description:
mutableCopy
length
replaceCharactersInRange:withString:
substringToIndex:
lowercaseString
setWithCapacity:
setObject:forKey:
initWithDelegate:
internalImplementation
setCurrentWaiter:
waitForExpectations:timeout:enforceOrder:
_dequeueFailures
currentWaiter
expectations
_waitForExpectations:timeout:enforceOrder:handler:
resetExpectations
addExpectation:
expectationWithDescription:
setAssertForOverFulfill:
_addExpectation:
initWithKeyPath:object:expectedValue:options:
initWithName:object:
initWithPredicate:object:
waitCallStackReturnAddresses
_symbolicationRecordForTestCodeInAddressStack:
timeout
filePath
lineNumber
_enqueueFailureWithDescription:inFile:atLine:expected:breakWhenDequeued:
fulfillCallStackReturnAddresses
waitForExpectationsWithTimeout:handler:
keyValueObservingExpectationForObject:keyPath:expectedValue:
keyValueObservingExpectationForObject:keyPath:handler:
expectationForNotification:object:handler:
expectationForPredicate:evaluatedWithObject:handler:
waiter:didTimeoutWithUnfulfilledExpectations:
waiter:fulfillmentDidViolateOrderingConstraintsForExpectation:requiredExpectation:
waiter:didFulfillInvertedExpectation:
nestedWaiter:wasInterruptedByTimedOutWaiter:
initWithNotificationName:
defaultCenter
initWithName:object:notificationCenter:
_expectationForDarwinNotification:
_expectationForDistributedNotification:object:handler:
initWithValue:error:
resultWithValue:error:
value
result
resultWithValue:
resultWithError:
hasValue
hasError
setValue:
setError:
_value
_error
characterAtIndex:
stringWithCharacters:length:
xct_quotedSwiftStringRepresentation
internalImage
image
data
debugQuickLookObject
systemScreenshotQuality
initWithImage:
PNGRepresentation
setInternalImage:
_internalImage
platformImage
setPlatformImage:
originalData
setOriginalData:
name
setName:
scale
setScale:
_platformImage
_originalData
_name
_scale
_init
_scaleForImage:
_ensureImage
_dataForImage:quality:
dataWithQuality:
attachmentWithXCTImage:quality:
JPEG
CGImageForProposedRect:context:hints:
size
initWithData:
UTIForQuality:
compressionQualityForQuality:
numberWithDouble:
copyWithZone:
initWithData:scale:
attachment
setInternalImplementation:
_internalImplementation
initWithLanguage:reservedNames:
_treeNodes
_setTreeNodes:
variableNameToContentNodeDictionary
setVariableNameToContentNodeDictionary:
_shareCommonSectionsInLocalVariables
_defaultOptions
_stringRepresentationWithOptions:error:
string
_queryType
selectedChildNode
appendString:
childNodes
sourceCodePrefix
sourceCodeSuffix
_sourceCodePrefixForVariableName:variableType:
setSourceCodePrefix:
_setQueryType:
setSourceCodeSuffix:
_shareCommonSectionsUsingExistingLocalVariables
_shareLongestCommonSection_StartAtIndex:nextCandidateIndex:
_nodes:matchingDistanceFromRoot:variableContentNode:withVariableName:startingIndex:replacedNodes:indexOfFirstReplacedNode:
enumerateKeysAndObjectsUsingBlock:
_maximumDistanceFromLeaf
_variableClassTypeForVariableContentNode:
_copyIncludingNodesWithDistanceFromRoot:descendantChildrenArrays:selectedChildNodeIndexes:
_copyIncludingNodesWithMinimumDistanceFromLeaf:descendantChildrenArrays:selectedChildNodeIndexes:
_isContentEqual:ignoringSelection:toDistanceFromRoot:
_isContentOfNodesArraysEqual:ignoringSelection:toDistanceFromRoot:
objectAtIndexedSubscript:
numberWithInteger:
insertObject:atIndex:
setWithArray:
allKeys
substringFromIndex:
_transformedVariablePrefixForLabel:
_variableSuffixForElementType:classType:
setString:
_uniqueVariableNameWithName:
characterSetWithCharactersInString:
invertedSet
componentsSeparatedByCharactersInSet:
uppercaseString
appendFormat:
rangeOfCharacterFromSet:
_returnType
_identifierValues
compare:
sortedArrayUsingSelector:
_elementType
_variableNameForElementType:label:classType:
containsString:
_variableNameForVariableContentNode:
variableNodeForNode:withName:variableType:
_minimumDistanceFromLeaf
_createAndShareLocalVariableUsingSourceNode:atIndex:
appendNode:replaceLastNode:
stringRepresentationWithError:
_variableTreeNodes
_reservedNames
_variableNameToContentNodeDictionary
_nextVariableCount
cleanup
initWithName:object:notificationCenter:expectation:
internal
observedObject
notificationName
notificationCenter
handler
initWithName:
setInternal:
_internal
_observeExpectedNotification:
addObserver:selector:name:object:
removeObserver:
_expectation
_observedObject
_notificationName
_notificationCenter
_handler
_hasCleanedUp
testMode
systemAttachmentLifetime
mainScreen
screenshotDataForQuality:rect:error:
addScreenImageData:
attachAutomaticScreenshot
start
sharedTestObservationCenter
_testCaseDidStart:
stop
_testCaseDidStop:
recordFailureWithDescription:inFile:atLine:expected:
_testCaseDidFail:withDescription:inFile:atLine:
_testCase:didMeasureValues:forPerformanceMetricID:name:unitsOfMeasurement:baselineName:baselineAverage:maxPercentRegression:maxPercentRelativeStandardDeviation:maxRegression:maxStandardDeviation:file:line:
recordFailureInTest:withDescription:inFile:atLine:expected:
_recordValues:forPerformanceMetricID:name:unitsOfMeasurement:baselineName:baselineAverage:maxPercentRegression:maxPercentRelativeStandardDeviation:maxRegression:maxStandardDeviation:file:line:
raise:format:
decodeObjectOfClass:forKey:
integerValue
decodeObjectOfClasses:forKey:
encodeObject:forKey:
lastObject
index
setIndex:
pointerEvents
offset
supportsSecureCoding
encodeWithCoder:
initWithCoder:
initWithName:interfaceOrientation:
eventPaths
addPointerEventPath:
maximumOffset
interfaceOrientation
_eventPaths
_interfaceOrientation
pointerEventWithType:buttonType:coordinate:offset:
_addPointerEvent:
coordinate
pointerEventWithType:buttonType:coordinate:pressure:offset:
offsetComparator
indexOfObject:inSortedRange:options:usingComparator:
initForTouchAtPoint:offset:
initForMouseAtPoint:offset:
pressDownAtOffset:
pressDownWithPressure:atOffset:
moveToPoint:atOffset:
liftUpAtOffset:
pressButton:atOffset:
releaseButton:atOffset:
lastEventBeforeOffset:
firstEventAfterOffset:
pathType
immutable
setImmutable:
_pointerEvents
_immutable
_pathType
_index
setEventType:
setButtonType:
setCoordinate:
setPressure:
setOffset:
floatValue
doubleValue
eventType
buttonType
pressure
_eventType
_buttonType
_pressure
_offset
_coordinate
tests
setTests:
setTestConfiguration:
activityAggregateStatistics
_tests
_activityAggregateStatistics
languageAgnosticTestClassNameForTestClass:
initWithTestCaseClass:
setUp
tearDown
emptyTestSuiteForTestCaseClass:
_testCaseClass
initWithCapacity:
pathComponents
hasSuffix:
lastPathComponent
testSuiteWithName:
dictionary
bundlePath
allSubclasses
objectForKey:
emptyTestSuiteNamedFromPath:
defaultTestSuite
addTest:
_suiteForBundleCache
suiteForBundleCache
productModuleName
stringByAppendingFormat:
stringByReplacingOccurrencesOfString:withString:
testCaseWithSelector:
testInvocations
testCaseWithInvocation:
allTests
_testSuiteWithIdentifier:
testCaseCount
isEqualToArray:
testRun
reason
callStackSymbols
_recordUnexpectedFailureForTestRun:description:exception:
instanceMethodForSelector:
runTest
_mergeActivityStatistics:
addTestRun:
_performProtectedSectionForTest:testSection:
timeMinusSubactivities
totalTime
setTotalTime:
setTimeMinusSubactivities:
sortUsingComparator:
testsToRun
testsToSkip
testBundleURL
testBundleRelativePath
testSuiteForTestCaseWithName:
invocation
selector
caseInsensitiveCompare:
_sortTestsUsingComparator:
testCaseNamesForScopeNames:
removeTestsWithNames:
aggregateStatisticsBeforeCrash
setExecutionCountBeforeCrash:
setFailureCountBeforeCrash:
setUnexpectedExceptionCountBeforeCrash:
_initWithTestConfiguration:
invalidateCache
testSuiteForBundlePath:
testSuiteForTestCaseClass:
testSuiteForTestConfiguration:
_requiredTestRunBaseClass
testRunClass
performTest:
exists
setShouldHaltWhenReceivesControl:
mainRunLoop
getCFRunLoop
frame
_screen
displayID
screenshot
pathForResource:ofType:
dataWithContentsOfFile:
propertyListWithData:options:format:error:
executablePath
stringByResolvingSymlinksInPath
attributesOfItemAtPath:error:
fileModificationDate
infoDictionary
currentLocale
descriptionWithLocale:
xct_frameworkBundleVersion
numberWithUnsignedLong:
initWithFormat:arguments:
callStackReturnAddresses
interruptTest
initWithInvocation:
setContinueAfterFailure:
setInvocation:
target
methodSignatureForSelector:
invocationWithMethodSignature:
setSelector:
initWithSelector:
languageAgnosticTestClassName
languageAgnosticTestMethodName
setTarget:
testCaseRun
setTestCaseRun:
continueAfterFailure
shouldHaltWhenReceivesControl
runLoopNestingCount
currentContext
unwindRemainingActivities
shouldIgnoreSubsequentFailures
_recordFailureActivityWithDescription:inFile:atLine:
setShouldIgnoreSubsequentFailures:
_interruptTest
primaryThread
currentThread
hasAttemptedToCaptureScreenshotOnFailure
setHasAttemptedToCaptureScreenshotOnFailure:
startActivityWithTitle:type:block:
failureRecords
boolValue
filePathForNestedFailure
lineNumberForNestedFailure
numberWithBool:
filePathForUnexpectedFailure
lineNumberForUnexpectedFailure
_recordUnexpectedFailureWithDescription:
setFilePathForNestedFailure:
setLineNumberForNestedFailure:
setDateFormat:
testContext
_testStartActvityDateFormatter
date
stringFromDate:
registerDefaultMetrics
setUpTestWithSelector:
_dequeueAndReportBackgroundAttachments
methodSignature
methodReturnType
setArgument:atIndex:
setDefaultMemoryChecker:
invoke
getReturnValue:
assertInvalidObjectsDeallocatedAfterScope:
defaultMemoryChecker
_recordUnexpectedFailureWithDescription:error:
_reportFailuresForUnwaitedExpectations
_performTearDownSequenceWithSelector:
performInScope:
hasBeenWaitedOn
predicateWithFormat:
filteredSetUsingPredicate:
sortDescriptorWithKey:ascending:
sortedArrayUsingDescriptors:
creationCallStackReturnAddresses
failureRecord
valueForKey:
setPrimaryThread:
setStallHandler:
setRunLoopNestingCount:
initWithTestCase:
setAttachmentManager:
invokeTest
setFilePathForUnexpectedFailure:
setLineNumberForUnexpectedFailure:
xct_formattedDescription
_recordUnexpectedFailureWithDescription:exception:
aggregationRecords
setActivityAggregateStatistics:
runInContextForTestCase:block:
perfMetricsForID
_perfMetricsForID
allValues
measurements
setPerfMetricsForID:
attachmentManager
ensureNoRemainingAttachments
_runTeardownBlocks
tearDownTestWithSelector:
teardownBlocks
setHasDequeuedTeardownBlocks:
_dequeueTeardownBlocks
reverseObjectEnumerator
hasDequeuedTeardownBlocks
addTeardownBlock:
isInheritingTestCases
allTestMethodInvocations
testMethodInvocations
addMemoryGraphData:
dataWithContentsOfFile:options:error:
_logMemoryGraphData:withTitle:
didMeasureMetrics
didStartMeasuring
didStopMeasuring
isMeasuringMetrics
_isMeasuringMetrics
_didStartMeasuring
activePerformanceMetricIDs
setStartWallClockTime:
setStartUserTime:
setStartSystemTime:
setDidStartMeasuring:
startWallClockTime
arrayByAddingObject:
setMeasurements:
startUserTime
startSystemTime
numberWithLongLong:
setDidStopMeasuring:
defaultPerformanceMetrics
measureMetrics:automaticallyStartMeasuring:forBlock:
_enableSymbolication
className
symbolicationRecordForAddress:
symbolName
rangeOfString:
symbolOwner
setUnitStyle:
reportMetric:reportFailures:
units
identifier
baseline
defaultBaseline
measurementFormatter
stringFromUnit:
registerMetricID:name:unitString:
setIdentifier:
setUnits:
baselinesDictionaryForTest
setBaseline:
_baselineDictionary
setDefaultBaseline:
initWithObjects:
setIsMeasuringMetrics:
disablePerformanceMetrics
setActivePerformanceMetricIDs:
setMeasuringIteration:
failureCount
startMeasuring
stopMeasuring
measuringIteration
dateWithTimeIntervalSinceNow:
runUntilDate:
intersectSet:
knownMemoryMetrics
setDidMeasureMetrics:
treatMissingBaselinesAsFailures
baselineFileURL
currentContextInThread:
_runActivityNamed:type:block:
activityRecordStackDepth
setTimestamp:
prepareForEncoding
enqueueAttachment:
dequeueAndReportBackgroundAttachments
addUIInterruptionMonitorWithDescription:handler:
removeUIInterruptionMonitor:
assertObjectsOfType:invalidAfterScope:
markInvalid:
assertNoLeaksInScope:
assertNoLeaksInApplication:inScope:
assertObjectsOfType:inApplication:invalidAfterScope:
reportActivities
bundle
_reportPerformanceFailuresForLargeImprovements
_treatMissingBaselinesAsTestFailures
memoryChecker:didFailWithMessages:serializedMemoryGraph:
addAttachment:
nameForLegacyLogging
_reportFailuresAtFile:line:forTestAssertionsInScope:
_purgeTeardownBlocks
_addTeardownBlock:
beforeTestIteration:selector:
afterTestIteration:selector:
numberOfTestIterationsForTestWithSelector:
_logMemoryGraphDataFromFilePath:withTitle:
_didMeasureMetrics
_didStopMeasuring
measureBlock:
reportMeasurements:forMetricID:reportFailures:
registerMetricID:name:unit:
_logAndReportPerformanceMetrics:perfMetricResultsForIDs:withBaselinesForTest:defaultBaselinesForPerfMetricID:
_logAndReportPerformanceMetrics:perfMetricResultsForIDs:withBaselinesForTest:
runActivityNamed:inScope:
_defaultMemoryChecker
setExpectations:
setFailureRecords:
_invocation
_primaryThread
_testCaseRun
_continueAfterFailure
_expectations
_activePerformanceMetricIDs
_startWallClockTime
_startUserTime
_startSystemTime
_measuringIteration
_filePathForUnexpectedFailure
_lineNumberForUnexpectedFailure
_filePathForNestedFailure
_lineNumberForNestedFailure
_runLoopNestingCount
_currentWaiter
_failureRecords
_shouldHaltWhenReceivesControl
_shouldIgnoreSubsequentFailures
_teardownBlocks
_hasDequeuedTeardownBlocks
_hasAttemptedToCaptureScreenshotOnFailure
_attachmentManager
_testContext
expressionForConstantValue:
arrayWithObject:
expressionForFunction:arguments:
expressionValueWithObject:context:
totalFailureCount
warningLogHandler
testSuiteStack
currentTestCase
emitWarningLog:
pushTestSuite:
currentTestSuite
popCurrentTestSuite
testSuiteStackContainsTestSuite:
removeTestSuiteFromStack:
setCurrentTestCase:
testBundleWillStart:
testBundleDidFinish:
testSuiteWillStart:
testSuite:didFailWithDescription:inFile:atLine:
testSuiteDidFinish:
testCaseWillStart:
testCase:didFailWithDescription:inFile:atLine:
testCaseDidFinish:
initWithWarningLogHandler:
_warningLogHandler
_testSuiteStack
_currentTestCase
testCase
_invalidate
attachments
_synthesizeActivityForAttachment:testCase:
uniformTypeIdentifier
setIsValid:
_isValid
_attachments
_testCase
initWithInputSource:
bytes
initWithInputSource:layoutData:index:
isPrimary
supportsKeyboardType:
currentKeyboardLayout
unicodeHexKeyboardLayout
keyboardLayoutWithInputSource:
keyboardLayoutWithIdentifier:
_setActiveLayoutState:error:
enumerateKeyboardLayoutsUsingBlock:
keyMapForKeyboardType:
enumerateKeyMapsUsingBlock:
activateWithError:
deactivate:error:
primaryKeyMap
_source
_identifier
_data
_keyMaps
_primaryKeyMap
fileSystemRepresentation
exceptionWithName:reason:userInfo:
xct_contentDescription
alphanumericCharacterSet
initWithPredicate:object:expectation:
setHasBeenWaitedOn:
startPolling
object
predicate
pollingInterval
setPollingInterval:
_considerFulfilling
considerFulfilling
_scheduleTimer
timerWithTimeInterval:target:selector:userInfo:repeats:
setTolerance:
addTimer:forMode:
_shouldFulfillForExpectation:object:handler:
evaluatePredicateForExpectation:debugMessage:
setDebugDescription:
evaluateWithObject:
_object
_predicate
_timerRunLoop
_timer
_pollingInterval
_debugDescription
_isEvaluating
serviceListener
setListener:
listener
setExportedInterface:
setExportedObject:
listener:shouldAcceptNewConnection:
_listener
registerDisconnectHandler:
_IDE_initiateSessionWithIdentifier:forClient:atPath:protocolVersion:
_IDE_beginSessionWithIdentifier:forClient:atPath:
_IDE_initiateControlSessionForTestProcessID:protocolVersion:
_IDE_initiateControlSessionForTestProcessID:
_IDE_startRecordingProcessPID:applicationSnapshotAttributes:applicationSnapshotParameters:elementSnapshotAttributes:elementSnapshotParameters:simpleTargetGestureNames:
_IDE_stopRecording
_IDE_collectNewCrashReportsInDirectories:matchingProcessNames:
_XCT_logMessage:
_XCT_logDebugMessage:
_XCT_reportSelfDiagnosisIssue:description:
_XCT_launchProcessWithPath:bundleID:arguments:environmentVariables:
_XCT_terminateProcess:
_XCT_getProgressForLaunch:
_XCT_testBundleReadyWithProtocolVersion:minimumVersion:
_XCT_didBeginExecutingTestPlan
_XCT_didFinishExecutingTestPlan
_XCT_didBeginInitializingForUITesting
_XCT_initializationForUITestingDidFailWithError:
_XCT_testSuite:didStartAt:
_XCT_testSuite:didFinishAt:runCount:withFailures:unexpected:testDuration:totalDuration:
_XCT_testCaseDidStartForTestClass:method:
_XCT_testCaseDidFailForTestClass:method:withMessage:file:line:
_XCT_testCaseDidFinishForTestClass:method:withStatus:duration:
_XCT_testCase:method:didStallOnMainThreadInFile:line:
_XCT_testCase:method:willStartActivity:
_XCT_testCase:method:didFinishActivity:
_XCT_testMethod:ofClass:didMeasureMetric:file:line:
_XCT_exchangeCurrentProtocolVersion:minimumVersion:
_XCT_recordedFirstResponderChangedWithApplicationSnapshot:
_XCT_recordedKeyEventsWithApplicationSnapshot:characters:charactersIgnoringModifiers:modifierFlags:
_XCT_recordedOrientationChange:
_XCT_recordedEventNames:timestamp:duration:startLocation:startElementSnapshot:startApplicationSnapshot:endLocation:endElementSnapshot:endApplicationSnapshot:
_XCT_nativeFocusItemDidChangeAtTime:parameterSnapshot:applicationSnapshot:
_XCT_handleCrashReportData:fromFileWithName:
makeProxyChannelWithRemoteInterface:exportedInterface:
setExportedObject:queue:
setProcessingQueue:
mainBundle
pathExtension
globallyUniqueString
UUID
setDaemonProxy:
daemonProxy
defaultAttributes
applicationSnapshotParameters
elementSnapshotParameters
_methodNameSimpleTargetGestureNames
handleCompletion:
platform
processingQueue
cancel
postErrorMessage:
setDeferredSoftKeyboardTapNode:
postNodes:replaceLastNode:
accessibilityElement
snapshotInTreeStartingWithSnapshot:forElement:
traits
parentAccessibilityElement
descendantsByFilteringWithBlock:
identifiers
initWithArray:
isSubsetOfSet:
_frameFuzzyMatchesElement:
_findBestMatchForElementSnapshot:inApplicationSnapshot:
elementType
postGestureNode:isSoftKeyTap:
nodeForOrientationChangeWithSymbolName:
setTestProtocolVersion:
testProtocolVersion
deferredSoftKeyboardTapNode
deferredSoftKeyboardTapGeneration
setDeferredSoftKeyboardTapGeneration:
_XCT_recordedKeyEventsWithCharacters:charactersIgnoringModifiers:modifierFlags:
_daemonProxy
_processingQueue
_deferredSoftKeyboardTapNode
_deferredSoftKeyboardTapGeneration
_testProtocolVersion
_fetchEventSnapshots
initWithServiceName:
setInterruptionHandler:
setInvalidationHandler:
classesForSelector:argumentIndex:ofReply:
processIdentifier
_recordTargetProcessPID:
_connectionToService
_previousTyping
title
_decodeLegacyAttachments:
uuid
finish
activityType
useLegacySerializationFormat
attachmentForName:
payload
attachmentWithData:
setLifetime:
attachmentWithData:uniformTypeIdentifier:
makeSystem
attachmentWithArchivableObject:
_synchronized_attachmentForName:
_synchronized_removeAttachmentsWithName:
_synchronized_ensureValid
timestamp
internalLifetime
_shouldSaveAttachmentWithName:lifetime:
UUIDString
hasPayload
_synchronized_addAttachment:
timeIntervalSinceDate:
addDiagnosticReportData:
addSnapshot:
addSynthesizedEvent:
removeAttachmentsWithName:
duration
subactivityCompletedWithDuration:
setTitle:
setActivityType:
setUuid:
setFinish:
setUseLegacySerializationFormat:
aggregationIdentifier
setAggregationIdentifier:
subactivitiesDuration
_title
_activityType
_uuid
_start
_finish
_valid
_useLegacySerializationFormat
_aggregationIdentifier
_subactivitiesDuration
_totalTime
_timeMinusSubactivities
setByAddingObject:
decodeXPCObjectOfType:forKey:
initWithSerializedTransport:
serializedTransport
encodeXPCObject:forKey:
_serializedTransport
generation
setGeneration:
eventQueue
_scheduleCallback:afterInterval:
eventSource
eventSourceStateID
unsignedIntValue
intValue
longLongValue
AXManager
removeObserver:forAXNotification:
_eventInfo:matchesSequenceID:
_eventInfo:firedAfter:
addObserverForAXNotification:handler:
implicitConfirmationDelay
postCGEvent:
_postCGEvent:handleCompletion:
_currentMousePosition
_moveMouseToPoint:handleCompletion:
_clickMouseButton:withCount:atPoint:handleCompletion:
clickAtPoint:forDuration:releaseAtPoint:velocity:handler:
_startEventSequenceWithSteppingCallback:
getCharacters:range:
inputsToSetModifierFlags:currentFlags:
sendKeyboardInputs:layout:maximumFrequency:handler:
inputsForText:currentFlags:
inputForKey:modifierFlags:
sendKey:down:modifiers:string:handler:
_tapTouchBarAtPoint:handleCompletion:
_pressTouchBarAtPoint:forDuration:handleCompletion:
_issueTouchBarEvent:atLocation:completionHandler:
sharedGenerator
hoverAtPoint:handler:
clickAtPoint:handler:
doubleClickAtPoint:handler:
tripleClickAtPoint:handler:
rightClickAtPoint:handler:
clickAndDragFromPoint:toPoint:handler:
scrollByX:y:handler:
hitKey:handler:
setModifiers:merge:original:handler:
sendString:maximumFrequency:handler:
sendKey:modifierFlags:handler:
tapTouchBarAtPoint:handler:
doubleTapTouchBarAtPoint:handler:
pressTouchBarAtPoint:forDuration:handler:
pressTouchBarAtPoint:forDuration:liftAtPoint:velocity:handler:
generationObserver
eventSequenceCounter
_generation
_eventQueue
_generationObserver
_eventSource
_eventSequenceCounter
setActivateIfRunning:
setTerminateIfRunning:
setUsePlatformLauncher:
setLaunchArguments:
setEnvironmentVariables:
launchArguments
environmentVariables
usePlatformLauncher
activationRequestWithLaunchArguments:environmentVariables:usePlatformLauncher:
launchRequestWithLaunchArguments:environmentVariables:usePlatformLauncher:
activationRequestFromLaunchRequest:
activateIfRunning
terminateIfRunning
_activateIfRunning
_terminateIfRunning
_usePlatformLauncher
_launchArguments
_environmentVariables
observers
setObservers:
suspended
setSuspended:
_observers
_suspended
initBasicCenter
addTestObserver:
startObserving
stopObserving
bundleWithPath:
_resumeObservation
_suspendObservation
test
_testCase:willStartActivity:
_testCase:didFinishActivity:
setSharedTestObservationCenter:
removeTestObserver:
_observeTestExecutionForBlock:
_suspendObservationForBlock:
_testSuiteDidStart:
_testSuiteDidStop:
_testSuiteDidFail:withDescription:inFile:atLine:
setApplicationMonitor:
setAXManager_macOS:
initWithApplicationMonitor:AXInterface:
_queue_description
elementWithProcessIdentifier:
predicateWithBlock:
setWithObject:
_awaitKnownApplicationState
applicationMonitor
AXManager_macOS
setAccessibilityActive:
registerForAXNotificationsForApplicationWithPID:completion:
token
setHasExitCode:
willChangeValueForKey:
didChangeValueForKey:
foreground
setEventLoopHasIdled:
requestMainThreadIdleNotificationForApplicationWithPID:
eventLoopHasIdled
accessibilityActive
supportsAutomationSessions
supportsAutomationSession
shortDescription
setAutomationSession:
running
keyPathsForValuesAffectingRunning
keyPathsForValuesAffectingBackground
keyPathsForValuesAffectingForeground
automaticallyNotifiesObserversForKey:
setApplicationImplementation:
setApplicationState:
background
setToken:
hasReceivedEventLoopHasIdled
setHasReceivedEventLoopHasIdled:
animationsHaveFinished
setAnimationsHaveFinished:
hasReceivedAnimationsHaveFinished
setHasReceivedAnimationsHaveFinished:
waitForQuiescenceIncludingAnimationsIdle:
waitForAutomationSession
_handleAXNotification:info:
terminate
automationSession
lastSnapshot
setLastSnapshot:
_accessibilityActive
_applicationState
_processID
_token
_exitCode
_eventLoopHasIdled
_hasReceivedEventLoopHasIdled
_animationsHaveFinished
_hasReceivedAnimationsHaveFinished
_hasExitCode
_hasCrashReport
_applicationImplementation
_automationSession
_lastSnapshot
_activationPolicy
_applicationMonitor
_AXManager_macOS
deviceDescription
screenNumber
isMainScreen
screens
initWithDisplayID:isMainScreen:
requestScreenshotOfScreenWithID:withRect:formatUTI:compressionQuality:imageFormatRespected:withReply:
timedOut
_xcui_error:description:
_screenshotDataForQuality:rect:error:
_legacy_macOS_screenshotDataForQuality:rect:
_imageFromData:
_modernScreenshotDataForQuality:rect:error:
screenshotDataForQuality:rect:
_isMainScreen
_displayID
decodeBoolForKey:
decodeIntegerForKey:
targetApplicationArguments
targetApplicationEnvironment
encodeBool:forKey:
baselineFileRelativePath
targetApplicationPath
targetApplicationBundleID
testsMustRunOnMainThread
automationFrameworkPath
encodeInteger:forKey:
userAttachmentLifetime
dictionaryWithContentsOfFile:
URLWithString:
stringByAppendingPathComponent:
fileURLWithPath:
initWithUUIDString:
setTestBundleURL:
setTestBundleRelativePath:
setTestsToSkip:
setTestsToRun:
setTargetApplicationArguments:
setTargetApplicationEnvironment:
setSessionIdentifier:
setPathToXcodeReportingSocket:
setBaselineFileURL:
setBaselineFileRelativePath:
setReportResultsToIDE:
setDisablePerformanceMetrics:
setTreatMissingBaselinesAsFailures:
setTargetApplicationPath:
setTargetApplicationBundleID:
setTestApplicationDependencies:
setTestApplicationUserOverrides:
setProductModuleName:
setReportActivities:
setTestsMustRunOnMainThread:
setInitializeForUITesting:
setAggregateStatisticsBeforeCrash:
setAutomationFrameworkPath:
setEmitOSLogs:
setSystemAttachmentLifetime:
setUserAttachmentLifetime:
absoluteString
writeToFile:atomically:
stringByDeletingLastPathComponent
setActiveTestConfiguration:
configurationWithContentsOfFile:
writeToFile:
absolutePath
setAbsolutePath:
_reportResultsToIDE
_disablePerformanceMetrics
_treatMissingBaselinesAsFailures
_reportActivities
_testsMustRunOnMainThread
_initializeForUITesting
_emitOSLogs
_absolutePath
_testBundleRelativePath
_testBundleURL
_testsToRun
_testsToSkip
_sessionIdentifier
_pathToXcodeReportingSocket
_baselineFileURL
_baselineFileRelativePath
_targetApplicationPath
_targetApplicationBundleID
_testApplicationDependencies
_testApplicationUserOverrides
_productModuleName
_targetApplicationEnvironment
_targetApplicationArguments
_aggregateStatisticsBeforeCrash
_automationFrameworkPath
_systemAttachmentLifetime
_userAttachmentLifetime
initWithNotificationName:expectation:
_handleNotification
_notifyToken
initWithNode:
nextObject
_remainingNodes
setParentNode:
hasPrefix:
deleteCharactersInRange:
parentNode
_canHaveSiblingNode:
indexesOfObjectsPassingTest:
_shareSourceCodeStringsForNodes:
setChildNodes:error:
_descendantCount
indexSet
containsIndex:
addIndex:
_nodesByMergingSimilarNodes:
_isContentEqualIgnoringSelection:childNodes:childNodes:toDistanceFromRoot:
selectedChildNodeIndex
indexOfObjectIdenticalTo:
insertString:atIndex:
_sourceCodeForNodes:error:
selectedDescendantsSourceCodeWithError:
_depthStringWithDepth:
descriptionWithDepth:
indexOfObject:
indexOfObjectPassingTest:
selectedChildNodesIndexesWithError:
dataWithJSONObject:options:error:
initWithData:encoding:
_calleeType
decodeObjectForKey:
_setIdentifierValues:
_setIndex:
_setReturnType:
_setCalleeType:
_setElementType:
_rangeOfFirstSourceCodeTreeInString:range:compiledSourceCodeRange:jsonRange:
rangeOfString:options:range:
substringWithRange:
dataUsingEncoding:
JSONObjectWithData:options:error:
replaceObjectAtIndex:withObject:
stringRepresentationWithCompiledCodeRange:error:
_stringRepresentationWithCompiledCodeRange:options:error:
rangeOfFirstSourceCodeTreeInString:range:
treeForStringRepresentation:range:error:
_leavesHaveSameAccumulatedPrefix:
_leavesHaveNoNonLeafSiblingsAndHaveSamePrefix:suffix:
_absorbOnlyChildrenIntoParents
_canPushPutSolitaryRootNodes
_treeByPushingOutPrefix:error:
_treeAsJSONWithError:
_stringRepresentationsOfNodesAsSeparateLines:language:options:error:
_copyIncludingNodesWithDistanceFromRoot:passingTest:
_distanceFromRoot
_isContentOfNodesEqual:ignoringSelection:toDistanceFromRoot:
stringRepresentationsOfNodesAsSeparateLines:language:error:
initWithSourceCodePrefix:sourceCodeSuffix:
displayName
rootNode
selectedChildNodeIndexPath
setSelectedChildNode:
sourceCodeForAllDescendants
_sourceCodePrefix
_sourceCodeSuffix
_childNodes
_selectedChildNodeIndex
_parentNode
indexPathByAddingIndex:
initWithElementQuery:
commonInitWithApplicationImpl:isTestDependency:
recordForApplicationWithBundleIdentifier:error:
isTestDependency
scheme
recordForApplicationAtURL:
bundleIdentifier
fileURLWithPath:isDirectory:
testDependencyExistsForApplicationAtURL:
setSupportsAutomationSession:
setPrefersPlatformLauncher:
state
resolveHandleUIInterruption:
initWithApplication:
applicationImpl
waitForState:timeout:
addEntriesFromDictionary:
prefersPlatformLauncher
_launchUsingXcode:
_combinedLaunchArguments
_combinedLaunchEnvironment
setLastLaunchRequest:
serviceOpenRequest:
lastLaunchRequest
activate
applicationWithPID:
keyPathsForValuesAffectingState
initWithBundleIdentifier:
initWithURL:
initPrivateWithPath:bundleID:
clearQuery
query
application
launch
_activate
_waitForQuiescence
keyboard
launchEnvironment
setLaunchEnvironment:
applicationQuery
setApplicationQuery:
ancillary
setAncillary:
doesNotHandleUIInterruptions
setDoesNotHandleUIInterruptions:
_ancillary
_prefersPlatformLauncher
_doesNotHandleUIInterruptions
_lastLaunchRequest
_keyboard
_launchEnvironment
_applicationQuery
_applicationImpl
_snapshotInTreeStartingWithSnapshot:passingPredicateBlock:
parent
hasFocus
hasKeyboardFocus
enumerateDescendantsUsingBlock:
applicationNodeForLanguage:
stringForKeyModifierFlags:
nodeToFindElementForSnapshots:language:platform:
setPreviousTyping:
replaceOccurrencesOfString:withString:options:range:
typeStringNodeForString:
previousFocusedAccessibilityElement
previousTyping
typeKeyNodeForKey:modifierFlags:
_stringConstantForString:
setPreviousFocusedAccessibilityElement:
currentPlatform
commentNodeWithString:
remoteNodeWithButtonSymbolName:
assertHasFocusNode
_compareSnapshotsLikePlatform
set_compareSnapshotsLikePlatform:
_platform
_previousFocusedAccessibilityElement
compactDescription
elementDescription
matchingSnapshotsWithError:
descendantsMatchingType:
childrenMatchingType:
firstMatch
elementSnapshotForDebugDescription
_debugDescriptionWithSnapshot:
recursiveDescriptionWithIndent:includeAccessibilityElement:
pathDescription
debugDescriptionWithSnapshot:
setSafeQueryResolutionEnabled:
expectationDescription
waitForExistenceWithTimeout:
matchingSnapshotsHandleUIInterruption:withError:
safeQueryResolutionEnabled
code
dateWithTimeIntervalSinceReferenceDate:
pathFromRoot
_matchesElement:
mergeTreeWithSnapshot:
sparseTreeDescription
resolve
placeholderValue
isEnabled
isSelected
label
verticalSizeClass
horizontalSizeClass
hitPoint
isTouchBarElement
isTopLevelTouchBarElement
initWithElement:
initWithElement:normalizedOffset:
touchBars
groups
windows
sheets
drawers
alerts
dialogs
buttons
radioButtons
radioGroups
checkBoxes
disclosureTriangles
popUpButtons
comboBoxes
menuButtons
toolbarButtons
popovers
keyboards
keys
navigationBars
tabBars
tabGroups
toolbars
statusBars
tables
tableRows
tableColumns
outlines
outlineRows
browsers
collectionViews
sliders
pageIndicators
progressIndicators
activityIndicators
segmentedControls
pickers
pickerWheels
switches
toggles
links
images
icons
searchFields
scrollViews
scrollBars
staticTexts
textFields
secureTextFields
datePickers
textViews
menus
menuItems
menuBars
menuBarItems
maps
webViews
steppers
incrementArrows
decrementArrows
tabs
timelines
ratingIndicators
valueIndicators
splitGroups
splitters
relevanceIndicators
colorWells
helpTags
mattes
dockItems
rulers
rulerMarkers
grids
levelIndicators
cells
layoutAreas
layoutItems
handles
otherElements
statusItems
_waitForExistenceWithTimeout:
isHittable
hitPointCoordinate
coordinateWithNormalizedOffset:
_hasKeyboardFocus
_safeQueryResolutionEnabled
_query
element
initWithCoordinate:pointsOffset:
screenPoint
initWithLength:
mutableBytes
pointValue
rectValue
setLength:
valueWithRect:
initWithTest:
startDate
stopDate
implementation
totalDuration
testDuration
executionCount
unexpectedExceptionCount
hasStopped
executionCountBeforeCrash
failureCountBeforeCrash
unexpectedExceptionCountBeforeCrash
testRunWithTest:
hasSucceeded
_internalTestRun
_test
_startTimeInterval
_stopTimeInterval
_executionCount
_failureCount
_unexpectedExceptionCount
_hasStarted
_hasStopped
_executionCountBeforeCrash
_failureCountBeforeCrash
_unexpectedExceptionCountBeforeCrash
setTestRun:
_testRun
isSubclassOfClass:
setSymbolOwner:
setSymbolName:
setFilePath:
setLineNumber:
symbolicator
_lineNumber
_filePath
_symbolName
_symbolOwner
initWithURL:bundleIdentifier:isTestDependency:
_isTestDependency
_URL
_bundleIdentifier
_constructRecordMapFromRawMap:isTestDependencyMap:
_discoveredURLForBundleIdentifier:error:
platformProvider
bundleIdentifierForApplicationAtURL:
URLForApplicationWithBundleIdentifier:
_validateBundleIdentifier:withApplicationAtURL:error:
testDependencies
setTestDependencies:
userOverrides
setUserOverrides:
setPlatformProvider:
_discoveredApplications
_testDependencies
_userOverrides
_platformProvider
sharedWorkspace
bundleWithURL:
stringForIntendedString:
mutableCopyWithZone:
isEmpty
rangeValue
cachedPathsEndingString:range:
pathsEndingString:range:nextPath:
inputWithRequiredFlags:excludedFlags:
inputSequenceWithRequiredFlags:excludedFlags:
addCachedPaths:endingString:range:
advancePath:range:
isComplete
canEmitSequenceIDAndKeyState
removeObjectsForKeys:
advancePaths
extractCompletePathsWithSolutionRange:
replaceObjectsInRange:withObjectsFromArray:
solvedInputs
_solve
includeModifierKeys
solveWithSolutionRange:results:
unsolvedRange
initWithKeyMap:string:
solve
keyMap
requiredFlags
setRequiredFlags:
excludedFlags
setExcludedFlags:
currentFlags
setCurrentFlags:
setIncludeModifierKeys:
_keyMap
_string
_requiredFlags
_excludedFlags
_currentFlags
_includeModifierKeys
_unsolvedRange
_solvedInputs
_solvingPaths
emptyPath
valueWithRange:
domain
xcui_isUITestingError:
_xcui_error:description:userInfo:
illegalCharacterSet
longCharacterIsMember:
numberWithUnsignedInt:
_initKeyboardKeys
_initModifiers
_initKeyOutputs
_initKeyStates
_initValidity
_initInexactSequences
_initIntendedStrings
numberWithUnsignedShort:
stringForInput:
numberWithUnsignedChar:
initWithDictionary:copyItems:
addCharactersInRange:
formUnionWithCharacterSet:
removeCharactersInRange:
canEmitSequenceID:
precomposedStringWithCanonicalMapping
characterIsMember:
canEmitOutputID:
sequenceIDsForString:range:
compare:options:range:
allKeysForObject:
_sequenceIDsEndingString:range:suffixRange:results:
keyState
stringForSequenceID:
canEmitSequenceIDAsOutputID:
inputsForOutputID:
pathWithKeyState:next:inputs:output:
canEmitKeyState:
_pathByTerminatingKeyState:next:output:sequenceID:
next
inputs
output
_pathsForSystemKeyEndingString:range:nextPath:results:
_pathsForSequenceID:range:nextPath:results:
sequenceIDsEndingString:range:
pathsForSequenceID:nextPath:
_stringForInput:keyState:output:
uniqueKeyboardType:
inputsForText:
sequenceIDsForString:
stringForInputs:
_inputSource
_layoutData
_layoutHeader
_keyboardType
_keyModifiersToTableNum
_keyToCharTableIndex
_keyStateRecordsIndex
_keyStateTerminators
_keySequenceDataIndex
_numericPadKeyCodes
_systemKeyForKeyCode
_inputsForSystemKey
_inputForKey
_longestSystemKey
_modifiersForTableID
_validKeyOutputIDs
_inputsForKeyOutputID
_safeTerminationInputs
_keyStateOutputIDsRange
_keyStatesWithTerminator
_validKeyStates
_validSequenceIDs
_canEmitSequenceIDAndKeyState
_inexactSequencesNFC
_longestInexactSequence
_stringsForIntendedStrings
characterSetWithRange:
controlCharacterSet
removeCharactersInString:
rangeOfComposedCharacterSequencesForRange:
wait:forExpectations:
wait:forExpectations:enforceOrder:
setUniformTypeIdentifier:
lifetime
userInfo
setUserInfo:
setPayload:
fileNameOverride
setFileNameOverride:
serializationBlock
setSerializationBlock:
setHasPayload:
_uniformTypeIdentifier
_lifetime
_timestamp
_userInfo
_payload
_fileNameOverride
_serializationBlock
_hasPayload
initWithUniformTypeIdentifier:name:payload:userInfo:
initWithUniformTypeIdentifier:name:serializationBlock:
setInternalLifetime:
_writeToUserInfoWithBlock:
plainText
isImageUTI:
_attachmentWithUniformTypeIdentifier:name:serializationBlock:
attachmentWithUniformTypeIdentifier:name:payload:userInfo:
_attachmentWithData:uniformTypeIdentifier:
archivedDataWithRootObject:
_attachmentWithArchivableObject:uniformTypeIdentifier:
XMLPropertyList
dataWithPropertyList:format:options:error:
inferredUTIForFileExtension:
fileExistsAtPath:isDirectory:
dataWithContentsOfURL:options:error:
_attachmentWithContentsOfFileAtURL:uniformTypeIdentifier:
stringByAppendingPathExtension:
zipArchive
URLByAppendingPathComponent:
createDirectoryAtPath:withIntermediateDirectories:attributes:error:
URLByAppendingPathComponent:isDirectory:
URLByAppendingPathExtension:
setLaunchPath:
setArguments:
pipe
setStandardOutput:
setStandardError:
setCurrentDirectoryPath:
setTerminationHandler:
launchPath
fileHandleForReading
readDataToEndOfFile
terminationStatus
removeItemAtURL:error:
attachmentWithScreenshot:quality:
attachmentWithString:
attachmentWithArchivableObject:uniformTypeIdentifier:
attachmentWithPlistObject:
attachmentWithContentsOfFileAtURL:uniformTypeIdentifier:
attachmentWithContentsOfFileAtURL:
attachmentWithCompressedContentsOfDirectoryAtURL:
attachmentWithImage:
attachmentWithImage:quality:
attachmentWithScreenshot:
fileHandleWithStandardError
testLogWithFormat:arguments:
logFileHandle
writeData:
testLogWithFormat:
dateFormatter
_testDidFail:withDescription:inFile:atLine:
_messageForTest:didMeasureValues:forPerformanceMetricID:name:unitsOfMeasurement:baselineName:baselineAverage:maxPercentRegression:maxPercentRelativeStandardDeviation:maxRegression:maxStandardDeviation:file:line:
stringByPaddingToLength:withString:startingAtIndex:
_logActivity:inTestCase:
_generateCodeForRemoteButton:applicationSnapshot:
setSawButtonRecently:
setHasFocus:
previousFocusElementSnapshot
sawButtonRecently
previousFocusAppSnapshot
setPreviousFocusElementSnapshot:
setPreviousFocusAppSnapshot:
_sawButtonRecently
_previousFocusElementSnapshot
_previousFocusAppSnapshot
_fuzzyMatchesElement:
hitTest:
_isAncestorOfElement:
visibleFrame
scrollView
_descendantMatchingAccessibilityElement:
rootElement
_accessibilityElementAtPoint:error:
elementSnapshotMatchingAccessibilityElement:
_snapshotForAccessibilityElement:error:
suggestedHitpoints
attributesForElementSnapshot:attributeList:error:
elementWithAccessibilityElement:
hitPointForScrolling
window
testRuns
_testRuns
setTimeout:
setWaitCallStackReturnAddresses:
setEnforceOrderOfFulfillment:
_queue_setExpectations:
_queue_computeInitiallyFulfilledExpectations
installWatchdogForWaiter:timeout:
_validateExpectationFulfillmentWithTimeoutState:
threadLocalManager
setManager:
manager
waiterWillBeginWaiting:
primitiveWait:
waiterDidFinishWaiting:
delegateQueue
_queue_validateExpectationFulfillmentWithTimeoutState:
waiterTimedOutWhileWaiting:
cancelPrimitiveWait
handleStalledWaiter:
setResult:
delegate
waitingRunLoop
setWaitingRunLoop:
nextEventMatchingMask:untilDate:inMode:dequeue:
sendEvent:
fulfilledExpectations
fulfilled
inverted
filteredArrayUsingPredicate:
enforceOrderOfFulfillment
fulfillmentToken
isInverted
_queue_enforceOrderingWithFulfilledExpectations:
filterUsingPredicate:
setTimedOut:
wait:
didFulfillExpectation:
interruptForWaiter:
isInProgress
cancelWaiting
_delegate
_manager
_waitCallStackReturnAddresses
_delegateQueue
_fulfilledExpectations
_waitingRunLoop
_state
_timeout
_result
_enforceOrderOfFulfillment
_timedOut
didFinishActivity:testCase:observationCenter:
willStartActivityWithTitle:type:testCase:observationCenter:
unwindRemainingActivitiesWithTestCase:observationCenter:
depth
topActivity
_storage
_aggregationRecords
setTransformationDescription:
queryDescription
inputQuery
changesScope
expressedType
expressedIdentifiers
_derivedExpressedIdentifiers
_derivedExpressedType
backingQuery
setSuppressAttributeKeyPathAnalysis:
setRootElementSnapshot:
matchingSnapshotsForLocallyEvaluatedQuery:error:
_debugDescriptionWithIndent:rootElementSnapshot:
_predicateWithType:identifier:
initWithScope:predicate:
initWithInputQuery:queryDescription:transformer:
setChangesScope:
setExpressedType:
initWithBlockFilter:
initWithSortDescriptors:
initWithComparator:
_queryWithPredicate:description:
_queryWithPredicate:
setExpressedIdentifiers:
initWithPredicate:
_containingPredicate:queryDescription:
elementBoundByIndex:
initWithElementIndex:
setStopsOnFirstMatch:
matchingType:identifier:
elementMatchingType:identifier:
_elementMatchingAccessibilityElementOfSnapshot:
interruptingUIElementsAffectingSnapshot:
handleAsynchronousUIElement:
transformer
stopsOnFirstMatch
initWithRootElement:transformers:
supportsRemoteEvaluation
recursiveDescription
matchingElements
remoteElements
rootElementSnapshot
setDataSource:
setApplication:
_resolveRemoteElements:inSnapshot:error:
setSnapshotProvider:
setEvaluationContext:
snapshotForElement:attributes:parameters:error:
replaceDescendant:withElement:
filter:
ascending:
descending:
sorted:
matchingPredicate:
matchingIdentifier:
containingPredicate:
containingType:identifier:
elementAtIndex:
elementMatchingPredicate:
elementWithTitle:
elementWithLabel:
elementWithIdentifier:
elementWithValue:
elementWithPlaceholderValue:
allElementsBoundByAccessibilityElement
allElementsBoundByIndex
lastInput
setLastInput:
lastOutput
setLastOutput:
setTransformer:
_changesScope
_stopsOnFirstMatch
_inputQuery
_expressedType
_expressedIdentifiers
_lastInput
_lastOutput
_rootElementSnapshot
_queryDescription
_transformer
_application
initWithParentScope:
parentScope
handlers
setHandlers:
_parentScope
_handlers
setCurrentScope:
defaultAsynchronousUIElementHandler
setHandlerDescription:
setDidHandleUIInterruption:
currentScope
didHandleUIInterruption
_didHandleUIInterruption
_currentScope
handlerDescription
_handlerDescription
initWithMachServiceName:options:
initWithConnection:
registerInvalidationHandler:
_XCT_exchangeProtocolVersion:reply:
_XCT_requestSocketForSessionIdentifier:reply:
_XCT_requestSerializedTransportWrapperForIDESessionWithIdentifier:reply:
_XCT_requestEndpointForTestTargetWithPID:preferredBackendPath:reply:
_XCT_requestScreenshotOfScreenWithID:withRect:withReply:
_XCT_requestScreenshotOfScreenWithID:withRect:uti:compressionQuality:withReply:
_XCT_applicationWithBundleID:didUpdatePID:andState:
_reportInvalidation
setDaemonProtocolVersion:
invalidationHandlers
removeObjectForKey:
daemonProtocolVersion
initWithXPCRepresentation:
fileDescriptor
initWithConnectedSocket:disconnectAction:
isSupported
unregisterInvalidationHandlerWithToken:
useLegacyEventCoordinateTransformationPath
usePointTransformationsForFrameConversions
useLegacyScreenshotPath
setInvalidationHandlers:
accessibilityClient
setAccessibilityClient:
_accessibilityClient
_daemonProtocolVersion
_invalidationHandlers
isOperatingSystemAtLeastVersion:
sortedArrayUsingComparator:
_allTestMethodInvocations:
instanceMethodSignatureForSelector:
loadAndReturnError:
localizedRecoverySuggestion
_shouldReportActivityWithType:
willStartActivityWithTitle:type:
didFinishActivity:
_runActivityNamed:block:
_currentContextInThread:
activityRecordStack
shouldReportActivityWithType:inTestMode:
initInternally
setTestCase:
pushCurrentContext:inThread:
popCurrentContextInThread:
threadDictionary
runActivityNamed:block:
hasContextInThread:
_activityRecordStack
referencedElement
_untransformedScreenPoint
coordinateWithOffset:
normalizedOffset
pointsOffset
_element
_normalizedOffset
_pointsOffset
_dispatchEvent:block:
hover
click
doubleClick
rightClick
clickForDuration:thenDragToCoordinate:
scrollByDeltaX:deltaY:
doubleTap
pressForDuration:
pressForDuration:thenDragToCoordinate:
initWithKeyState:next:inputs:output:
producedString
arrayWithCapacity:
_keyState
_next
_inputs
_output
_length
_producedString
isTesting
_units
_baseline
_defaultBaseline
_measurements
objCType
getValue:
pointerValue
sizeValue
dtxConnection
makeChannelWithIdentifier:
requestGraph:options:
messageWithSelector:typesAndArguments:
errorStatus
sendControlSync:replyHandler:
markedAddresses
_getGraphType:forPID:withError:
directedGraphWithData:error:
copyUserMarked
numberWithUnsignedLongLong:
enumerateMarkedObjects:withBlock:
plistRepresentationWithOptions:
createMapForIntersectGraph:
subgraphWithMarkedNodes:
createMapForMinusGraph:
_assertInvalidObjectsDeallocatedAfterScope:
_assertObjectsOfType:inProcess:invalidAfterScope:
_markInvalid:
assertNoLeaksWithOptions:inScope:
_assertNoLeaksInProcess:withOptions:inScope:
assertNoLeaksInApplication:withOptions:inScope:
_aquireMemoryGenerationForPID:withError:
_assertNoObjectAbandonedBetweenGeneration:and:
_createGraphForNewObjectsInGeneration:withPreviousGeneration:
aquireGenerationMemoryGraphWithError:
aquireGenerationMemoryGraphForPid:withError:
aquireGenerationMemoryGraphForApplication:withError:
assertNoObjectAbandonmentBetweenGeneration:and:
createGraphForNewObjectsInGeneration:withPreviousGeneration:
setMarkedAddresses:
setDtxConnection:
_markedAddresses
_dtxConnection
localConnectionWithAuthorization:
preflightSynchronouslyWithTimeout:
remoteCapabilityVersion:
defaultOverlay
refineTypesWithOverlay:
refineEdges:withOptions:markingInvalid:
removeMarkedEdges:
withEdgeMarkingMap:
enumerateObjectsWithBlock:
longValue
sharedSessionQueue
fileExistsAtPath:
IDEConnection
_IDE_startExecutingTestPlanWithProtocolVersion:
_IDE_processWithBundleID:path:pid:crashedUnderSymbol:
_IDE_stopTrackingProcessWithToken:
_IDE_processWithToken:exitedWithStatus:
IDEProtocolVersion
setReadinessReply:
IDEProxy
readinessReply
setIDEProtocolVersion:
_classNameForReporting
_methodNameForReporting
testRunSessionDidBeginExecutingTestPlan:
testRunSessionDidBeginInitializingForUITesting:
testRunSession:initializationForUITestingDidFailWithError:
testRunSessionDidFinishExecutingTestPlan:reply:
launchProcessWithPath:bundleID:arguments:environmentVariables:completion:
requestLaunchProgressForProcessWithToken:completion:
reportSelfDiagnosisIssue:description:
setIDEConnection:
setIDEProxy:
_IDEConnection
_IDEProxy
_IDEProtocolVersion
_currentTestRun
_readinessReply
regularExpressionWithPattern:options:error:
firstMatchInString:options:range:
numberOfRanges
rangeAtIndex:
initWithKeyPath:object:expectedValue:expectation:options:
keyPath
expectedValue
options
addObserver:forKeyPath:options:context:
valueForKeyPath:
removeObserver:forKeyPath:context:
observeValueForKeyPath:ofObject:change:context:
_keyPath
_expectedValue
_options
level
setLevel:
bounds
setBounds:
_level
_bounds
setParentAccessibilityElement:
setParent:
setPlaceholderValue:
setFrame:
setEnabled:
setSelected:
setIsMainWindow:
setLabel:
setHasKeyboardFocus:
setElementType:
setAdditionalAttributes:
setChildren:
_handleNotification:accessibilityElement:info:
setAllowsRemoteAccess:
observersByPID
arrayWithObjects:
AXUIElement
children
initWithElement:attributes:parameters:
loadSnapshotAndReturnError:
elementSnapshot
_reparentContextMenusForRootElement:attributeList:
attributesForElement:attributes:error:
_startObservingApplication:error:
_registerForAXNotificationsForApplicationWithPID:deadline:lastError:completionAndCleanup:
scheduledTimerWithTimeInterval:repeats:block:
inProgressObservationSetupPIDs
_windowsPotentiallyInterferingWithAXUIElement:
snapshotForAXElement:attributeList:parameters:error:
systemWideElement
setSystemWideElement:
setObserversByPID:
setInProgressObservationSetupPIDs:
activeMenus
setActiveMenus:
notificationHandlers
setNotificationHandlers:
_systemWideElement
_observersByPID
_inProgressObservationSetupPIDs
_activeMenus
_notificationHandlers
beginActivityWithOptions:reason:
endActivity:
suspendAppSleep
_preTestingInitialization
resumeAppSleep:
testSuiteDidStart:
testSuiteDidStop:
testSuiteDidFail:withDescription:inFile:atLine:
testCaseDidStart:
testCaseDidStop:
testCaseDidFail:withDescription:inFile:atLine:
message
messageWithString:
_message
setCurrentProcess:
_awaitValidCurrentProcess
_launchWithRequest:
_activationExpectation
_activateForPlatform
_waitOnActivationExpectation:
runningApplicationWithProcessIdentifier:
activateWithOptions:
_launchUsingPlatformWithArguments:environment:
_launchUsingXcodeWithArguments:environment:
_waitForValidPID
waitForAccessibilityActive
localizedFailureReason
_waitForLaunchProgress
launchApplicationAtURL:options:configuration:error:
activated
keyPathsForValuesAffectingActivated
_supportsAutomationSession
_path
_bundleID
_currentProcess
weakToStrongObjectsMapTable
truncatedValueString
setNode:
setMatchingSnapshots:
setAncestorFinder:
setDescendantFinders:
node
ancestorFinder
targetSnapshot
matchingSnapshots
descendantFinders
mutableFoundNodeMatches
nodeIncludingDescendants
excludeUnlessNecessary
initWithNode:matchingSnapshots:ancestorFinder:
_matchingSnapshots
_node
_ancestorFinder
_descendantFinders
ancestorNodeFinderMatch
indexSetWithIndexesInRange:
enumerateIndexesUsingBlock:
initWithTargetSnapshot:targetSnapshotIndex:ancestorMatch:allowElementQueries:excludeUnlessNecessary:language:platform:
enumerateObjectsAtIndexes:options:usingBlock:
_stopCombinatorialExpansionElementTypesForPlatform:
_excludeUnlessNecessaryElementTypesForPlatform:
_nodeFindersForSnapshots:ancestorMatch:ancestorIndex:stopCombinatorialExpansionIndexes:excludeUnlessNecessaryElementTypes:language:platform:
arrayWithArray:
nextNodeFinderMatch
removeFromAncestorNodeFinderMatch
removeObjectIdenticalTo:
targetSnapshotIndex
insertObjects:atIndexes:
setTargetSnapshot:
setTargetSnapshotIndex:
setAncestorNodeFinderMatch:
setAllowElementQueries:
setExcludeUnlessNecessary:
setMutableFoundNodeMatches:
anyObject
quotedStringRepresentation
descendantsWithTargetElementTypeAndIdentifierValue:
uniqueDescendantNodeWithTargetElementTypeAndIdentifierValue:
descendantsQueryNodeWithTargetElementTypeAndIdentifierValue:
allowElementQueries
descendantsWithTargetElementType
descendantsQueryNodeWithElementType:
descendantsWithTargetElementTypeContainingDescendantElementsWithType:identifierValue:
descendantsQueryNodeWithTargetElementTypeContainingElementsOfType:identifierValue:
setUnprocessedContainsMatches:
unprocessedContainsMatches
childrenWithTargetElementTypeAndIdentifierValue:
uniqueChildNodeWithTargetElementTypeAndIdentifierValue:
childrenQueryNodeWithTargetElementTypeAndIdentifierValue:
childAtIndexNodeWithTargetElementTypeAndIdentifierValue:
childrenWithTargetElementType
uniqueChildNodeWithTargetElementType
childAtIndexNodeWithTargetElementType
uniqueDescendantNodeWithTargetElementType
_descendantsWithTargetElementType
_childrenWithTargetElementType
_allowDirectChildrenMatches
_shouldAttemptToUseIdentifier
_shouldAttemptToUsePlaceholderValue
_shouldAttemptToUseLabel
_shouldAttemptToUseTitle
_shouldAttemptToUseTruncatedValueString
_allowElementQueries
_excludeUnlessNecessary
_mutableFoundNodeMatches
_unprocessedContainsMatches
_ancestorNodeFinderMatch
_targetSnapshotIndex
_targetSnapshot
waiterStack
thread
setWaiterStack:
setThread:
_waiterStack
_thread
TIFF
setExpectedFulfillmentCount:
setCreationCallStackReturnAddresses:
setCreationToken:
assertForOverFulfill
_queue_fulfillWithCallStackReturnAddresses:
numberOfFulfillments
setNumberOfFulfillments:
expectedFulfillmentCount
setFulfilled:
setFulfillCallStackReturnAddresses:
setFulfillmentToken:
creationToken
fulfillmentCount
setFulfillmentCount:
hasInverseBehavior
setHasInverseBehavior:
_fulfilled
_expectationDescription
_hasBeenWaitedOn
_expectedFulfillmentCount
_numberOfFulfillments
_creationToken
_fulfillmentToken
_creationCallStackReturnAddresses
_fulfillCallStackReturnAddresses
_inverted
_assertForOverFulfill
unregisterForNotifications:
getObjects:andKeys:
registerForNotifications:count:error:handler:
ASN:equalToOtherASN:
informationForApplicationWithASN:
applicationsMatchingQuery:
killApplicationWithASN:
frontApplication
frontUIApplication
operatingSystemVersionString
mainThread
_isInvalidEventDuration:
typeText:
typeKey:modifierFlags:
performWithKeyModifiers:block:
_hitPointByAttemptingToScrollToVisibleSnapshot:
nearestSharedAncestorOfElement:matchingType:
clickForDuration:thenDragToElement:
pressForDuration:thenDragToElement:
adjustToNormalizedSliderPosition:
normalizedSliderPosition
tripleClick
_handleLSNotification:appInfo:
initWithBundleID:path:runState:processID:activationPolicy:
_updateApplicationWithASN:
_frontApplicationMatchesASN:
_frontUIApplicationMatchesASN:
_ASNForBundleID:path:
_ASNForPid:
notificationID
setNotificationID:
launchServicesFramework
setLaunchServicesFramework:
_notificationID
_launchServicesFramework
bundleWithIdentifier:
/Library/Caches/com.apple.xbs/Sources/XCTest/XCTest-13201/Sources/XCUIRecorderService/XCUIRecorderService_Mac.m
<Unknown File>
Failed to Start Recording: Failed to get CFMachPortRef for CGEventTap
Failed to Start Recording: Failed to get CFRunLoopRef
Failed to Start Recording: Failed to get CFRunLoopSourceRef
Failed to Start Recording: Failed to give recording thread realtime priority.
XCUIRecorderService.eventsQueue
XCUIRecorderServiceAdditionalLogging
startRecordingWithReply:%@
message is nil
v8@?0
_sendNodes: %@
%@, %@
_addTimingMessage %@
Caught cancel event
before _really_recordEvent:withType:proxy:
after _really_recordEvent:withType:proxy:
event is duplicate
Handling event type: %d
Rejecting HIDEventType
Rejecting PID
Rejecting touch down
TouchBar: 
Failed to find matching element
Failed to find target:
in appSnapshot:
_really_recordEvent: type:%d
shouldRecordEvent:%d
click
doubleClick
will process kCGEventLeftMouseDown
will fetch targetElement
will fetch snapshots for targetElement
will fetch eventNode for snapshots
will add gestureNode to eventNode
Left Mouse Down: 
done with targetElement
did process kCGEventLeftMouseDown
will process kCGEventRightMouseDown
rightClick
Right Mouse Down: 
did process kCGEventRightMouseDown
will process kCGEventKeyDown
Key Down: 
did process kCGEventKeyDown
kCGEventTapDisabledByTimeout
Previous Events:
Event %lu:
v32@?0@"NSArray"8Q16^c24
Restarted Recording.
Error restarting EventTap: %@
kCGEventTapDisabledByUserInput
Uncaught Event: %d
will send nodes
did send nodes
Error in _copyUIElementForLocation:%@
Error in -applicationSnapshot:%@
utilities
T@"XCUIRecorderUtilities",&,V_utilities
nodes
T@"NSMutableArray",&,V_nodes
errorMessages
T@"NSMutableArray",&,V_errorMessages
startRecordingReply
T@?,C,V_startRecordingReply
fetchSourceCodeTreeNodesReply
T@?,C,V_fetchSourceCodeTreeNodesReply
simpleClickEventNode
T@"XCSourceCodeTreeNode",&,V_simpleClickEventNode
isRecording
Tc,V_isRecording
excludedProccessPIDs
T@"NSMutableArray",&,V_excludedProccessPIDs
recordingQueue
Failed to terminate application %@: %@
launchServicesMonitor
T@"XCUILaunchServicesMonitor",&,V_launchServicesMonitor
com.apple.xctest.application-monitor
/Library/Caches/com.apple.xbs/Sources/XCTest/XCTest-13201/Sources/UITesting/XCUIApplicationMonitor.m
Bundle ID must not be nil
%@@%@
Monitor: created XCUIApplicationImpl for %@
Invalid pid %d
Monitor: set %@ for pid %d
Invalid token %@
Monitor: set %@ for token %@
Subclass responsibility
IDE reported an error attempting to terminate %@: %@
v20@?0c8@"NSError"12
Monitor: tracking launch request for %@
Monitor: termination is being tracked for %@
applicationState
Expect change to state of %@
Monitor: waiting for state changes to launched application(s): %@
Monitor: done waiting for state changes to launched application(s)
Checking for crash reports corresponding to unexpected termination of %@
hasExitCode
Observed change to hasExitCode for app %@, exitCode is 0, no need to wait for crash reports
Observed change to hasExitCode for app %@, exitCode is %d, will continue to wait for crash report
c24@?0@"XCUIApplicationProcess"8@"NSDictionary"16
hasCrashReport
Observed hasCrashReport change in %@: %@
Monitor: waiting for crash report or clean exit
Monitor: done waiting for crash report or clean exit
v16@?0@"XCActivityRecord"8
%s must be called on the main thread
-[XCUIApplicationMonitor waitForUnrequestedTerminationOfLaunchedApplicationsWithTimeout:]
Updating impl %@ and proc %@
Got exit status %d for process with token %@ -> %@
hash
TQ,R
superclass
T#,R
description
T@"NSString",R,C
debugDescription
queue
T@"NSObject<OS_dispatch_queue>",V_queue
applicationImplementations
T@"NSMutableDictionary",R,C,V_applicationImplementations
applicationProcessesForPID
T@"NSMutableDictionary",R,C,V_applicationProcessesForPID
applicationProcessesForToken
T@"NSMutableDictionary",R,C,V_applicationProcessesForToken
launchedApplications
T@"NSMutableSet",R,C,V_launchedApplications
applicationRegistry
T@"XCUIApplicationRegistry",R,V_applicationRegistry
This process is not trusted.
XCUIRecorderLoggingEnabled
/Library/Caches/com.apple.xbs/Sources/XCTest/XCTest-13201/Sources/UIRecording/XCUIRecorder.m
This method is unimplemented on abstract class
processPID
Ti,V_processPID
language
TQ,V_language
recording
T@"XCSourceCodeRecording",&,V_recording
block
T@?,C,V_block
loggingEnabled
Tc,R
valid
Tc,R,GisValid
XCTIDEConnectionTimeout
com.apple.dt.xctest.driver
System uptime: %@
Process arguments: %@
Process environment: %@
App Sandbox active: %@
Dumping buffered debug messages:
====================
v16@?0@"NSString"8
XCTEmitOSLogs
Dropped %d debug messages while waiting for connection.
Transport for IDE session acquired
v24@?0@"DTXTransport"8@"NSError"16
Timed out trying to establish connection to IDE.
Test configuration does not include sufficient information for connecting to IDE.
Readying IDE session
IDE session ready for test plan
Timed out waiting for IDE to be ready for testing.
Xcode doesn't yet support JPEG screenshots, falling back to PNG
A stall was detected while waiting on expectations in %s.%s() at %s:%llu. There's no IDE/Xcode connection to restart the process, so aborting to break the apparent deadlock.
This internal method was deprecated in Xcode 7 and will be removed soon. All approved clients have already migrated off of this.
This internal method was deprecated in Xcode 8.3 and will be removed soon. All approved clients have already migrated off of this.
sharedTestDriver
T@"XCTestDriver",R
testConfiguration
T@"XCTestConfiguration",R,V_testConfiguration
T@"NSObject<OS_dispatch_queue>",&,V_queue
debugMessageBuffer
T@"NSMutableArray",&,V_debugMessageBuffer
debugMessageBufferOverflow
Ti,V_debugMessageBufferOverflow
Deprecated, don't call this.
Bootstrapped automation session for %@
remote query
v24@?0@"XCTElementQueryResults"8@"NSError"16
v16@?0@"<XCTAsyncActivity>"8
connection
T@"NSXPCConnection",V_connection
NSString *_XCUIElementType_GetEnumSymbolName(XCUIElementType)
<Unknown Function>
/Library/Caches/com.apple.xbs/Sources/XCTest/XCTest-13201/Sources/UITesting/XCUIElementTypes.m
Missing value for elementType:%lu
NSString *_XCUIElementType_GetAbbreviatedSwiftEnumSymbolName(XCUIElementType)
NSString *_XCUIElementType_GetElementQueryProviderMethodName(XCUIElementType)
XCUIElementType
@"NSMutableString"16@?0@"NSString"8
XCUIElementTypeAny
void _XCUIElementType_Init()_block_invoke
methodNames already contains: %@
XCUIElementTypeActivityIndicator
activityIndicators
XCUIElementTypeAlert
alerts
XCUIElementTypeApplication
XCUIElementTypeBrowser
browsers
XCUIElementTypeButton
buttons
XCUIElementTypeCell
cells
XCUIElementTypeCheckBox
checkBoxes
XCUIElementTypeCollectionView
collectionViews
XCUIElementTypeColorWell
colorWells
XCUIElementTypeComboBox
comboBoxes
XCUIElementTypeDatePicker
datePickers
XCUIElementTypeDecrementArrow
decrementArrows
XCUIElementTypeDialog
dialogs
XCUIElementTypeDisclosureTriangle
disclosureTriangles
XCUIElementTypeDockItem
dockItems
XCUIElementTypeDrawer
drawers
XCUIElementTypeGrid
grids
XCUIElementTypeGroup
groups
XCUIElementTypeHandle
handles
XCUIElementTypeHelpTag
helpTags
XCUIElementTypeIcon
icons
XCUIElementTypeImage
images
XCUIElementTypeIncrementArrow
incrementArrows
XCUIElementTypeKey
keys
XCUIElementTypeKeyboard
keyboards
XCUIElementTypeLayoutArea
layoutAreas
XCUIElementTypeLayoutItem
layoutItems
XCUIElementTypeLevelIndicator
levelIndicators
XCUIElementTypeLink
links
XCUIElementTypeMap
maps
XCUIElementTypeMatte
mattes
XCUIElementTypeMenu
menus
XCUIElementTypeMenuBar
menuBars
XCUIElementTypeMenuBarItem
menuBarItems
XCUIElementTypeMenuButton
menuButtons
XCUIElementTypeMenuItem
menuItems
XCUIElementTypeNavigationBar
navigationBars
XCUIElementTypeOutline
outlines
XCUIElementTypeOutlineRow
outlineRows
XCUIElementTypePageIndicator
pageIndicators
XCUIElementTypePicker
pickers
XCUIElementTypePickerWheel
pickerWheels
XCUIElementTypePopUpButton
popUpButtons
XCUIElementTypePopover
popovers
XCUIElementTypeProgressIndicator
progressIndicators
XCUIElementTypeRadioButton
radioButtons
XCUIElementTypeRadioGroup
radioGroups
XCUIElementTypeRatingIndicator
ratingIndicators
XCUIElementTypeRelevanceIndicator
relevanceIndicators
XCUIElementTypeRuler
rulers
XCUIElementTypeRulerMarker
rulerMarkers
XCUIElementTypeScrollBar
scrollBars
XCUIElementTypeScrollView
scrollViews
XCUIElementTypeSearchField
searchFields
XCUIElementTypeSecureTextField
secureTextFields
XCUIElementTypeSegmentedControl
segmentedControls
XCUIElementTypeSheet
sheets
XCUIElementTypeSlider
sliders
XCUIElementTypeSplitGroup
splitGroups
XCUIElementTypeSplitter
splitters
XCUIElementTypeStaticText
staticTexts
XCUIElementTypeStatusBar
statusBars
XCUIElementTypeStepper
steppers
XCUIElementTypeSwitch
switches
XCUIElementTypeTab
tabs
XCUIElementTypeTabBar
tabBars
XCUIElementTypeTabGroup
tabGroups
XCUIElementTypeTable
tables
XCUIElementTypeTableColumn
tableColumns
XCUIElementTypeTableRow
tableRows
XCUIElementTypeTextField
textFields
XCUIElementTypeTextView
textViews
XCUIElementTypeTimeline
timelines
XCUIElementTypeToggle
toggles
XCUIElementTypeToolbar
toolbars
XCUIElementTypeToolbarButton
toolbarButtons
XCUIElementTypeOther
otherElements
XCUIElementTypeValueIndicator
valueIndicators
XCUIElementTypeWebView
webViews
XCUIElementTypeWindow
windows
XCUIElementTypeTouchBar
touchBars
com.apple.XCTestErrorDomain
/Library/Caches/com.apple.xbs/Sources/XCTest/XCTest-13201/Sources/XCTestFramework/Async/XCTestCase+AsynchronousTesting.m
-[XCTestCase(AsynchronousTesting) waitForExpectationsWithTimeout:handler:]
API violation - calling wait on test case while already waiting.
API violation - call made to wait without any expectations having been set.
', '
%@ starting to wait on '%@'
%@ done waiting on '%@'
-[XCTestCase(AsynchronousTesting) _addExpectation:]
Asynchronous wait failed: Exceeded timeout of %g seconds, with unfulfilled expectations: "%@".
", "
Failed due to expectation fulfilled in incorrect order.
Fulfilled inverted expectation "%@".
Asynchronous waiter %@ failed: interrupted by timeout of containing waiter %@
Expect distributed notification '%@'
value
T@,&,V_value
error
T@"NSError",&,V_error
hasValue
hasError
XCUIScreenshotUseLegacyFormat
systemScreenshotQuality
internalImage
T@"XCTImage",&,V_internalImage
image
T@"NSImage",R,C
PNGRepresentation
T@"NSData",R,C
platformImage
T@"NSImage",C,V_platformImage
originalData
T@"NSData",C,V_originalData
scale
Td,V_scale
name
T@"NSString",C,V_name
/Library/Caches/com.apple.xbs/Sources/XCTest/XCTest-13201/Sources/XCTestFramework/Activities/XCTImage.m
Invalid parameter not satisfying: %@
Internal error - image attachment has no image nor data.
Failed to create an image destination for UTI %@ in XCTImage.
Failed to get CGImageRef for image %@
internalImplementation
T@"_XCTImageImplementation",&,V_internalImplementation
T@"NSString",C
Td,R
data
/Library/Caches/com.apple.xbs/Sources/XCTest/XCTest-13201/Sources/UIRecording/XCSourceCodeRecording.m
XCSourceCodeRecording_DiableLocalVariableGeneration
XCSourceCodeRecording_ReprocessAllNodesForLocalVariableGeneration
XCSourceCodeRecording_DisableDefaultConversionOptions
XCSourceCodeRecording_DisableTokenGeneration
localVariableDeclaration
-[XCSourceCodeRecording _stringRepresentationWithOptions:error:]
error != nil
XCUIApplication *%@ = 
XCUIElement *%@ = 
XCUIElementQuery *%@ = 
-[XCSourceCodeRecording _sourceCodePrefixForVariableName:variableType:]
NOUnknown classType
let %@ = 
NOUnreachable
-[XCSourceCodeRecording variableNodeForNode:withName:variableType:]
node != nil
[variableName length] > 0
node.childNodes.count == 1
[node.sourceCodePrefix isEqualToString:@""]
[node.sourceCodeSuffix isEqualToString:@""]
realNode != nil
[realNode.sourceCodeSuffix isEqualToString:@""] == NO
Detected Infinite Loop!
v32@?0@"NSString"8@"XCSourceCodeTreeNode"16^c24
-[XCSourceCodeRecording _nodes:matchingDistanceFromRoot:variableContentNode:withVariableName:startingIndex:replacedNodes:indexOfFirstReplacedNode:]_block_invoke
[leafNode sourceCodePrefix] != nil
indexOfFirstReplacedNode < result.countindexOfFirstReplacedNode is too big. indexOfFirstReplacedNode: %@
newTreeNodes: %@
v32@?0@"XCSourceCodeTreeNode"8Q16^c24
-[XCSourceCodeRecording _uniqueVariableNameWithName:]
name != nil
switch
1234567890
1234567890qwertyuiopasdfghjklzxcvbnmQWERTYUIOPASDFGHJKLZXCVBNM
%@%@
-[XCSourceCodeRecording _variableSuffixForElementType:classType:]
elementType != XCUIElementTypeApplication
ElementsQuery
Query
Element
-[XCSourceCodeRecording _createAndShareLocalVariableUsingSourceNode:atIndex:]_block_invoke
self.variableNameToContentNodeDictionary[variableName] == nil
newTreeNodes2.count == 1
variableNode != nil
c28@?0@"XCSourceCodeTreeNode"8@"NSMutableArray"16c24
-[XCSourceCodeRecording _shareLongestCommonSection_StartAtIndex:nextCandidateIndex:]
startingIndex < self._treeNodes.count
variableNameToContentNodeDictionary
T@"NSMutableDictionary",&,V_variableNameToContentNodeDictionary
_treeNodes
T@"NSArray",&,S_setTreeNodes:,V_treeNodes
TQ,R,V_language
/Library/Caches/com.apple.xbs/Sources/XCTest/XCTest-13201/Sources/XCTestFramework/Async/XCTNSNotificationExpectation.m
API violation - notificationName must be non-nil.
API violation - notificationCenter must be non-nil.
Expect notification '%@' from %@
any object
internal
T@"_XCTNSNotificationExpectationImplementation",&,V_internal
notificationName
observedObject
T@,R
notificationCenter
T@"NSNotificationCenter",R
handler
T@?,C
In %s, _expectation should be nil but is %@, indicates failure to call -cleanup internally.
-[_XCTNSNotificationExpectationImplementation dealloc]
com.apple.dt.xctest.notification-expectation
T@,R,V_observedObject
T@"NSString",R,C,V_notificationName
T@"NSNotificationCenter",R,V_notificationCenter
DisableScreenshots
-init is not a valid initializer for XCSynthesizedEventRecord.
orientation
eventPaths
<XCSynthesizedEventRecord:%p name:'%@'> paths:
Path %llu:
supportsSecureCoding
T@"NSArray",R
T@"NSString",R,C,V_name
maximumOffset
interfaceOrientation
Tq,R,V_interfaceOrientation
-init is not a valid initializer for XCPointerEventPath.
index
pointerEvents
pathType
Events cannot be added to paths with decreasing offsets (last event %@ must not be after new event %@)
<XCPointerEventPath:%p events:%@>
immutable
Tc,V_immutable
TQ,V_index
TQ,R,V_pathType
offset values must be non-negative (%g < 0)
pressure must be between 0 and 1, inclusive: %g
q24@?0@"XCPointerEvent"8@"XCPointerEvent"16
eventType
buttonType
coordinate.x
coordinate.y
pressure
offset
<XCPointerEvent:%p type:%d coordinate:(%.0f,%.0f) pressure:%.4f offset:%.2fs>
TQ,V_eventType
TQ,V_buttonType
coordinate
T{CGPoint=dd},V_coordinate
Td,V_pressure
Td,V_offset
Can't pop test suite, _XCTestSuiteStack is empty.
tests
T@"NSMutableArray",&,V_tests
T@"XCTestConfiguration",&,V_testConfiguration
activityAggregateStatistics
T@"NSMutableDictionary",R,V_activityAggregateStatistics
-[%@ %@]
All tests
v32@?0@8@16^c24
<%@:%p, %lu, %@>
Unexpected Failure
Activity statistics for %@:
%.2fs : %@
Total time in activities: %.2fs
/Library/Caches/com.apple.xbs/Sources/XCTest/XCTest-13201/Sources/XCTestFramework/Core/XCTestSuite.m
This initializer requires a non-nil configuration object
Selected tests
Unable to compute bundle suite name from configuration %@
q24@?0@8@16
XCSuiteRecordsKey
XCLastTestIdentifierBeforeCrashKey
Restarting after unexpected exit or crash in %s; summary will include totals from previous launches.
Restarting after unexpected exit or crash; summary will include totals from previous launches.
XCExecutionCountBeforeCrashKey
XCFailureCountBeforeCrashKey
XCUnexpectedExceptionCountBeforeCrashKey
v32@?0@"NSString"8@"NSDictionary"16^c24
defaultTestSuite
T@"XCTestSuite",R
T@"NSDictionary",R
T@"NSArray",R,C
Overriding application state timeout, %.1f -> %.1f
Overriding AX messaging timeout, %.1f -> %.1f
Overriding event confirmation timeout, %.1f -> %.1f
Overriding daemon confirmation timeout, %.1f -> %.1f
Element %@ cannot request screenshot data because it does not exist
Element %@ cannot request screenshot data because it has an empty frame
Using screen with display ID %i for element with frame %@, getting screenshot data for element %@
Screenshot of %@
version
plist
CFBundleVersion
DTXcode
DTXcodeBuild
Linked %@ from %@, built with Xcode %@(%@), modified on %@
%@ bundle version: %@
xct_bundleLinkageInfo
XCTAttachmentLifetime XCTAttachmentLifetime_InternalToPublic(XCTAttachmentInternalLifetime)
/Library/Caches/com.apple.xbs/Sources/XCTest/XCTest-13201/Sources/XCTestFramework/Activities/XCTAttachmentInternalLifetime.m
Internal lifetime %li cannot be converted into a public lifetime.
keepAlways
deleteOnSuccess
keepNever
Unknown: %li
unknown
Unexpected failure with no current test or suite:
Interrupting test execution
_XCTestCaseInterruptionException
Interrupting test
AndReturnError:
/Library/Caches/com.apple.xbs/Sources/XCTest/XCTest-13201/Sources/XCTestFramework/Core/XCTestCase.m
%s should not be called on a non-main thread.
-[XCTestCase _interruptTest]
%s should not be called inside a nested run loop
Unable to report test assertion failure '%@' from %@:%@ because it was raised inside test case %@ which has no associated XCTestRun object. This may happen when test cases are constructed and invoked independently of standard XCTest infrastructure.
XCTestCase cannot start activities unless it has a primary thread
Assertion Failure: %@:%@: %@
line
file
break
expected
Parameter "description" must not be NULL.
Parameter "filePath" must not be NULL.
-[XCTestCase _enqueueFailureWithDescription:inFile:atLine:expected:breakWhenDequeued:]
Unable to report test assertion failure '%@' from %@:%@ because it was raised inside test case %@ which has no associated XCTestRun object. This may happen when test cases are constructed and invoked independently of standard XCTest infrastructure, or when the test has already finished.
Must be called on test thread.
Nested calls to %s are not permitted.
-[XCTestCase _reportFailuresAtFile:line:forTestAssertionsInScope:]
yyyy-MM-dd HH:mm:ss.SSS
Start Test at %@
Set Up
failed: caught error: %@
%K == false
creationToken
Failed due to unwaited expectation '%@'.
Failed due to unwaited expectations '%@'.
<unknown>
v16@?0@"XCTWaiter"8
runLoopNestingCount had non-zero value %ld at test invocation start.
Run loop nesting count is negative (%ld), observer possibly not unregistered.
%@: Exited last nested run loop and shouldHaltWhenReceivesControl is YES.
v24@?0^{__CFRunLoopObserver=}8Q16
Tear Down
block != nil
API violation -- attempting to add a teardown block after teardown blocks have been dequeued
Error reading memory graph from %@: %@
com.apple.XCTPerformanceMetric_WallClockTime
com.apple.XCTPerformanceMetric_UserTime
com.apple.XCTPerformanceMetric_SystemTime
com.apple.XCTPerformanceMetric_RunTime
com.apple.XCTPerformanceMetric_HighWaterMarkForHeapAllocations
com.apple.XCTPerformanceMetric_HighWaterMarkForVMAllocations
com.apple.XCTPerformanceMetric_TotalHeapAllocationsKilobytes
com.apple.XCTPerformanceMetric_PersistentHeapAllocations
com.apple.XCTPerformanceMetric_PersistentHeapAllocationsNodes
com.apple.XCTPerformanceMetric_PersistentVMAllocations
com.apple.XCTPerformanceMetric_TransientHeapAllocationsKilobytes
com.apple.XCTPerformanceMetric_TransientHeapAllocationsNodes
com.apple.XCTPerformanceMetric_TransientVMAllocationsKilobytes
com.apple.XCTPerformanceMetric_TemporaryHeapAllocationsKilobytes
com.apple.XCTPerformanceMetric_TemporaryHeapAllocationsNodes
com.apple.XCTPerformanceMetric_TemporaryVMAllocationsKilobytes
Time
Cannot start measuring. -startMeasuring is only supported from a block passed to -measure...Block:
Already called -startMeasuring once this iteration.
Cannot stop measuring. -stopMeasuring is only supported from a block passed to -measure...Block:
Cannot stop measuring before starting measuring
Already called -stopMeasuring once this iteration.
Metric has not yet been registered.
v24@?0@"NSString"8@"NSNumber"16
"%@" returned %@ from _enableSymbolication but "%@" previously returned %@
Ten values must be provided.
Unknown perf metric.
units
values
A performance metric may only be registered once.
performanceMetricIdentifiers
classNames
seconds
Run Time
User Time
System Time
High Water Mark For Heap Allocations
High Water Mark For VM Allocations
Persistent Heap Allocations
Nodes
Persistent VM Allocations
Total Heap Allocations
Transient Heap Allocations
Transient VM Allocations
Temporary Heap Allocations
Can only record one set of metrics per test method.
Cannot measure metrics while already measuring metrics.
metrics != nil
[metrics count] > 0
-startMeasuring must be called during the block.
v16@?0@"NSArray"8
Invalid root type: <%s> for property list at path: "%s", test baseline must be expressed as a dictionary
Error while de-serializing test baseline property list data: "%s" loaded from path: "%s"
Error while reading test baseline file: "%s" at path: "%s"
Missing top-level XCTContext and startActivityWithTitle was called
runActivity requires a non-null 'name'
runActivity requires a non-null 'scope'
Test Failure Memory Graph
testInvocations
defaultPerformanceMetrics
shouldHaltWhenReceivesControl
Tc,N
testCaseRun
T@"XCTestCaseRun",&
testContext
T@"XCUITestContext",R
defaultMemoryChecker
T@"XCTMemoryChecker",&,N,V_defaultMemoryChecker
activityRecordStackDepth
T@"_XCTestCaseImplementation",&,V_internalImplementation
invocation
T@"NSInvocation",&
continueAfterFailure
API violation - creating expectations while already in waiting mode.
T@"NSInvocation",&,V_invocation
primaryThread
T@"NSThread",&,V_primaryThread
T@"XCTestCaseRun",&,V_testCaseRun
Tc,V_continueAfterFailure
activePerformanceMetricIDs
T@"NSArray",C,V_activePerformanceMetricIDs
perfMetricsForID
T@"NSMutableDictionary",&,V_perfMetricsForID
startWallClockTime
TQ,V_startWallClockTime
startUserTime
T{time_value=ii},V_startUserTime
startSystemTime
T{time_value=ii},V_startSystemTime
measuringIteration
TQ,V_measuringIteration
isMeasuringMetrics
Tc,V_isMeasuringMetrics
didMeasureMetrics
Tc,V_didMeasureMetrics
didStartMeasuring
Tc,V_didStartMeasuring
didStopMeasuring
Tc,V_didStopMeasuring
filePathForUnexpectedFailure
T@"NSString",C,V_filePathForUnexpectedFailure
lineNumberForUnexpectedFailure
TQ,V_lineNumberForUnexpectedFailure
filePathForNestedFailure
T@"NSString",C,V_filePathForNestedFailure
lineNumberForNestedFailure
TQ,V_lineNumberForNestedFailure
expectations
T@"NSMutableSet",&,N,V_expectations
runLoopNestingCount
Tq,V_runLoopNestingCount
currentWaiter
T@"XCTWaiter",&,N,V_currentWaiter
failureRecords
T@"NSMutableArray",&,N,V_failureRecords
Tc,V_shouldHaltWhenReceivesControl
shouldIgnoreSubsequentFailures
Tc,V_shouldIgnoreSubsequentFailures
teardownBlocks
T@"NSMutableArray",R,V_teardownBlocks
hasDequeuedTeardownBlocks
Tc,V_hasDequeuedTeardownBlocks
hasAttemptedToCaptureScreenshotOnFailure
Tc,V_hasAttemptedToCaptureScreenshotOnFailure
attachmentManager
T@"XCTAttachmentManager",&,V_attachmentManager
T@"NSDictionary",C,V_activityAggregateStatistics
T@"XCUITestContext",R,V_testContext
void _XCTestCasePerformanceMetricsWithinBaseline(BOOL, XCTestCase *, NSString *, NSDictionary *, NSDictionary *, NSDictionary *)_block_invoke
@"NSNumber"20@?0@"NSString"8c16
void _XCTestCasePerformanceMetricsWithinBaseline(BOOL, XCTestCase *, NSString *, NSDictionary *, NSDictionary *, NSDictionary *)
performanceMetricResultDict should not be nil
maxPercentRelativeStandardDeviation
maxStandardDeviation
baselineAverage
baselineIntegrationDisplayName
maxPercentRegression
maxRegression
maxImprovement
name should not be nil
failed: No baseline average for %@.
values should not be nil
average:
stddev:
v32@?0@"NSNumber"8Q16^c24
failed: %@ measurement #%ld is %.0f%% worse than average (max allowed: %.0f%%).
failed: %@ measurement #%ld is %.0f%% better than average (max allowed: %.0f%%).
failed: %@ standard deviation is %.0f%% (max allowed: %.0f%%).
failed: %@ average is %.0f%% worse (max allowed: %.0f%%).
maxPercentImprovement
failed: %@ average is %.0f%% better (max allowed: %.0f%%).
void _XCTestCaseLogAndReportXCTMetrics(XCTestCase *, NSArray *, NSDictionary<NSString *,XCTMetric *> *, NSDictionary *)
Unknown metric: %@
WARNING: 
Starting test suite %@ while test case %@ is still running
Test suite %@ finished before its children finished
Test suite %@ finished which isn't running
Starting test case %@ while test case %@ is still running
Reporting failure for test case %@ which isn't running
Test case %@ finished which isn't running
warningLogHandler
T@?,R,C,V_warningLogHandler
testSuiteStack
T@"NSMutableArray",R,V_testSuiteStack
currentTestCase
T@"XCTestCase",&,V_currentTestCase
currentTestSuite
XCTAttachmentManager (%@) was not properly invalidated!
Test %@ did not collect the following attachments: 
Attempting to enqueue attachment '%@' on an invalidated XCTAttachmentManager (%@), ignoring.
/Library/Caches/com.apple.xbs/Sources/XCTest/XCTest-13201/Sources/XCTestFramework/Activities/XCTAttachmentManager.m
Unexpected current test '%@', expected test '%@'.
named '%@'
of type '%@'
Added attachment %@
Internal error: Attachments cannot be added to the test because activities are disabled.
attachments
T@"NSMutableArray",R,V_attachments
isValid
Tc,V_isValid
testCase
T@"XCTestCase",R,V_testCase
/Library/Caches/com.apple.xbs/Sources/XCTest/XCTest-13201/Sources/UITesting/XCKeyboardLayout.m
inputSource != NULL
{ source=%@, identifier=%@, keyMaps=%@ }
v16@?0@"XCKeyboardLayout"8
com.apple.keylayout.UnicodeHexInput
inputSource
inputLayout
Failed to switch keyboard layouts
identifier
T@"NSString",R,C,V_identifier
primaryKeyMap
T@"XCKeyboardKeyMap",R,V_primaryKeyMap
void _XCTFailureHandler(XCTestCase * _Nonnull, BOOL, const char * _Nonnull, NSUInteger, NSString * _Nonnull, NSString * _Nullable, ...)
/Library/Caches/com.apple.xbs/Sources/XCTest/XCTest-13201/Sources/XCTestFramework/Core/XCTestAssertionsImpl.m
Parameter "test" must not be nil.
Parameter "filePath" must not be empty.
Parameter "condition" must not be NULL.
Parameter "condition" must not be empty.
%@ - %@
failed
((%@) == nil) failed: "%@"
XCTAssertNil failed: "%@"
((%@) == nil) failed: throwing "%@"
XCTAssertNil failed: throwing "%@"
((%@) == nil) failed: throwing an unknown exception
XCTAssertNil failed: throwing an unknown exception
Invalid formatIndex
((%@) != nil) failed
XCTAssertNotNil failed
((%@) != nil) failed: throwing "%@"
XCTAssertNotNil failed: throwing "%@"
((%@) != nil) failed: throwing an unknown exception
XCTAssertNotNil failed: throwing an unknown exception
((%@) equal to (%@)) failed: ("%@") is not equal to ("%@")
XCTAssertEqualObjects failed: ("%@") is not equal to ("%@")
((%@) equal to (%@)) failed: throwing "%@"
XCTAssertEqualObjects failed: throwing "%@"
((%@) equal to (%@)) failed: throwing an unknown exception
XCTAssertEqualObjects failed: throwing an unknown exception
((%@) not equal to (%@)) failed: ("%@") is equal to ("%@")
XCTAssertNotEqualObjects failed: ("%@") is equal to ("%@")
((%@) not equal to (%@)) failed: throwing "%@"
XCTAssertNotEqualObjects failed: throwing "%@"
((%@) not equal to (%@)) failed: throwing an unknown exception
XCTAssertNotEqualObjects failed: throwing an unknown exception
XCTAssertEqual failed: ("%@") is not equal to ("%@")
XCTAssertEqual failed: throwing "%@"
XCTAssertEqual failed: throwing an unknown exception
XCTAssertNotEqual failed: ("%@") is equal to ("%@")
XCTAssertNotEqual failed: throwing "%@"
XCTAssertNotEqual failed: throwing an unknown exception
((%@) equal to (%@) +/- (%@)) failed: ("%@") is not equal to ("%@") +/- ("%@")
XCTAssertEqualWithAccuracy failed: ("%@") is not equal to ("%@") +/- ("%@")
((%@) equal to (%@) +/- (%@)) failed: throwing "%@"
XCTAssertEqualWithAccuracy failed: throwing "%@"
((%@) equal to (%@) +/- (%@)) failed: throwing an unknown exception
XCTAssertEqualWithAccuracy failed: throwing an unknown exception
((%@) not equal to (%@) +/- (%@)) failed: ("%@") is equal to ("%@") +/- ("%@")
XCTAssertNotEqualWithAccuracy failed: ("%@") is equal to ("%@") +/- ("%@")
((%@) not equal to (%@) +/- (%@)) failed: throwing "%@"
XCTAssertNotEqualWithAccuracy failed: throwing "%@"
((%@) not equal to (%@) +/- (%@)) failed: throwing an unknown exception
XCTAssertNotEqualWithAccuracy failed: throwing an unknown exception
((%@) greater than (%@)) failed: ("%@") is not greater than ("%@")
XCTAssertGreaterThan failed: ("%@") is not greater than ("%@")
((%@) greater than (%@)) failed: throwing "%@"
XCTAssertGreaterThan failed: throwing "%@"
((%@) greater than (%@)) failed: throwing an unknown exception
XCTAssertGreaterThan failed: throwing an unknown exception
((%@) greater than or equal to (%@)) failed: ("%@") is less than ("%@")
XCTAssertGreaterThanOrEqual failed: ("%@") is less than ("%@")
((%@) greater than or equal to (%@)) failed: throwing "%@"
XCTAssertGreaterThanOrEqual failed: throwing "%@"
((%@) greater than or equal to (%@)) failed: throwing an unknown exception
XCTAssertGreaterThanOrEqual failed: throwing an unknown exception
((%@) less than (%@)) failed: ("%@") is not less than ("%@")
XCTAssertLessThan failed: ("%@") is not less than ("%@")
((%@) less than (%@)) failed: throwing "%@"
XCTAssertLessThan failed: throwing "%@"
((%@) less than (%@)) failed: throwing an unknown exception
XCTAssertLessThan failed: throwing an unknown exception
((%@) less than or equal to (%@)) failed: ("%@") is greater than ("%@")
XCTAssertLessThanOrEqual failed: ("%@") is greater than ("%@")
((%@) less than or equal to (%@)) failed: throwing "%@"
XCTAssertLessThanOrEqual failed: throwing "%@"
((%@) less than or equal to (%@)) failed: throwing an unknown exception
XCTAssertLessThanOrEqual failed: throwing an unknown exception
((%@) is true) failed
XCTAssertTrue failed
((%@) is true) failed: throwing "%@"
XCTAssertTrue failed: throwing "%@"
((%@) is true) failed: throwing an unknown exception
XCTAssertTrue failed: throwing an unknown exception
((%@) is false) failed
XCTAssertFalse failed
((%@) is false) failed: throwing "%@"
XCTAssertFalse failed: throwing "%@"
((%@) is false) failed: throwing an unknown exception
XCTAssertFalse failed: throwing an unknown exception
((%@) throws) failed: did not throw
((%@) throws <%@>) failed: throwing <%@, "%@">
((%@) throws <%@>) failed: throwing an unknown exception
((%@) throws <%@>) failed: did not throw
((%@) throws <%@, "%@">) failed: throwing <%@, "%@", "%@">
((%@) throws <%@, "%@">) failed: throwing an unknown exception
((%@) throws <%@, "%@">) failed: did not throw
((%@) does not throw) failed: throwing "%@"
((%@) does not throw) failed: throwing an unknown exception
((%@) does not throw <%@>) failed: throwing <%@, "%@">
((%@) does not throw <%@, "%@">) failed: throwing <%@, "%@", "%@">
Invalid assertionType
/Library/Caches/com.apple.xbs/Sources/XCTest/XCTest-13201/Sources/XCTestFramework/Async/XCTNSPredicateExpectation.m
API violation - predicate must be non-nil.
Expect predicate `%@`
 for object %@
T@"_XCTNSPredicateExpectationImplementation",&,V_internal
pollingInterval
predicate
T@"NSPredicate",R,C
object
expectedFulfillmentCount
TQ,D,N
-[_XCTNSPredicateExpectationImplementation dealloc]
com.apple.dt.xctest.predicate-expectation
caught %@ while checking predicate expectation.
T@"<XCTNSPredicateExpectationObject>",R,V_object
T@"NSPredicate",R,C,V_predicate
T@"NSString",C,V_debugDescription
Td,V_pollingInterval
Application Snapshot:
listener
T@"NSXPCListener",V_listener
Creating the connection.
DTXConnection
/Library/Caches/com.apple.xbs/Sources/XCTest/XCTest-13201/Sources/UIRecording/XCUIRecorder_iOS.m
Couldn't find class DTXConnection, it may be necessary to softlink DTXConnectionServices here. See XCTestDriver for details.
Lost recording connection with device
Recording session disconnected from %@
XCUIRecorder_iOS.processingQueue
Starting test daemon with ID %@
proxyChannel: %@
remoteObjectProxy: %@
receipt: %@
Completion for _IDE_initiateSessionWithIdentifier...
Completion error: %@
Calling _IDE_startRecordingProcessPID on testmanagerd from -initWithTransport
v24@?0@"<NSSecureCoding><NSObject>"8@"NSError"16
Already invalidated
Calling _IDE_startRecordingProcessPID on testmanagerd from -recordTargetProcessPID:
Calling _IDE_stopRecording on testmanagerd
doubleTap
swipeDown
swipeLeft
swipeRight
swipeUp
twoFingerTap
Key Event Error: 
No focusedAccessibilityElement for appSnapshot:
No gestureNodes for characters:%@
charactersIgnoringModifiers:%@
modifierFlags:%@
focusedAccessibilityElement:%@
c24@?0@"XCElementSnapshot"8^c16
v32@?0@"XCElementSnapshot"8Q16^c24
eventName:%@, applicationSnapshot: %@, startElementSnapshot: %@
Failed to find startElementSnapshot in applicationSnapshot. startElementSnapshot: %@
applicationSnapshot:
Timestamped Event Matching Error: 
Timestamped Event Snapshot Error: 
 pressForDuration:%.1f];
.press(forDuration: %.1f);
unrecognized eventName: %@
gestureNodes: %@
node: %@
Responder Change Error: 
Test bundle is ready, running protocol %ld, requires at least version %ld. IDE is running %d and requires at least %d
Protocol mismatch: test process requires at least version %ld, IDE is running version %d
Protocol mismatch: IDE requires at least version %d, test process is running version %ld
No message
No updateBlock
maxDepth
maxChildren
maxArrayCount
traverseFromParentsToChildren
T@"DTXConnection",&,V_connection
testProtocolVersion
Tq,V_testProtocolVersion
daemonProxy
T@"<XCTestManager_DaemonConnectionInterface>",&,V_daemonProxy
deferredSoftKeyboardTapNode
T@"XCSourceCodeTreeNode",&,V_deferredSoftKeyboardTapNode
deferredSoftKeyboardTapGeneration
TQ,V_deferredSoftKeyboardTapGeneration
defaultAttributes
processingQueue
T@"NSObject<OS_dispatch_queue>",&,V_processingQueue
double tap
long press
pinch closed
pinch open
swipe down
swipe left
swipe right
swipe up
two finger tap
/Library/Caches/com.apple.xbs/Sources/XCTest/XCTest-13201/Sources/UIRecording/XCUIRecorder_Mac.m
Failed to Stop Recording:%@
Recorder Service Error: %@
v28@?0@"NSArray"8c16@"NSString"20
com.apple.dt.XCUIRecorderService
Recorder Service Interrupted
Recorder Service Invalidated
8736FA66-17B5-4A53-9F96-D409BAFE7A7F
input: %@, inputFromService: %@
Recording block must not be nil
v20@?0i8@"NSString"12
com.apple.dt.xctest.activity-type.internal
com.apple.dt.xctest.activity-type.userCreated
com.apple.dt.xctest.activity-type.attachmentContainer
com.apple.dt.xctest.activity-type.testAssertionFailure
com.apple.dt.xctest.activity-type.deletedAttachment
Other
uuid
start
finish
title
activityType
screenImageData
memoryGraphData
XCTCaptureAXDataForActivities
Activity %@ added attachment with name '%@', UTI '%@', lifetime '%@', hasPayload: %@.
%@ %@: %@ (%gs)
%@ %@: %@
 %@, %lu attachments
/Library/Caches/com.apple.xbs/Sources/XCTest/XCTest-13201/Sources/XCTestFramework/Activities/XCActivityRecord.m
Activity cannot be used after its scope has completed.
T@"NSString",C,V_title
T@"NSString",C,V_activityType
T@"NSUUID",C,V_uuid
T@"NSDate",C,V_start
T@"NSDate",C,V_finish
T@"NSArray",R,C,V_attachments
duration
useLegacySerializationFormat
Tc,V_useLegacySerializationFormat
aggregationIdentifier
T@"NSString",C,V_aggregationIdentifier
subactivitiesDuration
Td,R,V_subactivitiesDuration
totalTime
Td,V_totalTime
timeMinusSubactivities
Td,V_timeMinusSubactivities
XCElementSnapshot
XCSynthesizedEventRecord
/Library/Caches/com.apple.xbs/Sources/XCTest/XCTest-13201/Sources/XCTestFramework/Utilities/XCTSerializedTransportWrapper.m
[aDecoder isKindOfClass:NSXPCCoder.class]
serializedTransport
%@ can only be encoded as part of an NSXPCConnection message
T@"NSObject<OS_xpc_object>",R,V_serializedTransport
com.apple.XCTest.event-dispatch
Ignoring event sequence ID from the past (%lld < %lld) (not an error)
Event confirmed by sequence ID
Event sequence ID is missing
Ignoring event timestamp from the past (%.3f < %.3f) (not an error)
Event confirmed by timestamp
Event timestamp is missing
Invoked completion after soft timeout
v12@?0c8
Setting up confirmation monitoring for event %lld
v16@?0@"NSDictionary"8
Dispatching event %lld
moving mouse to {%g, %g}
sending mouse down (%d)
sending mouse up (%d)
hover
v24@?0@"XCSynthesizedEventRecord"8@"NSError"16
click at %g, %g
double click
triple click
right click
sending mouse down for click-and-hold at %g, %g
drag to %g, %g
sending mouse up for drag at %g, %g
v24@?0^c8^d16
Invalid delta for scrolling - dx/dy = %.2f/%.2f
ignoring zero point scroll vector
Scroll duration %g
Invalid scroll duration %.2f returning error
Internal logic error: computed invalid scroll duration of %.2f from step interval %f, deltaX %f, pixelsPerStepX %f
scroll %d,%d
sending key down %d
sending key up %d
sending CGKeyCode %s %d (%@)
down
sending CGKeyCode %s %d
Sending string '%@'
Unable to type "%@" using any keyboard layout
The key "%@" does not exist in the current keyboard layout
Failed to change keyboard layout: %@
Sleep for %.4fs before next key event
Touch Bar tap
Touch Bar tap at {%g, %g}
Touch Bar double tap
Touch Bar double tap at {%g, %g}
Touch Bar press
Touch Bar press at {%g, %g} for %.1f seconds
Touch Bar drag
sending touch down to Touch Bar for press-and-drag at {%g, %g}
sending drag to Touch Bar at {%g, %g}
sending touch up to Touch Bar for press-and-drag at {%g, %g}
sending %@ to Touch Bar
failed to create HID event for %@
sharedGenerator
T@"XCEventGenerator",R
eventQueue
T@"NSObject<OS_dispatch_queue>",R,V_eventQueue
generationObserver
T^{__CFRunLoopObserver=},R,V_generationObserver
eventSource
T^{__CGEventSource=},R,V_eventSource
eventSourceStateID
Ti,R
eventSequenceCounter
TAq,R,V_eventSequenceCounter
generation
TQ,V_generation
touch down
drag
touch up
(unsupported event)
activateIfRunning
Tc,V_activateIfRunning
terminateIfRunning
Tc,V_terminateIfRunning
usePlatformLauncher
Tc,V_usePlatformLauncher
launchArguments
T@"NSArray",C,V_launchArguments
environmentVariables
T@"NSDictionary",C,V_environmentVariables
XCTestObserverClass
observers
T@"NSMutableArray",&,V_observers
suspended
Tc,V_suspended
<%@: %p, Suspended: %d>
/Library/Caches/com.apple.xbs/Sources/XCTest/XCTest-13201/Sources/XCTestFramework/Observation/XCTestObservationCenter.m
Test observers can only be registered and unregistered on the main thread.
Only objects conforming to <XCTestObservation> can be registered as observers.
Test observer %@ implements -startObserving. This is a deprecated API - please implement -testBundleWillStart: instead.
Test observer %@ implements -stopObserving. This is a deprecated API - please implement -testBundleDidFinish: instead.
Unable to unregister observer %@, not found in list of observers %@
The block parameter must be non-Nil
Reported test suite event for non-suite test object %@
Reported test case event for non-suite test object %@
sharedTestObservationCenter
T@"XCTestObservationCenter",R
T@"NSMutableArray",R
com.apple.dt.xctest.application-process
<XCUIApplicationProcess: %p %@ (%d)>
%@:%d
%@ accessibility active (loaded) %d -> %d
%@ application state %@ (%d) -> %@ (%d)
/Library/Caches/com.apple.xbs/Sources/XCTest/XCTest-13201/Sources/UITesting/XCUIApplicationProcess.m
Only valid on main thread.
c24@?0@8@"NSDictionary"16
^{ %@ }
((self.applicationState != XCUIApplicationStateUnknown)) || !_XCWaitLoopIsValid
Application state is still unknown
Invalid process ID transition from %d -> %d, only allowed to transition from 0 to non-zero or non-zero to 0.
%@ pid %d -> %d
Failed to load AX for %@: %@
Token cannot change (set once).
Token must be non-nil.
%@ setting launch token to %@
exitCode is set-once
%@ eventLoopHasIdled %d -> %d
%@ hasReceivedEventLoopHasIdled %d -> %d
%@ animationsHaveFinished %d -> %d
%@ hasReceivedAnimationsHaveFinished %d -> %d
Wait for %@ to idle
Waiting for %@ quiescence...
-[XCUIApplicationProcess waitForQuiescenceIncludingAnimationsIdle:]_block_invoke
((!self.foreground || self.eventLoopHasIdled))
App failed to quiesce within %.0fs
App event loop idle notification not received, will attempt to continue.
%@ has quiesced or quiescence timeout has elapsed.
Returning from quiescence check because %@ is no longer foreground.
Requesting automation session for %@
automation session
v24@?0@"<XCTRunnerAutomationSession>"8@"NSError"16
Failure requesting automation session for %@: %@
Timed out waiting for automation session for %@
-[XCUIApplicationProcess terminate]
Terminate %@
%@ is not running, no action required for terminatation.
Waiting for termination
(!self.running) || !_XCWaitLoopIsValid
Failed to terminate %@ after %.1fs; state is still `%@` (%d)
eventLoopHasIdled
hasReceivedEventLoopHasIdled
animationsHaveFinished
hasReceivedAnimationsHaveFinished
applicationMonitor
T@"XCUIApplicationMonitor",V_applicationMonitor
AXManager_macOS
T@"XCAXManager_macOS",V_AXManager_macOS
processID
Ti,N
TQ,N
running
Tc,R,V_suspended
background
foreground
accessibilityActive
token
T@,&
exitCode
Tc,V_hasExitCode
Tc,V_hasCrashReport
automationSession
T@"<XCTRunnerAutomationSession>",&,V_automationSession
lastSnapshot
T@"XCElementSnapshot",&,V_lastSnapshot
applicationImplementation
T@"XCUIApplicationImpl",V_applicationImplementation
accessibilityElement
T@"XCAccessibilityElement",R,C
activationPolicy
Tq,N,V_activationPolicy
NSScreenNumber
screenNumber
XCUIScreen (displayID: %i, main: %@)
/Library/Caches/com.apple.xbs/Sources/XCTest/XCTest-13201/Sources/UITesting/XCUIScreen.m
Could not acquire the list of active screens
Failed to CGSGetDisplayModeDescription, error %i
Failed to CGSGetCurrentDisplayMode, error %i
Screenshot of %@ screen (ID %i)
main
Request screenshot of screen with ID %i
Request screenshot for frame %@ of screen with ID %i
%@ (quality %@)
Request screenshot
v24@?0@"NSData"8@"NSError"16
Timed out taking a screenshot.
Screenshot request returned nil with no additional error information.
To screenshot a frame, it must have non-0 area.
Using legacy screenshot path for rect %@
^{CGImage=}12@?0i8
Failed to create image for display ID %i
Failed to create image destination
mainScreen
T@"XCUIScreen",R
screens
displayID
Ti,R,V_displayID
isMainScreen
Tc,R,V_isMainScreen
testBundleURL
testBundleRelativePath
testsToSkip
testsToRun
targetApplicationArguments
targetApplicationEnvironment
testApplicationDependencies
testApplicationUserOverrides
sessionIdentifier
pathToXcodeReportingSocket
baselineFileURL
baselineFileRelativePath
reportResultsToIDE
disablePerformanceMetrics
treatMissingBaselinesAsFailures
targetApplicationPath
targetApplicationBundleID
productModuleName
reportActivities
testsMustRunOnMainThread
initializeForUITesting
aggregateStatisticsBeforeCrash
automationFrameworkPath
emitOSLogs
systemAttachmentLifetime
userAttachmentLifetime
_private_testBundleURL
Invalid type for key '%@' in configuration dictionary, expected instance of %@ or nil, found instead %@
_private_testBundleRelativePath
Test configurations must specify either a valid test bundle file URL as string or a relative path, dictionary contained %@ for testBundleURL and %@ for testBundleRelativePath
_private_testsToSkip
_private_testsToRun
_private_targetApplicationArguments
_private_targetApplicationEnvironment
_private_sessionIdentifier
_private_pathToXcodeReportingSocket
_private_baselineFileURLString
_private_baselineFileRelativePath
_private_reportResultsToIDE
_private_disablePerformanceMetrics
_private_treatMissingBaselinesAsFailures
_private_targetApplicationPath
_private_targetApplicationBundleID
_private_testApplicationDependencies
_private_testApplicationUserOverrides
_private_productModuleName
_private_reportActivities
_private_testsMustRunOnMainThread
_private_initializeForUITesting
_private_aggregateStatisticsBeforeCrash
_private_automationFrameworkPath
_private_emitOSLogs
_private_systemAttachmentLifetime
_private_userAttachmentLifetime
/Library/Caches/com.apple.xbs/Sources/XCTest/XCTest-13201/Sources/XCTestFramework/Harness/XCTestConfiguration.m
Test bundle URL must be set before writing configuration to file.
                  testBundleURL:%@
         testBundleRelativePath:%@
              productModuleName:%@
                    testsToSkip:%@
                     testsToRun:%@
             reportResultsToIDE:%@
              sessionIdentifier:%@
     pathToXcodeReportingSocket:%@
      disablePerformanceMetrics:%@
treatMissingBaselinesAsFailures:%@
                baselineFileURL:%@
       baselineFileRelativePath:%@
          targetApplicationPath:%@
      targetApplicationBundleID:%@
 testApplicationDependencies:(null)
 testApplicationDependencies:
 testApplicationUserOverrides:(null)
 testApplicationUserOverrides:
     targetApplicationArguments:%@
   targetApplicationEnvironment:(null)
   targetApplicationEnvironment:
               reportActivities:%@
       testsMustRunOnMainThread:%@
         initializeForUITesting:%@
 aggregateStatisticsBeforeCrash:%@
        automationFrameworkPath:%@
                     emitOSLogs:%@
       systemAttachmentLifetime:%@
         userAttachmentLifetime:%@
activeTestConfiguration
T@"XCTestConfiguration"
T@"NSString",C,V_testBundleRelativePath
Tc,V_reportResultsToIDE
T@"NSUUID",C,V_sessionIdentifier
T@"NSString",C,V_pathToXcodeReportingSocket
Tc,V_disablePerformanceMetrics
Tc,V_treatMissingBaselinesAsFailures
T@"NSURL",C,N,V_baselineFileURL
T@"NSString",C,V_baselineFileRelativePath
T@"NSString",C,V_targetApplicationPath
T@"NSString",C,V_targetApplicationBundleID
T@"NSString",C,V_productModuleName
Tc,V_reportActivities
Tc,V_testsMustRunOnMainThread
Tc,V_initializeForUITesting
Tc,V_emitOSLogs
T@"NSDictionary",C,V_aggregateStatisticsBeforeCrash
absolutePath
T@"NSString",C,V_absolutePath
T@"NSString",C,V_automationFrameworkPath
Tq,V_systemAttachmentLifetime
Tq,V_userAttachmentLifetime
T@"NSURL",C,N,V_testBundleURL
T@"NSSet",C,V_testsToSkip
T@"NSSet",C,V_testsToRun
T@"NSDictionary",C,V_testApplicationDependencies
T@"NSDictionary",C,V_testApplicationUserOverrides
T@"NSArray",C,V_targetApplicationArguments
T@"NSDictionary",C,V_targetApplicationEnvironment
testMode
Tq,R
/Library/Caches/com.apple.xbs/Sources/XCTest/XCTest-13201/Sources/XCTestFramework/Async/XCTDarwinNotificationExpectation.m
Expect Darwin notification '%@'
T@"_XCTDarwinNotificationExpectationImplementation",&,V_internal
-[_XCTDarwinNotificationExpectationImplementation dealloc]
com.apple.dt.xctest.darwin-expectation
v12@?0i8
/*@START_MENU_TOKEN@*/
@END_MENU_TOKEN@*/
BOOL XCSourceCodeTreeNodeLanguageIsSwift(XCSourceCodeTreeNodeLanguage)
/Library/Caches/com.apple.xbs/Sources/XCTest/XCTest-13201/Sources/UIRecording/XCSourceCodeTreeNode.m
Unreachable
sourceCodePrefix:%@
sourceCodeSuffix:%@
-[XCSourceCodeTreeNode setChildNodes:error:]
[childNode isKindOfClass:[XCSourceCodeTreeNode class]]
[childNode parentNode] == nil || [childNode parentNode] == self
c32@?0@"XCSourceCodeTreeNode"8Q16^c24
Items in childNodesOrNil must compare equal to one and only one sibling. This object compares equal to %ld siblings. node:%@, indexes:%@, childNodes:%@
selectedChildNodeIndex:%ld, self.childNodes.count:%ld
Xcode
+[XCSourceCodeTreeNode _nodesByMergingSimilarNodes:]_block_invoke
[node isKindOfClass:[XCSourceCodeTreeNode class]]
+[XCSourceCodeTreeNode _nodesByMergingSimilarNodes:]_block_invoke_2
([[node sourceCodePrefix] isEqualToString:[node2 sourceCodePrefix]])
selectedChildNodeIndex is NSNotFound
-[XCSourceCodeTreeNode selectedChildNode]
[self selectedChildNodeIndex] < [[self childNodes] count]
-[XCSourceCodeTreeNode setSelectedChildNode:]
selectedChildNodeIndex != NSNotFound
sourceCodeSuffix is nil
currentNode has childNodes but no selectedChildNode
ERROR:%@
%@%@%@%@%@
c32@?0@"NSArray"8Q16^c24
Q16@?0@"NSArray"8
q24@?0@"NSArray"8@"NSArray"16
-[XCSourceCodeTreeNode _treeAsJSONWithError:]
flatTreeRows.count == idx
[currentSubTree isKindOfClass:[NSArray class]]
indexOfSuffix != NSNotFound
indexOfPrefix != NSNotFound
indexOfSubTree != NSNotFound
indexOfSubTree > idx
SourceCodePrefix
SourceCodeSuffix
ChildNodes
SelectedChildNodeIndex
IdentifierValues
Index
QueryType
ReturnType
CalleeType
ElementType
+[XCSourceCodeTreeNode rangeOfFirstSourceCodeTreeInString:range:]
range.location != NSNotFoundstring.length: %@, range: %@
range.location < string.lengthstring.length: %@, range: %@
NSMaxRange(range) <= string.lengthstring.length: %@, range: %@
+[XCSourceCodeTreeNode _rangeOfFirstSourceCodeTreeInString:range:compiledSourceCodeRange:jsonRange:]
string != nil
range.location != NSNotFound
NSMaxRange(range) <= string.lengthrange: %@, string.length: %@
NSMaxRange(prefixRange) <= string.lengthrange: %@, string.length: %@
searchForSuffixRange.location != NSNotFound
NSMaxRange(searchForSuffixRange) <= string.lengthrange: %@, string.length: %@
NSMaxRange(result) <= string.lengthrange: %@, string.length: %@
+[XCSourceCodeTreeNode rangeOfFirstSourceCodeTreeInString:range:] returns different range.
jsonObject should be NSArray. is %@ instead.
jsonObject should have 3 items. has %ld instead.
Failed to deserialize JSON.
Failed to find range of JSON.
sourceCodeSegments should be NSArray. is %@ instead.
sourceCodeSuffix should be NSString. is %@ instead.
selectedChildNodesIndexes should be NSArray. is %@ instead.
index should be NSNumber. is %@ instead.
flatTreeRows should be NSArray. is %@ instead.
row should be NSArray. is %@ instead.
item should be NSArray. is %@ instead.
Count of items should be at least 2.
item[RowItemIndex_SourceCodePrefixIndex] should be NSNumber. is %@ instead.
item[RowItemIndex_SourceCodeSuffixIndex] should be NSNumber. is %@ instead.
sourceCodePrefixIndex is too big. sourceCodePrefixIndex:%ld, sourceCodeSegments.count:%ld
sourceCodeSuffixIndex is outside of available range. sourceCodeSuffixIndex:%ld, sourceCodeSegments.count:%ld
item[RowItemIndex_SubTreeIndex] should be NSNumber. is %@ instead.
subTreeIndex is too big. subTreeIndex:%ld, subTrees.count:%ld
subTreeIndex is too small. subTreeIndex:%ld, idx:%ld
localError:%@
selectedChildNodeIndex is too big. selectedChildNodeIndex:%@, currentNode.childNodes.count:%ld
Tree in result does not round-trip. result: %@
roundTrippedResult: %@
error fetching stringRepresentation: %@
error fetching tree: %@
-[XCSourceCodeTreeNode _leavesHaveNoNonLeafSiblingsAndHaveSamePrefix:suffix:]
firstNodePrefix != nil
firstNodeSuffix != nil
-[XCSourceCodeTreeNode _stringRepresentationWithCompiledCodeRange:options:error:]
leafsIdenticalPrefix != nil
leafsIdenticalSuffix != nil
%@%@%@
treePrefix != nil
%@%@/*%@%@
+[XCSourceCodeTreeNode _stringRepresentationsOfNodesAsSeparateLines:language:options:error:]
c16@?0@"XCSourceCodeTreeNode"8
Leaves have different prefixes.
parentNode
T@"XCSourceCodeTreeNode",W
_identifierValues
T@"NSSet",C,S_setIdentifierValues:,V_identifierValues
_index
T@"NSNumber",C,S_setIndex:,V_index
_queryType
T@"NSString",C,S_setQueryType:,V_queryType
_returnType
T@"NSNumber",C,S_setReturnType:,V_returnType
_calleeType
T@"NSNumber",C,S_setCalleeType:,V_calleeType
_elementType
T@"NSNumber",C,S_setElementType:,V_elementType
displayName
sourceCodePrefix
sourceCodeSuffix
rootNode
T@"XCSourceCodeTreeNode",R
childNodes
T@"NSArray",&
selectedChildNodeIndex
selectedChildNodeIndexPath
T@"NSIndexPath",R
selectedChildNode
T@"XCSourceCodeTreeNode",&
%@ should not be used directly on %@
-[XCUIApplication initWithElementQuery:]
/Library/Caches/com.apple.xbs/Sources/XCTest/XCTest-13201/Sources/UITesting/XCUIApplication.m
No target application path specified via test configuration: %@
No target application bundle id specified via test configuration: %@
bundle
'%@' does not appear to be an application bundle (invalid path extension)
bundleIdentifier != nil
'%@'
URLs of scheme '%@' are not supported
url != nil
Failed to determine bundle identifier for '%@'
lsInfo != nil
required key not present in LaunchServices info: %@
bundleID != nil
path != nil
applicationImpl != nil
attempting to reinitialize via %@
-[XCUIApplication commonInitWithApplicationImpl:isTestDependency:]
((self.state != XCUIApplicationStateUnknown)) || !_XCWaitLoopIsValid
Unable to update application state promptly.
XCTDisableSnapshottingForEventsOnApplication
Target Application %p
Application "%@" %p
applicationImpl.state
state
Wait for %@ to become %@
-[XCUIApplication _launchUsingXcode:]
Launching %@ with arguments and environment variables:
-[XCUIApplication activate]
Activating %@ with arguments and environment variables:
-[XCUIApplication terminate]
-[XCUIApplication _waitForQuiescence]
Not Running
Running Background
Running Foreground
Unknown
lastLaunchRequest
T@"XCUIApplicationOpenRequest",&,V_lastLaunchRequest
applicationQuery
T@"XCApplicationQuery",&,V_applicationQuery
keyboard
T@"XCUIElement",R,V_keyboard
ancillary
Tc,V_ancillary
applicationImpl
T@"XCUIApplicationImpl",R,V_applicationImpl
prefersPlatformLauncher
Tc,V_prefersPlatformLauncher
T@"<XCTRunnerAutomationSession>",R
T@"XCAccessibilityElement",R
bundleID
T@"NSString",R
path
doesNotHandleUIInterruptions
Tc,N,V_doesNotHandleUIInterruptions
T@"NSArray",C,N,V_launchArguments
launchEnvironment
T@"NSDictionary",C,N,V_launchEnvironment
_XCUI:CloseWindow
_XCUI:MinimizeWindow
_XCUI:ZoomWindow
_XCUI:FullScreenWindow
XCUIIdentifierCloseWindow
XCUIIdentifierMinimizeWindow
XCUIIdentifierZoomWindow
XCUIIdentifierFullScreenWindow
UIDeviceOrientation
NSString *_XCUIDeviceOrientation_GetAbbreviatedSwiftSymbolNameForEnumSymbolName(NSString *)
/Library/Caches/com.apple.xbs/Sources/XCTest/XCTest-13201/Sources/UIRecording/XCUIRecorderUtilities.m
orientationSymbolName: %@
[XCUIDevice sharedDevice].orientation = %@;
shared()
shared
XCUIDevice.%@.orientation = %@
c16@?0@"XCElementSnapshot"8
Failed to find targetAccessibilityElement in applicationSnapshot. startElementSnapshot: %@
applicationSnapshot:
v24@?0@"XCElementSnapshot"8^c16
contextFree
[[XCUIApplication alloc] init]
XCUIApplication()
// %@
[[XCUIRemote sharedRemote] pressButton:%@];
XCUIRemoteButton
XCUIRemote.%@.press(%@)
XCTAssert(
.hasFocus);
.hasFocus)
 %@];
.%@()
XCUIKeyModifierNone
XCUIKeyModifierCommand
XCUIKeyModifierCapsLock
XCUIKeyModifierShift
XCUIKeyModifierOption
XCUIKeyModifierControl
XCUIKeyModifier
Unknown language
(%@)
[%@]
 typeText:@"%@"];
.typeText("%@")
 typeKey:%@ modifierFlags:%@];
.typeKey(%@, modifierFlags:%@)
@"%@"
"%@"
@"XCSourceCodeTreeNode"24@?0@"NSString"8^c16
XCUIKeyboardKeyDelete
XCUIKeyboardKeySpace
XCUIKeyboardKeyReturn
XCUIKeyboardKeyTab
[XCUIElement performWithKeyModifiers:%@ block:^{
XCUIElement.perform(withKeyModifiers: %@) {
Unexpected platform: %lu
previousFocusedAccessibilityElement
T@"XCAccessibilityElement",&,V_previousFocusedAccessibilityElement
previousTyping
T@"NSMutableString",&,V_previousTyping
platform
TQ,V_platform
_compareSnapshotsLikePlatform
TQ,V_compareSnapshotsLikePlatform
Attributes: %@
Path to element:
Checking `%@`
Element debugDescription:
Waiting %.1fs for %@ to exist
exists == 1
Find the %@
Resolve element query
Find the %@ (retry %d)
Unexpected path from root for %@, root does not match the rest of the sparse tree so discarding
Multiple matches found for %@.
Sparse tree of matches:
frame
T{CGRect={CGPoint=dd}{CGSize=dd}},R
label
elementType
enabled
Tc,R,GisEnabled
horizontalSizeClass
verticalSizeClass
placeholderValue
selected
Tc,R,GisSelected
T@"XCUIElementQuery",R,C
statusItems
firstMatch
T@"XCUIElement",R
hitPointCoordinate
T@"XCUICoordinate",R,C
isTouchBarElement
isTopLevelTouchBarElement
application
T@"XCUIApplication",R,N
query
T@"XCUIElementQuery",R,V_query
hasKeyboardFocus
Tc,R,V_hasKeyboardFocus
safeQueryResolutionEnabled
Tc,V_safeQueryResolutionEnabled
exists
hittable
Tc,R,GisHittable
%s is not a supported initializer.
-[XCUIElementHitPointCoordinate initWithElement:normalizedOffset:]
-[XCUIElementHitPointCoordinate initWithCoordinate:pointsOffset:]
suggested-points
ignoring-frames
alignment
i24@?0r^v8r^v16
Don't call %@.
-[XCTestRun init]
<%@: %p, Started: %@, Stopped: %@, Test: %@>
implementation
T@"_XCInternalTestRun",R,V_internalTestRun
executionCountBeforeCrash
failureCountBeforeCrash
unexpectedExceptionCountBeforeCrash
test
T@"XCTest",R
startDate
T@"NSDate",R,C
stopDate
totalDuration
testDuration
testCaseCount
executionCount
failureCount
unexpectedExceptionCount
totalFailureCount
hasSucceeded
/Library/Caches/com.apple.xbs/Sources/XCTest/XCTest-13201/Sources/XCTestFramework/Core/XCTestRun.m
Invalid attempt to start a test run that has already been started: %@
Invalid attempt to stop a test run that has not yet been started: %@
Invalid attempt to stop a test run that has already been stopped: %@
Invalid attempt to record a failure for a test run that has not yet been started: %@
Invalid attempt to record a failure for a test run that has already been stopped: %@
T@"XCTest",R,V_test
hasStopped
Tc,R,V_hasStopped
TQ,V_executionCountBeforeCrash
TQ,V_failureCountBeforeCrash
TQ,V_unexpectedExceptionCountBeforeCrash
testRun
T@"XCTestRun",&,V_testRun
/Library/Caches/com.apple.xbs/Sources/XCTest/XCTest-13201/Sources/XCTestFramework/Core/XCAbstractTest.m
Invalid test run class: %@. Must be a subclass of: %@
_requiredTestRunBaseClass
languageAgnosticTestClassName
languageAgnosticTestMethodName
nameForLegacyLogging
testRunClass
T@"XCTestRun",R
HH:mm:ss.SSS
%@ %s[%d:%llu] %@
%@:%lu %@ (%@)
failureRecord
T@"XCSymbolicationRecord",R
lineNumber
TQ,V_lineNumber
filePath
T@"NSString",C,V_filePath
symbolName
T@"NSString",C,V_symbolName
symbolOwner
T@"NSString",C,V_symbolOwner
/Library/Caches/com.apple.xbs/Sources/XCTest/XCTest-13201/Sources/UITesting/XCUIApplicationRegistry.m
T@"NSURL",R,C,V_URL
bundleIdentifier
T@"NSString",R,C,V_bundleIdentifier
isTestDependency
Tc,R,V_isTestDependency
rawMap != nil
v32@?0@"NSString"8@"NSString"16^c24
Failed to resolve application for '%@'
Application '%@' is unknown, did you mean '%@'? (Bundle identifier matching is case-sensitive.)
testDependencies
T@"NSDictionary",C,V_testDependencies
userOverrides
T@"NSDictionary",C,V_userOverrides
platformProvider
T@"<XCUIApplicationRegistryProvider>",&,V_platformProvider
complete
Tc,R,GisComplete
unsolvedRange
T{_NSRange=QQ},R,V_unsolvedRange
solvedInputs
T@"NSArray",R,V_solvedInputs
keyMap
T@"XCKeyboardKeyMap",R,V_keyMap
string
T@"NSString",R,C,V_string
requiredFlags
TQ,V_requiredFlags
excludedFlags
TQ,V_excludedFlags
currentFlags
TQ,V_currentFlags
includeModifierKeys
Tc,V_includeModifierKeys
Error %lld: %@
com.apple.dt.xctest.ui-testing.error
Error %lld: %@
User info:%@
v32@?0{_NSRange=QQ}8^c24
v16@?0S8S12
{ range=[%lu, %lu], primary=%s }
canEmitSequenceIDAndKeyState
Tc,R,V_canEmitSequenceIDAndKeyState
primary
Tc,R,GisPrimary
kXCTAttachmentLegacyScreenImageData
kXCTAttachmentLegacySnapshot
kXCTAttachmentLegacySynthesizedEvent
kXCTAttachmentLegacyDiagnosticReportData
kXCTAttachmentLegacyMemoryGraphData
uniformTypeIdentifier
T@"NSString",C,V_uniformTypeIdentifier
lifetime
Tq,V_lifetime
timestamp
T@"NSDate",C,V_timestamp
userInfo
T@"NSDictionary",C,V_userInfo
payload
T@"NSData",C,V_payload
fileNameOverride
T@"NSString",C,V_fileNameOverride
serializationBlock
T@?,C,V_serializationBlock
hasPayload
Tc,V_hasPayload
/Library/Caches/com.apple.xbs/Sources/XCTest/XCTest-13201/Sources/XCTestFramework/Activities/XCTAttachment.m
Internal error: serialization block is nil, payload is nil but hasPayload is YES, this should never happen.
Failed to generate data from attachment %@.
v16@?0@"NSMutableDictionary"8
UniformTypeIdentifier
Name
Timestamp
UserInfo
Payload size
Lifetime
FileNameOverride
Attachment:
Scale
@"NSData"24@?0@"XCTAttachment"8@"NSMutableDictionary"16
T@"_XCTAttachmentImplementation",R,V_internalImplementation
internalLifetime
T@"NSDate",C
T@"NSDictionary",C
Failed to convert string attachment to UTF-8 data.
Failed to serialize object of class '%@' into a property list, error '%@'.
Failed to load file attachment at path '%@', the file does not exist.
Failed to load file attachment at path '%@', the path is a directory, not a file.
Failed to load file attachment at URL '%@', error '%@'.
Failed to load directory attachment at path '%@', the directory does not exist.
Failed to load directory attachment at path '%@', the path is not a directory.
Failed to create a temporary directory for a zip, path '%@', error '%@'.
/usr/bin/zip
-rqy
v16@?0@"NSTask"8
%@ %@:
Failed to zip directory attachment at path '%@' to archive '%@', error output:
Failed to zip directory attachment at path '%@', timed out running command '%@'.
Failed to load zipped directory attachment at URL '%@', error '%@'.
Error writing to log file handle: %@
%@:%lu: error: %@ : %@
Test Suite '%@' started at %@
Test Suite '%@' %s at %@.
 Executed %lu test%s, with %lu failure%s (%lu unexpected) in %.3f (%.3f) seconds
passed
Test Case '%@' started.
Test Case '%@' %s (%.3f seconds).
d24@?0@"NSArray"8@"NSString"16
/Library/Caches/com.apple.xbs/Sources/XCTest/XCTest-13201/Sources/XCTestFramework/Observation/XCTestLog.m
test != nil
unitsOfMeasurement != nil
values != nil
Performance Metrics must provide 10 measurements.
%.3f%c
%.3f
baselineName: "%@", baselineAverage: %@, maxPercentRegression: %@, maxPercentRelativeStandardDeviation: %@, maxRegression: %@, maxStandardDeviation: %@
%@:%lu: Test Case '%@' measured [%@, %@] average: %.3f, relative standard deviation: %.3f%c, values: [%@], performanceMetricID:%@, %@
    t = %8.2fs %s%s
logFileHandle
T@"NSFileHandle",R
XCUIEventTypeNull
XCUIEventTypeKeyDown
XCUIEventTypeKeyUp
XCUIEventTypeFlagsChanged
XCUIEventTypeAccelerometer
XCUIEventTypeDeviceOrientationChanged
XCUIEventTypeMenuButtonDown
XCUIEventTypeMenuButtonUp
XCUIEventTypeVolumeUpButtonDown
XCUIEventTypeVolumeUpButtonUp
XCUIEventTypeVolumeDownButtonDown
XCUIEventTypeVolumeDownButtonUp
XCUIEventTypeLockButtonDown
XCUIEventTypeLockButtonUp
XCUIEventTypeRingerOff
XCUIEventTypeRingerOn
XCUIEventTypeLockDevice
XCUIEventTypeShakeSimulator
XCUIEventTypeSiriButtonDown
XCUIEventTypeSiriButtonUp
XCUIEventTypeScreenSaverButtonDown
XCUIEventTypeScreenSaverButtonUp
XCUIEventTypeMuteButtonDown
XCUIEventTypeMuteButtonUp
XCUIEventTypePlayButtonDown
XCUIEventTypePlayButtonUp
XCUIEventTypeEjectButtonDown
XCUIEventTypeEjectButtonUp
XCUIEventTypeProximity
XCUIEventTypePlayPauseButtonDown
XCUIEventTypePlayPauseButtonUp
XCUIEventTypeACHomeDown
XCUIEventTypeACHomeUp
XCUIEventTypeTVRemoteUpArrowDown
XCUIEventTypeTVRemoteUpArrowUp
XCUIEventTypeTVRemoteDownArrowDown
XCUIEventTypeTVRemoteDownArrowUp
XCUIEventTypeTVRemoteLeftArrowDown
XCUIEventTypeTVRemoteLeftArrowUp
XCUIEventTypeTVRemoteRightArrowDown
XCUIEventTypeTVRemoteRightArrowUp
XCUIEventTypeTVRemoteMenuDown
XCUIEventTypeTVRemoteMenuUp
XCUIEventTypeTVRemoteActivateDown
XCUIEventTypeTVRemoteActivateUp
XCUIEventTypeTVRemoteActivate2Down
XCUIEventTypeTVRemoteActivate2Up
XCUIEventTypeTVRemoteTVDown
XCUIEventTypeTVRemoteTVUp
XCUIEventTypeTVRemoteMicDown
XCUIEventTypeTVRemoteMicUp
XCUIEventTypeGameController
XCUIEventTypeHand
XCUIEventTypeMediaKeyDown
XCUIEventTypeMediaKeyUp
NSString * _Nonnull _XCUIEventType_GetEnumSymbolName(XCUIEventType)
/Library/Caches/com.apple.xbs/Sources/XCTest/XCTest-13201/Sources/UIRecording/XCUIEventType.m
Unknown AXEventType (%lu)
Got empty string for type (%lu)
XCUIRemoteButtonSelect
Remote Button Error: Failed to collect application snapshot
Failed to find focused element in applicationSnapshot. applicationSnapshot: 
Remote Button Error: Failed to find focused element
FailedFailed to create snapshots to focussed element. focusedElement: 
 applicationSnapshot: 
Remote Button Error: Failed to create snapshots to focussed element
/Library/Caches/com.apple.xbs/Sources/XCTest/XCTest-13201/Sources/UIRecording/XCUIRecorder_tvOS.m
eventName: 
duration: 
applicationSnapshot: 
eventNames: 
parameterSnapshot: 
Focus changed to element: %@
Focus did not actually change
previousFocusElementSnapshot
T@"XCElementSnapshot",&,V_previousFocusElementSnapshot
previousFocusAppSnapshot
T@"XCElementSnapshot",&,V_previousFocusAppSnapshot
sawButtonRecently
Tc,V_sawButtonRecently
XCUIRemoteButtonUp
XCUIRemoteButtonDown
XCUIRemoteButtonLeft
XCUIRemoteButtonRight
XCUIRemoteButtonMenu
XCUIRemoteButtonPlayPause
@40@?0^{__XCUIMatchingPointContext=}8{CGPoint=dd}16^c32
unable to find hit point in frame %@
Invalid frame for hit point search: %@
%@ is identical to occluding element %@, so not really occluded
%@ is occluded by %@
%@ is an ancestor of %@
occluding view %@ has a scroll view ancestor %@ that is not an ancestor of target %@
Performing query for hit element %@ with app %@
/Library/Caches/com.apple.xbs/Sources/XCTest/XCTest-13201/Sources/UITesting/XCElementSnapshot+Hitpoint.m
Root elements for target (%@) and hit elements (%@) should be equal.
After merge, root for hit element should be %@
Merged tree for hit element into tree of target.
Query for hit element returned error %@
%@ hit testing %.1f,%.1f, got %@
Error hit testing point {%.1f, %.1f} with target %@: %@
Matched hit element to known descendant %@
Hit element %@ matches target's application but could not be found in snapshot tree.
Hit test returned element from a different application: %@. Currently this scenario cannot be handled.
Hit element %@ matches hit tested element %@, will return the original hit tested element instead. This suggests a duplicate reference to node in the snapshot.
Hit element %@ is a fuzzy match for hit tested element %@, will return the original hit tested element instead. This suggests a duplicate node in the snapshot.
Computing hit point for %@
hit point computation for %@ took %.1fs
Failure getting role and window attributes for %@: %@
hitPoint
T{CGPoint=dd},R
hitPointForScrolling
window
T@"XCElementSnapshot",R
testRuns
XCTWaiterResultCompleted
XCTWaiterResultTimedOut
XCTWaiterResultIncorrectOrder
XCTWaiterResultInvertedFulfillment
XCTWaiterResultInterrupted
Unknown result
<%@: %p, state: %@>
/Library/Caches/com.apple.xbs/Sources/XCTest/XCTest-13201/Sources/XCTestFramework/Async/XCTWaiter.m
API violation - each expectation can appear only once in the 'expectations' parameter.
API violation - -wait: has already been called on this waiter.
%@ entering wait loop for %.2fs with expectations: %@
%@ caught %@ while waiting
%@ done waiting
%@ watchdog first trigger, clearing _XCWaitLoopIsValid and notifying manager of timeout
%@ watchdog second trigger. Raising stall failure.
Interrupting %@ for waiter %@
%@: cancelWaiting
_expections should be nil inside %s, was the waiter re-used?
-[XCTWaiter _queue_setExpectations:]
%@ cleaning up %@
self.internalImplementation.fulfilledExpectations != nil
self.internalImplementation.fulfilledExpectations.count == 0
%K == true
Internal error in %s: fulfilledExpectations should not include any inverted expectations; found %@
-[XCTWaiter _queue_enforceOrderingWithFulfilledExpectations:]
q24@?0@"XCTestExpectation"8@"XCTestExpectation"16
Internal error in %s: number of fulfilledExpectations (%llu) must not exceed total number of non-inverted expectations (%llu): %@ vs %@
inverted = 0
%@ reporting timed out failure with %@
fulfillmentToken
delay
inProgress
Tc,R,GisInProgress
T@"NSObject<OS_dispatch_queue>",R,N
delegateQueue
waitingRunLoop
T^{__CFRunLoop=}
T@"_XCTWaiterImpl",R,V_internalImplementation
timeout
waitCallStackReturnAddresses
delegate
T@"<XCTWaiterDelegate>",W
fulfilledExpectations
com.apple.dt.async-test-waiter
com.apple.dt.async-test-waiter-delegate
T@"<XCTWaiterDelegate>",V_delegate
manager
T@"XCTWaiterManager",V_manager
Td,V_timeout
T@"NSArray",C,V_waitCallStackReturnAddresses
T^{__CFRunLoop=},V_waitingRunLoop
T@"NSObject<OS_dispatch_queue>",R,N,V_queue
T@"NSObject<OS_dispatch_queue>",R,N,V_delegateQueue
T@"NSArray",C,N,V_expectations
T@"NSMutableArray",R,N,V_fulfilledExpectations
Tq,V_state
result
Tq,V_result
enforceOrderOfFulfillment
Tc,V_enforceOrderOfFulfillment
T@"NSError",R
timedOut
Tc,V_timedOut
XCTWaiterStateInitialized
XCTWaiterStateInProgress
XCTWaiterStateSucceeded
XCTWaiterStateFailed
XCTWaiterStateInterrupted
Unknown state
NSApplication
NSApp
/Library/Caches/com.apple.xbs/Sources/XCTest/XCTest-13201/Sources/XCTestFramework/Activities/XCTActivityRecordStack.m
XCTestCase must not be nil when starting a new activity
Title must not be nil
ActivityType must not be nil
Activity must be an instance of XCActivityRecord
Activity %@ must be the top of the stack: %@
XCTestCase must not be nil when unwinding remaining activities
aggregationRecords
T@"NSDictionary",R,V_aggregationRecords
Find: %@
Get number of matches for: %@
"%@" %@
%@Find: %@
%@Output: {
%@  %@
Descendants matching type %@
Children matching type %@
filter
order ascending by %@
centerX
centerY
order descending by %@
sorted
Elements matching predicate '%@'
1 == 1
%@ IN identifiers
elementType == %lu
elementType == %lu && %@ IN identifiers
Elements containing elements matching predicate '%@'
Elements containing elements matching type %@ with identifier '%@'
Element at index %llu
title == %@
label == %@
identifier == %@
value == %@
placeholderValue == %@
First Match
/Library/Caches/com.apple.xbs/Sources/XCTest/XCTest-13201/Sources/UITesting/XCUIElementQuery.m
AXElement must be nonnull for identity binding
Descendant with identity binding to %@
accessibilityElement == %@
Creating identity binding for %@ %@
Identity Binding
Get all elements bound by accessibility element for: %@
Get all elements bound by index for: %@
Application %@ is not running
XCTDisableRemoteQueryEvaluation
Checking for possible remote query evaluation: hasAutomationSession: %@, supportsRemoteEvaluation: %@
Got no results from remote query evaluation. Error: %@
results tree:
matches: %@
remote elements: %@
v24@?0@"NSString"8@?<v@?>16
Found matches %@ with root %@
Resolving remote placeholders found during remote query evaluation.
Finished resolving remote elements
inputQuery
T@"XCUIElementQuery",R,V_inputQuery
changesScope
Tc,V_changesScope
stopsOnFirstMatch
Tc,V_stopsOnFirstMatch
expressedType
TQ,V_expressedType
expressedIdentifiers
T@"NSArray",C,V_expressedIdentifiers
lastInput
T@"NSOrderedSet",C,V_lastInput
lastOutput
T@"NSOrderedSet",C,V_lastOutput
rootElementSnapshot
T@"XCElementSnapshot",&,V_rootElementSnapshot
T@"XCUIApplication",R
queryDescription
T@"NSString",R,C,V_queryDescription
elementDescription
elementSnapshotForDebugDescription
T@"XCElementSnapshot",R,C
backingQuery
T@"XCTElementQuery",R,C
transformer
T@"<XCTElementSetTransformer>",&,V_transformer
element
count
allElementsBoundByAccessibilityElement
allElementsBoundByIndex
horizontal position
vertical position
Invalid
parentScope
T@"XCUITestContextScope",R,V_parentScope
handlers
T@"NSMutableArray",&,V_handlers
/Library/Caches/com.apple.xbs/Sources/XCTest/XCTest-13201/Sources/XCTestFramework/Core/XCUITestContext.m
XCUITestContext is only for use on the main thread.
default alert handler
%s is only for use on the main thread.
-[XCUITestContext addUIInterruptionMonitorWithDescription:handler:]
API violation: null handlers are not supported.
Internal error: no current scope to add handler %@ to.
Internal error: _handlers has not been initialized.
-[XCUITestContext removeUIInterruptionMonitor:]
Internal error: no current scope to remove handler with token %@ from.
API violation: no handler found matching token %@
-[XCUITestContext handleAsynchronousUIElement:]
c16@?0@"XCUIElement"8
currentScope
T@"XCUITestContextScope",&,N,V_currentScope
didHandleUIInterruption
Tc,V_didHandleUIInterruption
T@?,C,V_handler
handlerDescription
T@"NSString",C,V_handlerDescription
T@"NSUUID",C,V_identifier
com.apple.testmanagerd
Connection to daemon was invalidated.
/Library/Caches/com.apple.xbs/Sources/XCTest/XCTest-13201/Sources/XCTestFramework/Harness/XCTRunnerDaemonSession.m
connection != nil
com.apple.dt.xctest.runner-daemon-session
Connection to testmanagerd interrupted, will allow subsequent messaging to re-establish.
Connection to testmanagerd invalidated.
Exchange protocol versions with daemon
Got daemon protocol version %lu
v16@?0Q8
Connection to testmanagerd timed out, unknown protocol version.
%@ calling invalidation handlers.
Requesting IDE connection transport
Creating transport with received transport data
v16@?0@"XCTSerializedTransportWrapper"8
Requesting socket
Creating transport with received socket %d
Socket transport to IDE disconnected
v16@?0@"NSFileHandle"8
Requesting automation session for process %d, automation framework path: %@
Automation session support not yet available.
v24@?0@"NSXPCListenerEndpoint"8@"NSError"16
Daemon protocol version does not support taking a screenshot.
Unable to take a screenshot - daemon protocol version does not support this functionality.
Daemon protocol version does not support taking a screenshot with rect.
Unable to take a screenshot with rect - daemon protocol version does not support this functionality.
T@"NSXPCConnection",&,V_connection
daemonProtocolVersion
T@"<XCTestManager_ManagerInterface>",R
invalidationHandlers
T@"NSMutableDictionary",&,V_invalidationHandlers
T@"<XCTUIApplicationMonitor>",V_applicationMonitor
accessibilityClient
T@"<XCTAXClient>",V_accessibilityClient
useLegacyEventCoordinateTransformationPath
usePointTransformationsForFrameConversions
useLegacyScreenshotPath
NSKVONotifying_
Contents/Info.plist
NSPrincipalClass
Test bundle Info.plist at %@ specified %@ for NSPrincipalClass, but no class matching that name was found.
void _XCTestMain(XCTestConfiguration *)
/Library/Caches/com.apple.xbs/Sources/XCTest/XCTest-13201/Sources/XCTestFramework/Harness/XCTestMain.m
Invalid configuration %@
Loading test bundle at: %@
No test bundle found at %@
%@ %@
Finished loading test bundle
Failed to run tests: %s
kXCTContextStackThreadKey
/Library/Caches/com.apple.xbs/Sources/XCTest/XCTest-13201/Sources/XCTestFramework/Activities/XCTContext.m
runActivityNamed:inScope must be called from the main thread.
Cannot pass nil activity to runActivityNamed:block:
%s must be called on the primary thread %@, not on the current thread %@
-[XCTContext willStartActivityWithTitle:type:]
-[XCTContext didFinishActivity:]
Activity must be of class XCActivityRecord
-[XCTContext unwindRemainingActivities]
testCase must not be nil when creating an XCTContext scope
Cannot set current context to nil
Current context must not be nil
currentContext
T@"XCTContext",R
T@"_XCTContextImplementation",&,V_internalImplementation
activityRecordStack
T@"XCTActivityRecordStack",R,V_activityRecordStack
T@"XCTestCase",W,V_testCase
-[XCUICoordinate init]
%@[%.2f, %.2f]
%@ -> (%.1f, %.1f)
T@"XCUIElement",R,V_element
T@"XCUICoordinate",R,V_coordinate
normalizedOffset
T{CGVector=dd},R,V_normalizedOffset
pointsOffset
T{CGVector=dd},R,V_pointsOffset
referencedElement
screenPoint
Hover over %@
%@ cannot called with Touch Bar elements, not valid for %@.
-[XCUICoordinate(XCUICoordinateMouseEvents) hover]_block_invoke
d24@?0@"XCElementSnapshot"8@?<v@?@"XCSynthesizedEventRecord"@"NSError">16
Click %@
-[XCUICoordinate(XCUICoordinateMouseEvents) click]_block_invoke
Double click %@
-[XCUICoordinate(XCUICoordinateMouseEvents) doubleClick]_block_invoke
Right click %@
-[XCUICoordinate(XCUICoordinateMouseEvents) rightClick]_block_invoke
Click and drag from %@ to %@
-[XCUICoordinate(XCUICoordinateMouseEvents) clickForDuration:thenDragToCoordinate:]_block_invoke
Scroll %@ by dx: %.2f, dy: %.2f
-[XCUICoordinate(XCUICoordinateMouseEvents) scrollByDeltaX:deltaY:]_block_invoke
Tap %@ in Touch Bar
%@ can only be called with Touch Bar elements, not valid for %@.
-[XCUICoordinate(XCUICoordinateTouchBarEvents) tap]_block_invoke
Double tap %@ in Touch Bar
-[XCUICoordinate(XCUICoordinateTouchBarEvents) doubleTap]_block_invoke
Press %@ in Touch Bar for %.1f seconds
-[XCUICoordinate(XCUICoordinateTouchBarEvents) pressForDuration:]_block_invoke
Press %@ in Touch Bar for %.1f seconds then drag to %@
-[XCUICoordinate(XCUICoordinateTouchBarEvents) pressForDuration:thenDragToCoordinate:]_block_invoke
keyState
TQ,R,V_keyState
next
T@"XCKeyMappingPath",R,C,V_next
inputs
T@"NSSet",R,C,V_inputs
output
T@"NSString",R,C,V_output
length
TQ,R,V_length
producedString
T@"NSString",R,C,V_producedString
empty
Tc,R,GisEmpty
XCTestedUnitPath
XCTest
None
Self
XCTestTool
T@"NSString",C,V_identifier
T@"NSString",C,V_units
baseline
T@"NSDictionary",C,V_baseline
defaultBaseline
T@"NSDictionary",C,V_defaultBaseline
measurements
T@"NSArray",C,V_measurements
%lli
%llu
%.12g
{_NSRange=II}
{_NSPoint=ff}
{_NSSize=ff}
{_NSRect={_NSPoint=ff}{_NSSize=ff}}
com.apple.instruments.server.services.remoteleaks
DTXMessage
SerializedGraph
v16@?0@"DTXMessage"8
Error encountered when retrieving memory graph.
LeakAgent didn't respond to request for memory graph.
Connection to LeakAgent was interrupted while retrieving memory graph.
An error occurred when retrieving memory graph.
Object abandoned: <%@ : %llx>
v44@?0I8{?=Qb60b4@}12^c36
objects
%lu %@ %@ abandoned:
<%@ : %p>,
%lu leaked %@ found: %@
Object Abandoned: %@
markedAddresses
T@"NSMutableSet",&,V_markedAddresses
dtxConnection
T@"DTXConnection",&,N,V_dtxConnection
T@"<XCTMemoryCheckerDelegate>",V_delegate
DTServiceHubClient
VMUDirectedGraph
VMUProcessObjectGraph
VMUClassInfo
LeakedGraphOnly
com.apple.dt.XCTest.MemoryTestingErrorDomain
v16@?0^v8
DTSanitizeInputGraph
__%@
_kNodeInfo
_kNodeAddress
%ld x %@, 
v32@?0@"NSString"8@"NSNumber"16^c24
com.apple.dt.xctest.shared-ide-session
/Library/Caches/com.apple.xbs/Sources/XCTest/XCTest-13201/Sources/XCTestFramework/Harness/XCTRunnerIDESession.m
SharedXCTRunnerIDESession == nil
Creating unix domain socket, will connect to path %@
Unable to create a unix domain socket: %d %s
Verifying path to socket %@ (length %d)
No file found for unix domain socket for IDE connection at path %@
Connecting to socket
Failed to connect to unix domain socket at path %@: %d %s
Creating transport with connected socket %d
transport != nil
com.apple.dt.xctest.runner-ide-session
Creating connection with transport %@
Creating the proxy channel with connection %@
Messaging IDE proxy - _XCT_testBundleReadyWithProtocolVersion:%d minimumVersion:%d
_XCT_testBundleReadyWithProtocolVersion:minimumVersion: reply contained error: %@
_XCT_testBundleReadyWithProtocolVersion:minimumVersion: reply received
_IDE_startExecutingTestPlanWithProtocolVersion:%@
Error during initialization for UI testing: %@
Process crashed with pid:%@ path:%@ bundleID:%@ summary:%@
Got launch request reply from Xcode, token/error: %@
IDE connection doesn't support launch progress checking, returning complete.
Got status/error: %@ for token %@
Using token to terminate %@ via Xcode
Non-critical error encountered: %s
Please file a bug and attach the details above.
self diagnosis report received by IDE
Error in reporting self diagnosis issue %@: %@
: %@
Timed out trying to report self diagnosis issue %@: %@
Stop tracking process with token %@
Got exit status %@ for process with token %@
No IDE proxy to report to.
-[XCTRunnerIDESession testBundleWillStart:]
-[XCTRunnerIDESession testSuiteWillStart:]
-[XCTRunnerIDESession testSuite:didFailWithDescription:inFile:atLine:]
-[XCTRunnerIDESession testSuiteDidFinish:]
%s %@ %@
-[XCTRunnerIDESession testCaseWillStart:]
-[XCTRunnerIDESession testCaseDidFinish:]
%s called with unexpected testRun %p:%@ (expected %p:%@)
-[XCTRunnerIDESession testCase:didFailWithDescription:inFile:atLine:]
-[XCTRunnerIDESession _testCase:didMeasureValues:forPerformanceMetricID:name:unitsOfMeasurement:baselineName:baselineAverage:maxPercentRegression:maxPercentRelativeStandardDeviation:maxRegression:maxStandardDeviation:file:line:]
_XCTPerfMetricIDKey
_XCTPerfMetricNameKey
_XCTPerfMetricValuesKey
_XCTPerfMetricUnitsKey
_XCTPerfMetricBaselineNameKey
_XCTPerfMetricBaselineAverageKey
_XCTPerfMetricMaxPercentRegressionKey
_XCTPerfMetricMaxPercentRelativeStdDevKey
_XCTPerfMetricMaxRegressionKey
_XCTPerfMetricMaxStdDevKey
%@ started activity %@
%@ finished activity %@
%s, Flushing connection to IDE...
-[XCTRunnerIDESession testBundleDidFinish:]
IDEConnection
T@"DTXConnection",&,V_IDEConnection
IDEProxy
T@"<XCTestManager_IDEInterface><NSObject>",&,V_IDEProxy
IDEProtocolVersion
Tq,V_IDEProtocolVersion
readinessReply
T@?,C,V_readinessReply
T@"<XCTUIApplicationMonitor>",W,V_applicationMonitor
reportsCrashes
supportsVariableScreenshotFormats
-\[%@ (.+)\]
unspecifiedMethod_%@
_classNameForReporting
_methodNameForReporting
XCTestOutputBarrier
Caught exception attempting to write output synchronization barrier: %@
/Library/Caches/com.apple.xbs/Sources/XCTest/XCTest-13201/Sources/XCTestFramework/Async/XCTKVOExpectation.m
API violation - keyPath is a required parameter.
API violation - object is a required parameter.
Expect value of '%@' of %@ to be '%@'
Expect change to '%@' of %@
T@"_XCKVOExpectationImplementation",&,V_internal
keyPath
expectedValue
options
-[_XCKVOExpectationImplementation dealloc]
com.apple.dt.xctest.kvo-expectation
T@"NSString",R,C,V_keyPath
T@,R,V_expectedValue
TQ,R,V_options
%@: %d pid:%d %@
level
Ti,V_level
bounds
T{CGRect={CGPoint=dd}{CGSize=dd}},V_bounds
Ti,V_processID
Failure getting attributes: %d
AXUnknown
AXParent
AXChildren
XCElementSnapshot *_XCElementFromAXElement(AXUIElementRef, NSArray<NSString *> *, NSError **)
/Library/Caches/com.apple.xbs/Sources/XCTest/XCTest-13201/Sources/UITesting/XCAXManager_macOS.m
Child elements is not of type AXUIElementRef
WARNING: Accessibility data inconsistency:
is part of accessibilityChildren for 
but the parent element reference does not match which may result in undefined behavior.
AXTabs
AXIdentifier
AXRole
AXSubrole
AXTitle
AXValue
AXPlaceholderValue
AXFrame
AXEnabled
AXSelected
AXMain
AXDescription
AXFocused
value found but doesn't match expected class %@, instead is %@
XCAXManagerAdditionalLogging
com.apple.dt.Xcode.IDETesting.AXManager
User has not granted permission for this process or its parent to use Accessibility.
AXFunctionRowTopLevelElements
AXMenuOpened
AXMenuClosed
Unable to get run loop source for accessibility observer.
Error %d subscribing to AX notification %@
Error creating notification observer for pid %d: %d
Reparenting any menus that have opened
Already reparented, so skipping %@
Found new menu %@
Failure getting menu snapshot: %@
Parent not in hierarchy, ignoring %@
Forgetting about parent-less menu %@
Can't provide snapshot, root element is null.
Completion for AX setup - not handling the error/success (info logged previously
Failed to access application element for app with pid %d
Could not find the Touch Bar element.
Could not find an element in the Touch Bar at point (%f,%f).
Could not find XCAccessibilityElement for element.
Could not find AXUIElementRef for element.
Error %d from AX system trying to find element at {%.0f, %0f}
%s must be called on the main thread.
-[XCAXManager_macOS _registerForAXNotificationsForApplicationWithPID:deadline:lastError:completionAndCleanup:]
Timed out trying to load AX for %d
Error setting up AX for %d: %@, will retry in .1s
v16@?0@"NSTimer"8
Finished loading AX for %d
No element found for pid
Setting up AX for %d
Target element has window ID %u, will only check windows kCGWindowListOptionOnScreenAboveWindow
Window ID unknown, will check all windows
Ignoring window with layer %d (menu or extra)
Ignoring window with alpha of %@
Will check window %@ with layer %d, bounds %@
%s: for %@, application %@ has state %d, appIsForeground %d
-[XCAXManager_macOS interruptingUIElementsAffectingSnapshot:]
affectingFrame is %@
Checking window %@
target is active and window %@ doesn't intersect %@, will ignore
Found element %@ at %.1f, %.1f
@"NSNumber"40@?0^{__XCUIMatchingPointContext=}8{CGPoint=dd}16^c32
Skipping %@, pid of expected window is %d
Unable to find window for %@
Adding %@ to checked frames list
Application for interrupting element is %@
Found interrupting elements %@
systemWideElement
T^{__AXUIElement=},V_systemWideElement
observersByPID
T@"NSMutableDictionary",&,V_observersByPID
inProgressObservationSetupPIDs
T@"NSMutableSet",&,V_inProgressObservationSetupPIDs
activeMenus
T@"NSMutableArray",&,V_activeMenus
notificationHandlers
T@"NSMutableDictionary",&,V_notificationHandlers
failed: caught "%@"
, "%@"
XCUIKeyboardKeyEnter
XCUIKeyboardKeyEscape
XCUIKeyboardKeyUpArrow
XCUIKeyboardKeyDownArrow
XCUIKeyboardKeyLeftArrow
XCUIKeyboardKeyRightArrow
XCUIKeyboardKeyF1
XCUIKeyboardKeyF2
XCUIKeyboardKeyF3
XCUIKeyboardKeyF4
XCUIKeyboardKeyF5
XCUIKeyboardKeyF6
XCUIKeyboardKeyF7
XCUIKeyboardKeyF8
XCUIKeyboardKeyF9
XCUIKeyboardKeyF10
XCUIKeyboardKeyF11
XCUIKeyboardKeyF12
XCUIKeyboardKeyF13
XCUIKeyboardKeyF14
XCUIKeyboardKeyF15
XCUIKeyboardKeyF16
XCUIKeyboardKeyF17
XCUIKeyboardKeyF18
XCUIKeyboardKeyF19
XCUIKeyboardKeyForwardDelete
XCUIKeyboardKeyHome
XCUIKeyboardKeyEnd
XCUIKeyboardKeyPageUp
XCUIKeyboardKeyPageDown
XCUIKeyboardKeyClear
XCUIKeyboardKeyHelp
XCUIKeyboardKeyCapsLock
XCUIKeyboardKeyShift
XCUIKeyboardKeyControl
XCUIKeyboardKeyOption
XCUIKeyboardKeyCommand
XCUIKeyboardKeyRightShift
XCUIKeyboardKeyRightControl
XCUIKeyboardKeyRightOption
XCUIKeyboardKeyRightCommand
XCUIKeyboardKeySecondaryFn
/Library/Caches/com.apple.xbs/Sources/XCTest/XCTest-13201/Sources/XCTestFramework/Harness/XCTTestRunSession.m
testConfiguration != nil
Running Unit Tests
Loading test suite...
Finished loading test suite, took %.3fs
Running suite...
Finished running suite.
Calling completion.
IDE confirmed the end of session
T@"<XCTTestRunSessionDelegate>",V_delegate
%3.3f elapsed
%3.3f sec, +%3.3f sec -- %@
Td,V_start
message
T@"NSString",C,V_message
<XCUIApplicationImpl: %p %@ at %@>
<XCUIApplicationImpl: %p %@>
%@ changing currentProcess from %@ to %@
Updating pid for currentProcess %@ to %d
Done setting pid for %@ to %d
App state updated for %@: %@ (%lu)
currentProcess.applicationState
state == %d
Waiter returned %@ waiting for application state '%@', state = %@
/Library/Caches/com.apple.xbs/Sources/XCTest/XCTest-13201/Sources/UITesting/XCUIApplicationImpl.m
((self.currentProcess != ((void *)0))) || !_XCWaitLoopIsValid
Application state is still unknown (no process record for application)
-[XCUIApplicationImpl serviceOpenRequest:]
Open %@
Activate %@
application activated and quiesced
Launch %@
Terminating existing instance before launching %@
Removing stale process instance before launching %@
Overriding open request to use platform launcher: application path is nil
application launched and quiesced
Waiting for Xcode to confirm launch completion...
Throttling status checking for %gs...
Failure attempting to launch %@, current process reference is nil
Failure attempting to launch %@, nil token for current process reference %@
Checking status using token %@ from %@
Got progress %g for token %@
Failure attempting to launch %@: %@
v24@?0c8f12@"NSError"16
(__c11_atomic_load(&responseReceived, 5)) || !_XCWaitLoopIsValid
launch status response from Xcode
Xcode confirmed launch completion.
Failure launching %@ via Xcode: no connection to Xcode exists.
Launching %@ via Xcode with args:%@ env:%@
Got launch request reply from Xcode, token %@, error %@
v24@?0@8@"NSError"16
(_currentProcess.token != ((void *)0)) || !_XCWaitLoopIsValid
Launch token from Xcode
Launching %@ via NSWorkspace with args: [ %@ ] env: %@
Launching macOS application via NSWorkspace while sandboxed. Launch arguments and environment variables may be dropped.
((_currentProcess.processID > 0)) || !_XCWaitLoopIsValid
Application '%@' does not have a process ID
Wait for accessibility to load
(_currentProcess.accessibilityActive) || !_XCWaitLoopIsValid
App accessibility isn't loaded
activated
_currentProcess %@ state is %d, pid is %d
Activating %@ via NSWorkspace
Failed to activate, activation policy is %d
Waiting for %@ to activate
Application '%@' failed to activate, current state is %@
Activation wait interrupted
Internal failure while waiting for %@ to activate, current state is %@
%@ crashed in %@
%@ crashed
T@"NSString",R,C,V_path
T@"NSString",R,C,V_bundleID
currentProcess
T@"XCUIApplicationProcess",&,N,V_currentProcess
supportsAutomationSession
Tc,V_supportsAutomationSession
Tq,N
node:%@, ancestorFinderTargetElementType:%@, matchingSnapshots:%@, descendantFinders:%@
matchingSnapshots
T@"NSSet",C,V_matchingSnapshots
node
T@"XCSourceCodeTreeNode",&,V_node
ancestorFinder
T@"XCUIRecorderNodeFinder",&,V_ancestorFinder
descendantFinders
T@"NSMutableArray",&,V_descendantFinders
allowDirectChildrenMatches:%@, targetElementType:%@, ancestorNodeFinderMatch:%p
v24@?0Q8^c16
/Library/Caches/com.apple.xbs/Sources/XCTest/XCTest-13201/Sources/UIRecording/XCUIRecorderNodeFinder.m
ancestorFinder is not being processed by childNodeFinders. 
currentNodeFinder:%@
ancestorFinder:%@
snapshotArray:
appSnapshot:
Unknown language: %lu
_NS:
nodeFinder does not exist in [ancestorMatch descendantFinders]
nodeFinder was not removed
ancestorMatch.ancestorFinder == nil
ancestorMatch does not exist in [ancestorFinder mutableFoundNodeMatches]
ancestorMatch was not removed
@"XCUIRecorderNodeFinderMatch"16@?0@"NSString"8
.element
v24@?0Q8@"NSString"16
c24@?0@"XCElementSnapshot"8@"NSDictionary"16
uniqueDescendantWithIdentifiers
.%@[%@]
 descendantsMatchingType:%@][%@]
.descendants(matching: %@)[%@]
.%@.element
 descendantsMatchingType:%@].element
.descendants(matching: %@).element
uniqueChildWithIdentifiers
 childrenMatchingType:%@][%@]
.children(matching: %@)[%@]
 childrenMatchingType:%@].element
.children(matching: %@).element
 childrenMatchingType:%@] matchingIdentifier:%@] elementBoundByIndex:%@]
.children(matching: %@).matching(identifier: %@).element(boundBy: %@)
 childrenMatchingType:%@] elementBoundByIndex:%@]
.children(matching: %@).element(boundBy: %@)
descendantsWithIdentifiers
.%@ matchingIdentifier:%@]
.%@.matching(identifier: %@)
 descendantsMatchingType:%@] matchingIdentifier:%@]
.descendants(matching: %@).matching(identifier: %@)
 descendantsMatchingType:%@]
.descendants(matching: %@)
childrenWithIdentifiers
 childrenMatchingType:%@] matchingIdentifier:%@]
.children(matching: %@).matching(identifier: %@)
.%@ containingType:%@ identifier:%@]
.%@.containing(%@, identifier:%@)
 descendantsMatchingType:%@] containingType:%@ identifier:%@]
.descendants(matching: %@).containing(%@, identifier:%@)
mutableFoundNodeMatches
T@"NSMutableArray",&,V_mutableFoundNodeMatches
unprocessedContainsMatches
T@"NSMutableArray",&,V_unprocessedContainsMatches
ancestorNodeFinderMatch
T@"XCUIRecorderNodeFinderMatch",&,V_ancestorNodeFinderMatch
targetSnapshotIndex
TQ,V_targetSnapshotIndex
targetSnapshot
T@"XCElementSnapshot",&,V_targetSnapshot
allowElementQueries
Tc,V_allowElementQueries
excludeUnlessNecessary
Tc,V_excludeUnlessNecessary
/Library/Caches/com.apple.xbs/Sources/XCTest/XCTest-13201/Sources/XCTestFramework/Async/XCTWaiterManager.m
Waiters still registered when waiter-manager is deallocating.
com.apple.dt.xctest.waiter-manager
%@ %s called on the wrong thread (%@); must be called on thread %@
-[XCTWaiterManager waiterWillBeginWaiting:]
Waiter %@ reported timed out but is not in the managed stack %@
-[XCTWaiterManager waiterDidFinishWaiting:]
waiter == self.waiterStack.lastObject
waiterStack
T@"NSMutableArray",&,V_waiterStack
thread
T@"NSThread",V_thread
T@"NSObject<OS_dispatch_queue>",R,V_queue
plainText
JPEG
TIFF
XMLPropertyList
zipArchive
no description provided
/Library/Caches/com.apple.xbs/Sources/XCTest/XCTest-13201/Sources/XCTestFramework/Async/XCTestExpectation.m
API violation - multiple calls made to -[XCTestExpectation fulfill] for %@.
API violation - fulfillment count must be greater than 0.
API violation - cannot set expectedFulfillmentCount on '%@' after already waiting on it.
API violation - cannot set assertForOverFulfill on '%@' after already waiting on it.
API violation - cannot set inverted on '%@' after already waiting on it.
Delegate %@ does not conform to <XCTestExpectationDelegate>
T@"_XCTestExpectationImplementation",R,V_internalImplementation
T@"<XCTestExpectationDelegate>"
hasBeenWaitedOn
fulfilled
creationCallStackReturnAddresses
fulfillCallStackReturnAddresses
hasInverseBehavior
fulfillmentCount
expectationDescription
inverted
Tc,GisInverted
assertForOverFulfill
com.apple.dt.async-test-expectation
com.apple.dt.async-test-expectation-delegate
Tc,V_fulfilled
T@"NSString",C,V_expectationDescription
TQ,N,V_expectedFulfillmentCount
numberOfFulfillments
TQ,N,V_numberOfFulfillments
Tc,V_inverted
Tc,V_assertForOverFulfill
T@"<XCTestExpectationDelegate>",&,V_delegate
Tc,V_hasBeenWaitedOn
TQ,V_creationToken
TQ,V_fulfillmentToken
T@"NSArray",C,V_creationCallStackReturnAddresses
T@"NSArray",C,V_fulfillCallStackReturnAddresses
v48@?0i8d12r^v20r^{__LSASN=}28i36^v40
Failed to schedule LaunchServices notifications; _LSScheduleNotificationFunction returned kLSNotificationInvalidID.
Failed to register for LaunchServices notifications (_LSModifyNotification returned %d), unable to continue.
frontApplication
Tr^{__LSASN=},R
frontUIApplication
Uncategorized XCTest self diagnosis issue.
Automatic screenshot failure.
void XCTSelfDiagnosisIssue(XCTSelfDiagnosisIssueSignature, NSString *)
/Library/Caches/com.apple.xbs/Sources/XCTest/XCTest-13201/Sources/XCTestFramework/OtherSources/XCTSelfDiagnosis.m
XCTSelfDiagnosisIssueSignatureUncategorized should only be used for internal unit testing.
Executing on OS: %@
/Library/Caches/com.apple.xbs/Sources/XCTest/XCTest-13201/Sources/UITesting/XCUIElement+Events.m
Must be called on the main thread.
%@ does not have a valid application.
Application for %@ is not an accessory and is not foreground.
Synthesize event
failed: %@
synthesizeEvent reply callback is expected to arrive on a background thread
No confirmation received for event, treating as non-fatal and continuing.
Got event completion.
Unreasonable upper limit (%.1fs) for synthesized event duration. This indicates an internal failure.
(__c11_atomic_load(&eventSent, 5) || !process.running) || !_XCWaitLoopIsValid
Failed to receive event delivery confirmation within %.1fs of the original dispatch.
Type '%@' into %@
Type '%@...' into %@
com.apple.xctest.macOSMaximumKeyEventsPerSecond
com.apple.xctest.macOSMaximumKeyEventsPerSecond set to: %@
Perform with modifiers '%@' (0x%02lx)
Perform with no modifiers
Setting modifier keys
(__c11_atomic_load(&modifiersSet, 5)) || !_XCWaitLoopIsValid
Failed to set modifier keys within %.1fs
Restoring modifier keys
+[XCUIElement(XCUIElementKeyboardEvents) performWithKeyModifiers:block:]_block_invoke
(__c11_atomic_load(&modifiersRestored, 5))
Failed to restore modifiers keys within %.1fs
Type '%@' key
 (%@)
 with modifiers '%@' (0x%02lx)
 with no modifiers
Invalid frame for element and/or containing scroll view, forcing a refresh
Unable to find hit point for %@, invalid frame for element and/or containing scroll view %@
Scroll element to visible
before part 1: %@  %@
offset distance: %f, %f
after part 1: %@  %@
change in first scroll dx/dy %f, %f
after part 2: %@  %@
Unable to find hit point for %@
Unable to find hit point for element %@
-[XCUIElement(XCUIElementMouseEvents) hover]_block_invoke
-[XCUIElement(XCUIElementMouseEvents) click]_block_invoke
clicking a menu item, checking ancestors
adding unselected ancestor %@
is in menu bar
Click
-[XCUIElement(XCUIElementMouseEvents) doubleClick]_block_invoke
-[XCUIElement(XCUIElementMouseEvents) rightClick]_block_invoke
-[XCUIElement(XCUIElementMouseEvents) clickForDuration:thenDragToElement:]_block_invoke
Compute first hitpoint
Compute second hitpoint
-[XCUIElement(XCUIElementMouseEvents) scrollByDeltaX:deltaY:]_block_invoke
scrolling hitpoint %f %f
-[XCUIElement(XCUIElementTouchBarEvents) tap]_block_invoke
-[XCUIElement(XCUIElementTouchBarEvents) doubleTap]_block_invoke
-[XCUIElement(XCUIElementTouchBarEvents) pressForDuration:]_block_invoke
-[XCUIElement(XCUIElementTouchBarEvents) pressForDuration:thenDragToElement:]_block_invoke
Compute second hit point
normalizedSliderPosition must be between 0 and 1, inclusive.
Set normalized position of %@ to %.2f
%s can only be called with elements of type XCUIElementTypeSlider, not valid for %@.
-[XCUIElement(XCUIElementTypeSlider) adjustToNormalizedSliderPosition:]_block_invoke
AXMinValue
AXMaxValue
AXOrientation
Unable to get min/max values for slider %@: error: %@
AXHorizontalOrientation
-[XCUIElement(XCUIElementTypeSlider) normalizedSliderPosition]
normalizedSliderPosition
Triple click %@
-[XCUIElement(PrivateEvents) tripleClick]_block_invoke
v20@?0i8@"NSDictionary"12
/Library/Caches/com.apple.xbs/Sources/XCTest/XCTest-13201/Sources/UITesting/XCUILaunchServicesMonitor.m
Ignoring %@ for PSN without a bundle ID @ %@
Handling %@ for %@ @ %@
Handling %@, affected ASN %@, previous ASN %@
Handling %@, affected ASN %@
No app info found for %@
No bundle ID found for %@
Using LSASN %@ to terminate application with pid %d via LaunchServices.
_LSKillApplication(kLSKillOptionsNone) failed for pid %d, falling back to SIGKILL
kill also failed: %d -> %s
notificationID
T^v,V_notificationID
launchServicesFramework
T@"<XCUILaunchServicesFramework>",&,V_launchServicesFramework
T@"<XCTUIApplicationMonitor>",V_delegate
kLSNotifyApplicationBirth
kLSNotifyLaunchFinished
kLSNotifyApplicationDeath
kLSNotifyBecameFrontmost
kLSNotifyLostFrontmost
Unknown notification
BOOL XCInitializeForUITesting(NSError ** _Nullable)
/Library/Caches/com.apple.xbs/Sources/XCTest/XCTest-13201/Sources/UITesting/XCUITesting.m
XCInitializeForUITesting
Initializing for UI testing.
com.apple.dt.XCTAutomationSupport
Failed to load XCTAutomationSupport.framework
Done initializing for UI testing.
XCUIRecorderService_Mac
XCUIRecorderServiceProtocol
XCUIApplicationMonitor_macOS
XCUIApplicationMonitor
XCTUIApplicationMonitor
NSObject
XCUIRecorder
XCTestDriver
XCDebugLogDelegate
XCTASDebugLogDelegate
XCTAutomationTarget
XCTRunnerAutomationSession
AsynchronousTesting
XCTWaiterDelegate
AsynchronousTestingPrivate
XCTResult
XCTAdditions
XCUIScreenshot
_XCTImageImplementation
XCTImage
NSCopying
XCSourceCodeRecording
XCTNSNotificationExpectation
_XCTNSNotificationExpectationImplementation
UITesting
XCTestCaseRun
XCSynthesizedEventRecord
NSSecureCoding
NSCoding
XCPointerEventPath
XCPointerEvent
_XCTestSuiteImplementation
XCTestCaseSuite
XCTestSuite
XCTestProbeExtensions
XCUIScreenshotProviding
XCTestAdditions
_XCTestCaseInterruptionException
XCTestCase
XCTMemoryCheckerDelegate
XCTActivity
_XCTestCaseImplementation
XCTestSuiteExtensions
XCTestMisuseObserver
XCTestObservation
XCTAttachmentManager
XCKeyboardLayout
XCTNSPredicateExpectation
_XCTNSPredicateExpectationImplementation
XCUIRecorderXPCService_macOS
NSXPCListenerDelegate
XCTestManager_DaemonConnectionInterface
XCTestManager_IDEInterface
XCUIRecorder_iOS
XCUIRecorder_Mac
XCActivityRecord
XCTActivityAggregationRecord
XCTSerializedTransportWrapper
XCEventGenerator
XCTestWaiter
XCUIApplicationOpenRequest
_XCTestObservationCenterImplementation
XCTestObservationCenter
XCUIApplicationProcess
XCUIScreenAdditions
XCUIScreen
XCTestConfiguration
XCTDarwinNotificationExpectation
_XCTDarwinNotificationExpectationImplementation
XCSourceCodeTreeNodeEnumerator
XCSourceCodeTreeNode
XCUIApplication
XCUIRecorderUtilities
XCUIElement
XCTNSPredicateExpectationObject
XCElementAttributesPrivate
XCUIElementAttributes
XCUIElementTypeQueryProvider
XCUIElementHitPointCoordinate
XCTestRun
_XCInternalTestRun
_XCTestImplementation
XCTest
XCSymbolicationRecord
XCUIApplicationRegistryRecord
XCUIApplicationRegistry
_XCUIApplicationRegistryProvider_macOS
XCUIApplicationRegistryProvider
XCKeyboardInputSolver
XCUITestingErrors
XCKeyboardKeyMap
XCTestExpectationWaiter
_XCTAttachmentImplementation
XCTAttachment
ConvenienceInitializers
XCTestLog
_XCTestObservationPrivate
XCUIRecorder_tvOS
Hitpoint
XCTestSuiteRun
XCTWaiter
XCTestExpectationDelegate
XCTWaiterManagement
_XCTWaiterImpl
XCTAsyncActivity
XCTActivityRecordStack
XCUIElementQuery
XCTElementSnapshotProvider
XCApplicationQuery
XCUITestContextScope
XCUITestContext
XCUIElementAsynchronousHandlerWrapper
XCTestManager_ManagerInterface
XCTestManager_TestsInterface
XCTRunnerDaemonSession
RuntimeUtilities
XCTContext
_XCTContextImplementation
XCUICoordinate
XCUICoordinateMouseEvents
XCUICoordinateTouchBarEvents
XCKeyMappingPath
XCTMemoryMarker
XCTestProbe
XCTMetric
XCTMemoryChecker
XCTestDriverInterface
XCTRunnerIDESession
XCTTestRunSessionDelegate
ReportingAdditions
XCTKVOExpectation
_XCKVOExpectationImplementation
_XCUIWindowInfo
XCAXManager_macOS
XCTElementSnapshotAttributeDataSource
XCTTestRunSession
XCTestObserver
XCUIRecorderTimingMessage
XCUIApplicationImpl
XCUIRecorderNodeFinderMatch
XCUIRecorderNodeFinder
XCTWaiterManager
XCTUniformTypeIdentifier
XCTestExpectation
_XCTestExpectationImplementation
XCUILaunchServicesFramework
XCUIElementEventSynthesis
XCUIElementKeyboardEvents
XCUIElementMouseEvents
XCUIElementTouchBarEvents
XCUIElementTypeSlider
PrivateEvents
XCUILaunchServicesMonitor
v32@0:8@16@?24
v40@0:8i16i20Q24@?32
v24@0:8@?16
v32@0:8@"NSString"16@?<v@?@"NSString">24
v40@0:8i16i20Q24@?<v@?@"NSString">32
v24@0:8@?<v@?@"NSString">16
v24@0:8@?<v@?@"NSArray"c@"NSString">16
v16@0:8
^{__CFMachPort=}16@0:8
v24@0:8^{__CFMachPort=}16
v24@0:8@16
c24@0:8^@16
v28@0:8@16c24
c28@0:8^{__CGEvent=}16I24
c20@0:8i16
v36@0:8^{__CGEvent=}16I24^{__CGEventTapProxy=}28
c36@0:8^{__CGEvent=}16I24^{__CGEventTapProxy=}28
^{__AXUIElement=}48@0:8{CGPoint=dd}16^@32^@40
@16@0:8
@?16@0:8
c16@0:8
v20@0:8c16
@"NSObject<OS_dispatch_queue>"
^{__CFMachPort=}
@"NSMutableArray"
@"XCUIRecorderUtilities"
@"XCSourceCodeTreeNode"
@20@0:8i16
@"XCUILaunchServicesMonitor"
c24@0:8@16
#16@0:8
@24@0:8:16
@32@0:8:16@24
@40@0:8:16@24@32
c24@0:8#16
c24@0:8:16
Vv16@0:8
Q16@0:8
^{_NSZone=}16@0:8
c24@0:8@"Protocol"16
@"NSString"16@0:8
v44@0:8@16@24i32@36
v28@0:8@16i24
v36@0:8@16i24Q28
v44@0:8@"NSString"16@"NSString"24i32@"NSString"36
v24@0:8@"NSNumber"16
v28@0:8@"NSNumber"16i24
v36@0:8@"NSString"16i24Q28
v24@0:8@"XCTApplicationStateSnapshot"16
@32@0:8@16@24
@24@0:8@16
v32@0:8@16@24
@32@0:8@16d24
v24@0:8d16
v28@0:8i16@?20
@"XCUIApplicationRegistry"
@"NSMutableDictionary"
@"NSMutableSet"
i16@0:8
v44@0:8i16Q20@28@?36
v36@0:8i16Q20@?28
v20@0:8i16
v24@0:8Q16
@"XCSourceCodeRecording"
d16@0:8
v24@0:8@"NSString"16
@24@0:8^@16
v48@0:8@16@24@32Q40
@"XCTestConfiguration"
v32@0:8@"XCTElementQuery"16@?<v@?@"XCTElementQueryResults"@"NSError">24
@32@0:8@16^@24
@"XCTElementQueryResults"32@0:8@"XCTElementQuery"16^@24
@"NSXPCConnection"
v44@0:8@16d24c32@?36
v32@0:8d16@?24
v32@0:8@16d24
v36@0:8@16d24c32
@40@0:8@16@24@32
@40@0:8@16@24@?32
v40@0:8@16@24@32
v32@0:8@"XCTWaiter"16@"NSArray"24
v40@0:8@"XCTWaiter"16@"XCTestExpectation"24@"XCTestExpectation"32
v32@0:8@"XCTWaiter"16@"XCTestExpectation"24
v32@0:8@"XCTWaiter"16@"XCTWaiter"24
@"NSError"
v24@0:8q16
q16@0:8
@"XCTImage"
@"NSImage"
@"NSData"
@"NSString"
d24@0:8q16
@24@0:8q16
d24@0:8@16
@32@0:8@16q24
@24@0:8^{_NSZone=}16
@"_XCTImageImplementation"
@32@0:8Q16@24
@32@0:8Q16^@24
@32@0:8@16Q24
@40@0:8@16@24Q32
@68@0:8@16c24@28@36q44^q52^q60
@40@0:8Q16@24Q32
@32@0:8Q16Q24
Q24@0:8@16
c32@0:8@16q24
c32@0:8q16^q24
@"NSArray"
@"_XCTNSNotificationExpectationImplementation"
@48@0:8@16@24@32@40
@"XCTNSNotificationExpectation"
@"NSNotificationCenter"
v52@0:8@16@24@32Q40c48
v44@0:8@16@24Q32c40
v112@0:8@16@24@32@40@48@56@64@72@80@88@96Q104
v24@0:8@"NSCoder"16
@24@0:8@"NSCoder"16
@40@0:8{CGPoint=dd}16d32
v32@0:8d16d24
v40@0:8{CGPoint=dd}16d32
v32@0:8Q16d24
@24@0:8d16
@56@0:8Q16Q24{CGPoint=dd}32d48
@64@0:8Q16Q24{CGPoint=dd}32d48d56
{CGPoint=dd}16@0:8
v32@0:8{CGPoint=dd}16
{CGPoint="x"d"y"d}
@24@0:8#16
@"XCUIScreenshot"16@0:8
v40@0:8@"XCTMemoryChecker"16@"NSArray"24@"NSData"32
v24@0:8@"XCTAttachment"16
v40@0:8@16@24Q32
v48@0:8@16@24Q32c40c44
v40@0:8@16Q24@?32
v24@0:8:16
v32@0:8Q16:24
Q24@0:8:16
v36@0:8@16@24c32
v48@0:8@16@24@32@40
v36@0:8@16c24@?28
v40@0:8@16@24@?32
@32@0:8@16@?24
@"XCTMemoryChecker"
{time_value=ii}16@0:8
v24@0:8{time_value=ii}16
@"NSInvocation"
@"NSThread"
@"XCTestCaseRun"
{time_value="seconds"i"microseconds"i}
@"XCTWaiter"
@"XCTAttachmentManager"
@"NSDictionary"
@"XCUITestContext"
v24@0:8@"NSBundle"16
v24@0:8@"XCTestSuite"16
v48@0:8@"XCTestSuite"16@"NSString"24@"NSString"32Q40
v24@0:8@"XCTestCase"16
v48@0:8@"XCTestCase"16@"NSString"24@"NSString"32Q40
@24@0:8@?16
@"XCTestCase"
@24@0:8^{__TISInputSource=}16
@24@0:8Q16
c32@0:8@16^@24
^{__TISInputSource=}
@"XCKeyboardKeyMap"
@"_XCTNSPredicateExpectationImplementation"
c40@0:8@16@24@?32
@"XCTNSPredicateExpectation"
@"<XCTNSPredicateExpectationObject>"
@"NSPredicate"
@"NSRunLoop"
@"NSTimer"
c32@0:8@16@24
c32@0:8@"NSXPCListener"16@"NSXPCConnection"24
@"NSXPCListener"
@64@0:8@16@24@32@40@48@56
@48@0:8@"NSUUID"16@"NSString"24@"NSString"32@"NSNumber"40
@40@0:8@"NSUUID"16@"NSString"24@"NSString"32
@32@0:8@"NSNumber"16@"NSNumber"24
@24@0:8@"NSNumber"16
@64@0:8@"NSNumber"16@"NSArray"24@"NSDictionary"32@"NSArray"40@"NSDictionary"48@"NSArray"56
@32@0:8@"NSArray"16@"NSArray"24
@72@0:8@16@24@32@40@48@56@64
@56@0:8@16@24@32@40@48
@88@0:8@16@24@32@40@48@56@64@72@80
@24@0:8@"NSString"16
@32@0:8@"NSString"16@"NSString"24
@48@0:8@"NSString"16@"NSString"24@"NSArray"32@"NSDictionary"40
@24@0:8@"NSError"16
@72@0:8@"NSString"16@"NSString"24@"NSNumber"32@"NSNumber"40@"NSNumber"48@"NSNumber"56@"NSNumber"64
@56@0:8@"NSString"16@"NSString"24@"NSString"32@"NSString"40@"NSNumber"48
@48@0:8@"NSString"16@"NSString"24@"NSString"32@"NSNumber"40
@40@0:8@"NSString"16@"NSString"24@"XCActivityRecord"32
@56@0:8@"NSString"16@"NSString"24@"NSDictionary"32@"NSString"40@"NSNumber"48
@24@0:8@"XCElementSnapshot"16
@48@0:8@"XCElementSnapshot"16@"NSString"24@"NSString"32@"NSNumber"40
@88@0:8@"NSArray"16@"NSNumber"24@"NSNumber"32@"NSDictionary"40@"XCElementSnapshot"48@"XCElementSnapshot"56@"NSDictionary"64@"XCElementSnapshot"72@"XCElementSnapshot"80
@40@0:8@"NSNumber"16@"XCElementSnapshot"24@"XCElementSnapshot"32
@32@0:8@"NSData"16@"NSString"24
@"<XCTestManager_DaemonConnectionInterface>"
@"DTXConnection"
@"NSMutableString"
@"NSUUID"
@"NSDate"
@"NSObject<OS_xpc_object>"
v32@0:8@?16d24
c32@0:8@16d24
v24@0:8^{__CGEvent=}16
v32@0:8^{__CGEvent=}16@?24
v40@0:8{CGPoint=dd}16@?32
v52@0:8I16Q20{CGPoint=dd}28@?44
d40@0:8{CGPoint=dd}16@?32
d56@0:8{CGPoint=dd}16{CGPoint=dd}32@?48
d72@0:8{CGPoint=dd}16d32{CGPoint=dd}40d56@?64
d40@0:8d16d24@?32
d28@0:8S16@?20
d48@0:8S16c20Q24@32@?40
d44@0:8Q16c24^Q28@?36
d40@0:8@16@24@?32
d40@0:8@16Q24@?32
d48@0:8@16@24@32@?40
d48@0:8{CGPoint=dd}16d32@?40
v48@0:8{CGPoint=dd}16d32@?40
v44@0:8I16{CGPoint=dd}20@?36
^{__CFRunLoopObserver=}16@0:8
^{__CGEventSource=}16@0:8
^{__CFRunLoopObserver=}
^{__CGEventSource=}
@36@0:8@16@24c32
v120@0:8@16@24@32@40@48@56@64@72@80@88@96@104Q112
@"XCUIApplicationImpl"
@"<XCTRunnerAutomationSession>"
@"XCElementSnapshot"
@"XCUIApplicationMonitor"
@"XCAXManager_macOS"
@24@0:8i16c20
@64@0:8q16{CGRect={CGPoint=dd}{CGSize=dd}}24^@56
@56@0:8q16{CGRect={CGPoint=dd}{CGSize=dd}}24
@"NSURL"
@"NSSet"
@"_XCTDarwinNotificationExpectationImplementation"
@"XCTDarwinNotificationExpectation"
c44@0:8c16@20@28q36
c36@0:8@16c24q28
{_NSRange=QQ}40@0:8@16{_NSRange=QQ}24
{_NSRange=QQ}56@0:8@16{_NSRange=QQ}24^{_NSRange=QQ}40^{_NSRange=QQ}48
@48@0:8@16{_NSRange=QQ}24^@40
@40@0:8@16Q24^@32
@48@0:8@16Q24Q32^@40
c36@0:8@16c24Q28
v32@0:8@16Q24
@32@0:8^{_NSRange=QQ}16^@24
c32@0:8^@16^@24
@40@0:8^{_NSRange=QQ}16Q24^@32
@40@0:8Q16@24@32
@32@0:8q16@?24
@32@0:8^@16^@24
@"NSNumber"
c32@0:8Q16d24
@"XCUIApplicationOpenRequest"
@"XCUIElement"
@"XCApplicationQuery"
@56@0:8@16@24Q32@40^c48
@"XCAccessibilityElement"
c32@0:8@"XCTNSPredicateExpectation"16^@24
{CGRect={CGPoint=dd}{CGSize=dd}}16@0:8
@"XCUIElementQuery"16@0:8
@"XCUIElement"16@0:8
c24@0:8d16
@32@0:8{CGVector=dd}16
@"XCUIElementQuery"
@40@0:8@16{CGVector=dd}24
@"XCTest"
@"XCTestRun"
{_CSTypeRef=QQ}16@0:8
@28@0:8@16c24
c40@0:8@16@24^@32
@"<XCUIApplicationRegistryProvider>"
@"NSURL"24@0:8@"NSString"16
@"NSString"24@0:8@"NSURL"16
@32@0:8{_NSRange=QQ}16
v40@0:8{_NSRange=QQ}16@32
{_NSRange=QQ}16@0:8
{_NSRange="location"Q"length"Q}
c24@0:8q16
@32@0:8q16@24
@40@0:8q16@24@32
@40@0:8^{__TISInputSource=}16@24Q32
c24@0:8Q16
Q24@0:8Q16
c20@0:8S16
@20@0:8S16
@40@0:8@16{_NSRange=QQ}24
v64@0:8@16{_NSRange=QQ}24{_NSRange=QQ}40@56
@28@0:8S16@20
@40@0:8S16@20@28S36
c56@0:8@16{_NSRange=QQ}24@40@48
v44@0:8S16@20@28@36
v48@0:8@16@24{_NSRange=QQ}32
@40@0:8@16^Q24@32
r^{UCKeyboardLayout=SSII[1{UCKeyboardTypeHeader=IIIIIII}]}
r^{UCKeyboardTypeHeader=IIIIIII}
r^{UCKeyModifiersToTableNum=SSI[1C]}
r^{UCKeyToCharTableIndex=SSI[1I]}
r^{UCKeyStateRecordsIndex=SS[1I]}
r^{UCKeyStateTerminators=SS[1S]}
r^{UCKeySequenceDataIndex=SS[1S]}
@"NSCharacterSet"
@"NSIndexSet"
q32@0:8d16@24
q36@0:8d16@24c32
@120@0:8@16@24@32@40@48@56@64@72@80@88@96@104Q112
v120@0:8@"XCTestRun"16@"NSArray"24@"NSString"32@"NSString"40@"NSString"48@"NSString"56@"NSNumber"64@"NSNumber"72@"NSNumber"80@"NSNumber"88@"NSNumber"96@"NSString"104Q112
v32@0:8@"XCTestCase"16@"XCActivityRecord"24
v32@0:8@16[1{__va_list_tag=II^v^v}]24
@40@0:8{CGPoint=dd}16^@32
@32@0:8{CGPoint=dd}16
@?32@0:8@16d24
q32@0:8@16d24
q36@0:8@16d24c32
@40@0:8@16d24@?32
v24@0:8@"XCTestExpectation"16
v24@0:8@"<XCTWaiterManagement>"16
^{__CFRunLoop=}16@0:8
v24@0:8^{__CFRunLoop=}16
@"_XCTWaiterImpl"
@"<XCTWaiterDelegate>"
@"XCTWaiterManager"
^{__CFRunLoop=}
v24@0:8@"NSError"16
@"NSError"16@0:8
@48@0:8@16@24@32^@40
@"XCElementSnapshot"48@0:8@"XCAccessibilityElement"16@"NSArray"24@"NSDictionary"32^@40
@32@0:8^@16@24
@28@0:8c16^@20
@"NSOrderedSet"
@"<XCTElementSetTransformer>"
@"XCUIApplication"
@"XCUITestContextScope"
v32@0:8Q16@?24
v36@0:8i16@20@?28
v60@0:8I16{CGRect={CGPoint=dd}{CGSize=dd}}20@?52
v76@0:8I16{CGRect={CGPoint=dd}{CGSize=dd}}20@52d60@?68
v32@0:8Q16@?<v@?Q>24
v32@0:8@"NSUUID"16@?<v@?@"NSFileHandle">24
v32@0:8@"NSUUID"16@?<v@?@"XCTSerializedTransportWrapper">24
v36@0:8i16@"NSString"20@?<v@?@"NSXPCListenerEndpoint"@"NSError">28
v60@0:8I16{CGRect={CGPoint=dd}{CGSize=dd}}20@?<v@?@"NSData"@"NSError">52
v76@0:8I16{CGRect={CGPoint=dd}{CGSize=dd}}20@"NSString"52d60@?<v@?@"NSData"@"NSError">68
v84@0:8I16{CGRect={CGPoint=dd}{CGSize=dd}}20@52d60^c68@?76
@"<XCTUIApplicationMonitor>"
@"<XCTAXClient>"
@"XCTActivityRecordStack"
{CGVector=dd}16@0:8
@"XCUICoordinate"
{CGVector="dx"d"dy"d}
v32@0:8d16@24
@48@0:8Q16@24@32@40
@"XCKeyMappingPath"
@36@0:8q16i24^@28
v36@0:8@16i24@?28
v36@0:8i16q20@?28
@28@0:8i16^@20
v32@0:8q16@?24
v40@0:8@16q24@?32
@"<XCTMemoryCheckerDelegate>"
@48@0:8@"NSString"16@"NSString"24@"NSNumber"32@"NSString"40
v24@0:8@"XCTTestRunSession"16
v32@0:8@"XCTTestRunSession"16@"NSError"24
v32@0:8@"XCTTestRunSession"16@?<v@?>24
v56@0:8@16@24@32@40@?48
@"<XCTestManager_IDEInterface><NSObject>"
@48@0:8@16@24@32Q40
@"_XCKVOExpectationImplementation"
@56@0:8@16@24@32@40Q48
v48@0:8@16@24@32^v40
@"XCTKVOExpectation"
v48@0:8{CGRect={CGPoint=dd}{CGSize=dd}}16
{CGRect="origin"{CGPoint="x"d"y"d}"size"{CGSize="width"d"height"d}}
@40@0:8@16@24^@32
@"NSDictionary"40@0:8@"XCAccessibilityElement"16@"NSArray"24^@32
c32@0:8^{__AXUIElement=}16^@24
@44@0:8i16@20@28^@36
@48@0:8^{__AXUIElement=}16@24@32^@40
r^{__AXUIElement=}44@0:8{CGPoint=dd}16i32^@36
r^{__AXUIElement=}40@0:8{CGPoint=dd}16^@32
v44@0:8i16d20@28@?36
@24@0:8^{__AXUIElement=}16
^{__AXUIElement=}16@0:8
v24@0:8^{__AXUIElement=}16
^{__AXUIElement=}
@"<XCTTestRunSessionDelegate>"
@"XCUIApplicationProcess"
@"XCUIRecorderNodeFinder"
@72@0:8@16@24Q32@40@48Q56Q64
@40@0:8@16Q24Q32
@64@0:8@16Q24@32c40c44Q48Q56
@"XCUIRecorderNodeFinderMatch"
@"<XCTestExpectationDelegate>"
r^v44@0:8r^i16I24^@28@?36
v24@0:8r^v16
c32@0:8r^{__LSASN=}16r^{__LSASN=}24
@24@0:8r^{__LSASN=}16
c24@0:8r^{__LSASN=}16
r^{__LSASN=}16@0:8
r^v44@0:8r^i16I24^@28@?<v@?i@"NSDictionary">36
@"NSDictionary"24@0:8r^{__LSASN=}16
@"NSArray"24@0:8@"NSDictionary"16
v24@0:8^v16
c32@0:8^{__LSASN=}16^{__LSASN=}24
@24@0:8^{__LSASN=}16
c24@0:8^{__LSASN=}16
{CGPoint=dd}24@0:8@16
v28@0:8i16@20
v24@0:8^{__LSASN=}16
^{__LSASN=}32@0:8@16@24
^{__LSASN=}20@0:8i16
c28@0:8i16^@20
^v16@0:8
@"<XCUILaunchServicesFramework>"
