N6google8protobuf14FatalExceptionE
N6google8protobuf2io20ZeroCopyOutputStreamE
NSt3__112basic_stringIcNS_11char_traitsIcEENS_9allocatorIcEEEE
N6google8protobuf8internal29InternalMetadataWithArenaBaseINSt3__112basic_stringIcNS3_11char_traitsIcEENS3_9allocatorIcEEEENS1_29InternalMetadataWithArenaLiteEE9ContainerE
N6google8protobuf2io15FileInputStreamE
N6google8protobuf2io15FileInputStream22CopyingFileInputStreamE
N6google8protobuf2io16FileOutputStreamE
N6google8protobuf2io16FileOutputStream23CopyingFileOutputStreamE
N6google8protobuf2io19CopyingOutputStreamE
N6google8protobuf2io18CopyingInputStreamE
N6google8protobuf2io25CopyingInputStreamAdaptorE
N6google8protobuf2io26CopyingOutputStreamAdaptorE
N6google8protobuf11MessageLiteE
N6google8protobuf2io19ZeroCopyInputStreamE
@(#)PROGRAM:IntelligenceEngine  PROJECT:SiriIntelligenceEngine-3204.36.1
NSt3__120__shared_ptr_emplaceIN4siri12intelligence9CallbacksENS_9allocatorIS3_EEEE
NSt3__110__function6__funcIZ32-[IEIntelligence setExtensions:]E3$_0NS_9allocatorIS2_EEFNS_12basic_stringIcNS_11char_traitsIcEENS3_IcEEEERKS9_NS_10shared_ptrIN4siri12intelligence18VariableDictionaryEEEEEE
NSt3__110__function6__baseIFNS_12basic_stringIcNS_11char_traitsIcEENS_9allocatorIcEEEERKS7_NS_10shared_ptrIN4siri12intelligence18VariableDictionaryEEEEEE
Z32-[IEIntelligence setExtensions:]E3$_0
N4siri12intelligence16BehaviorResponseE
N4siri12intelligence12ResponseBaseE
N4siri12intelligence14DialogResponseE
N4YAML18TypedBadConversionINSt3__112basic_stringIcNS1_11char_traitsIcEENS1_9allocatorIcEEEEEE
NSt3__120__shared_ptr_emplaceIN8protobuf8FlowTestENS_9allocatorIS2_EEEE
NSt3__120__shared_ptr_pointerIPN4YAML6detail6memoryENS_10shared_ptrIS3_E27__shared_ptr_default_deleteIS3_S3_EENS_9allocatorIS3_EEEE
NSt3__110shared_ptrIN4YAML6detail6memoryEE27__shared_ptr_default_deleteIS3_S3_EE
NSt3__120__shared_ptr_pointerIPN4YAML6detail13memory_holderENS_10shared_ptrIS3_E27__shared_ptr_default_deleteIS3_S3_EENS_9allocatorIS3_EEEE
NSt3__110shared_ptrIN4YAML6detail13memory_holderEE27__shared_ptr_default_deleteIS3_S3_EE
N4siri12intelligence14VariableStringE
NSt3__120__shared_ptr_emplaceIN4siri12intelligence14VariableStringENS_9allocatorIS3_EEEE
N4siri12intelligence17VariableReferenceE
N4siri12intelligence17ReferenceResponseE
NSt3__120__shared_ptr_emplaceIN4siri12intelligence17ReferenceResponse4ImplENS_9allocatorIS4_EEEE
NSt3__120__shared_ptr_pointerIPN4YAML6detail9node_dataENS_10shared_ptrIS3_E27__shared_ptr_default_deleteIS3_S3_EENS_9allocatorIS3_EEEE
NSt3__110shared_ptrIN4YAML6detail9node_dataEE27__shared_ptr_default_deleteIS3_S3_EE
NSt3__120__shared_ptr_pointerIPN4YAML6detail8node_refENS_10shared_ptrIS3_E27__shared_ptr_default_deleteIS3_S3_EENS_9allocatorIS3_EEEE
NSt3__110shared_ptrIN4YAML6detail8node_refEE27__shared_ptr_default_deleteIS3_S3_EE
NSt3__120__shared_ptr_pointerIPN4YAML6detail4nodeENS_10shared_ptrIS3_E27__shared_ptr_default_deleteIS3_S3_EENS_9allocatorIS3_EEEE
NSt3__110shared_ptrIN4YAML6detail4nodeEE27__shared_ptr_default_deleteIS3_S3_EE
NSt3__120__shared_ptr_emplaceIN4siri12intelligence4UndoENS_9allocatorIS3_EEEE
N8protobuf17Intelligence_MetaE
N8protobuf30Intelligence_KeyValueParameterE
N8protobuf17Intelligence_UndoE
N8protobuf27Intelligence_DialogResponseE
N8protobuf29Intelligence_BehaviorResponseE
N8protobuf30Intelligence_ReferenceResponseE
N8protobuf26Intelligence_ResponseGroupE
N8protobuf36Intelligence_InputGroup_InterjectionE
N8protobuf30Intelligence_InputGroup_IntentE
N8protobuf29Intelligence_InputGroup_EventE
N8protobuf32Intelligence_InputGroup_FallbackE
N8protobuf35Intelligence_InputGroup_LegacyEventE
N8protobuf23Intelligence_InputGroupE
N8protobuf21Intelligence_ActivityE
N8protobuf22Intelligence_UtteranceE
N8protobuf22Intelligence_CharacterE
N8protobuf20Intelligence_CounterE
N8protobuf17Intelligence_FlagE
N8protobuf18Intelligence_LabelE
N8protobuf17Intelligence_ListE
N8protobuf21Intelligence_VariableE
N8protobuf18Intelligence_StartE
N8protobuf25Intelligence_NLParametersE
N8protobuf18Intelligence_EventE
N8protobuf19Intelligence_IntentE
N8protobuf31Intelligence_State_Memory_ValueE
N8protobuf25Intelligence_State_MemoryE
N8protobuf29Intelligence_State_InputGroupE
N8protobuf24Intelligence_State_EventE
N8protobuf27Intelligence_State_ResponseE
N8protobuf24Intelligence_State_TimerE
N8protobuf53Intelligence_State_ExecutionState_Frame_ResponseStateE
N8protobuf39Intelligence_State_ExecutionState_FrameE
N8protobuf33Intelligence_State_ExecutionStateE
N8protobuf18Intelligence_StateE
N8protobuf37Intelligence_Condition_ConditionEntryE
N8protobuf22Intelligence_ConditionE
N8protobuf12IntelligenceE
NSt3__120__shared_ptr_emplaceIN4siri12intelligence15VariableBooleanENS_9allocatorIS3_EEEE
NSt3__120__shared_ptr_emplaceIN4siri12intelligence14VariableNumberENS_9allocatorIS3_EEEE
NSt3__120__shared_ptr_emplaceIN4siri12intelligence17VariableReferenceENS_9allocatorIS3_EEEE
NSt3__120__shared_ptr_emplaceIN4siri12intelligence16VariableFunctionENS_9allocatorIS3_EEEE
NSt3__120__shared_ptr_emplaceIN4siri12intelligence13VariableArrayENS_9allocatorIS3_EEEE
NSt3__120__shared_ptr_emplaceIN4siri12intelligence18VariableDictionaryENS_9allocatorIS3_EEEE
N4YAML14EmitFromEventsE
N4YAML12EventHandlerE
NSt3__120__shared_ptr_emplaceIN4siri12intelligence14DialogResponse4ImplENS_9allocatorIS4_EEEE
NSt3__120__shared_ptr_emplaceIN4siri12intelligence15TestCaseBuilder4ImplENS_9allocatorIS4_EEEE
NSt3__111__end_stateIcEE
NSt3__16__nodeIcEE
NSt3__120__shared_ptr_pointerIPNS_13__empty_stateIcEENS_10shared_ptrIS2_E27__shared_ptr_default_deleteIS2_S2_EENS_9allocatorIS2_EEEE
NSt3__110shared_ptrINS_13__empty_stateIcEEE27__shared_ptr_default_deleteIS2_S2_EE
NSt3__113__empty_stateIcEE
NSt3__116__owns_one_stateIcEE
NSt3__115__has_one_stateIcEE
NSt3__120__l_anchor_multilineIcEE
NSt3__120__r_anchor_multilineIcEE
NSt3__115__word_boundaryIcNS_12regex_traitsIcEEEE
NSt3__111__lookaheadIcNS_12regex_traitsIcEEEE
NSt3__123__match_any_but_newlineIcEE
NSt3__118__match_char_icaseIcNS_12regex_traitsIcEEEE
NSt3__120__match_char_collateIcNS_12regex_traitsIcEEEE
NSt3__112__match_charIcEE
NSt3__116__back_ref_icaseIcNS_12regex_traitsIcEEEE
NSt3__118__back_ref_collateIcNS_12regex_traitsIcEEEE
NSt3__110__back_refIcEE
NSt3__120__bracket_expressionIcNS_12regex_traitsIcEEEE
NSt3__128__begin_marked_subexpressionIcEE
NSt3__126__end_marked_subexpressionIcEE
NSt3__16__loopIcEE
NSt3__117__owns_two_statesIcEE
NSt3__117__repeat_one_loopIcEE
NSt3__111__alternateIcEE
NSt3__121__empty_non_own_stateIcEE
NSt3__111__match_anyIcEE
N4YAML11NodeBuilderE
N4siri12intelligence8VariableE
NSt3__120__shared_ptr_emplaceIN4siri12intelligence8VariableENS_9allocatorIS3_EEEE
NSt3__120__shared_ptr_emplaceIN8protobuf12IntelligenceENS_9allocatorIS2_EEEE
N8protobuf26FlowTest_KeyValueParameterE
N8protobuf18FlowTest_StartFromE
N8protobuf19FlowTest_SendIntentE
N8protobuf23FlowTest_AssertResponseE
N8protobuf24FlowTest_AssertConditionE
N8protobuf13FlowTest_StepE
N8protobuf13FlowTest_TestE
N8protobuf8FlowTestE
N4YAML13SettingChangeINS_13EMITTER_MANIPEEE
N4YAML17SettingChangeBaseE
N4YAML13SettingChangeImEE
NSt3__120__shared_ptr_emplaceIN4siri12intelligence16BehaviorResponse4ImplENS_9allocatorIS4_EEEE
NSt3__120__shared_ptr_emplaceIN4siri12intelligence10Expression4ImplENS_9allocatorIS4_EEEE
N4siri12intelligence13VariableArrayE
NSt3__117bad_function_callE
N4siri12intelligence5TimerE
N4siri12intelligence9AutoTimerE
N4YAML9ExceptionE
N4YAML15ParserExceptionE
N4YAML23RepresentationExceptionE
N4YAML13InvalidScalarE
N4YAML11InvalidNodeE
N4YAML13BadConversionE
N4YAML14BadDereferenceE
N4YAML11BadPushbackE
N4YAML9BadInsertE
N4YAML16EmitterExceptionE
N4YAML7BadFileE
N4YAML11KeyNotFoundE
N4YAML12BadSubscriptE
N4siri12intelligence16VariableFunctionE
vH7B
W4vC
9Y>)F$
raB3G
)c=H
]rHa
O8Mr
bnMG
.wN9
[*QmU
mr"iR
R$N(
>S}W
-sSO\
T%L9
hGT.
B}T}
=@[V
!a9X
X5AHx
%4xY
Z~$|7
+\0I
2a\|
\ysK
|M$D
pH_r
(:W"
s\ax}?
pc2g
@BXV
tC7Ddx
EydV
d66
eax~Z
ekhHD
@iZb
k0V(
k*do^
:V!2m
RJqn
bzo=
$qE}
XqkY
quAt
Jugm
~B v
STv/N
_w&2
xg^Jp5|
yMzw
{zel#|67
P/};
[@JO
nQ:B
N4siri12intelligence15VariableBooleanE
?456789:;<=
 !"#$%&'()*+,-./0123
NSt3__120__shared_ptr_emplaceIN4siri12intelligence9FlowGraph4ImplENS_9allocatorIS4_EEEE
NSt3__120__shared_ptr_emplaceIN4siri12intelligence10InputGroupENS_9allocatorIS3_EEEE
N4siri12intelligence18VariableDictionaryE
.ANSt3__120__shared_ptr_emplaceIN4siri12intelligence12Intelligence4ImplENS_9allocatorIS4_EEEE
NSt3__120__shared_ptr_emplaceIN4siri12intelligence5StartENS_9allocatorIS3_EEEE
NSt3__120__shared_ptr_emplaceIN4siri12intelligence6IntentENS_9allocatorIS3_EEEE
NSt3__120__shared_ptr_emplaceIN4siri12intelligence9ConditionENS_9allocatorIS3_EEEE
NSt3__120__shared_ptr_emplaceIN4siri12intelligence9CharacterENS_9allocatorIS3_EEEE
NSt3__120__shared_ptr_emplaceIN4siri12intelligence8ActivityENS_9allocatorIS3_EEEE
NSt3__120__shared_ptr_emplaceIN4siri12intelligence15IntentReferenceENS_9allocatorIS3_EEEE
NSt3__120__shared_ptr_emplaceIN4siri12intelligence14DialogResponseENS_9allocatorIS3_EEEE
NSt3__120__shared_ptr_emplaceIN4siri12intelligence16BehaviorResponseENS_9allocatorIS3_EEEE
NSt3__120__shared_ptr_emplaceIN4siri12intelligence17ReferenceResponseENS_9allocatorIS3_EEEE
NSt3__120__shared_ptr_emplaceIN4siri12intelligence13ResponseGroupENS_9allocatorIS3_EEEE
N4siri12intelligence13ResponseGroupE
NSt3__120__shared_ptr_emplaceIN4siri12intelligence13ResponseGroup4ImplENS_9allocatorIS4_EEEE
N4siri12intelligence14VariableNumberE
/Library/Caches/com.apple.xbs/Sources/SiriIntelligenceEngine_Sim/3rdparty/protobuf/src/google/protobuf/stubs/common.cc
This program requires version 
 of the Protocol Buffer runtime library, but the installed version is 
.  Please update your library.  If you compiled the program yourself, make sure that your headers are from the same version of Protocol Buffers as your link-time library.  (Version verification failed in "
This program was compiled against version 
 of the Protocol Buffer runtime library, which is not compatible with the installed version (
).  Contact the program author for an update.  If you compiled the program yourself, make sure that your headers are from the same version of Protocol Buffers as your link-time library.  (Version verification failed in "
%d.%d.%d
INFO
WARNING
ERROR
FATAL
[libprotobuf %s %s:%d] %s
basic_string
/Library/Caches/com.apple.xbs/Sources/SiriIntelligenceEngine_Sim/3rdparty/protobuf/src/google/protobuf/io/zero_copy_stream.cc
This ZeroCopyOutputStream doesn't support aliasing. Reaching here usually means a ZeroCopyOutputStream implementation bug.
/Library/Caches/com.apple.xbs/Sources/SiriIntelligenceEngine_Sim/3rdparty/protobuf/src/google/protobuf/repeated_field.h
CHECK failed: (index) >= (0): 
CHECK failed: (index) < (current_size_): 
CHECK failed: (&other) != (this): 
CHECK failed: (total_size_ - current_size_) >= (n): 
CHECK failed: this != other: 
CHECK failed: GetArenaNoVirtual() == other->GetArenaNoVirtual(): 
CHECK failed: (total_size_) > (0): 
CHECK failed: (n) >= (0): 
/Library/Caches/com.apple.xbs/Sources/SiriIntelligenceEngine_Sim/3rdparty/protobuf/src/google/protobuf/io/zero_copy_stream_impl.cc
close() failed: 
CHECK failed: !is_closed_: 
/Library/Caches/com.apple.xbs/Sources/SiriIntelligenceEngine_Sim/3rdparty/protobuf/src/google/protobuf/io/coded_stream.cc
CHECK failed: !had_error_: 
CHECK failed: overrun <= kSlopBytes: 
CHECK failed: s >= 0: 
CHECK failed: overrun >= 0: 
CHECK failed: ptr < end_: 
CHECK failed: size > 0: 
CHECK failed: ptr <= end_ + kSlopBytes: 
/Library/Caches/com.apple.xbs/Sources/SiriIntelligenceEngine_Sim/3rdparty/protobuf/src/google/protobuf/parse_context.cc
CHECK failed: size_ > kSlopBytes: 
CHECK failed: size_ == 0: 
CHECK failed: ptr >= limit_end_: 
CHECK failed: overrun != limit_: 
CHECK failed: overrun < limit_: 
CHECK failed: limit_end_ == buffer_end_ + (std::min)(0, limit_): 
CHECK failed: limit_ > 0: 
CHECK failed: limit_end_ == buffer_end_: 
CHECK failed: size > chunk_size: 
CHECK failed: limit >= 0 && limit <= INT_MAX - kSlopBytes: 
CHECK failed: *ptr: 
Can't happen
/Library/Caches/com.apple.xbs/Sources/SiriIntelligenceEngine_Sim/3rdparty/protobuf/src/google/protobuf/io/zero_copy_stream_impl_lite.cc
CHECK failed: (count) >= (0): 
CHECK failed: backup_bytes_ == 0 && buffer_.get() != NULL: 
 BackUp() can only be called after Next().
CHECK failed: (count) <= (buffer_used_): 
 Can't back up over more bytes than were returned by the last call to Next().
 Parameter to BackUp() can't be negative.
CHECK failed: (backup_bytes_) == (0): 
CHECK failed: (buffer_used_) == (buffer_size_): 
/Library/Caches/com.apple.xbs/Sources/SiriIntelligenceEngine_Sim/3rdparty/protobuf/src/google/protobuf/arena.cc
CHECK failed: (min_bytes) <= (std::numeric_limits<size_t>::max() - kBlockHeaderSize): 
CHECK failed: (b->pos()) == (kBlockHeaderSize): 
CHECK failed: (kBlockHeaderSize + kSerialArenaSize) <= (b->size()): 
/Library/Caches/com.apple.xbs/Sources/SiriIntelligenceEngine_Sim/3rdparty/protobuf/src/google/protobuf/arena_impl.h
CHECK failed: (internal::AlignUpTo8(n)) == (n): 
CHECK failed: (limit_) >= (ptr_): 
CHECK failed: n <= size_: 
/Library/Caches/com.apple.xbs/Sources/SiriIntelligenceEngine_Sim/3rdparty/protobuf/src/google/protobuf/generated_message_util.cc
CHECK failed: (scc->visit_status.load(std::memory_order_relaxed)) == (SCCInfoBase::kRunning): 
(cannot determine missing fields for lite message)
/Library/Caches/com.apple.xbs/Sources/SiriIntelligenceEngine_Sim/3rdparty/protobuf/src/google/protobuf/message_lite.cc
parse
CHECK failed: IsInitialized(): 
serialize
 exceeded maximum protobuf size of 2GB: 
/Library/Caches/com.apple.xbs/Sources/SiriIntelligenceEngine_Sim/3rdparty/protobuf/src/google/protobuf/parse_context.h
Can't 
 message of type "
" because it is missing required fields: 
/Library/Caches/com.apple.xbs/Sources/SiriIntelligenceEngine_Sim/3rdparty/protobuf/src/google/protobuf/io/coded_stream.h
com.apple.siri.AuthoredFlow
FlowEngine
load(filename:)
> Entering function 'load(filename:)'
< Exiting function 'load(filename:)' (took %1.1f ms)
v8@?0
- Argument '%s' = %s
filename
null
No flow filename provided to load function
Failed to load flow file from: %s
Loading flow file: %s
load(templateDir:flowId:)
> Entering function 'load(templateDir:flowId:)'
< Exiting function 'load(templateDir:flowId:)' (took %1.1f ms)
templateDir
flowId
Failed to load flow: one of templateDir or flowId not specified
Cannot find flow file with flowId '%s' under directory: %s
load(bundle:flowId:)
> Entering function 'load(bundle:flowId:)'
< Exiting function 'load(bundle:flowId:)' (took %1.1f ms)
bundle
Invalid flow load request: no template dir or flowId defined
Loading bundle flow file: %s
load(string:)
> Entering function 'load(string:)'
< Exiting function 'load(string:)' (took %1.1f ms)
string
find(bundle:flowId:)
> Entering function 'find(bundle:flowId:)'
< Exiting function 'find(bundle:flowId:)' (took %1.1f ms)
Invalid flow find request: no template dir or flowId defined
find(templateDir:flowId:)
> Entering function 'find(templateDir:flowId:)'
< Exiting function 'find(templateDir:flowId:)' (took %1.1f ms)
start()
> Entering function 'start()'
< Exiting function 'start()' (took %1.1f ms)
process(event:)
> Entering function 'process(event:)'
< Exiting function 'process(event:)' (took %1.1f ms)
eventId
process(activityId:)
> Entering function 'process(activityId:)'
< Exiting function 'process(activityId:)' (took %1.1f ms)
activityId
remainingResponses()
> Entering function 'remainingResponses()'
< Exiting function 'remainingResponses()' (took %1.1f ms)
- Returning %s
empty response array
goTo(responseId:)
> Entering function 'goTo(responseId:)'
< Exiting function 'goTo(responseId:)' (took %1.1f ms)
responseId
willHandle(event:)
> Entering function 'willHandle(event:)'
< Exiting function 'willHandle(event:)' (took %1.1f ms)
events()
> Entering function 'events()'
< Exiting function 'events()' (took %1.1f ms)
activeEvents()
> Entering function 'activeEvents()'
< Exiting function 'activeEvents()' (took %1.1f ms)
activeLocalEvents()
> Entering function 'activeLocalEvents()'
< Exiting function 'activeLocalEvents()' (took %1.1f ms)
hasActiveFallback()
> Entering function 'hasActiveFallback()'
< Exiting function 'hasActiveFallback()' (took %1.1f ms)
willHandle(invocation:)
> Entering function 'willHandle(invocation:)'
< Exiting function 'willHandle(invocation:)' (took %1.1f ms)
invocationId
process(invocation:)
> Entering function 'process(invocation:)'
< Exiting function 'process(invocation:)' (took %1.1f ms)
inputGroup(id:)
> Entering function 'inputGroup(id:)'
< Exiting function 'inputGroup(id:)' (took %1.1f ms)
null input group
isActive()
> Entering function 'isActive()'
< Exiting function 'isActive()' (took %1.1f ms)
variables()
> Entering function 'variables()'
< Exiting function 'variables()' (took %1.1f ms)
setVariable(name:value:)
> Entering function 'setVariable(name:value:)'
< Exiting function 'setVariable(name:value:)' (took %1.1f ms)
name
value
conditions()
> Entering function 'conditions()'
< Exiting function 'conditions()' (took %1.1f ms)
exitValue()
> Entering function 'exitValue()'
< Exiting function 'exitValue()' (took %1.1f ms)
3204.36.1
1.4.7
process(intent:)
> Entering function 'process(intent:)'
< Exiting function 'process(intent:)' (took %1.1f ms)
willHandle(intent:)
> Entering function 'willHandle(intent:)'
< Exiting function 'willHandle(intent:)' (took %1.1f ms)
activeIntents()
> Entering function 'activeIntents()'
< Exiting function 'activeIntents()' (took %1.1f ms)
activeLocalIntents()
> Entering function 'activeLocalIntents()'
< Exiting function 'activeLocalIntents()' (took %1.1f ms)
%s%s
Warning: 
Error: 
Debug: 
: Invalid YAML flow file: 
 (Line 
, Col 
: Failed to parse YAML flow file: 
(Line 
Error writing to flow test file %s
- name:
invalid node; this may result from using a map iterator as a sequence iterator, or vice-versa
invalid node; first invalid key: "
yaml-cpp: error at line 
, column 
formatVersion
tests
Unsupported field for FlowTest found in flow file: 
Invalid string value found for 'formatVersion' on FlowTest
bad conversion
operator[] call on a scalar
 (key: "
description
enabled
steps
repeat
Unsupported field for Test found in flow file: 
Invalid string value found for 'name' on Test
Invalid string value found for 'description' on Test
Invalid bool value found for 'enabled' on Test
Invalid int32 value found for 'repeat' on Test
setVariables
startFrom
sendIntent
assertResponse
assertCondition
Unsupported field for Step found in flow file: 
Invalid array value found for 'startFrom' on Step
Invalid array value found for 'sendIntent' on Step
Invalid array value found for 'assertResponse' on Step
Invalid array value found for 'assertCondition' on Step
valueNumber
valueBoolean
valueString
valueArray
valueDictionary
Unsupported field for KeyValueParameter found in flow file: 
Invalid string value found for 'key' on KeyValueParameter
Invalid double value found for 'valueNumber' on KeyValueParameter
Invalid bool value found for 'valueBoolean' on KeyValueParameter
Invalid string value found for 'valueString' on KeyValueParameter
Unsupported field for StartFrom found in flow file: 
Invalid string value found for 'responseId' on StartFrom
Invalid string value found for 'activityId' on StartFrom
slots
Unsupported field for SendIntent found in flow file: 
Invalid string value found for 'id' on SendIntent
Invalid string value found for 'name' on SendIntent
anyId
allIds
count
Unsupported field for AssertResponse found in flow file: 
Invalid string value found for 'id' on AssertResponse
Found a map instead of an array value for 'anyId' on AssertResponse
Found a map instead of an array value for 'allIds' on AssertResponse
Invalid int32 value found for 'count' on AssertResponse
Unsupported field for AssertCondition found in flow file: 
Invalid string value found for 'id' on AssertCondition
Invalid bool value found for 'value' on AssertCondition
/Library/Caches/com.apple.xbs/Sources/SiriIntelligenceEngine_Sim/flowtest/flowtest.pb.h
.nan
.inf
-.inf
CHECK failed: !value || start_from_ != nullptr: 
CHECK failed: !value || send_intent_ != nullptr: 
CHECK failed: !value || assert_response_ != nullptr: 
CHECK failed: !value || assert_condition_ != nullptr: 
vector
&amp;
&comma;
&equals;
&semi;
Misuse of Escaping::Escape: all sequences must start with '&' and '&' is reserved
Infinite recursion detected when expanding reference to variable '%s'. Return NULL result.
dialog.String
dialog.Number
dialog.Boolean
dialog.AbstractMeasurement
units
dialog.Area
outputUnits
dialog.Array
dialog.Calendar
dateFormatter
dialog.DateFormatter
secs
timeZone
utcOffsetSecs
dialog.CalendarRange
endSecs
startSecs
dialog.ConvertibleMeasurement
dialog.Currency
length
omitYear
dialog.DateTime
month
year
dialog.Density
dialog.Duration
dialog.Length
dialog.Location
values
dialog.LocationValue[]
dialog.LocationAddress
administrativeArea
administrativeAreaCode
country
countryCode
fullThoroughfare
locality
postCode
subAdministrativeArea
subLocality
subThoroughfare
thoroughfare
dialog.LocationValue
address
dialog.MultiLevelItem
childItems
dialog.MultiLevelItem[]
dialog.Percent
dialog.Person
company
familyName
friendlyPhoneNumberName
fullName
givenName
middleName
nickname
personHandle
dialog.PersonHandle
pronoun
dialog.Pronoun
related
relationship
useConversationalName
useRelationshipName
label
type
dialog.PersonHeight
dialog.PhoneNumber
dialog.Pressure
gender
dialog.Speed
dialog.State
dialog.StringPair
first
second
dialog.Temperature
dialog.TimeZone
dialog.User
dialog.Weight
sirikit.App
appId
localizedAppNames
sirikit.LocalizedAppName[]
sirikit.DeviceRestrictions
noPrimaryDisplay
sirikit.DeviceState
companionName
deviceName
deviceRegionCode
inputOrigin
interactionType
isAppleTV
isAuthenticated
isCarDnD
isCarPlay
isEyesFree
isHomePod
isLockedWithPasscode
isMac
isPad
isPhone
isSidekick
isTextToSpeechEnabled
isVOX
isVoiceTriggerEnabled
isWatch
multiUserState
restrictions
siriLocale
userAssignedDeviceName
voiceGender
sirikit.LocalizedAppName
appName
locale
visual.AppIcon
bundleId
iconType
visual.AspectRatio
height
width
visual.ImageData
aspectRatio
encodedData
visual.ImageResource
appIcon
imageData
imageType
imageUrl
visual.ImageUrl
symbol
visual.Symbol
darkUrl
INTENT
FALLBACK
NONE
INTERJECTION_SET_SCOPE
ACTIVITY_SCOPE
GLOBAL_SCOPE
LOCAL_SCOPE
convertFile(flowFile:format:)
> Entering function 'convertFile(flowFile:format:)'
< Exiting function 'convertFile(flowFile:format:)' (took %1.1f ms)
flowFile
Templates
Illegal flow ID encountered: '%s'
flow
1.0.1
1.0.2
1.0.3
1.0.4
1.0.5
1.0.6
1.0.7
1.4.0
1.4.1
1.4.4
1.4.5
Version of upgrader (1.4.7) is older than the format version in the file (%s). Skipping update.
Upgrading flow file to version %s
Unable to load file for upgrade: %s
global_ruleset
global_input_group
clear_label
clear_string
set_label
set_string
split_label
split_string
clear_flag
clear_boolean
set_flag
set_boolean
decrease_counter
decrease_number
increase_counter
increase_number
set_counter
set_number
clear_list
clear_array
extend_list
extend_array
extract_list
extract_array
pop_back_list
pop_back_array
length_list
length_array
reduce_list
reduce_array
uniquify_list
uniquify_array
target
string[]
/Library/Caches/com.apple.xbs/Sources/SiriIntelligenceEngine_Sim/3rdparty/protobuf/src/google/protobuf/arenastring.h
CHECK failed: initial_value != NULL: 
basic_string
/Library/Caches/com.apple.xbs/Sources/SiriIntelligenceEngine_Sim/fileformat/intelligence.pb.h
CHECK failed: value != nullptr: 
retry_inputs
Unable to update old-style condition: %s
CHECK failed: !value || not_child_ != nullptr: 
array
default=yes
__global__
CHECK failed: (start) >= (0): 
CHECK failed: (num) >= (0): 
CHECK failed: (start + num) <= (size()): 
CHECK failed: !value || start_ != nullptr: 
setString
setNumber
setBoolean
setArray
setDictionary
pushBack
popBack
setUndefined
setEmpty
switchActivity
Found more than 1 array parameter for behavior '%s' while upgrading to v1.0.8
destination
retryInputs
sqrt
even
subtract
multiply
divide
firstValue
secondValue
randomInt
minValue
maxValue
upper
lower
startsWith
prefix
endsWith
suffix
contains
haystack
needle
defined
undefined
empty
nonempty
variable
CHECK failed: !value || default_value_ != nullptr: 
CHECK failed: !value || condition_ != nullptr: 
CHECK failed: !value || left_ != nullptr: 
CHECK failed: !value || right_ != nullptr: 
CHECK failed: !value || undo_ != nullptr: 
CHECK failed: !value || interjection_settings_ != nullptr: 
CHECK failed: !value || nl_producer_ != nullptr: 
events:
events
legacyEvents:
.flow
test is disabled
DIRECTIVE
DOC_START
DOC_END
BLOCK_SEQ_START
BLOCK_MAP_START
BLOCK_SEQ_END
BLOCK_MAP_END
BLOCK_ENTRY
FLOW_SEQ_START
FLOW_MAP_START
FLOW_SEQ_END
FLOW_MAP_END
FLOW_MAP_COMPACT
FLOW_ENTRY
VALUE
ANCHOR
ALIAS
SCALAR
illegal flow end
illegal block entry
illegal map key
illegal map value
alias not found after *
anchor not found after &
illegal character found while scanning alias
illegal character found while scanning anchor
cannot set zero indentation for a block scalar
unexpected character in block scalar
vector
[]{},
?:,]}%@`
,?[]{}
bad character found while scanning hex number
invalid unicode: 
unknown escape character: 
/Library/Caches/com.apple.xbs/Sources/SiriIntelligenceEngine_Sim/fileformat/intelligence.pb.cc
CHECK failed: (&from) != (this): 
protobuf.Intelligence.Meta
protobuf.Intelligence.KeyValueParameter
protobuf.Intelligence.Undo
protobuf.Intelligence.DialogResponse
CHECK failed: undo_ != nullptr: 
protobuf.Intelligence.BehaviorResponse
protobuf.Intelligence.ReferenceResponse
protobuf.Intelligence.ResponseGroup
protobuf.Intelligence.InputGroup.Interjection
CHECK failed: interjection_settings_ != nullptr: 
protobuf.Intelligence.InputGroup.Intent
protobuf.Intelligence.InputGroup.Event
protobuf.Intelligence.InputGroup.Fallback
protobuf.Intelligence.InputGroup.LegacyEvent
protobuf.Intelligence.InputGroup
protobuf.Intelligence.Activity
protobuf.Intelligence.Utterance
protobuf.Intelligence.Character
protobuf.Intelligence.Counter
protobuf.Intelligence.Flag
protobuf.Intelligence.Label
protobuf.Intelligence.List
CHECK failed: default_value_ != nullptr: 
protobuf.Intelligence.Variable
protobuf.Intelligence.Start
protobuf.Intelligence.NLParameters
CHECK failed: nl_producer_ != nullptr: 
protobuf.Intelligence.Event
protobuf.Intelligence.Intent
protobuf.Intelligence.State.Memory.Value
CHECK failed: values_ != nullptr: 
protobuf.Intelligence.State.Memory
protobuf.Intelligence.State.InputGroup
protobuf.Intelligence.State.Event
protobuf.Intelligence.State.Response
protobuf.Intelligence.State.Timer
protobuf.Intelligence.State.ExecutionState.Frame.ResponseState
protobuf.Intelligence.State.ExecutionState.Frame
protobuf.Intelligence.State.ExecutionState
protobuf.Intelligence.State
CHECK failed: not_child_ != nullptr: 
CHECK failed: left_ != nullptr: 
CHECK failed: right_ != nullptr: 
protobuf.Intelligence.Condition.ConditionEntry
CHECK failed: condition_ != nullptr: 
protobuf.Intelligence.Condition
CHECK failed: start_ != nullptr: 
protobuf.Intelligence
/Library/Caches/com.apple.xbs/Sources/SiriIntelligenceEngine_Sim/3rdparty/protobuf/src/google/protobuf/repeated_field.h
CHECK failed: !value || values_ != nullptr: 
CHECK failed: (n) >= (0): 
down_cast
casts.h
f == nullptr || dynamic_cast<To>(f) != nullptr
undefined function name: 
defines an unsupported function parameter: '
type mismatch for function '
': parameter '
' should be type 
 but it's type is 
invalid response ID '
' for function '
' parameter '
does not define the required function parameter: '
Required parameter '%s' not provided for function '%s'. Function will have no effect.
Executing function %s(%s) -> %s
nullptr
arrayIndex
index
directInvocationBuilder
identifier
userData
visitCount
No value provided for '%s' parameter for function '%s'
Function '%s' was passed an illegal value of 0
Attempt to divide a number by zero
defines a parameter key that's not a valid variable name: '
modifies a read-only global variable: 
defines an unsupported parameter: '
type mismatch for '
' for behavior '
cannot modify read-only global variable: 
does not define the required parameter: '
Behavior execution called will NULL intelligence or memory. Skipping execution.
Required parameter '%s' not provided for behavior '%s'. Behavior will have no effect.
Error returned from system behavior '%s'
Executing behavior %s(%s) -> %s
repeatLastResponse
registerUndo
exitValue
directInvocation
externalFlow
flowBuilderClass
flowName
builderParameters
bundleIdentifier
libraryPath
authoredFlow
Parameter '%s' of '%s' behavior is not a variable reference
Parameter '%s' of '%s' behavior is not a string
Parameter '%s' of '%s' behavior is not a number
Parameter '%s' of '%s' behavior is not a boolean
Parameter '%s' of '%s' behavior is not an array
Parameter '%s' of '%s' behavior is not a dictionary
BehaviorRegisterUndo() called with null intelligence object. This should never happen.
Parameter '%s' of '%s' behavior is not defined
BehaviorExitValue() called with null intelligence object. This should never happen.
Unexpected begin document
emitter.cpp
false
FlowSeqPrepareNode
FlowMapPrepareLongKey
FlowMapPrepareLongKeyValue
FlowMapPrepareSimpleKey
FlowMapPrepareSimpleKeyValue
PrepareIntegralStream
TRUE
FALSE
True
False
true
invalid alias
invalid anchor
invalid tag
binary
Failed to write to binary file: %s
Failed to write to YAML file: %s
Unsupported destination format specified during conversion
<unknown>
Condition expression '%s' has right operand but no left operand
Condition '%s' has no left operand
Variable type mismatch in condition '%s'
Unsupported numeric operator found in condition: %s
true
unset
false
Unsupported boolean operator found in condition: %s
vector
HandleDocument
singledocparser.cpp
!m_scanner.empty()
!m_curAnchor
end of sequence not found
end of sequence flow not found
end of map not found
end of map flow not found
cannot assign multiple tags to the same node
cannot assign multiple anchors to the same node
the referenced anchor is not defined
PopCollectionType
collectionstack.h
type == GetCurCollectionType()
Array index refers to undefined variable: %s
Array index has non-numeric variable reference: %s
Array index has non-numeric value: %s
Reference to non-dictionary component '%s' in variable reference: %s
Reference to non-array component '%s' in variable reference: %s
Unsupported type for variable '%s': '%s'
Attempt to set variable that does not exist: %s
Attempt to set a value for variable '%s' with type '%s' instead of '%s'
Unknown type (%s) found when setting new variable value: %s
Non-existing variable referenced: '%s'
Unsupported variable type '%s'
Setting number that is not explicitly defined: %s
Setting boolean that is not explicitly defined: %s
Setting string that is not explicitly defined: %s
Setting array that is not explicitly defined: %s
variable reference has invalid characters: 
reference to undefined global variable: 
reference to undefined variable: 
variable reference has components after a primitive type: 
attempts to lookup an array element for a non-array type '
' on type 
does not have an array element lookup for an array type '
refers to a non-existing input '
Key %s has no value
NULL state in Memory::Save
OnSequenceEnd
emitfromevents.cpp
m_stateStack.top() == State::WaitingForSequenceEntry
OnMapEnd
m_stateStack.top() == State::WaitingForKey
Dictionary contains a non-string key of type: %s
Unsupported NSObject type: %s
Found a variable reference that should already have been pinned.
Invalid flow request: nil bundle provided
Bundle Templates directory not found: %s
Failed to read data file: %s
Failed to write data file: %s
Unsupported mode for OpenDataFile()
Cannot open file: %s. Data is NULL
Cannot open file: %s. File does not exist.
Cannot open file: %s
ReadFileToVector: file size discrepancy!
Error saving to file %s
/tmp/flowtmpfile_XXXXXX
Failed to create a temporary file: %s
unlink(2) failed on %s:  %s
http:
https:
Failed to execute shell command: %s
Failed to opendir for %s
vector
bad file
[0-9]
[+-]?[0-9]*(\.[0-9]+)?([Ee][+-]?[0-9]+)?
true
false
aeiou
%%%hhx
vector
peek
scanner.cpp
!m_tokens.empty()
unknown token
GetStartTokenFor
false
,[]{}#&*!|>'"%@`
?,[]{}#&*!|>'"%@`
nodebuilder.cpp
m_mapDepth > 0
!m_stack.empty()
!m_keys.empty()
RegisterAnchor
anchor == m_anchors.size()
Failed to load YAML file: %s
Failed to load binary file: %s
Unsupported source format for loader: %s
File format version 
 is newer than validation code 
. Skipping file.
Duplicate id found: 
Duplicate name found: 
Unable to load file for validation: %s
vector
Deprecated 'intents' field found in flow file: use 'events' instead.
start definition contains both responseIds and an activityId
start definition refers to undefined response id: 
responseIds
start definition refers to undefined activity id: 
Meta element has no name
dialog response 
does not define an id
has invalid characters in the ID
refers to undefined next id: 
nextIds
refers to undefined input group: 
inputGroupId
refers to undefined condition: 
conditionId
contains both nextIds and inputGroupId
text
defines CAT parameters but no CAT ID
catParameters
defines Pattern parameters but no Pattern ID
patternParameters
function
defines a parameter with multiple values: 
behavior response 
reference response 
response group 
input group 
is not referenced. Did you mean to set 'toplevel: true' to make it global?
input group event 
refers to undefined event: 
refers to undefined response id: 
input group fallback 
event 
variable 
does not define a name
does not define a type
has an invalid type name: 
has invalid characters in the name
defaultValue
has a default value that doesn't match the type of 
condition 
does not define an operator for the expression
has an empty expression
activity 
refers to undefined input group id: 
/Library/Caches/com.apple.xbs/Sources/SiriIntelligenceEngine_Sim/flowtest/flowtest.pb.cc
CHECK failed: (&from) != (this): 
protobuf.FlowTest.KeyValueParameter
protobuf.FlowTest.StartFrom
protobuf.FlowTest.SendIntent
protobuf.FlowTest.AssertResponse
protobuf.FlowTest.AssertCondition
CHECK failed: start_from_ != nullptr: 
CHECK failed: send_intent_ != nullptr: 
CHECK failed: assert_response_ != nullptr: 
CHECK failed: assert_condition_ != nullptr: 
protobuf.FlowTest.Step
protobuf.FlowTest.Test
protobuf.FlowTest
/Library/Caches/com.apple.xbs/Sources/SiriIntelligenceEngine_Sim/3rdparty/protobuf/src/google/protobuf/repeated_field.h
CHECK failed: (n) >= (0): 
SetLongKey
emitterstate.cpp
!m_groups.empty()
m_groups.back()->type == GroupType::Map
ForceFlow
unexpected end sequence token
unexpected end map token
unmatched group tag
EndedGroup
m_curIndent >= lastIndent
_Set
emitterstate.h
Sunday
Monday
Tuesday
Wednesday
Thursday
Friday
Saturday
is_year
is_weekend
is_weekday
month_name
January
February
March
April
June
July
August
September
October
November
December
date_reached
time_reached
is_platform
is_device
is_purchased
is_set
input_chosen
input_timestamp
time_since
session
response
interaction
Unsupported operator: %s
tag:yaml.org,2002:
Illegal array variable string: %s
vector
No callback registered for directInvocationBuilder function. Returning empty string.
number
boolean
dictionary
reference
[a-zA-Z0-9_\.-]*
[a-zA-Z_][a-zA-Z0-9_-]*
end of verbatim tag not found
illegal character found while scanning tag handle
tag handle with no suffix
#;/?:@&=+$,_.!~*'()[]
#;/?:@&=+$_.~*'()
Passed
FAILED
Skipped
Not Run
Flow Test 
Flow Test Load: %s
%d passed, %d failed, %d skipped
vector
xdot
Unsupported export format specified: %s
Failed to load flow file for exporting: %s
PATH
:/opt/brew/bin:/opt/homebrew/bin:/usr/local/bin
Could not find 'dot' executable in your path. Try running: 'brew install graphviz'
bgcolor="black"
color="#A0CED9" fillcolor="#469AAF" fontcolor="white"
color="#ADF7B6" fillcolor="#51b85d" fontcolor="white"
color="#d1ae54" pencolor="#FCF5C7" fontcolor="white"
fontcolor="#777777" color="#aaaaaa"
fillcolor="#FF7733" color="#FFAD85" fontcolor="white"
color="#ff2222" penwidth="3"
penwidth="3" pencolor="#ff2222"
bgcolor="white"
color="#469AAF" fillcolor="#aeced6" fontcolor="#111111"
color="#12BA26" fillcolor="#ADF7B6" fontcolor="#111111"
color="#FCF5C7" pencolor="#D5BA0B" fontcolor="#555555"
fontcolor="#aaaaaa" color="#888888"
fillcolor="#FFAD85" color="#FF7733" fontcolor="#111111"
digraph "
graph [fontsize=11 fontname="Verdana" compound=true 
node [shape=Mrecord fontsize=10 fontname="Verdana" style="filled" 
edge [arrowsize=0.75 fontsize=10 fontname="Verdana" 
bgcolor=transparent;
 comment = "active:response"];
 -> 
Activity
subgraph "cluster_
node [shape=rect style=filled 
style = "filled";
comment = "active:group";
label = 
 [label=
Fallback_
 [label=Fallback];
label=
 label=
 [lhead="cluster_
" minlen=2 
 shape=rectangle style=diagonals
label=START shape=Mdiamond 
Start
0123456789abcdefABCDEF-
.dot
Failed to export flow file to dot format, needed for png format. Check: %s
 -Gdpi=
 -o 
: took 
 secs
default
<a href="
</a>
enumerate
<ol>
</ol>
<li>
</li>
<ul>
</ul>
Version of loader (1.4.7) is older than the format version in the file (%s). Skipping conversion.
Cannot deduce file format from filename: %s
Source and destination format are the same from filename: %s
Cannot deduce source filename from: %s
null response
dialog response '
behavior response '
  nextIds: 
  inputGroupId: 
  condition: 
  text: 
  patternId: 
  patternParameters: 
  catId: 
  catParameters: 
  name: 
  parameters: 
vector
no-version
no-meta-name
no-var-name
no-var-type
no-param
future-version
undef-var
undef-response
undef-input
undef-condition
undef-intent
undef-func
undef-param
invalid-name
invalid-id
no-id
no-cat-id
no-pattern-id
no-operator
empty-expr
invalid-type
type-mismatch
multi-defs
file-not-found
yaml-parse
dupe-id
fewer-args
more-args
read-only
deprecated
<msg>
ERROR: 
Note: 
error: 
warn: 
note: 
Illegal variable string: %s
GetString
document.h
IsString()
GetDouble
(data_.f.flags & kUint64Flag) != 0
Size
IsArray()
GetObject
IsObject()
ParseStream
stack_.GetSize() == sizeof(ValueType)
GetAllocator
stack.h
allocator_
reader.h
!HasParseError()
ParseNull
is.Peek() == 'n'
PushUnsafe
stackTop_
static_cast<std::ptrdiff_t>(sizeof(T) * count) <= (stackEnd_ - stackTop_)
ParseTrue
is.Peek() == 't'
ParseFalse
is.Peek() == 'f'
ParseString
s.Peek() == '\"'
ParseStringToStream
ParseHex4
Encode
encodings.h
codepoint <= 0x10FFFF
GetSize() >= count * sizeof(T)
GenericStringRef
str != 0 || len == 0u
ParseObject
is.Peek() == '{'
GetSize() >= sizeof(T)
ParseArray
is.Peek() == '['
ParseNumber
expFrac <= 0
Pow10
pow10.h
n >= 0 && n <= 308
illegal document indicator in scalar
illegal EOF in scalar
illegal tab when looking for indentation
ABCDEFGHIJKLMNOPQRSTUVWXYZabcdefghijklmnopqrstuvwxyz0123456789+/
error
warning
info
validate(filename:)
> Entering function 'validate(filename:)'
< Exiting function 'validate(filename:)' (took %1.1f ms)
Flow file does not exist:
Failed to load flow file:
Failed to parse flow file:
setVariables step has no 'key' to define the variable name
startFrom step specifies no response or activity
sendIntent step specifies no intent ID or name
assertResponse step defines no assertions
assertResponse count is 
 but expected 
assertResponse id '
' was not found in the output: 
assertResponse none of the ids 
 were found in the output: 
assertResponse not all of the ids 
assertCondition does not define the ID of a condition to check
assertCondition expected 
 for condition '
' but actual value is 
"\""
"\t"
"\n"
"\b"
"\\"
0123456789abcdef
Empty activity for top-level input group added! This shouldn't happen.
Can't deserialize input group %s as it is unknown
Need to implement loading of event reference state for %s
NULL state in FlowGraph::Save
vector
YAML directives must have exactly one argument
repeated YAML directive
bad YAML version: 
YAML major version too large
TAG directives must have exactly two arguments
repeated TAG directive
Unsupported argument provided: 
Required argument 
 not provided
input group '
  eventId 
  fallbacks: 
  nlParameters: 
node_data.cpp
false
convert_to_map
convert_sequence_to_map
m_type == NodeType::Sequence
appending to a non-sequence
operator[] call on a scalar
%zu: 
 NULL
--- EXEC STATE ---
------------------
Illegal dictionary variable string: %s
tag.cpp
false
Translate
global.currentActivity
global.previousActivity
global.activeIntents
global.activeLocalIntents
recoverFromDeadEnd
Loading intelligence from %s
NULL intelligence
Intelligence protobuf was updated to latest version 1.4.7
Variable defined with no name.
Variable '%s' defined with no type. Ignoring it.
Intelligence protobuf contains an activity with empty id: %s
Intelligence protobuf file contains an input group without an ID
Intelligence protobuf contains empty intent_id in input group %s
Intelligence protobuf contains empty fallback node in input group %s
Intelligence protobuf contains response with no id: %s
Unsupported priority tag '%s' for response '%s'
Unsupported selection mode '%s' for response '%s'
Dialog Response '%s' has unknown character. Making a dummy one.
Loading an intelligence protobuf.
load
protobuf
Constructing flow in memory took %.3f seconds
Failed to parse flow file: %s
Successfully loaded flow file in %.3f seconds
Failed to load flow file (took %.3f seconds)
Detected infinite loop in GetLastResponseBeforeInputGroup()
Condition '%s' => FALSE
Condition '%s' => true
Pruned candidate response (%s): %s
unused
FIRST_TIME
non-first
priority
cond
Selected %s => "%s"
Selected %s
Rule timestamp updated: %s => %f
Matched an Intent: %s
Find fallback in context: %s
UndefinedIntent
invocations
SendIntent: input '%s' / '%s'
SendIntent: matched '%s' / '%s'
SendActivity: %s
SendActivity: illegal Activity ID '%s'
Response limit reached in ContinueConversationUntil(): possible cycle
Cannot jump to unknown response ID: %s
Main Exec State
Random Number Generator State expects data of size 3, not %zu
Failed to get boot time
Failed to get time of day
Misuse of RandomBytes
/dev/urandom
Failed to seed random number generator: OpenDataFile
Failed to seed random number generator: fread
Failed to seed random number generator: close
Misuse of YamlIO::FromFile: message is NULL when examining %s
Flow file does not exists: %s
Invalid YAML flow file: %s (Line %d, Col %d): %s
Failed to parse YAML flow file: %s (Line %d, Col %d): %s
Error writing to YAML file %s
Flow file does not exists:
Unexpected whitespace at beginning of line
File has YAML parse errors: 
Failed to parse YAML flow file: 
<msg>=
formatVersion=
meta
meta[
meta[0]=
excludeIfBuildVariableSet
excludeIfBuildVariableSet[
excludeIfBuildVariableSet[0]=
excludeIfFeatureDisabled
excludeIfFeatureDisabled[
excludeIfFeatureDisabled[0]=
start
start=
dialogResponses
dialogResponses[
dialogResponses[0]=
behaviorResponses
behaviorResponses[
behaviorResponses[0]=
referenceResponses
referenceResponses[
referenceResponses[0]=
responseGroups
responseGroups[
responseGroups[0]=
inputGroups
inputGroups[
inputGroups[0]=
activities
activities[
activities[0]=
utterances
utterances[
utterances[0]=
characters
characters[
characters[0]=
events[
events[0]=
conditions
conditions[
conditions[0]=
variables
variables[
variables[0]=
useTimerCounts
useTimerCounts=
version
version=
groupResponses
groupResponses[
groupResponses[0]=
rulesets
rulesets[
rulesets[0]=
intents
intents[
intents[0]=
counters
counters[
counters[0]=
flags
flags[
flags[0]=
labels
labels[
labels[0]=
lists
lists[
lists[0]=
name=
content
content=
responseIds[
responseIds[0]=
activityId=
nextIds[
nextIds[0]=
selectionMode
selectionMode=
conditionId=
priority=
repeat=
inputGroupId=
text=
sensitiveData
sensitiveData=
dialogPhase
dialogPhase=
characterId
characterId=
userData=
catId
catId=
catParameters[
catParameters[0]=
visualParameters
visualParameters[
visualParameters[0]=
patternId
patternId=
patternParameters[
patternParameters[0]=
childIds
childIds=
condition
condition=
ruleset
ruleset=
inputGroup
inputGroup=
key=
valueNumber=
valueBoolean=
valueString=
valueArray[
valueArray[0]=
valueDictionary[
valueDictionary[0]=
var=
function=
arguments
arguments[
arguments[0]=
valueDouble
valueDouble=
valueInt
valueInt=
valueBool
valueBool=
valueDict
valueDict[
valueDict[0]=
contextualType
contextualType=
parameters
parameters[
parameters[0]=
undo
undo=
identifier=
userData[
userData[0]=
refId
refId=
mode
mode=
toplevel
toplevel=
listenAfterSpeaking
listenAfterSpeaking=
nlParameters
nlParameters[
nlParameters[0]=
fallbacks
fallbacks[
fallbacks[0]=
activity
activity=
canUseServerTTS
canUseServerTTS=
legacyEvents
legacyEvents[
legacyEvents[0]=
eventId=
interjectionSettings
interjectionSettings=
uberMode
uberMode=
returnWhenDone
returnWhenDone=
repeatPrompt
repeatPrompt=
segueResponseId
segueResponseId=
followFallback
followFallback=
returnResponseId
returnResponseId=
useSegueEvent
useSegueEvent=
responses
responses[
responses[0]=
type=
params
params=
responses=
intentId
intentId=
ttsVoiceName
ttsVoiceName=
nlParsers
nlParsers[
nlParsers[0]=
nlProducer
nlProducer=
left
left=
right
right=
andChildren
andChildren[
andChildren[0]=
orChildren
orChildren[
orChildren[0]=
notChild
notChild=
value=
description=
defaultValue=
defaultString
defaultString=
defaultNumber
defaultNumber=
defaultBoolean
defaultBoolean=
defaultArray
defaultArray[
defaultArray[0]=
defaultDictionary
defaultDictionary[
defaultDictionary[0]=
defaultValue[
defaultValue[0]=
. Use 
 instead
Deprecated field for Intelligence found in flow file: 
Unsupported field for Intelligence found in flow file: 
Invalid string value found for 'formatVersion' on Intelligence
Found a map instead of an array value for 'excludeIfBuildVariableSet' on Intelligence
Found a map instead of an array value for 'excludeIfFeatureDisabled' on Intelligence
Invalid array value found for 'start' on Intelligence
Invalid bool value found for 'useTimerCounts' on Intelligence
Invalid double value found for 'version' on Intelligence
Unsupported field for Meta found in flow file: 
Invalid string value found for 'name' on Meta
Invalid string value found for 'content' on Meta
Unsupported field for Start found in flow file: 
Found a map instead of an array value for 'responseIds' on Start
Invalid string value found for 'activityId' on Start
Deprecated field for DialogResponse found in flow file: 
Unsupported field for DialogResponse found in flow file: 
Invalid string value found for 'id' on DialogResponse
Found a map instead of an array value for 'nextIds' on DialogResponse
Invalid string value found for 'selectionMode' on DialogResponse
Invalid string value found for 'conditionId' on DialogResponse
Invalid string value found for 'priority' on DialogResponse
Invalid bool value found for 'repeat' on DialogResponse
Invalid string value found for 'inputGroupId' on DialogResponse
Invalid string value found for 'text' on DialogResponse
Invalid bool value found for 'sensitiveData' on DialogResponse
Invalid string value found for 'dialogPhase' on DialogResponse
Invalid int32 value found for 'characterId' on DialogResponse
Invalid string value found for 'userData' on DialogResponse
Invalid string value found for 'catId' on DialogResponse
Invalid string value found for 'patternId' on DialogResponse
Invalid string value found for 'childIds' on DialogResponse
Invalid string value found for 'condition' on DialogResponse
Invalid string value found for 'ruleset' on DialogResponse
Invalid string value found for 'inputGroup' on DialogResponse
Deprecated field for KeyValueParameter found in flow file: 
Invalid string value found for 'var' on KeyValueParameter
Invalid string value found for 'function' on KeyValueParameter
Invalid double value found for 'valueDouble' on KeyValueParameter
Invalid int64 value found for 'valueInt' on KeyValueParameter
Invalid bool value found for 'valueBool' on KeyValueParameter
Invalid string value found for 'contextualType' on KeyValueParameter
Deprecated field for BehaviorResponse found in flow file: 
Unsupported field for BehaviorResponse found in flow file: 
Invalid string value found for 'id' on BehaviorResponse
Found a map instead of an array value for 'nextIds' on BehaviorResponse
Invalid string value found for 'selectionMode' on BehaviorResponse
Invalid string value found for 'conditionId' on BehaviorResponse
Invalid string value found for 'priority' on BehaviorResponse
Invalid bool value found for 'repeat' on BehaviorResponse
Invalid string value found for 'inputGroupId' on BehaviorResponse
Invalid string value found for 'name' on BehaviorResponse
Invalid array value found for 'undo' on BehaviorResponse
Invalid string value found for 'childIds' on BehaviorResponse
Invalid string value found for 'condition' on BehaviorResponse
Invalid string value found for 'ruleset' on BehaviorResponse
Invalid string value found for 'inputGroup' on BehaviorResponse
Unsupported field for Undo found in flow file: 
Invalid string value found for 'identifier' on Undo
Deprecated field for ReferenceResponse found in flow file: 
Unsupported field for ReferenceResponse found in flow file: 
Invalid string value found for 'id' on ReferenceResponse
Found a map instead of an array value for 'nextIds' on ReferenceResponse
Invalid string value found for 'selectionMode' on ReferenceResponse
Invalid string value found for 'conditionId' on ReferenceResponse
Invalid string value found for 'priority' on ReferenceResponse
Invalid bool value found for 'repeat' on ReferenceResponse
Invalid string value found for 'inputGroupId' on ReferenceResponse
Invalid string value found for 'refId' on ReferenceResponse
Invalid string value found for 'mode' on ReferenceResponse
Invalid string value found for 'childIds' on ReferenceResponse
Invalid string value found for 'condition' on ReferenceResponse
Invalid string value found for 'ruleset' on ReferenceResponse
Invalid string value found for 'inputGroup' on ReferenceResponse
Deprecated field for ResponseGroup found in flow file: 
Unsupported field for ResponseGroup found in flow file: 
Invalid string value found for 'id' on ResponseGroup
Found a map instead of an array value for 'nextIds' on ResponseGroup
Invalid string value found for 'selectionMode' on ResponseGroup
Invalid string value found for 'conditionId' on ResponseGroup
Invalid string value found for 'priority' on ResponseGroup
Invalid bool value found for 'repeat' on ResponseGroup
Invalid string value found for 'inputGroupId' on ResponseGroup
Invalid string value found for 'childIds' on ResponseGroup
Invalid string value found for 'condition' on ResponseGroup
Invalid string value found for 'ruleset' on ResponseGroup
Invalid string value found for 'inputGroup' on ResponseGroup
Deprecated field for InputGroup found in flow file: 
Unsupported field for InputGroup found in flow file: 
Invalid string value found for 'id' on InputGroup
Invalid bool value found for 'toplevel' on InputGroup
Invalid bool value found for 'listenAfterSpeaking' on InputGroup
Invalid string value found for 'activity' on InputGroup
Invalid bool value found for 'canUseServerTTS' on InputGroup
Invalid string value found for 'dialogPhase' on InputGroup
Unsupported field for Event found in flow file: 
Invalid string value found for 'id' on Event
Invalid string value found for 'eventId' on Event
Found a map instead of an array value for 'responseIds' on Event
Invalid string value found for 'priority' on Event
Invalid array value found for 'interjectionSettings' on Event
Deprecated field for Interjection found in flow file: 
Unsupported field for Interjection found in flow file: 
Invalid bool value found for 'uberMode' on Interjection
Invalid bool value found for 'returnWhenDone' on Interjection
Invalid bool value found for 'repeatPrompt' on Interjection
Invalid string value found for 'segueResponseId' on Interjection
Invalid bool value found for 'followFallback' on Interjection
Invalid string value found for 'returnResponseId' on Interjection
Invalid bool value found for 'useSegueEvent' on Interjection
responsesIds
Deprecated field for Fallback found in flow file: 
Unsupported field for Fallback found in flow file: 
Found a map instead of an array value for 'responseIds' on Fallback
Invalid string value found for 'mode' on Fallback
Found a map instead of an array value for 'responses' on Fallback
Deprecated field for LegacyEvent found in flow file: 
Unsupported field for LegacyEvent found in flow file: 
Invalid string value found for 'type' on LegacyEvent
Found a map instead of an array value for 'responseIds' on LegacyEvent
Invalid string value found for 'params' on LegacyEvent
Invalid string value found for 'responses' on LegacyEvent
Deprecated field for Intent found in flow file: 
Unsupported field for Intent found in flow file: 
Invalid string value found for 'id' on Intent
Invalid string value found for 'intentId' on Intent
Found a map instead of an array value for 'responseIds' on Intent
Invalid string value found for 'priority' on Intent
Invalid array value found for 'interjectionSettings' on Intent
Found a map instead of an array value for 'responses' on Intent
Deprecated field for Activity found in flow file: 
Unsupported field for Activity found in flow file: 
Invalid string value found for 'id' on Activity
Invalid string value found for 'name' on Activity
Found a map instead of an array value for 'responseIds' on Activity
Invalid string value found for 'inputGroupId' on Activity
Invalid string value found for 'params' on Activity
Invalid string value found for 'inputGroup' on Activity
Unsupported field for Utterance found in flow file: 
Invalid string value found for 'id' on Utterance
Invalid string value found for 'text' on Utterance
Invalid int32 value found for 'characterId' on Utterance
Unsupported field for Character found in flow file: 
Invalid string value found for 'id' on Character
Invalid string value found for 'name' on Character
Invalid string value found for 'ttsVoiceName' on Character
Invalid string value found for 'name' on Event
Invalid array value found for 'nlProducer' on Event
Unsupported field for NLParameters found in flow file: 
Invalid string value found for 'name' on NLParameters
Unsupported field for Condition found in flow file: 
Invalid string value found for 'id' on Condition
Invalid array value found for 'condition' on Condition
Deprecated field for ConditionEntry found in flow file: 
Unsupported field for ConditionEntry found in flow file: 
Invalid array value found for 'left' on ConditionEntry
Invalid string value found for 'op' on ConditionEntry
Invalid array value found for 'right' on ConditionEntry
Invalid array value found for 'notChild' on ConditionEntry
Invalid string value found for 'name' on ConditionEntry
Invalid string value found for 'value' on ConditionEntry
Deprecated field for Variable found in flow file: 
Unsupported field for Variable found in flow file: 
Invalid string value found for 'name' on Variable
Invalid string value found for 'type' on Variable
Invalid string value found for 'description' on Variable
Invalid array value found for 'defaultValue' on Variable
Invalid string value found for 'defaultString' on Variable
Invalid double value found for 'defaultNumber' on Variable
Invalid bool value found for 'defaultBoolean' on Variable
Invalid string value found for 'name' on Intent
Invalid array value found for 'nlProducer' on Intent
Unsupported field for Counter found in flow file: 
Invalid string value found for 'name' on Counter
Invalid double value found for 'defaultValue' on Counter
Unsupported field for Flag found in flow file: 
Invalid string value found for 'name' on Flag
Invalid bool value found for 'defaultValue' on Flag
Unsupported field for Label found in flow file: 
Invalid string value found for 'name' on Label
Invalid string value found for 'defaultValue' on Label
Unsupported field for List found in flow file: 
Invalid string value found for 'name' on List
Found a map instead of an array value for 'defaultValue' on List
Misuse of ProtobufIO::FromFile: message is NULL when examining %s
Failed to open protobuf file: %s
Failed to parse binary intelligence from file: %s
Failed to create protobuf file: %s
Failed to write binary protobuf to file: %s
exportFile(flowFile:exportFile:format:options:)
> Entering function 'exportFile(flowFile:exportFile:format:options:)'
< Exiting function 'exportFile(flowFile:exportFile:format:options:)' (took %1.1f ms)
exportFile
hide
.yamlflow
.yaml
.flow
.flowtest
updateToLatest(flowFile:)
> Entering function 'updateToLatest(flowFile:)'
< Exiting function 'updateToLatest(flowFile:)' (took %1.1f ms)
load(filename:)
load(templateDir:flowId:)
load(bundle:flowId:)
load(string:)
find(bundle:flowId:)
find(templateDir:flowId:)
start()
process(event:)
process(activityId:)
remainingResponses()
goTo(responseId:)
willHandle(event:)
events()
activeEvents()
activeLocalEvents()
hasActiveFallback()
willHandle(invocation:)
process(invocation:)
inputGroup(id:)
isActive()
variables()
setVariable(name:value:)
conditions()
exitValue()
process(intent:)
willHandle(intent:)
activeIntents()
activeLocalIntents()
%s%s
convertFile(flowFile:format:)
validate(filename:)
exportFile(flowFile:exportFile:format:options:)
updateToLatest(flowFile:)
IEIntelligence
IENLParameters
IEEvent
IEInputGroup
IEConverter
IECondition
IEIntelligenceExtensions
IEDirectInvocation
IETestParseError
IETestResults
IETestResult
IEFlowTester
IEFlowTestBuilder
IEIntent
IEVariable
IEDialogResponse
IEBehaviorResponseUndo
IEBehaviorResponse
IEValidationResult
IEValidator
IEResponse
IEResponseUndo
IEExporterOptions
IEExporter
IEUpdater
T@"NSDictionary",&,N,V_userData
.cxx_destruct
TB,N,V_darkMode
T@"IEBehaviorResponseUndo",&,N,V_undo
_status
T@"NSArray",&,N,V_children
dealloc
T@"NSArray",&,N,V_parsers
getBuildVersion
T@"NSDictionary",&,N,V_catParameters
getUndo
T@"NSDictionary",&,N,V_parameters
numberWithBool:
T@"NSDictionary",&,N,V_slots
results
T@"NSString",&,N,V_catId
setDialogPhase:
T@"NSString",&,N,V_conditionId
setParseErrors:
T@"NSString",&,N,V_error
setTransparent:
T@"NSString",&,N,V_expression
switchActivity:
T@"NSString",&,N,V_flowId
.cxx_construct
T@"NSString",&,N,V_inputGroupId
T@"<IEDirectInvocationBuilderHandler>",&,N,V_directInvocationBuilder
_flowId
T@"IENLParameters",&,N,V_producer
canUseServerTTS
T@"NSArray",&,N,V_parseErrors
eventId
T@"NSArray",&,N,V_results
getFileVersion:
T@"NSDictionary",&,N,V_nlParameters
loadFromString:
T@"NSDictionary",&,N,V_patternParameters
parsers
T@"NSDictionary",&,N,V_visualParameters
setConditionId:
T@"NSString",&,N,V_code
setDotsPerInch:
T@"NSString",&,N,V_dialogPhase
setResponse_id:
T@"NSString",&,N,V_eventId
summary
T@"NSString",&,N,V_filename
updateToLatest:
T@"NSString",&,N,V_highlightResponse
T@"NSString",&,N,V_identifier
T@"NSString",&,N,V_intentId
T@"NSString",&,N,V_name
T@"NSString",&,N,V_patternId
T@"NSString",&,N,V_response_id
T@"NSString",&,N,V_summary
T@"NSString",&,N,V_testName
T@"NSString",&,N,V_text
T@"NSString",&,N,V_type
T@,&,N,V_value
TB,N,V_canUseServerTTS
TB,N,V_conditions
TB,N,V_lightMode
TB,N,V_listenAfterSpeaking
TB,N,V_sensitiveData
TB,N,V_transparent
TB,N,V_value
TQ,N,V_status
TQ,R
T^v,N,VmIntelligence
Ti,N,V_dotsPerInch
Ti,N,V_lineNumber
T{TestCaseBuilder={shared_ptr<siri::intelligence::TestCaseBuilder::Impl>=^{Impl}^{__shared_weak_count}}},N,V_mBuilder
UTF8String
_canUseServerTTS
_catId
_catParameters
_children
_code
_conditionId
_conditions
_darkMode
_dialogPhase
_directInvocationBuilder
_dotsPerInch
_error
_eventId
_expression
_filename
_highlightResponse
_identifier
_inputGroupId
_intentId
_lightMode
_lineNumber
_listenAfterSpeaking
_mBuilder
_name
_nlParameters
_parameters
_parseErrors
_parsers
_patternId
_patternParameters
_producer
_response_id
_results
_sensitiveData
_slots
_summary
_testName
_text
_transparent
_type
_undo
_userData
_value
_visualParameters
activeEvents
activeIntents
activeLocalEvents
activeLocalIntents
addObject:
addToTestFile:flowId:testName:description:
addToTestFile:testName:description:
assertResponseAllIds:
assertResponseAnyId:
boolValue
catId
catParameters
children
clear
code
conditionId
conditions
convertFile:withFormat:
count
countByEnumeratingWithState:objects:count:
darkMode
dialogPhase
directInvocationBuilder
dotsPerInch
doubleValue
error
exportFile:withExportFile:withFormat:withOptions:
expression
filename
find:withId:
findInTemplateDir:withId:
flowId
getActiveEventsWithScope:
getActiveIntentsWithScope:
getConditions
getCount:
getEvents
getExitValue
getFormatVersion
getInputGroup:
getIntents
getRemainingResponses
getTestList:
getTestList:flowId:
getVariables
goTo:
gotoResponse:
handle:withUserData:
hasActiveFallback
hash
highlightResponse
identifier
init
initWithId:
initWithId:withName:
initWithIdentifier:
initWithIdentifier:withUserData:
initWithName:
initWithName:withId:
initWithName:withType:
initWithName:withType:withValue:
inputGroupId
intentId
isActive
isEqual:
isEqualToString:
lightMode
lineNumber
listenAfterSpeaking
load:
load:withFlowId:
load:withId:
mBuilder
mIntelligence
name
nlParameters
numberWithDouble:
objectForKey:
parameters
parseErrors
patternId
patternParameters
processActivity:
processDirectInvocation:
processEvent:
processIntent:
producer
resourcePath
response_id
runAllTests:
runFileTests:
sendEvent:
sendIntent:
sensitiveData
setCanUseServerTTS:
setCatId:
setCatParameters:
setChildren:
setCode:
setConditions:
setDarkMode:
setDirectInvocationBuilder:
setError:
setEventId:
setExpression:
setExtensions:
setFilename:
setFlowId:
setHighlightResponse:
setIdentifier:
setInputGroupId:
setIntentId:
setLightMode:
setLineNumber:
setListenAfterSpeaking:
setMBuilder:
setMIntelligence:
setName:
setNlParameters:
setObject:forKey:
setParameters:
setParsers:
setPatternId:
setPatternParameters:
setProducer:
setResults:
setSensitiveData:
setSlots:
setStatus:
setSummary:
setTestName:
setText:
setType:
setUndo:
setUserData:
setValue:
setVariable:value:
setVariable:withValue:
setVisualParameters:
slots
startConversation
status
stringWithUTF8String:
testName
text
transparent
type
undo
userData
validate:
value
visualParameters
willHandleDirectInvocation:
willHandleEvent:
willHandleIntent:
@16@0:8
v16@0:8
B24@0:8@16
B32@0:8@16@24
@32@0:8@16@24
@24@0:8@16
@20@0:8i16
B16@0:8
v24@0:8@16
^v16@0:8
v24@0:8^v16
@"NSString"
@"NSDictionary"
@"NSArray"
@"IENLParameters"
v20@0:8B16
B32@0:8@16Q24
@"<IEDirectInvocationBuilderHandler>"
i24@0:8Q16
Q16@0:8
v24@0:8Q16
v32@0:8@16@24
i16@0:8
B48@0:8@16@24@32@40
B40@0:8@16@24@32
{TestCaseBuilder={shared_ptr<siri::intelligence::TestCaseBuilder::Impl>=^{Impl}^{__shared_weak_count}}}16@0:8
v32@0:8{TestCaseBuilder={shared_ptr<siri::intelligence::TestCaseBuilder::Impl>=^{Impl}^{__shared_weak_count}}}16
{TestCaseBuilder="mImpl"{shared_ptr<siri::intelligence::TestCaseBuilder::Impl>="__ptr_"^{Impl}"__cntrl_"^{__shared_weak_count}}}
@40@0:8@16@24@32
@"IEBehaviorResponseUndo"
v20@0:8i16
B48@0:8@16@24Q32@40
N6google8protobuf14FatalExceptionE
N6google8protobuf2io20ZeroCopyOutputStreamE
NSt3__112basic_stringIcNS_11char_traitsIcEENS_9allocatorIcEEEE
N6google8protobuf8internal29InternalMetadataWithArenaBaseINSt3__112basic_stringIcNS3_11char_traitsIcEENS3_9allocatorIcEEEENS1_29InternalMetadataWithArenaLiteEE9ContainerE
N6google8protobuf2io15FileInputStreamE
N6google8protobuf2io15FileInputStream22CopyingFileInputStreamE
N6google8protobuf2io16FileOutputStreamE
N6google8protobuf2io16FileOutputStream23CopyingFileOutputStreamE
N6google8protobuf2io19CopyingOutputStreamE
N6google8protobuf2io18CopyingInputStreamE
N6google8protobuf2io25CopyingInputStreamAdaptorE
N6google8protobuf2io26CopyingOutputStreamAdaptorE
N6google8protobuf11MessageLiteE
N6google8protobuf2io19ZeroCopyInputStreamE
@(#)PROGRAM:IntelligenceEngine  PROJECT:SiriIntelligenceEngine-3204.36.1
@NSt3__120__shared_ptr_emplaceIN4siri12intelligence9CallbacksENS_9allocatorIS3_EEEE
NSt3__110__function6__funcIZ32-[IEIntelligence setExtensions:]E3$_0NS_9allocatorIS2_EEFNS_12basic_stringIcNS_11char_traitsIcEENS3_IcEEEERKS9_NS_10shared_ptrIN4siri12intelligence18VariableDictionaryEEEEEE
NSt3__110__function6__baseIFNS_12basic_stringIcNS_11char_traitsIcEENS_9allocatorIcEEEERKS7_NS_10shared_ptrIN4siri12intelligence18VariableDictionaryEEEEEE
Z32-[IEIntelligence setExtensions:]E3$_0
N4siri12intelligence16BehaviorResponseE
N4siri12intelligence12ResponseBaseE
N4siri12intelligence14DialogResponseE
N4YAML18TypedBadConversionINSt3__112basic_stringIcNS1_11char_traitsIcEENS1_9allocatorIcEEEEEE
NSt3__120__shared_ptr_emplaceIN8protobuf8FlowTestENS_9allocatorIS2_EEEE
NSt3__120__shared_ptr_pointerIPN4YAML6detail6memoryENS_10shared_ptrIS3_E27__shared_ptr_default_deleteIS3_S3_EENS_9allocatorIS3_EEEE
NSt3__110shared_ptrIN4YAML6detail6memoryEE27__shared_ptr_default_deleteIS3_S3_EE
NSt3__114default_deleteIN4YAML6detail6memoryEEE
NSt3__120__shared_ptr_pointerIPN4YAML6detail13memory_holderENS_10shared_ptrIS3_E27__shared_ptr_default_deleteIS3_S3_EENS_9allocatorIS3_EEEE
NSt3__110shared_ptrIN4YAML6detail13memory_holderEE27__shared_ptr_default_deleteIS3_S3_EE
NSt3__114default_deleteIN4YAML6detail13memory_holderEEE
N4siri12intelligence14VariableStringE
NSt3__120__shared_ptr_emplaceIN4siri12intelligence14VariableStringENS_9allocatorIS3_EEEE
N4siri12intelligence17VariableReferenceE
N4siri12intelligence17ReferenceResponseE
NSt3__120__shared_ptr_emplaceIN4siri12intelligence17ReferenceResponse4ImplENS_9allocatorIS4_EEEE
NSt3__120__shared_ptr_pointerIPN4YAML6detail9node_dataENS_10shared_ptrIS3_E27__shared_ptr_default_deleteIS3_S3_EENS_9allocatorIS3_EEEE
NSt3__110shared_ptrIN4YAML6detail9node_dataEE27__shared_ptr_default_deleteIS3_S3_EE
NSt3__114default_deleteIN4YAML6detail9node_dataEEE
NSt3__120__shared_ptr_pointerIPN4YAML6detail8node_refENS_10shared_ptrIS3_E27__shared_ptr_default_deleteIS3_S3_EENS_9allocatorIS3_EEEE
NSt3__110shared_ptrIN4YAML6detail8node_refEE27__shared_ptr_default_deleteIS3_S3_EE
NSt3__114default_deleteIN4YAML6detail8node_refEEE
NSt3__120__shared_ptr_pointerIPN4YAML6detail4nodeENS_10shared_ptrIS3_E27__shared_ptr_default_deleteIS3_S3_EENS_9allocatorIS3_EEEE
NSt3__110shared_ptrIN4YAML6detail4nodeEE27__shared_ptr_default_deleteIS3_S3_EE
NSt3__114default_deleteIN4YAML6detail4nodeEEE
+<PY
+;OX
)AJNSt3__120__shared_ptr_emplaceIN4siri12intelligence4UndoENS_9allocatorIS3_EEEE
K=K:KKKK@
bbNbKDbbA8bbbbbbb5bbb;b
G>b1
+7CR^jv
)4?NYd
#2AO^
!/PXg
bb R
bb R
N8protobuf17Intelligence_MetaE
N8protobuf30Intelligence_KeyValueParameterE
N8protobuf17Intelligence_UndoE
N8protobuf27Intelligence_DialogResponseE
N8protobuf29Intelligence_BehaviorResponseE
N8protobuf30Intelligence_ReferenceResponseE
N8protobuf26Intelligence_ResponseGroupE
N8protobuf36Intelligence_InputGroup_InterjectionE
N8protobuf30Intelligence_InputGroup_IntentE
N8protobuf29Intelligence_InputGroup_EventE
N8protobuf32Intelligence_InputGroup_FallbackE
N8protobuf35Intelligence_InputGroup_LegacyEventE
N8protobuf23Intelligence_InputGroupE
N8protobuf21Intelligence_ActivityE
N8protobuf22Intelligence_UtteranceE
N8protobuf22Intelligence_CharacterE
N8protobuf20Intelligence_CounterE
N8protobuf17Intelligence_FlagE
N8protobuf18Intelligence_LabelE
N8protobuf17Intelligence_ListE
N8protobuf21Intelligence_VariableE
N8protobuf18Intelligence_StartE
N8protobuf25Intelligence_NLParametersE
N8protobuf18Intelligence_EventE
N8protobuf19Intelligence_IntentE
N8protobuf31Intelligence_State_Memory_ValueE
N8protobuf25Intelligence_State_MemoryE
N8protobuf29Intelligence_State_InputGroupE
N8protobuf24Intelligence_State_EventE
N8protobuf27Intelligence_State_ResponseE
N8protobuf24Intelligence_State_TimerE
N8protobuf53Intelligence_State_ExecutionState_Frame_ResponseStateE
N8protobuf39Intelligence_State_ExecutionState_FrameE
N8protobuf33Intelligence_State_ExecutionStateE
N8protobuf18Intelligence_StateE
N8protobuf37Intelligence_Condition_ConditionEntryE
N8protobuf22Intelligence_ConditionE
N8protobuf12IntelligenceE
NSt3__120__shared_ptr_emplaceIN4siri12intelligence15VariableBooleanENS_9allocatorIS3_EEEE
NSt3__120__shared_ptr_emplaceIN4siri12intelligence14VariableNumberENS_9allocatorIS3_EEEE
,HHHH
NSt3__120__shared_ptr_emplaceIN4siri12intelligence17VariableReferenceENS_9allocatorIS3_EEEE
NSt3__120__shared_ptr_emplaceIN4siri12intelligence16VariableFunctionENS_9allocatorIS3_EEEE
NSt3__120__shared_ptr_emplaceIN4siri12intelligence13VariableArrayENS_9allocatorIS3_EEEE
NSt3__120__shared_ptr_emplaceIN4siri12intelligence18VariableDictionaryENS_9allocatorIS3_EEEE
N4YAML14EmitFromEventsE
N4YAML12EventHandlerE
NSt3__120__shared_ptr_emplaceIN4siri12intelligence14DialogResponse4ImplENS_9allocatorIS4_EEEE
NSt3__120__shared_ptr_emplaceIN4siri12intelligence15TestCaseBuilder4ImplENS_9allocatorIS4_EEEE
]6m@
7YRB
#lll
#!'#
UNSt3__111__end_stateIcEE
NSt3__16__nodeIcEE
NSt3__120__shared_ptr_pointerIPNS_13__empty_stateIcEENS_10shared_ptrIS2_E27__shared_ptr_default_deleteIS2_S2_EENS_9allocatorIS2_EEEE
NSt3__110shared_ptrINS_13__empty_stateIcEEE27__shared_ptr_default_deleteIS2_S2_EE
NSt3__114default_deleteINS_13__empty_stateIcEEEE
NSt3__113__empty_stateIcEE
NSt3__116__owns_one_stateIcEE
NSt3__115__has_one_stateIcEE
NSt3__120__l_anchor_multilineIcEE
NSt3__120__r_anchor_multilineIcEE
NSt3__115__word_boundaryIcNS_12regex_traitsIcEEEE
NSt3__111__lookaheadIcNS_12regex_traitsIcEEEE
NSt3__123__match_any_but_newlineIcEE
NSt3__118__match_char_icaseIcNS_12regex_traitsIcEEEE
NSt3__120__match_char_collateIcNS_12regex_traitsIcEEEE
NSt3__112__match_charIcEE
NSt3__116__back_ref_icaseIcNS_12regex_traitsIcEEEE
NSt3__118__back_ref_collateIcNS_12regex_traitsIcEEEE
NSt3__110__back_refIcEE
NSt3__120__bracket_expressionIcNS_12regex_traitsIcEEEE
NSt3__128__begin_marked_subexpressionIcEE
NSt3__126__end_marked_subexpressionIcEE
NSt3__16__loopIcEE
NSt3__117__owns_two_statesIcEE
NSt3__117__repeat_one_loopIcEE
NSt3__111__alternateIcEE
NSt3__121__empty_non_own_stateIcEE
NSt3__111__match_anyIcEE
N4YAML11NodeBuilderE
N4siri12intelligence8VariableE
NSt3__120__shared_ptr_emplaceIN4siri12intelligence8VariableENS_9allocatorIS3_EEEE
NSt3__120__shared_ptr_emplaceIN8protobuf12IntelligenceENS_9allocatorIS2_EEEE
2DVh
N8protobuf26FlowTest_KeyValueParameterE
N8protobuf18FlowTest_StartFromE
N8protobuf19FlowTest_SendIntentE
N8protobuf23FlowTest_AssertResponseE
N8protobuf24FlowTest_AssertConditionE
N8protobuf13FlowTest_StepE
N8protobuf13FlowTest_TestE
N8protobuf8FlowTestE
N4YAML13SettingChangeINS_13EMITTER_MANIPEEE
N4YAML17SettingChangeBaseE
N4YAML13SettingChangeImEE
NSt3__120__shared_ptr_emplaceIN4siri12intelligence16BehaviorResponse4ImplENS_9allocatorIS4_EEEE
LLLL
NSt3__120__shared_ptr_emplaceIN4siri12intelligence10Expression4ImplENS_9allocatorIS4_EEEE
N4siri12intelligence13VariableArrayE
NSt3__117bad_function_callE
N4siri12intelligence5TimerE
N4siri12intelligence9AutoTimerE
N4YAML9ExceptionE
N4YAML15ParserExceptionE
N4YAML23RepresentationExceptionE
N4YAML13InvalidScalarE
N4YAML11InvalidNodeE
N4YAML13BadConversionE
N4YAML14BadDereferenceE
N4YAML11BadPushbackE
N4YAML9BadInsertE
N4YAML16EmitterExceptionE
N4YAML7BadFileE
N4YAML11KeyNotFoundE
N4YAML12BadSubscriptE
N4siri12intelligence16VariableFunctionE
vH7B
W4vC
9Y>)F$
raB3G
)c=H
]rHa
O8Mr
bnMG
.wN9
[*QmU
mr"iR
R$N(
>S}W
-sSO\
T%L9
hGT.
B}T}
=@[V
!a9X
X5AHx
%4xY
Z~$|7
+\0I
2a\|
\ysK
|M$D
pH_r
(:W"
s\ax}?
pc2g
@BXV
tC7Ddx
EydV
d66
eax~Z
ekhHD
@iZb
k0V(
k*do^
:V!2m
RJqn
bzo=
$qE}
XqkY
quAt
Jugm
~B v
STv/N
_w&2
xg^Jp5|
yMzw
{zel#|67
P/};
[@JO
nQ:B
N4siri12intelligence15VariableBooleanE
?456789:;<=
 !"#$%&'()*+,-./0123
NSt3__120__shared_ptr_emplaceIN4siri12intelligence9FlowGraph4ImplENS_9allocatorIS4_EEEE
NSt3__120__shared_ptr_emplaceIN4siri12intelligence10InputGroupENS_9allocatorIS3_EEEE
N4siri12intelligence18VariableDictionaryE
7hXX
1X7A00
0#hXX
1X7A00
0#hXX
1X7A00
0#hXX
1X7A00
NSt3__120__shared_ptr_emplaceIN4siri12intelligence12Intelligence4ImplENS_9allocatorIS4_EEEE
NSt3__120__shared_ptr_emplaceIN4siri12intelligence5StartENS_9allocatorIS3_EEEE
NSt3__120__shared_ptr_emplaceIN4siri12intelligence6IntentENS_9allocatorIS3_EEEE
NSt3__120__shared_ptr_emplaceIN4siri12intelligence9ConditionENS_9allocatorIS3_EEEE
NSt3__120__shared_ptr_emplaceIN4siri12intelligence9CharacterENS_9allocatorIS3_EEEE
NSt3__120__shared_ptr_emplaceIN4siri12intelligence8ActivityENS_9allocatorIS3_EEEE
NSt3__120__shared_ptr_emplaceIN4siri12intelligence15IntentReferenceENS_9allocatorIS3_EEEE
NSt3__120__shared_ptr_emplaceIN4siri12intelligence14DialogResponseENS_9allocatorIS3_EEEE
NSt3__120__shared_ptr_emplaceIN4siri12intelligence16BehaviorResponseENS_9allocatorIS3_EEEE
NSt3__120__shared_ptr_emplaceIN4siri12intelligence17ReferenceResponseENS_9allocatorIS3_EEEE
NSt3__120__shared_ptr_emplaceIN4siri12intelligence13ResponseGroupENS_9allocatorIS3_EEEE
N4siri12intelligence13ResponseGroupE
NSt3__120__shared_ptr_emplaceIN4siri12intelligence13ResponseGroup4ImplENS_9allocatorIS4_EEEE
N4siri12intelligence14VariableNumberE
/Library/Caches/com.apple.xbs/Sources/SiriIntelligenceEngine_Sim/3rdparty/protobuf/src/google/protobuf/stubs/common.cc
This program requires version 
 of the Protocol Buffer runtime library, but the installed version is 
.  Please update your library.  If you compiled the program yourself, make sure that your headers are from the same version of Protocol Buffers as your link-time library.  (Version verification failed in "
This program was compiled against version 
 of the Protocol Buffer runtime library, which is not compatible with the installed version (
).  Contact the program author for an update.  If you compiled the program yourself, make sure that your headers are from the same version of Protocol Buffers as your link-time library.  (Version verification failed in "
%d.%d.%d
INFO
WARNING
ERROR
FATAL
[libprotobuf %s %s:%d] %s
vector
/Library/Caches/com.apple.xbs/Sources/SiriIntelligenceEngine_Sim/3rdparty/protobuf/src/google/protobuf/io/zero_copy_stream.cc
This ZeroCopyOutputStream doesn't support aliasing. Reaching here usually means a ZeroCopyOutputStream implementation bug.
/Library/Caches/com.apple.xbs/Sources/SiriIntelligenceEngine_Sim/3rdparty/protobuf/src/google/protobuf/repeated_field.h
CHECK failed: (index) >= (0): 
CHECK failed: (index) < (current_size_): 
CHECK failed: (&other) != (this): 
CHECK failed: (total_size_ - current_size_) >= (n): 
CHECK failed: this != other: 
CHECK failed: GetArenaNoVirtual() == other->GetArenaNoVirtual(): 
CHECK failed: (total_size_) > (0): 
CHECK failed: (n) >= (0): 
/Library/Caches/com.apple.xbs/Sources/SiriIntelligenceEngine_Sim/3rdparty/protobuf/src/google/protobuf/io/zero_copy_stream_impl.cc
close() failed: 
CHECK failed: !is_closed_: 
/Library/Caches/com.apple.xbs/Sources/SiriIntelligenceEngine_Sim/3rdparty/protobuf/src/google/protobuf/io/coded_stream.cc
CHECK failed: !had_error_: 
CHECK failed: overrun <= kSlopBytes: 
CHECK failed: s >= 0: 
CHECK failed: overrun >= 0: 
CHECK failed: ptr < end_: 
CHECK failed: size > 0: 
CHECK failed: ptr <= end_ + kSlopBytes: 
/Library/Caches/com.apple.xbs/Sources/SiriIntelligenceEngine_Sim/3rdparty/protobuf/src/google/protobuf/parse_context.cc
CHECK failed: size_ > kSlopBytes: 
CHECK failed: size_ == 0: 
CHECK failed: ptr >= limit_end_: 
CHECK failed: overrun != limit_: 
CHECK failed: overrun < limit_: 
CHECK failed: limit_end_ == buffer_end_ + (std::min)(0, limit_): 
CHECK failed: limit_ > 0: 
CHECK failed: limit_end_ == buffer_end_: 
CHECK failed: size > chunk_size: 
CHECK failed: limit >= 0 && limit <= INT_MAX - kSlopBytes: 
CHECK failed: *ptr: 
Can't happen
/Library/Caches/com.apple.xbs/Sources/SiriIntelligenceEngine_Sim/3rdparty/protobuf/src/google/protobuf/io/zero_copy_stream_impl_lite.cc
CHECK failed: (count) >= (0): 
CHECK failed: backup_bytes_ == 0 && buffer_.get() != NULL: 
 BackUp() can only be called after Next().
CHECK failed: (count) <= (buffer_used_): 
 Can't back up over more bytes than were returned by the last call to Next().
 Parameter to BackUp() can't be negative.
CHECK failed: (backup_bytes_) == (0): 
CHECK failed: (buffer_used_) == (buffer_size_): 
/Library/Caches/com.apple.xbs/Sources/SiriIntelligenceEngine_Sim/3rdparty/protobuf/src/google/protobuf/arena.cc
CHECK failed: (min_bytes) <= (std::numeric_limits<size_t>::max() - kBlockHeaderSize): 
CHECK failed: (b->pos()) == (kBlockHeaderSize): 
CHECK failed: (kBlockHeaderSize + kSerialArenaSize) <= (b->size()): 
/Library/Caches/com.apple.xbs/Sources/SiriIntelligenceEngine_Sim/3rdparty/protobuf/src/google/protobuf/arena_impl.h
CHECK failed: (internal::AlignUpTo8(n)) == (n): 
CHECK failed: (limit_) >= (ptr_): 
CHECK failed: n <= size_: 
/Library/Caches/com.apple.xbs/Sources/SiriIntelligenceEngine_Sim/3rdparty/protobuf/src/google/protobuf/generated_message_util.cc
CHECK failed: (scc->visit_status.load(std::memory_order_relaxed)) == (SCCInfoBase::kRunning): 
(cannot determine missing fields for lite message)
/Library/Caches/com.apple.xbs/Sources/SiriIntelligenceEngine_Sim/3rdparty/protobuf/src/google/protobuf/message_lite.cc
parse
CHECK failed: IsInitialized(): 
serialize
 exceeded maximum protobuf size of 2GB: 
/Library/Caches/com.apple.xbs/Sources/SiriIntelligenceEngine_Sim/3rdparty/protobuf/src/google/protobuf/parse_context.h
Can't 
 message of type "
" because it is missing required fields: 
/Library/Caches/com.apple.xbs/Sources/SiriIntelligenceEngine_Sim/3rdparty/protobuf/src/google/protobuf/io/coded_stream.h
basic_string
com.apple.siri.AuthoredFlow
FlowEngine
load(filename:)
> Entering function 'load(filename:)'
< Exiting function 'load(filename:)' (took %1.1f ms)
v8@?0
- Argument '%s' = %s
filename
null
No flow filename provided to load function
Failed to load flow file from: %s
Loading flow file: %s
load(templateDir:flowId:)
> Entering function 'load(templateDir:flowId:)'
< Exiting function 'load(templateDir:flowId:)' (took %1.1f ms)
templateDir
flowId
Failed to load flow: one of templateDir or flowId not specified
Cannot find flow file with flowId '%s' under directory: %s
load(bundle:flowId:)
> Entering function 'load(bundle:flowId:)'
< Exiting function 'load(bundle:flowId:)' (took %1.1f ms)
bundle
Invalid flow load request: no template dir or flowId defined
Loading bundle flow file: %s
load(string:)
> Entering function 'load(string:)'
< Exiting function 'load(string:)' (took %1.1f ms)
string
find(bundle:flowId:)
> Entering function 'find(bundle:flowId:)'
< Exiting function 'find(bundle:flowId:)' (took %1.1f ms)
Invalid flow find request: no template dir or flowId defined
find(templateDir:flowId:)
> Entering function 'find(templateDir:flowId:)'
< Exiting function 'find(templateDir:flowId:)' (took %1.1f ms)
start()
> Entering function 'start()'
< Exiting function 'start()' (took %1.1f ms)
process(event:)
> Entering function 'process(event:)'
< Exiting function 'process(event:)' (took %1.1f ms)
eventId
process(activityId:)
> Entering function 'process(activityId:)'
< Exiting function 'process(activityId:)' (took %1.1f ms)
activityId
remainingResponses()
> Entering function 'remainingResponses()'
< Exiting function 'remainingResponses()' (took %1.1f ms)
- Returning %s
empty response array
goTo(responseId:)
> Entering function 'goTo(responseId:)'
< Exiting function 'goTo(responseId:)' (took %1.1f ms)
responseId
willHandle(event:)
> Entering function 'willHandle(event:)'
< Exiting function 'willHandle(event:)' (took %1.1f ms)
events()
> Entering function 'events()'
< Exiting function 'events()' (took %1.1f ms)
activeEvents()
> Entering function 'activeEvents()'
< Exiting function 'activeEvents()' (took %1.1f ms)
activeLocalEvents()
> Entering function 'activeLocalEvents()'
< Exiting function 'activeLocalEvents()' (took %1.1f ms)
hasActiveFallback()
> Entering function 'hasActiveFallback()'
< Exiting function 'hasActiveFallback()' (took %1.1f ms)
willHandle(invocation:)
> Entering function 'willHandle(invocation:)'
< Exiting function 'willHandle(invocation:)' (took %1.1f ms)
invocationId
process(invocation:)
> Entering function 'process(invocation:)'
< Exiting function 'process(invocation:)' (took %1.1f ms)
inputGroup(id:)
> Entering function 'inputGroup(id:)'
< Exiting function 'inputGroup(id:)' (took %1.1f ms)
null input group
isActive()
> Entering function 'isActive()'
< Exiting function 'isActive()' (took %1.1f ms)
variables()
> Entering function 'variables()'
< Exiting function 'variables()' (took %1.1f ms)
setVariable(name:value:)
> Entering function 'setVariable(name:value:)'
< Exiting function 'setVariable(name:value:)' (took %1.1f ms)
name
value
conditions()
> Entering function 'conditions()'
< Exiting function 'conditions()' (took %1.1f ms)
exitValue()
> Entering function 'exitValue()'
< Exiting function 'exitValue()' (took %1.1f ms)
3204.36.1
1.4.7
process(intent:)
> Entering function 'process(intent:)'
< Exiting function 'process(intent:)' (took %1.1f ms)
willHandle(intent:)
> Entering function 'willHandle(intent:)'
< Exiting function 'willHandle(intent:)' (took %1.1f ms)
activeIntents()
> Entering function 'activeIntents()'
< Exiting function 'activeIntents()' (took %1.1f ms)
activeLocalIntents()
> Entering function 'activeLocalIntents()'
< Exiting function 'activeLocalIntents()' (took %1.1f ms)
%s%s
Warning: 
Error: 
Debug: 
: Invalid YAML flow file: 
 (Line 
, Col 
: Failed to parse YAML flow file: 
(Line 
Error writing to flow test file %s
- name:
invalid node; this may result from using a map iterator as a sequence iterator, or vice-versa
invalid node; first invalid key: "
yaml-cpp: error at line 
, column 
formatVersion
tests
Unsupported field for FlowTest found in flow file: 
Invalid string value found for 'formatVersion' on FlowTest
bad conversion
operator[] call on a scalar
 (key: "
description
enabled
steps
repeat
Unsupported field for Test found in flow file: 
Invalid string value found for 'name' on Test
Invalid string value found for 'description' on Test
Invalid bool value found for 'enabled' on Test
Invalid int32 value found for 'repeat' on Test
setVariables
startFrom
sendIntent
assertResponse
assertCondition
Unsupported field for Step found in flow file: 
Invalid array value found for 'startFrom' on Step
Invalid array value found for 'sendIntent' on Step
Invalid array value found for 'assertResponse' on Step
Invalid array value found for 'assertCondition' on Step
valueNumber
valueBoolean
valueString
valueArray
valueDictionary
Unsupported field for KeyValueParameter found in flow file: 
Invalid string value found for 'key' on KeyValueParameter
Invalid double value found for 'valueNumber' on KeyValueParameter
Invalid bool value found for 'valueBoolean' on KeyValueParameter
Invalid string value found for 'valueString' on KeyValueParameter
Unsupported field for StartFrom found in flow file: 
Invalid string value found for 'responseId' on StartFrom
Invalid string value found for 'activityId' on StartFrom
slots
Unsupported field for SendIntent found in flow file: 
Invalid string value found for 'id' on SendIntent
Invalid string value found for 'name' on SendIntent
anyId
allIds
count
Unsupported field for AssertResponse found in flow file: 
Invalid string value found for 'id' on AssertResponse
Found a map instead of an array value for 'anyId' on AssertResponse
Found a map instead of an array value for 'allIds' on AssertResponse
Invalid int32 value found for 'count' on AssertResponse
Unsupported field for AssertCondition found in flow file: 
Invalid string value found for 'id' on AssertCondition
Invalid bool value found for 'value' on AssertCondition
/Library/Caches/com.apple.xbs/Sources/SiriIntelligenceEngine_Sim/flowtest/flowtest.pb.h
.nan
.inf
-.inf
CHECK failed: !value || start_from_ != nullptr: 
CHECK failed: !value || send_intent_ != nullptr: 
CHECK failed: !value || assert_response_ != nullptr: 
CHECK failed: !value || assert_condition_ != nullptr: 
vector
&amp;
&comma;
&equals;
&semi;
Misuse of Escaping::Escape: all sequences must start with '&' and '&' is reserved
Infinite recursion detected when expanding reference to variable '%s'. Return NULL result.
dialog.String
dialog.Number
dialog.Boolean
dialog.AbstractMeasurement
units
dialog.Area
outputUnits
dialog.Array
dialog.Calendar
dateFormatter
dialog.DateFormatter
secs
timeZone
utcOffsetSecs
dialog.CalendarRange
endSecs
startSecs
dialog.ConvertibleMeasurement
dialog.Currency
length
omitYear
dialog.DateTime
month
year
dialog.Density
dialog.Duration
dialog.Length
dialog.Location
values
dialog.LocationValue[]
dialog.LocationAddress
administrativeArea
administrativeAreaCode
country
countryCode
fullThoroughfare
locality
postCode
subAdministrativeArea
subLocality
subThoroughfare
thoroughfare
dialog.LocationValue
address
dialog.MultiLevelItem
childItems
dialog.MultiLevelItem[]
dialog.Percent
dialog.Person
company
familyName
friendlyPhoneNumberName
fullName
givenName
middleName
nickname
personHandle
dialog.PersonHandle
pronoun
dialog.Pronoun
related
relationship
useConversationalName
useRelationshipName
label
type
dialog.PersonHeight
dialog.PhoneNumber
dialog.Pressure
gender
dialog.Speed
dialog.State
dialog.StringPair
first
second
dialog.Temperature
dialog.TimeZone
dialog.User
dialog.Weight
sirikit.App
appId
localizedAppNames
sirikit.LocalizedAppName[]
sirikit.DeviceRestrictions
noPrimaryDisplay
sirikit.DeviceState
companionName
deviceName
deviceRegionCode
inputOrigin
interactionType
isAppleTV
isAuthenticated
isCarDnD
isCarPlay
isEyesFree
isHomePod
isLockedWithPasscode
isMac
isPad
isPhone
isSidekick
isTextToSpeechEnabled
isVOX
isVoiceTriggerEnabled
isWatch
multiUserState
restrictions
siriLocale
userAssignedDeviceName
voiceGender
sirikit.LocalizedAppName
appName
locale
visual.AppIcon
bundleId
iconType
visual.AspectRatio
height
width
visual.ImageData
aspectRatio
encodedData
visual.ImageResource
appIcon
imageData
imageType
imageUrl
visual.ImageUrl
symbol
visual.Symbol
darkUrl
INTENT
FALLBACK
NONE
INTERJECTION_SET_SCOPE
ACTIVITY_SCOPE
GLOBAL_SCOPE
LOCAL_SCOPE
convertFile(flowFile:format:)
> Entering function 'convertFile(flowFile:format:)'
< Exiting function 'convertFile(flowFile:format:)' (took %1.1f ms)
flowFile
Templates
Illegal flow ID encountered: '%s'
flow
.flowfamily
1.0.1
1.0.2
1.0.3
1.0.4
1.0.5
1.0.6
1.0.7
1.4.0
1.4.1
1.4.4
1.4.5
Version of upgrader (1.4.7) is older than the format version in the file (%s). Skipping update.
Upgrading flow file to version %s
Unable to load file for upgrade: %s
global_ruleset
global_input_group
clear_label
clear_string
set_label
set_string
split_label
split_string
clear_flag
clear_boolean
set_flag
set_boolean
decrease_counter
decrease_number
increase_counter
increase_number
set_counter
set_number
clear_list
clear_array
extend_list
extend_array
extract_list
extract_array
pop_back_list
pop_back_array
length_list
length_array
reduce_list
reduce_array
uniquify_list
uniquify_array
target
string[]
/Library/Caches/com.apple.xbs/Sources/SiriIntelligenceEngine_Sim/3rdparty/protobuf/src/google/protobuf/arenastring.h
CHECK failed: initial_value != NULL: 
/Library/Caches/com.apple.xbs/Sources/SiriIntelligenceEngine_Sim/fileformat/intelligence.pb.h
CHECK failed: value != nullptr: 
retry_inputs
Unable to update old-style condition: %s
CHECK failed: !value || not_child_ != nullptr: 
array
default=yes
__global__
CHECK failed: (start) >= (0): 
CHECK failed: (num) >= (0): 
CHECK failed: (start + num) <= (size()): 
CHECK failed: !value || start_ != nullptr: 
setString
setNumber
setBoolean
setArray
setDictionary
pushBack
popBack
setUndefined
setEmpty
switchActivity
Found more than 1 array parameter for behavior '%s' while upgrading to v1.0.8
destination
retryInputs
sqrt
even
subtract
multiply
divide
firstValue
secondValue
randomInt
minValue
maxValue
upper
lower
startsWith
prefix
endsWith
suffix
contains
haystack
needle
defined
undefined
empty
nonempty
variable
CHECK failed: !value || default_value_ != nullptr: 
CHECK failed: !value || condition_ != nullptr: 
CHECK failed: !value || left_ != nullptr: 
CHECK failed: !value || right_ != nullptr: 
CHECK failed: !value || undo_ != nullptr: 
CHECK failed: !value || interjection_settings_ != nullptr: 
CHECK failed: !value || nl_producer_ != nullptr: 
events:
events
legacyEvents:
.flow
test is disabled
DIRECTIVE
DOC_START
DOC_END
BLOCK_SEQ_START
BLOCK_MAP_START
BLOCK_SEQ_END
BLOCK_MAP_END
BLOCK_ENTRY
FLOW_SEQ_START
FLOW_MAP_START
FLOW_SEQ_END
FLOW_MAP_END
FLOW_MAP_COMPACT
FLOW_ENTRY
VALUE
ANCHOR
ALIAS
SCALAR
illegal flow end
illegal block entry
illegal map key
illegal map value
alias not found after *
anchor not found after &
illegal character found while scanning alias
illegal character found while scanning anchor
cannot set zero indentation for a block scalar
unexpected character in block scalar
vector
[]{},
?:,]}%@`
,?[]{}
bad character found while scanning hex number
invalid unicode: 
unknown escape character: 
/Library/Caches/com.apple.xbs/Sources/SiriIntelligenceEngine_Sim/fileformat/intelligence.pb.cc
CHECK failed: (&from) != (this): 
protobuf.Intelligence.Meta
protobuf.Intelligence.KeyValueParameter
protobuf.Intelligence.Undo
protobuf.Intelligence.DialogResponse
CHECK failed: undo_ != nullptr: 
protobuf.Intelligence.BehaviorResponse
protobuf.Intelligence.ReferenceResponse
protobuf.Intelligence.ResponseGroup
protobuf.Intelligence.InputGroup.Interjection
CHECK failed: interjection_settings_ != nullptr: 
protobuf.Intelligence.InputGroup.Intent
protobuf.Intelligence.InputGroup.Event
protobuf.Intelligence.InputGroup.Fallback
protobuf.Intelligence.InputGroup.LegacyEvent
protobuf.Intelligence.InputGroup
protobuf.Intelligence.Activity
protobuf.Intelligence.Utterance
protobuf.Intelligence.Character
protobuf.Intelligence.Counter
protobuf.Intelligence.Flag
protobuf.Intelligence.Label
protobuf.Intelligence.List
CHECK failed: default_value_ != nullptr: 
protobuf.Intelligence.Variable
protobuf.Intelligence.Start
protobuf.Intelligence.NLParameters
CHECK failed: nl_producer_ != nullptr: 
protobuf.Intelligence.Event
protobuf.Intelligence.Intent
protobuf.Intelligence.State.Memory.Value
CHECK failed: values_ != nullptr: 
protobuf.Intelligence.State.Memory
protobuf.Intelligence.State.InputGroup
protobuf.Intelligence.State.Event
protobuf.Intelligence.State.Response
protobuf.Intelligence.State.Timer
protobuf.Intelligence.State.ExecutionState.Frame.ResponseState
protobuf.Intelligence.State.ExecutionState.Frame
protobuf.Intelligence.State.ExecutionState
protobuf.Intelligence.State
CHECK failed: not_child_ != nullptr: 
CHECK failed: left_ != nullptr: 
CHECK failed: right_ != nullptr: 
protobuf.Intelligence.Condition.ConditionEntry
CHECK failed: condition_ != nullptr: 
protobuf.Intelligence.Condition
CHECK failed: start_ != nullptr: 
protobuf.Intelligence
/Library/Caches/com.apple.xbs/Sources/SiriIntelligenceEngine_Sim/3rdparty/protobuf/src/google/protobuf/repeated_field.h
CHECK failed: !value || values_ != nullptr: 
CHECK failed: (n) >= (0): 
down_cast
casts.h
f == nullptr || dynamic_cast<To>(f) != nullptr
undefined function name: 
defines an unsupported function parameter: '
type mismatch for function '
': parameter '
' should be type 
 but it's type is 
invalid response ID '
' for function '
' parameter '
does not define the required function parameter: '
Required parameter '%s' not provided for function '%s'. Function will have no effect.
Executing function %s(%s) -> %s
nullptr
arrayIndex
index
directInvocationBuilder
identifier
userData
visitCount
No value provided for '%s' parameter for function '%s'
Function '%s' was passed an illegal value of 0
Attempt to divide a number by zero
defines a parameter key that's not a valid variable name: '
modifies a read-only global variable: 
defines an unsupported parameter: '
type mismatch for '
' for behavior '
cannot modify read-only global variable: 
does not define the required parameter: '
Behavior execution called will NULL intelligence or memory. Skipping execution.
Required parameter '%s' not provided for behavior '%s'. Behavior will have no effect.
Error returned from system behavior '%s'
Executing behavior %s(%s) -> %s
repeatLastResponse
registerUndo
exitValue
directInvocation
externalFlow
flowBuilderClass
flowName
builderParameters
bundleIdentifier
libraryPath
authoredFlow
Parameter '%s' of '%s' behavior is not a variable reference
Parameter '%s' of '%s' behavior is not a string
Parameter '%s' of '%s' behavior is not a number
Parameter '%s' of '%s' behavior is not a boolean
Parameter '%s' of '%s' behavior is not an array
Parameter '%s' of '%s' behavior is not a dictionary
BehaviorRegisterUndo() called with null intelligence object. This should never happen.
Parameter '%s' of '%s' behavior is not defined
BehaviorExitValue() called with null intelligence object. This should never happen.
Unexpected begin document
emitter.cpp
false
FlowSeqPrepareNode
FlowMapPrepareLongKey
FlowMapPrepareLongKeyValue
FlowMapPrepareSimpleKey
FlowMapPrepareSimpleKeyValue
PrepareIntegralStream
TRUE
FALSE
True
False
true
invalid alias
invalid anchor
invalid tag
binary
Failed to write to binary file: %s
Failed to write to YAML file: %s
Unsupported destination format specified during conversion
<unknown>
Condition expression '%s' has right operand but no left operand
Condition '%s' has no left operand
Variable type mismatch in condition '%s'
Unsupported numeric operator found in condition: %s
true
unset
false
Unsupported boolean operator found in condition: %s
vector
HandleDocument
singledocparser.cpp
!m_scanner.empty()
!m_curAnchor
end of sequence not found
end of sequence flow not found
end of map not found
end of map flow not found
cannot assign multiple tags to the same node
cannot assign multiple anchors to the same node
the referenced anchor is not defined
PopCollectionType
collectionstack.h
type == GetCurCollectionType()
Array index refers to undefined variable: %s
Array index has non-numeric variable reference: %s
Array index has non-numeric value: %s
Reference to non-dictionary component '%s' in variable reference: %s
Reference to non-array component '%s' in variable reference: %s
Unsupported type for variable '%s': '%s'
Attempt to set variable that does not exist: %s
Attempt to set a value for variable '%s' with type '%s' instead of '%s'
Unknown type (%s) found when setting new variable value: %s
Non-existing variable referenced: '%s'
Unsupported variable type '%s'
Setting number that is not explicitly defined: %s
Setting boolean that is not explicitly defined: %s
Setting string that is not explicitly defined: %s
Setting array that is not explicitly defined: %s
variable reference has invalid characters: 
reference to undefined global variable: 
reference to undefined variable: 
variable reference has components after a primitive type: 
attempts to lookup an array element for a non-array type '
' on type 
does not have an array element lookup for an array type '
refers to a non-existing input '
Key %s has no value
NULL state in Memory::Save
OnSequenceEnd
emitfromevents.cpp
m_stateStack.top() == State::WaitingForSequenceEntry
OnMapEnd
m_stateStack.top() == State::WaitingForKey
Dictionary contains a non-string key of type: %s
Unsupported NSObject type: %s
Found a variable reference that should already have been pinned.
Invalid flow request: nil bundle provided
Bundle Templates directory not found: %s
Failed to read data file: %s
Failed to write data file: %s
Unsupported mode for OpenDataFile()
Cannot open file: %s. Data is NULL
Cannot open file: %s. File does not exist.
Cannot open file: %s
ReadFileToVector: file size discrepancy!
Error saving to file %s
/tmp/flowtmpfile_XXXXXX
Failed to create a temporary file: %s
unlink(2) failed on %s:  %s
http:
https:
Failed to execute shell command: %s
Failed to opendir for %s
bad file
[0-9]
[+-]?[0-9]*(\.[0-9]+)?([Ee][+-]?[0-9]+)?
true
false
aeiou
%%%hhx
vector
peek
scanner.cpp
!m_tokens.empty()
unknown token
GetStartTokenFor
false
,[]{}#&*!|>'"%@`
?,[]{}#&*!|>'"%@`
nodebuilder.cpp
m_mapDepth > 0
!m_stack.empty()
!m_keys.empty()
RegisterAnchor
anchor == m_anchors.size()
Failed to load YAML file: %s
Failed to load binary file: %s
Unsupported source format for loader: %s
File format version 
 is newer than validation code 
. Skipping file.
Duplicate id found: 
Duplicate name found: 
Unable to load file for validation: %s
vector
Deprecated 'intents' field found in flow file: use 'events' instead.
start definition contains both responseIds and an activityId
start definition refers to undefined response id: 
responseIds
start definition refers to undefined activity id: 
Meta element has no name
dialog response 
does not define an id
has invalid characters in the ID
refers to undefined next id: 
nextIds
refers to undefined input group: 
inputGroupId
refers to undefined condition: 
conditionId
contains both nextIds and inputGroupId
text
defines CAT parameters but no CAT ID
catParameters
defines Pattern parameters but no Pattern ID
patternParameters
function
defines a parameter with multiple values: 
behavior response 
reference response 
response group 
input group 
is not referenced. Did you mean to set 'toplevel: true' to make it global?
input group event 
refers to undefined event: 
refers to undefined response id: 
input group fallback 
event 
variable 
does not define a name
does not define a type
has an invalid type name: 
has invalid characters in the name
defaultValue
has a default value that doesn't match the type of 
condition 
does not define an operator for the expression
has an empty expression
activity 
refers to undefined input group id: 
/Library/Caches/com.apple.xbs/Sources/SiriIntelligenceEngine_Sim/flowtest/flowtest.pb.cc
CHECK failed: (&from) != (this): 
protobuf.FlowTest.KeyValueParameter
protobuf.FlowTest.StartFrom
protobuf.FlowTest.SendIntent
protobuf.FlowTest.AssertResponse
protobuf.FlowTest.AssertCondition
CHECK failed: start_from_ != nullptr: 
CHECK failed: send_intent_ != nullptr: 
CHECK failed: assert_response_ != nullptr: 
CHECK failed: assert_condition_ != nullptr: 
protobuf.FlowTest.Step
protobuf.FlowTest.Test
protobuf.FlowTest
/Library/Caches/com.apple.xbs/Sources/SiriIntelligenceEngine_Sim/3rdparty/protobuf/src/google/protobuf/repeated_field.h
CHECK failed: (n) >= (0): 
SetLongKey
emitterstate.cpp
!m_groups.empty()
m_groups.back()->type == GroupType::Map
ForceFlow
unexpected end sequence token
unexpected end map token
unmatched group tag
EndedGroup
m_curIndent >= lastIndent
_Set
emitterstate.h
Sunday
Monday
Tuesday
Wednesday
Thursday
Friday
Saturday
is_year
is_weekend
is_weekday
month_name
January
February
March
April
June
July
August
September
October
November
December
date_reached
time_reached
is_platform
is_device
is_purchased
is_set
input_chosen
input_timestamp
time_since
session
response
interaction
Unsupported operator: %s
tag:yaml.org,2002:
Illegal array variable string: %s
vector
No callback registered for directInvocationBuilder function. Returning empty string.
number
boolean
dictionary
reference
[a-zA-Z0-9_\.-]*
[a-zA-Z_][a-zA-Z0-9_-]*
end of verbatim tag not found
illegal character found while scanning tag handle
tag handle with no suffix
#;/?:@&=+$,_.!~*'()[]
#;/?:@&=+$_.~*'()
Passed
FAILED
Skipped
Not Run
Flow Test 
Flow Test Load: %s
%d passed, %d failed, %d skipped
vector
xdot
Unsupported export format specified: %s
Failed to load flow file for exporting: %s
PATH
:/opt/brew/bin:/opt/homebrew/bin:/usr/local/bin
Could not find 'dot' executable in your path. Try running: 'brew install graphviz'
bgcolor="black"
color="#A0CED9" fillcolor="#469AAF" fontcolor="white"
color="#ADF7B6" fillcolor="#51b85d" fontcolor="white"
color="#d1ae54" pencolor="#FCF5C7" fontcolor="white"
fontcolor="#777777" color="#aaaaaa"
fillcolor="#FF7733" color="#FFAD85" fontcolor="white"
color="#ff2222" penwidth="3"
penwidth="3" pencolor="#ff2222"
bgcolor="white"
color="#469AAF" fillcolor="#aeced6" fontcolor="#111111"
color="#12BA26" fillcolor="#ADF7B6" fontcolor="#111111"
color="#FCF5C7" pencolor="#D5BA0B" fontcolor="#555555"
fontcolor="#aaaaaa" color="#888888"
fillcolor="#FFAD85" color="#FF7733" fontcolor="#111111"
digraph "
graph [fontsize=11 fontname="Verdana" compound=true 
node [shape=Mrecord fontsize=10 fontname="Verdana" style="filled" 
edge [arrowsize=0.75 fontsize=10 fontname="Verdana" 
bgcolor=transparent;
 comment = "active:response"];
 -> 
Activity
subgraph "cluster_
node [shape=rect style=filled 
style = "filled";
comment = "active:group";
label = 
 [label=
Fallback_
 [label=Fallback];
label=
 label=
 [lhead="cluster_
" minlen=2 
 shape=rectangle style=diagonals
label=START shape=Mdiamond 
Start
0123456789abcdefABCDEF-
.dot
Failed to export flow file to dot format, needed for png format. Check: %s
 -Gdpi=
 -o 
: took 
 secs
default
<a href="
</a>
<ol>
</ol>
<li>
</li>
<ul>
</ul>
Version of loader (1.4.7) is older than the format version in the file (%s). Skipping conversion.
Cannot deduce file format from filename: %s
Source and destination format are the same from filename: %s
Cannot deduce source filename from: %s
null response
dialog response '
behavior response '
  nextIds: 
  inputGroupId: 
  condition: 
  text: 
  patternId: 
  patternParameters: 
  catId: 
  catParameters: 
  name: 
  parameters: 
vector
no-version
no-meta-name
no-var-name
no-var-type
no-param
future-version
undef-var
undef-response
undef-input
undef-condition
undef-intent
undef-func
undef-param
invalid-name
invalid-id
no-id
no-cat-id
no-pattern-id
no-operator
empty-expr
invalid-type
type-mismatch
multi-defs
file-not-found
yaml-parse
dupe-id
fewer-args
more-args
read-only
deprecated
<msg>
ERROR: 
Note: 
error: 
warn: 
note: 
Illegal variable string: %s
GetString
document.h
IsString()
GetDouble
(data_.f.flags & kUint64Flag) != 0
Size
IsArray()
GetObject
IsObject()
ParseStream
stack_.GetSize() == sizeof(ValueType)
GetAllocator
stack.h
allocator_
reader.h
!HasParseError()
ParseNull
is.Peek() == 'n'
PushUnsafe
stackTop_
static_cast<std::ptrdiff_t>(sizeof(T) * count) <= (stackEnd_ - stackTop_)
ParseTrue
is.Peek() == 't'
ParseFalse
is.Peek() == 'f'
ParseString
s.Peek() == '\"'
ParseStringToStream
ParseHex4
Encode
encodings.h
codepoint <= 0x10FFFF
GetSize() >= count * sizeof(T)
GenericStringRef
str != 0 || len == 0u
ParseObject
is.Peek() == '{'
GetSize() >= sizeof(T)
ParseArray
is.Peek() == '['
ParseNumber
expFrac <= 0
Pow10
pow10.h
n >= 0 && n <= 308
illegal document indicator in scalar
illegal EOF in scalar
illegal tab when looking for indentation
ABCDEFGHIJKLMNOPQRSTUVWXYZabcdefghijklmnopqrstuvwxyz0123456789+/
error
warning
info
validate(filename:)
> Entering function 'validate(filename:)'
< Exiting function 'validate(filename:)' (took %1.1f ms)
Flow file does not exist:
Failed to load flow file:
Failed to parse flow file:
setVariables step has no 'key' to define the variable name
startFrom step specifies no response or activity
sendIntent step specifies no intent ID or name
assertResponse step defines no assertions
assertResponse count is 
 but expected 
assertResponse id '
' was not found in the output: 
assertResponse none of the ids 
 were found in the output: 
assertResponse not all of the ids 
assertCondition does not define the ID of a condition to check
assertCondition expected 
 for condition '
' but actual value is 
"\""
"\t"
"\n"
"\b"
"\\"
0123456789abcdef
Empty activity for top-level input group added! This shouldn't happen.
Can't deserialize input group %s as it is unknown
Need to implement loading of event reference state for %s
NULL state in FlowGraph::Save
vector
YAML directives must have exactly one argument
repeated YAML directive
bad YAML version: 
YAML major version too large
TAG directives must have exactly two arguments
repeated TAG directive
Unsupported argument provided: 
Required argument 
 not provided
input group '
  eventId 
  fallbacks: 
  nlParameters: 
node_data.cpp
false
convert_to_map
convert_sequence_to_map
m_type == NodeType::Sequence
appending to a non-sequence
operator[] call on a scalar
%zu: 
 NULL
--- EXEC STATE ---
------------------
Illegal dictionary variable string: %s
tag.cpp
false
Translate
global.currentActivity
global.previousActivity
global.activeIntents
global.activeLocalIntents
recoverFromDeadEnd
Loading intelligence from %s
NULL intelligence
Intelligence protobuf was updated to latest version 1.4.7
Variable defined with no name.
Variable '%s' defined with no type. Ignoring it.
Intelligence protobuf contains an activity with empty id: %s
Intelligence protobuf file contains an input group without an ID
Intelligence protobuf contains empty intent_id in input group %s
Intelligence protobuf contains empty fallback node in input group %s
Intelligence protobuf contains response with no id: %s
Unsupported priority tag '%s' for response '%s'
Unsupported selection mode '%s' for response '%s'
Dialog Response '%s' has unknown character. Making a dummy one.
Loading an intelligence protobuf.
load
protobuf
Constructing flow in memory took %.3f seconds
Failed to parse flow file: %s
Successfully loaded flow file in %.3f seconds
Failed to load flow file (took %.3f seconds)
Detected infinite loop in GetLastResponseBeforeInputGroup()
Condition '%s' => FALSE
Condition '%s' => true
Pruned candidate response (%s): %s
unused
FIRST_TIME
non-first
priority
cond
Selected %s => "%s"
Selected %s
Rule timestamp updated: %s => %f
Matched an Intent: %s
Find fallback in context: %s
UndefinedIntent
invocations
SendIntent: input '%s' / '%s'
SendIntent: matched '%s' / '%s'
SendActivity: %s
SendActivity: illegal Activity ID '%s'
Response limit reached in ContinueConversationUntil(): possible cycle
Cannot jump to unknown response ID: %s
Main Exec State
Random Number Generator State expects data of size 3, not %zu
Failed to get boot time
Failed to get time of day
Misuse of RandomBytes
/dev/urandom
Failed to seed random number generator: OpenDataFile
Failed to seed random number generator: fread
Failed to seed random number generator: close
Misuse of YamlIO::FromFile: message is NULL when examining %s
Flow file does not exists: %s
Invalid YAML flow file: %s (Line %d, Col %d): %s
Failed to parse YAML flow file: %s (Line %d, Col %d): %s
Error writing to YAML file %s
Flow file does not exists:
Unexpected whitespace at beginning of line
File has YAML parse errors: 
Failed to parse YAML flow file: 
<msg>=
formatVersion=
meta
meta[
meta[0]=
excludeIfBuildVariableSet
excludeIfBuildVariableSet[
excludeIfBuildVariableSet[0]=
excludeIfFeatureDisabled
excludeIfFeatureDisabled[
excludeIfFeatureDisabled[0]=
start
start=
dialogResponses
dialogResponses[
dialogResponses[0]=
behaviorResponses
behaviorResponses[
behaviorResponses[0]=
referenceResponses
referenceResponses[
referenceResponses[0]=
responseGroups
responseGroups[
responseGroups[0]=
inputGroups
inputGroups[
inputGroups[0]=
activities
activities[
activities[0]=
utterances
utterances[
utterances[0]=
characters
characters[
characters[0]=
events[
events[0]=
conditions
conditions[
conditions[0]=
variables
variables[
variables[0]=
useTimerCounts
useTimerCounts=
version
version=
groupResponses
groupResponses[
groupResponses[0]=
rulesets
rulesets[
rulesets[0]=
intents
intents[
intents[0]=
counters
counters[
counters[0]=
flags
flags[
flags[0]=
labels
labels[
labels[0]=
lists
lists[
lists[0]=
name=
content
content=
responseIds[
responseIds[0]=
activityId=
nextIds[
nextIds[0]=
selectionMode
selectionMode=
conditionId=
priority=
repeat=
inputGroupId=
text=
sensitiveData
sensitiveData=
dialogPhase
dialogPhase=
characterId
characterId=
userData=
catId
catId=
catParameters[
catParameters[0]=
visualParameters
visualParameters[
visualParameters[0]=
patternId
patternId=
patternParameters[
patternParameters[0]=
childIds
childIds=
condition
condition=
ruleset
ruleset=
inputGroup
inputGroup=
key=
valueNumber=
valueBoolean=
valueString=
valueArray[
valueArray[0]=
valueDictionary[
valueDictionary[0]=
var=
function=
arguments
arguments[
arguments[0]=
valueDouble
valueDouble=
valueInt
valueInt=
valueBool
valueBool=
valueDict
valueDict[
valueDict[0]=
contextualType
contextualType=
parameters
parameters[
parameters[0]=
undo
undo=
identifier=
userData[
userData[0]=
refId
refId=
mode
mode=
toplevel
toplevel=
listenAfterSpeaking
listenAfterSpeaking=
nlParameters
nlParameters[
nlParameters[0]=
fallbacks
fallbacks[
fallbacks[0]=
activity
activity=
canUseServerTTS
canUseServerTTS=
legacyEvents
legacyEvents[
legacyEvents[0]=
eventId=
interjectionSettings
interjectionSettings=
uberMode
uberMode=
returnWhenDone
returnWhenDone=
repeatPrompt
repeatPrompt=
segueResponseId
segueResponseId=
followFallback
followFallback=
returnResponseId
returnResponseId=
useSegueEvent
useSegueEvent=
responses
responses[
responses[0]=
type=
params
params=
responses=
intentId
intentId=
ttsVoiceName
ttsVoiceName=
nlParsers
nlParsers[
nlParsers[0]=
nlProducer
nlProducer=
left
left=
right
right=
andChildren
andChildren[
andChildren[0]=
orChildren
orChildren[
orChildren[0]=
notChild
notChild=
value=
description=
defaultValue=
defaultString
defaultString=
defaultNumber
defaultNumber=
defaultBoolean
defaultBoolean=
defaultArray
defaultArray[
defaultArray[0]=
defaultDictionary
defaultDictionary[
defaultDictionary[0]=
defaultValue[
defaultValue[0]=
. Use 
 instead
Deprecated field for Intelligence found in flow file: 
Unsupported field for Intelligence found in flow file: 
Invalid string value found for 'formatVersion' on Intelligence
Found a map instead of an array value for 'excludeIfBuildVariableSet' on Intelligence
Found a map instead of an array value for 'excludeIfFeatureDisabled' on Intelligence
Invalid array value found for 'start' on Intelligence
Invalid bool value found for 'useTimerCounts' on Intelligence
Invalid double value found for 'version' on Intelligence
Unsupported field for Meta found in flow file: 
Invalid string value found for 'name' on Meta
Invalid string value found for 'content' on Meta
Unsupported field for Start found in flow file: 
Found a map instead of an array value for 'responseIds' on Start
Invalid string value found for 'activityId' on Start
Deprecated field for DialogResponse found in flow file: 
Unsupported field for DialogResponse found in flow file: 
Invalid string value found for 'id' on DialogResponse
Found a map instead of an array value for 'nextIds' on DialogResponse
Invalid string value found for 'selectionMode' on DialogResponse
Invalid string value found for 'conditionId' on DialogResponse
Invalid string value found for 'priority' on DialogResponse
Invalid bool value found for 'repeat' on DialogResponse
Invalid string value found for 'inputGroupId' on DialogResponse
Invalid string value found for 'text' on DialogResponse
Invalid bool value found for 'sensitiveData' on DialogResponse
Invalid string value found for 'dialogPhase' on DialogResponse
Invalid int32 value found for 'characterId' on DialogResponse
Invalid string value found for 'userData' on DialogResponse
Invalid string value found for 'catId' on DialogResponse
Invalid string value found for 'patternId' on DialogResponse
Invalid string value found for 'childIds' on DialogResponse
Invalid string value found for 'condition' on DialogResponse
Invalid string value found for 'ruleset' on DialogResponse
Invalid string value found for 'inputGroup' on DialogResponse
Deprecated field for KeyValueParameter found in flow file: 
Invalid string value found for 'var' on KeyValueParameter
Invalid string value found for 'function' on KeyValueParameter
Invalid double value found for 'valueDouble' on KeyValueParameter
Invalid int64 value found for 'valueInt' on KeyValueParameter
Invalid bool value found for 'valueBool' on KeyValueParameter
Invalid string value found for 'contextualType' on KeyValueParameter
Deprecated field for BehaviorResponse found in flow file: 
Unsupported field for BehaviorResponse found in flow file: 
Invalid string value found for 'id' on BehaviorResponse
Found a map instead of an array value for 'nextIds' on BehaviorResponse
Invalid string value found for 'selectionMode' on BehaviorResponse
Invalid string value found for 'conditionId' on BehaviorResponse
Invalid string value found for 'priority' on BehaviorResponse
Invalid bool value found for 'repeat' on BehaviorResponse
Invalid string value found for 'inputGroupId' on BehaviorResponse
Invalid string value found for 'name' on BehaviorResponse
Invalid array value found for 'undo' on BehaviorResponse
Invalid string value found for 'childIds' on BehaviorResponse
Invalid string value found for 'condition' on BehaviorResponse
Invalid string value found for 'ruleset' on BehaviorResponse
Invalid string value found for 'inputGroup' on BehaviorResponse
Unsupported field for Undo found in flow file: 
Invalid string value found for 'identifier' on Undo
Deprecated field for ReferenceResponse found in flow file: 
Unsupported field for ReferenceResponse found in flow file: 
Invalid string value found for 'id' on ReferenceResponse
Found a map instead of an array value for 'nextIds' on ReferenceResponse
Invalid string value found for 'selectionMode' on ReferenceResponse
Invalid string value found for 'conditionId' on ReferenceResponse
Invalid string value found for 'priority' on ReferenceResponse
Invalid bool value found for 'repeat' on ReferenceResponse
Invalid string value found for 'inputGroupId' on ReferenceResponse
Invalid string value found for 'refId' on ReferenceResponse
Invalid string value found for 'mode' on ReferenceResponse
Invalid string value found for 'childIds' on ReferenceResponse
Invalid string value found for 'condition' on ReferenceResponse
Invalid string value found for 'ruleset' on ReferenceResponse
Invalid string value found for 'inputGroup' on ReferenceResponse
Deprecated field for ResponseGroup found in flow file: 
Unsupported field for ResponseGroup found in flow file: 
Invalid string value found for 'id' on ResponseGroup
Found a map instead of an array value for 'nextIds' on ResponseGroup
Invalid string value found for 'selectionMode' on ResponseGroup
Invalid string value found for 'conditionId' on ResponseGroup
Invalid string value found for 'priority' on ResponseGroup
Invalid bool value found for 'repeat' on ResponseGroup
Invalid string value found for 'inputGroupId' on ResponseGroup
Invalid string value found for 'childIds' on ResponseGroup
Invalid string value found for 'condition' on ResponseGroup
Invalid string value found for 'ruleset' on ResponseGroup
Invalid string value found for 'inputGroup' on ResponseGroup
Deprecated field for InputGroup found in flow file: 
Unsupported field for InputGroup found in flow file: 
Invalid string value found for 'id' on InputGroup
Invalid bool value found for 'toplevel' on InputGroup
Invalid bool value found for 'listenAfterSpeaking' on InputGroup
Invalid string value found for 'activity' on InputGroup
Invalid bool value found for 'canUseServerTTS' on InputGroup
Invalid string value found for 'dialogPhase' on InputGroup
Unsupported field for Event found in flow file: 
Invalid string value found for 'id' on Event
Invalid string value found for 'eventId' on Event
Found a map instead of an array value for 'responseIds' on Event
Invalid string value found for 'priority' on Event
Invalid array value found for 'interjectionSettings' on Event
Deprecated field for Interjection found in flow file: 
Unsupported field for Interjection found in flow file: 
Invalid bool value found for 'uberMode' on Interjection
Invalid bool value found for 'returnWhenDone' on Interjection
Invalid bool value found for 'repeatPrompt' on Interjection
Invalid string value found for 'segueResponseId' on Interjection
Invalid bool value found for 'followFallback' on Interjection
Invalid string value found for 'returnResponseId' on Interjection
Invalid bool value found for 'useSegueEvent' on Interjection
responsesIds
Deprecated field for Fallback found in flow file: 
Unsupported field for Fallback found in flow file: 
Found a map instead of an array value for 'responseIds' on Fallback
Invalid string value found for 'mode' on Fallback
Found a map instead of an array value for 'responses' on Fallback
Deprecated field for LegacyEvent found in flow file: 
Unsupported field for LegacyEvent found in flow file: 
Invalid string value found for 'type' on LegacyEvent
Found a map instead of an array value for 'responseIds' on LegacyEvent
Invalid string value found for 'params' on LegacyEvent
Invalid string value found for 'responses' on LegacyEvent
Deprecated field for Intent found in flow file: 
Unsupported field for Intent found in flow file: 
Invalid string value found for 'id' on Intent
Invalid string value found for 'intentId' on Intent
Found a map instead of an array value for 'responseIds' on Intent
Invalid string value found for 'priority' on Intent
Invalid array value found for 'interjectionSettings' on Intent
Found a map instead of an array value for 'responses' on Intent
Deprecated field for Activity found in flow file: 
Unsupported field for Activity found in flow file: 
Invalid string value found for 'id' on Activity
Invalid string value found for 'name' on Activity
Found a map instead of an array value for 'responseIds' on Activity
Invalid string value found for 'inputGroupId' on Activity
Invalid string value found for 'params' on Activity
Invalid string value found for 'inputGroup' on Activity
Unsupported field for Utterance found in flow file: 
Invalid string value found for 'id' on Utterance
Invalid string value found for 'text' on Utterance
Invalid int32 value found for 'characterId' on Utterance
Unsupported field for Character found in flow file: 
Invalid string value found for 'id' on Character
Invalid string value found for 'name' on Character
Invalid string value found for 'ttsVoiceName' on Character
Invalid string value found for 'name' on Event
Invalid array value found for 'nlProducer' on Event
Unsupported field for NLParameters found in flow file: 
Invalid string value found for 'name' on NLParameters
Unsupported field for Condition found in flow file: 
Invalid string value found for 'id' on Condition
Invalid array value found for 'condition' on Condition
Deprecated field for ConditionEntry found in flow file: 
Unsupported field for ConditionEntry found in flow file: 
Invalid array value found for 'left' on ConditionEntry
Invalid string value found for 'op' on ConditionEntry
Invalid array value found for 'right' on ConditionEntry
Invalid array value found for 'notChild' on ConditionEntry
Invalid string value found for 'name' on ConditionEntry
Invalid string value found for 'value' on ConditionEntry
Deprecated field for Variable found in flow file: 
Unsupported field for Variable found in flow file: 
Invalid string value found for 'name' on Variable
Invalid string value found for 'type' on Variable
Invalid string value found for 'description' on Variable
Invalid array value found for 'defaultValue' on Variable
Invalid string value found for 'defaultString' on Variable
Invalid double value found for 'defaultNumber' on Variable
Invalid bool value found for 'defaultBoolean' on Variable
Invalid string value found for 'name' on Intent
Invalid array value found for 'nlProducer' on Intent
Unsupported field for Counter found in flow file: 
Invalid string value found for 'name' on Counter
Invalid double value found for 'defaultValue' on Counter
Unsupported field for Flag found in flow file: 
Invalid string value found for 'name' on Flag
Invalid bool value found for 'defaultValue' on Flag
Unsupported field for Label found in flow file: 
Invalid string value found for 'name' on Label
Invalid string value found for 'defaultValue' on Label
Unsupported field for List found in flow file: 
Invalid string value found for 'name' on List
Found a map instead of an array value for 'defaultValue' on List
Misuse of ProtobufIO::FromFile: message is NULL when examining %s
Failed to open protobuf file: %s
Failed to parse binary intelligence from file: %s
Failed to create protobuf file: %s
Failed to write binary protobuf to file: %s
exportFile(flowFile:exportFile:format:options:)
> Entering function 'exportFile(flowFile:exportFile:format:options:)'
< Exiting function 'exportFile(flowFile:exportFile:format:options:)' (took %1.1f ms)
exportFile
hide
.yamlflow
.yaml
.flow
.flowtest
updateToLatest(flowFile:)
> Entering function 'updateToLatest(flowFile:)'
< Exiting function 'updateToLatest(flowFile:)' (took %1.1f ms)
load(filename:)
load(templateDir:flowId:)
load(bundle:flowId:)
load(string:)
find(bundle:flowId:)
find(templateDir:flowId:)
start()
process(event:)
process(activityId:)
remainingResponses()
goTo(responseId:)
willHandle(event:)
events()
activeEvents()
activeLocalEvents()
hasActiveFallback()
willHandle(invocation:)
process(invocation:)
inputGroup(id:)
isActive()
variables()
setVariable(name:value:)
conditions()
exitValue()
process(intent:)
willHandle(intent:)
activeIntents()
activeLocalIntents()
%s%s
convertFile(flowFile:format:)
validate(filename:)
exportFile(flowFile:exportFile:format:options:)
updateToLatest(flowFile:)
IEIntelligence
IENLParameters
IEEvent
IEInputGroup
IEConverter
IECondition
IEIntelligenceExtensions
IEDirectInvocation
IETestParseError
IETestResults
IETestResult
IEFlowTester
IEFlowTestBuilder
IEIntent
IEVariable
IEDialogResponse
IEBehaviorResponseUndo
IEBehaviorResponse
IEValidationResult
IEValidator
IEResponse
IEResponseUndo
IEExporterOptions
IEExporter
IEUpdater
T@"NSDictionary",&,N,V_userData
.cxx_destruct
TB,N,V_darkMode
T@"IEBehaviorResponseUndo",&,N,V_undo
_status
T@"NSArray",&,N,V_children
dealloc
T@"NSArray",&,N,V_parsers
getBuildVersion
T@"NSDictionary",&,N,V_catParameters
getUndo
T@"NSDictionary",&,N,V_parameters
numberWithBool:
T@"NSDictionary",&,N,V_slots
results
T@"NSString",&,N,V_catId
setDialogPhase:
T@"NSString",&,N,V_conditionId
setParseErrors:
T@"NSString",&,N,V_error
setTransparent:
T@"NSString",&,N,V_expression
switchActivity:
T@"NSString",&,N,V_flowId
.cxx_construct
T@"NSString",&,N,V_inputGroupId
T@"<IEDirectInvocationBuilderHandler>",&,N,V_directInvocationBuilder
_flowId
T@"IENLParameters",&,N,V_producer
canUseServerTTS
T@"NSArray",&,N,V_parseErrors
eventId
T@"NSArray",&,N,V_results
getFileVersion:
T@"NSDictionary",&,N,V_nlParameters
loadFromString:
T@"NSDictionary",&,N,V_patternParameters
parsers
T@"NSDictionary",&,N,V_visualParameters
setConditionId:
T@"NSString",&,N,V_code
setDotsPerInch:
T@"NSString",&,N,V_dialogPhase
setResponse_id:
T@"NSString",&,N,V_eventId
summary
T@"NSString",&,N,V_filename
updateToLatest:
T@"NSString",&,N,V_highlightResponse
T@"NSString",&,N,V_identifier
T@"NSString",&,N,V_intentId
T@"NSString",&,N,V_name
T@"NSString",&,N,V_patternId
T@"NSString",&,N,V_response_id
T@"NSString",&,N,V_summary
T@"NSString",&,N,V_testName
T@"NSString",&,N,V_text
T@"NSString",&,N,V_type
T@,&,N,V_value
TB,N,V_canUseServerTTS
TB,N,V_conditions
TB,N,V_lightMode
TB,N,V_listenAfterSpeaking
TB,N,V_sensitiveData
TB,N,V_transparent
TB,N,V_value
TQ,N,V_status
TQ,R
T^v,N,VmIntelligence
Ti,N,V_dotsPerInch
Ti,N,V_lineNumber
T{TestCaseBuilder={shared_ptr<siri::intelligence::TestCaseBuilder::Impl>=^{Impl}^{__shared_weak_count}}},N,V_mBuilder
UTF8String
_canUseServerTTS
_catId
_catParameters
_children
_code
_conditionId
_conditions
_darkMode
_dialogPhase
_directInvocationBuilder
_dotsPerInch
_error
_eventId
_expression
_filename
_highlightResponse
_identifier
_inputGroupId
_intentId
_lightMode
_lineNumber
_listenAfterSpeaking
_mBuilder
_name
_nlParameters
_parameters
_parseErrors
_parsers
_patternId
_patternParameters
_producer
_response_id
_results
_sensitiveData
_slots
_summary
_testName
_text
_transparent
_type
_undo
_userData
_value
_visualParameters
activeEvents
activeIntents
activeLocalEvents
activeLocalIntents
addObject:
addToTestFile:flowId:testName:description:
addToTestFile:testName:description:
assertResponseAllIds:
assertResponseAnyId:
boolValue
catId
catParameters
children
clear
code
conditionId
conditions
convertFile:withFormat:
count
countByEnumeratingWithState:objects:count:
darkMode
dialogPhase
directInvocationBuilder
dotsPerInch
doubleValue
error
exportFile:withExportFile:withFormat:withOptions:
expression
filename
find:withId:
findInTemplateDir:withId:
flowId
getActiveEventsWithScope:
getActiveIntentsWithScope:
getConditions
getCount:
getEvents
getExitValue
getFormatVersion
getInputGroup:
getIntents
getRemainingResponses
getTestList:
getTestList:flowId:
getVariables
goTo:
gotoResponse:
handle:withUserData:
hasActiveFallback
hash
highlightResponse
identifier
init
initWithId:
initWithId:withName:
initWithIdentifier:
initWithIdentifier:withUserData:
initWithName:
initWithName:withId:
initWithName:withType:
initWithName:withType:withValue:
inputGroupId
intentId
isActive
isEqual:
isEqualToString:
lightMode
lineNumber
listenAfterSpeaking
load:
load:withFlowId:
load:withId:
mBuilder
mIntelligence
name
nlParameters
numberWithDouble:
objectForKey:
parameters
parseErrors
patternId
patternParameters
processActivity:
processDirectInvocation:
processEvent:
processIntent:
producer
resourcePath
response_id
runAllTests:
runFileTests:
sendEvent:
sendIntent:
sensitiveData
setCanUseServerTTS:
setCatId:
setCatParameters:
setChildren:
setCode:
setConditions:
setDarkMode:
setDirectInvocationBuilder:
setError:
setEventId:
setExpression:
setExtensions:
setFilename:
setFlowId:
setHighlightResponse:
setIdentifier:
setInputGroupId:
setIntentId:
setLightMode:
setLineNumber:
setListenAfterSpeaking:
setMBuilder:
setMIntelligence:
setName:
setNlParameters:
setObject:forKey:
setParameters:
setParsers:
setPatternId:
setPatternParameters:
setProducer:
setResults:
setSensitiveData:
setSlots:
setStatus:
setSummary:
setTestName:
setText:
setType:
setUndo:
setUserData:
setValue:
setVariable:value:
setVariable:withValue:
setVisualParameters:
slots
startConversation
status
stringWithUTF8String:
testName
text
transparent
type
undo
userData
validate:
value
visualParameters
willHandleDirectInvocation:
willHandleEvent:
willHandleIntent:
@16@0:8
v16@0:8
B24@0:8@16
B32@0:8@16@24
@32@0:8@16@24
@24@0:8@16
@20@0:8i16
B16@0:8
v24@0:8@16
^v16@0:8
v24@0:8^v16
@"NSString"
@"NSDictionary"
@"NSArray"
@"IENLParameters"
v20@0:8B16
B32@0:8@16Q24
@"<IEDirectInvocationBuilderHandler>"
i24@0:8Q16
Q16@0:8
v24@0:8Q16
v32@0:8@16@24
i16@0:8
B48@0:8@16@24@32@40
B40@0:8@16@24@32
{TestCaseBuilder={shared_ptr<siri::intelligence::TestCaseBuilder::Impl>=^{Impl}^{__shared_weak_count}}}16@0:8
v32@0:8{TestCaseBuilder={shared_ptr<siri::intelligence::TestCaseBuilder::Impl>=^{Impl}^{__shared_weak_count}}}16
{TestCaseBuilder="mImpl"{shared_ptr<siri::intelligence::TestCaseBuilder::Impl>="__ptr_"^{Impl}"__cntrl_"^{__shared_weak_count}}}
@40@0:8@16@24@32
@"IEBehaviorResponseUndo"
v20@0:8i16
B48@0:8@16@24Q32@40
