createIntegrationDirectories
enqueueBlock:
setupLogDestinations
removeCacheDirectoryIfNeeded
createBotDirectories
buildingIntegration
integrationPath
arrayWithObjects:count:
createDirectories:
buildServiceLogPath
fileURLWithPath:
defaultFacility
addOutputFile:
shouldClean
derivedDataPath
info:
defaultManager
removeItemAtPath:error:
code
error:
finishWithBuildServiceError:result:
cachePath
countByEnumeratingWithState:objects:count:
fileExistsAtPath:
createDirectoryAtPath:withIntermediateDirectories:attributes:error:
integrationStepType
enqueueOperations
initWithBuildingIntegration:
facilityWithName:
setScmFacility:
sourceControlBlueprint
cancel
currentCancellable
scmFacility
sourceControlLogPath
useCache
validateBlueprint
string
blueprint
remoteRepositories
locationForRemoteRepository:
workingCopyPathForRemoteRepository:
appendFormat:
checkoutURL
checkoutPath
loadCachedWorkspaceAndWorkingCopies
workspace
updateCachedWorkingCopies
warn:
continueWithBuildServiceErrorString:
deleteExistingWorkingCopies
checkoutWorkingCopies
finishWithBuildServiceError:result:fixItType:
saveVersionedBlueprintToIntegration
saveVersionedBlueprintToBot
saveCommitHistory
removeSSHKeyDirectory
performSynchronousBlock:
integration
result
sshKeyPath
userInfo
objectForKeyedSubscript:
length
count
objectEnumerator
nextObject
logUnderlyingErrorForError:
stringWithFormat:
dictionary
keyEnumerator
objectForKey:
localizedDescription
description
setObject:forKeyedSubscript:
dictionaryWithObjects:forKeys:count:
errorWithDomain:code:userInfo:
configuration
dictionaryRepresentation
finishWithBuildServiceErrorString:result:
validateDictionary:
finishWithBuildServiceErrorString:result:fixItType:
errorFromErrorMapTable:
setWorkspace:
setSourceControlWorkspace:
setCurrentCancellable:
workspaceForWorkingCopiesCreatedAtURL:completionBlock:
tickActivity
service
emitAdvisoryStatusForIntegration:message:percentage:
forceUpdateWorkingCopiesFromBlueprint:progressBlock:completionBlock:
performRepeatableSynchronousBlock:
continueWithBuildServiceError:
createWorkingCopiesAtURL:useRevisions:progressBlock:completionBlock:
revisionBlueprint
dictionaryRepresentationWithOptions:
alloc
initWithContents:service:validationErrors:
setRevisionBlueprint:
updateIntegration:completionHandler:
blueprintWithCompletionBlock:
lastRevisionBlueprint
setPreviousRevisionBlueprint:
setLastRevisionBlueprint:
updateBot:completionHandler:
fetchBotWithID:completionHandler:
commitsFromSourceControlLogItems:
delegate
integrationStep:didSaveCommitHistory:
respondsToSelector:
continueWithBuildServiceErrors:
firstObject
saveCommitHistory:forIntegration:completionHandler:
previousRevisionBlueprint
initWithDictionary:
historySinceRevisionedBlueprint:maximumLogItems:includeFilePaths:showMergeCommits:completionBlock:
array
pathsWithStatus
unsignedIntegerValue
commitChangeWithFilePath:status:validationErrors:
addObject:
enumerateKeysAndObjectsUsingBlock:
author
contributorFromSourceControlAuthor:validationErrors:
message
date
revision
identifier
workingCopy
repository
commitWithContributor:message:timestamp:scmRevision:blueprintRepositoryID:commitChangeFilePaths:validationErrors:
copy
name
displayName
emails
contributorWithName:displayName:emails:validationErrors:
valuesForAttribute:error:
setEmails:
setDisplayName:
initWithBuildingIntegration:useCache:
.cxx_destruct
_useCache
_scmFacility
_currentCancellable
_workspace
_previousRevisionBlueprint
xcodeRunner
closeLogFile
componentsJoinedByString:
logFileHandle
dataUsingEncoding:
writeData:
taskWithArguments:
launchPath
arguments
xcodebuildLogPath
launchTask:
observeBuildProgressWhileExecutingBlock:
monitorFileAtPath:whileExecutingBlock:
init
defaultCenter
xcodebuildDidPostBuildProgressNotification:
addObserverForName:object:queue:usingBlock:
xcodebuildDidPostTestProgressNotification:
removeObserver:
floatValue
hasSuffix:
parseFirstErrorFromBuildLog
stringWithContentsOfFile:encoding:error:
logMarker
rangeOfString:
substringFromIndex:
componentsSeparatedByString:
createGenericError:
schemeName
createGenericError:withFixItType:
workspacePath
lastPathComponent
projectPath
shouldIgnoreScrapedErrorWithMessage:
hasPrefix:
sampleRelevantProcesses
activityTimerDidExpire
currentTask
processIdentifier
outputPath
stringByAppendingPathComponent:
stringByAppendingPathExtension:
launch
waitUntilExit
taskEnvironmentIncludingProcessEnvironment:
mutableCopy
processInfo
environment
parentXcodeApplicationDeveloperDirectoryPath
removeObjectForKey:
setCurrentDirectoryPath:
buildEnvironment
setEnvironment:
setLaunchPath:
setArguments:
fileHandleWithNullDevice
setStandardInput:
setStandardOutput:
setStandardError:
data
createFileAtPath:contents:attributes:
fileHandleForWritingAtPath:
setLogFileHandle:
seekToEndOfFile
closeFile
executeXcodebuildWithArguments:
readIssuesFromBuildLogAsIssueType:
createBuildLog
_logMarker
_logFileHandle
hasStartedTesting
checkForExistingPaths
buildIntegration
integrateArguments
terminationStatus
terminationReason
processXcodeBuildTerminationStatus:terminationReason:
schemeActionsRecord
setHasStartedTesting:
integrationStepDidBegin:
argumentsListToIntegrateWithFatalError:nonFatalErrors:
continueWithBuildServiceError:fixItType:
_hasStartedTesting
errorCount
createArchive
exportsProductFromArchive
exportFromArchive
argumentsListToArchive
dictionaryWithDictionary:
disableAppThinning
assetPackURLPrefix
writeToFile:atomically:
argumentsListToExport
loadBuildResults
processBuildResultsSummary
processIntegrationIssues
assignResultToIntegration
lastIntegrationWithBuildResults
buildResultSummary
buildResultsSummaryWithPreviousResults:
setBuildResultSummary:
commitHistory
commits
initWithSchemeActionsRecord:integrationID:commits:checkoutPath:
addIssuesToBuildingIntegration:errors:progress:
calculateIntegrationResult
setResult:
processTestSummaries
currentServerDevices
initWithSchemeActionsRecord:compareTo:serverDevices:integration:service:
processResultsWithCompletionBlock:
codeCoverageIntegrationWithIntegrationID:completionHandler:
setIntegration:
setQueue:
queue
setName:
setMaxConcurrentOperationCount:
integrationIssueWithType:status:issueType:message:target:testCase:documentLocationData:documentFilePath:lineNumber:exitCode:commits:integrationID:age:fixItType:issueAuthorSuspects:issueAuthors:validationErrors:
createIssue:forIntegration:completionHandler:
operationWithBlock:
initWithIntegration:
execute
setCurrentStep:
addOperations:waitUntilFinished:
cleanWithError:
_integration
_queue
triggers
phase
executeTriggers
uploadRemainingIssues
type
executeScriptTrigger:outputToFile:
emailConfiguration
executeEmailTrigger:
enumerateObjectsUsingBlock:
addOutputFilename:forTrigger:
scriptBody
writeScriptBodyToTemporaryFile:
executeScriptAtPath:outputToFile:
stringByAppendingString:
globallyUniqueString
writeToFile:atomically:encoding:error:
numberWithInt:
setAttributes:ofItemAtPath:error:
environmentForScriptTrigger
extractErrorFromTriggerLogFile:exitCode:
finishWithTriggerError:result:fixItType:
reason
finishWithTriggerErrorString:result:
notificationRequestWithTrigger:
sendNotificationRequest:forIntegrationID:completionHandler:
initWithBuildingIntegration:triggers:
_triggers
emptyAssets
setAssets:
setShouldCleanOutput:
stripResultBundle
regularExpressionWithPattern:options:error:
uploadFilesWithKeysAndPaths:totalCount:
uploadProducts
uploadTriggerLogs
copyRelevantCrashLogs
uploadAssetPacks
uploadAdditionalAssets
updateIntegrationWithAssets
cleanOutputDirectory
fileExistsAtPath:isDirectory:
subpathsOfDirectoryAtPath:error:
setWithObjects:
pathExtension
lowercaseString
containsObject:
dvt_anyObjectPassingTest:
uploadFileWithKey:relativePath:progress:
isAbsolutePath
zipDirectoryAtPath:error:
class
isKindOfClass:
findOutputFileMatchingRegularExpression:inDirectory:
absolutePathForFileToUploadAtPath:
humanReadableDescriptions
assetWithFileName:validationErrors:
assets
setValue:forKey:
uploadContentsOfFile:toAsset:completionHandler:
createAsset:forIntegration:completionHandler:
productsPlistPath
dictionaryWithContentsOfFile:
uploadThinnedProducts:
uploadStandaloneProduct
allKeys
compare:
sortedArrayUsingSelector:
exportPath
uploadProductWithFileName:variantIds:
infoDictionaryForProductAtPath:
extractAssetPackManifestFromProductAtPath:variantIds:
assetWithFileName:relativePath:infoDictionary:allowAnonymousAccess:variantIds:validationErrors:
setProduct:
assetPackRelativePath
assetWithFileName:relativePath:allowAnonymousAccess:variantIds:productID:validationErrors:
isValidArchive:
initWithPath:
filenames
isEqualToString:
pathComponents
UUID
UUIDString
extractFile:toFolder:
dataWithContentsOfFile:
propertyListWithData:options:format:error:
stringByAppendingFormat:
copyItemAtPath:toPath:error:
predicateWithFormat:
uploadAssetsMatchingPredicate:description:
fileName
triggerNameForFilename:
setTriggerName:
setTriggerAssets:
contentsOfDirectoryAtPath:error:
relevantCrashLogsPredicate
filteredArrayUsingPredicate:
startedTime
attributesOfItemAtPath:error:
isGreaterThan:
uploadAssets:withDescription:
isEqual:
assetWithFileName:relativePath:allowAnonymousAccess:validationErrors:
numberOfMatchesInString:options:range:
stringByDeletingLastPathComponent
shouldCleanOutput
_shouldCleanOutput
_assets
initWithBlock:
setBlock:
setSemaphore:
setError:
semaphore
block
main
error
_error
_block
_semaphore
documentURL
path
initWithBuildingIntegration:checkoutPath:errors:
getSuspectsFromSummary:commits:errors:
unpackPathFromDocumentLocation:
setBuildingIntegration:
strategy
setStrategy:
setCheckoutPath:
testCommits
setTestCommits:
testBlameItems
setTestBlameItems:
testLineNumber
setTestLineNumber:
testPath
setTestPath:
testWorkingCopy
setTestWorkingCopy:
_buildingIntegration
_strategy
_checkoutPath
_testCommits
_testBlameItems
_testLineNumber
_testPath
_testWorkingCopy
issueSuspectStrategy:confidence:reliability:validationErrors:
documentLocationInCreatingWorkspace
stringByReplacingCharactersInRange:withString:
startingLineNumber
numberWithInteger:
sourceControlWorkspace
sourceControlCache
commitChangeFilePaths
filePath
blueprintRepositoryID
workingCopyForRepositoryID:
scmRevision
initWithIdentifier:
getCommitFromBlameItems:lineNumber:commit:
blameFile:inWorkingCopy:atRevision:
timestamp
arrayWithObject:
contributor
issueSuspectWithSuspectName:emails:commits:validationErrors:
integerValue
lineRange
logItem
uniqueIdentifierString
setObject:forKey:
setCache:
setLock:
fileURL
URLByAppendingPathComponent:
initWithURL:resolvingAgainstBaseURL:
setQuery:
cacheKeyForFile:inWorkingCopy:atRevision:
cache
lock
blameFile:revision:ignoreWhitespace:completionBlock:
fetchItemWithKey:fromCache:usingQueue:itemGenerator:
currentLocationWithCompletionBlock:
cacheKeyForRevision:inWorkingCopy:
commitDetails:incrementalLogBlock:completionBlock:
currentLocationForWorkingCopy:
commitDetailsForRevision:inWorkingCopy:
_cache
_lock
workingCopyForURL:
getShortPathFromPath:
isComplete
xcsCommitWithErrors:
appendString:
findMostRecentLogItemFromBlameItems:inWorkingCopy:completelyLoadLogItem:
valueForKeyPath:
boolValue
valueForKey:
isSimulator
osVersion
platformIdentifier
architecture
deviceUDID
setIsServer:
addObjectsFromArray:
platform
platformForName:
isEqualTo:
macDeviceFromDVTDevice:architecture:validationErrors:
activeProxiedDevice
mapNonMacDeviceToXCSDevice:validationErrors:
setActiveProxiedDevice:
deviceType
modelName
modelCode
modelUTI
nativeArchitecture
operatingSystemVersion
processorDescription
isDeviceEnabledForDevelopment:
isDeviceConnected:
isSupportedHardware
isRunningSupportedOS
isDeviceActivated:
isPaired
debug:
deviceWithName:identifier:deviceUDID:deviceECID:serialNumber:deviceType:modelName:modelCode:architecture:osVersion:processor:modelUTI:platformIdentifier:isSimulator:displaySize:isRetina:isConnected:isSupported:isTrusted:enabledForDevelopment:activeProxiedDevice:validationErrors:
computerNameWithError:
hardwareSerialNumberWithError:
stringWithString:
initialize
isDevice:fuzzyMatchForDevice:
mapDVTDeviceArrayToXCSDeviceArray:localDevice:withError:
hardwareUUIDNumberWithError:
findMostRecentLogItemFromMostCommitterInBlameItems:inWorkingCopy:completelyLoadLogItem:
allValues
analyzerWarningCount
warningCount
testsCount
testsFailedCount
summaryWithAnalyzerWarningCount:warningCount:errorCount:testsCount:testFailureCount:codeCoveragePercentage:previousResults:validationErrors:
setRecord:
setComparisonCoverageIntegration:
setServerDevices:
setService:
setImprovedTestKeyPaths:
setRegressedTestKeyPaths:
setActivityUploadsQueue:
activityUploadsQueue
setSuspended:
record
actions
schemeCommand
testSchemeCommand
runDestinationRecord
xcsDevice
matchingServerDevice:
actionResult
coverageReport
setDevices:
setTestActionsByDevice:
setCodeCoverageByDevice:
serverDevices
testableSummaries
tests
processTestResult:onDevice:withParentKeyPath:fromTestableSummary:inActionResult:
codeCoverageByDevice
comparisonCoverageIntegration
targets
codeCoverageDevices
device
aggregateCoverageReport
codeCoverageTargets
_coverageReportForDevice:
lineCoverage
sourceFiles
functions
title
lineCoveragePercentageAggregate
_comparisonReportTargetsForDevice:
files
methods
numberWithDouble:
setTitle:
doubleValue
setLineCoveragePercentageAggregate:
setLineCoveragePercentageDeltaAggregate:
devices
setDeviceCoverage:lineCoveragePercentage:lineCoveragePercentageDelta:validationErrors:
setMethods:
setFiles:
number
initWithIntegrationID:integrationNumber:targets:devices:validationErrors:
setCodeCoveragePercentage:
lineCoveragePercentageDeltaAggregate
setCodeCoveragePercentageDelta:
importUsingService:completionHandler:
cacheTestingRecordsByDevice
integrationResultWithID:revisionID:date:testedDevices:coverage:service:validationErrors:
setIntegrationResult:
integrationResult
testActionsByDevice
processDevice:actions:
improvedTestKeyPaths
setImprovedPerfTestCount:
regressedTestKeyPaths
setRegressedPerfTestCount:
finalizeWithCompletionHandler:
coverageIntegrationWithCompletionBlock:
lastObject
objectAtIndexedSubscript:
operationCount
setActivityUploadsCount:
setCurrentlyUploadingKeyPath:
waitUntilAllOperationsAreFinished
activityUploadsCount
currentlyUploadingKeyPath
friendlyDescriptionForKeyPath:
stringByReplacingOccurrencesOfString:withString:
processTestSummary:onDevice:withKeyPath:fromTestableSummary:inActionResult:
processTestSummaryGroup:onDevice:withKeyPath:fromTestableSummary:inActionResult:
failureSummaries
arrayWithCapacity:
lineNumber
isPerformanceFailure
failureSummaryWithMessage:lineNumber:fileName:isPerformanceFailure:validationErrors:
status
blueprintProviderRelativePath
blueprintName
testResultWithDevice:keyPath:date:startTime:endTime:passed:failureSummaries:testableBlueprintPath:testableBlueprintName:validationErrors:
localRecordDirectoryFilePath
pathString
activitySummaries
processActivitySummaries:forResult:withAttachmentsDirectory:
performanceMetrics
unitOfMeasurement
measurements
baselineAverage
maxPercentRegression
maxPercentRelativeStandardDeviation
perfMetricResultWithName:identifier:type:unit:iterations:baseline:maxPercentRegression:maxPercentRelativeStandardDeviation:hasPassed:validationErrors:
uploadActivityResultsForKeyPath:
addTestResult:completionHandler:
subtests
screenshotFileName
snapshotFileName
diagnosticReportFileName
memoryGraphFileName
uuid
start
finish
activityResultWithTitle:UUID:start:finish:screenshotFilePath:snapshotFilePath:diagnosticReportFilePath:memoryGraphFilePath:validationErrors:
emitRemainingUploadsMessage
uploadAttachmentsToIntegration:completion:
addOperationWithBlock:
subActivities
_record
_comparisonCoverageIntegration
_serverDevices
_service
_devices
_testActionsByDevice
_codeCoverageByDevice
_integrationResult
_improvedTestKeyPaths
_regressedTestKeyPaths
_activityUploadsQueue
_activityUploadsCount
_currentlyUploadingKeyPath
targetDeviceRecord
targetArchitecture
platformRecord
mainBundle
bundlePath
executablePath
processName
parentXcodeApplicationPath
shortVersionStringForVersionPlist:
sharedDataPath
currentXcodeApplicationSymlinkPath
cachesPath
keychainsDirectoryPath
sharedSecretsDirectoryPath
logsPath
certificatesPath
provisioningProfilesPath
configurationProfilesPath
integrationsPath
integrationAssetsPath
hostedRepositoriesPath
databasePath
codeCoverageCachesPath
sharedDataPathDirectories
initializeReceiptFilePath
parentXcodeApplicationPathShortVersionString
currentXcodeApplicationDeveloperDirectorySymlinkPath
hostedRepositoriesRootSymlink
hostedRepositoriesHTTPCGIScriptSymlinkPath
createDefaultSharedDataPathDirectoriesIfMissing:
initializeReceiptFileShortVersionString
numberWithUnsignedInteger:
getSuspectedAuthorsWithSummary:commits:errors:
testCaseName
numberWithLong:
causeForIssueSummary:type:integration:
issueType
producingTarget
archivedDataWithRootObject:
integrationID
integrationIssueWithType:status:issueType:message:target:testCase:documentLocationData:documentFilePath:lineNumber:exitCode:commits:integrationID:age:fixItType:issueAuthorSuspects:issueAuthors:cause:validationErrors:
addIntegrationIssue:
isControl
controlledChanges
xcode
upgradeCauseWithChanges:
performsAnalyzeAction
after
configurationChangeCauseWithKey:
performsTestAction
_integrationID
_commits
highConfidenceStrategies
issueAuthorSuspectsWithStrategy:suspects:validationErrors:
lowConfidenceStrategies
setHighConfidenceStrategies:
setLowConfidenceStrategies:
_highConfidenceStrategies
_lowConfidenceStrategies
bundleIdentifier
standardUserDefaults
setUserDefaults:
initWithSuiteName:
userDefaults
numberWithBool:
registerDefaults:
setScreenSaverDefaults:
initWithData:encoding:
stringForKey:
identityName
setIdentity:error:
boolForKey:
setBool:forKey:
setHideCrashReporterDialogs:
screenSaverDefaults
sharedConfiguration
trustedApplicationsForKeychainItems
identity
setIdentity:
verboseXcodebuildLogging
setVerboseXcodebuildLogging:
shouldDisplayWelcomeNotification
setShouldDisplayWelcomeNotification:
hideCrashReporterDialogs
hideCrashReporterDialogsIfNeeded
screenLockEnabled
shouldDisplayScreenLockWarning
setShouldDisplayScreenLockWarning:
cacheDirectory
_cacheDirectory
_userDefaults
_screenSaverDefaults
additionalArguments
codeSigningArguments
loggingArguments
configurationArguments
overrideToolchainArguments
buildConfiguration
overrideToolchain
arrayWithObjects:
shouldAnalyze
shouldTest
codeCoveragePreference
runOnlyDisabledTests
commonArguments
createTestDeviceDestinationArgumentsWithFatalError:nonFatalErrors:
createBuildDeviceDestinationArguments
shouldArchive
archivePath
shouldExportProductFromArchive
deviceSpecification
isConnected
isSupported
_buildDeviceDestinationArgumentsFromDeviceSpecification
_oldStyleBuildDeviceDestinationArguments
arrayByAddingObjectsFromArray:
filters
testingDestinationType
_testingDeviceDestinationArgumentsFromDeviceSpecificationWithFatalError:nonFatalErrors:
_oldStyleTestingDeviceDestinationArgumentsWithFatalError:nonFatalErrors:
predicate
evaluateWithObject:
filterConnectedSupportedDevicesWithBlock:disconnectedDevices:unsupportedDevices:
deviceArrayDisplayString:
errorWithDescription:disconnectedDevices:unsupportedDevices:
errorWithDescription:unsupportedDevices:
deviceArgumentForDevice:
currentServerPlatforms
simulatorIdentifier
dvt_firstObjectPassingTest:
supportsFilterTypes
platformDisplayName
testingDeviceIDs
setWithArray:
errorWithDescription:disconnectedDevices:
macDestinationArgumentForArchitecture:
initWithProjectPath:workspacePath:schemeName:buildConfiguration:overrideToolchain:shouldAnalyze:shouldTest:codeCoveragePreference:runOnlyDisabledTests:shouldArchive:shouldExportProductFromArchive:outputPath:archivePath:exportPath:derivedDataPath:assetPackURLPrefix:baselineDescription:additionalArguments:testingDestinationType:testingDeviceIDs:deviceSpecification:currentServerDevices:currentServerPlatforms:
baselineDescription
_shouldAnalyze
_shouldTest
_runOnlyDisabledTests
_shouldArchive
_shouldExportProductFromArchive
_projectPath
_workspacePath
_schemeName
_buildConfiguration
_overrideToolchain
_codeCoveragePreference
_outputPath
_archivePath
_exportPath
_derivedDataPath
_assetPackURLPrefix
_baselineDescription
_additionalArguments
_testingDestinationType
_testingDeviceIDs
_deviceSpecification
_currentServerDevices
_currentServerPlatforms
initWithIntegration:integrationsPath:
_validateWithAccounts:integrationPath:validationErrors:
integrationTimeoutSeconds
fetchSettingsWithCompletionHandler:
canonicalHostnameWithCompletionHandler:
fetchIntegrationWithNumber:bot:completionHandler:
lastIntegrationWithBuildResultForBotIdentifier:completionHandler:
readCommitHistoryForIntegration:completionHandler:
performsArchiveAction
resultBundlePath
filePathForPathString:
invocationRecordWithLocalActionResultFilePath:completionBlock:
allDevicesWithCompletionHandler:
allPlatformsWithCompletionHandler:
initWithDictionary:sshKeyDirectory:
mergeWithBlueprint:
builtFromClean
currentCalendar
setDay:
dateByAddingComponents:toDate:options:
isLessThan:
dvt_descriptionWithDateFormat:
tinyID
productPath
thinnedProductsPath
primaryRemoteRepository
errorChange
warningChange
analyzerWarningChange
testFailureCount
testFailureChange
testsChange
buildEnvironmentVariables
removeAllObjects
createIssues:forIntegration:completionHandler:
isObject:subclassOfClass:identifier:class:selector:
isNotEmpty:identifier:class:selector:
errors
explainWithClass:selector:
previousIntegration
sanitizedBotName
assetPackPath
_shouldClean
_issuesToUpload
_triggerNames
_integrationTimeoutSeconds
_assetPackRelativePath
_previousIntegration
_lastIntegrationWithBuildResults
_commitHistory
_xcodeRunner
_schemeActionsRecord
_sourceControlBlueprint
_thinnedProductsPath
_sourceControlWorkspace
_sourceControlCache
_integrationPath
_cachePath
whitespaceCharacterSet
stringByTrimmingCharactersInSet:
enqueueIntegrationStepFromBlock:
triggersStepForPhase:
teardownLogDestinations
completeIntegration
cancelAllOperations
currentStep
triggersToExecuteForPhase:
removeOutputFile:
setDelegate:
setStartedTime:
saveIntegration
integrationExecutor:didFinishIntegration:
integrationExecutor:didAdvanceIntegration:toStep:
integrationIssueFromError:issueType:fixItType:validationErrors:
integrationStep:didContinueWithBuildServiceError:
integrationStep:didFinishWithBuildServiceError:result:
integrationStep:didFinishWithTriggerError:result:
integrationStepDidFinishWithoutError:
self
performSelector:
performSelector:withObject:
performSelector:withObject:withObject:
isProxy
isMemberOfClass:
conformsToProtocol:
retain
release
autorelease
retainCount
zone
hash
superclass
debugDescription
warnings
setWarnings:
_delegate
_currentStep
_warnings
activityTimerDidFire:
timerWithTimeInterval:target:selector:userInfo:repeats:
currentRunLoop
addTimer:forMode:
isValid
dateWithTimeIntervalSinceNow:
runMode:beforeDate:
invalidate
didFinish
setDidFinish:
exceptionWithName:reason:userInfo:
terminate
continueWithBuildServiceErrors:fixItType:
continueWithBuildServiceErrorString:fixItType:
finishWithTriggerErrorString:result:fixItType:
port
addPort:forMode:
setCurrentTask:
isRunning
timeIntervalSinceReferenceDate
lastActivityTime
setLastActivityTime:
fileSystemRepresentation
continueWithBuildServiceError:issueType:
finishWithTriggerError:result:
_didFinish
_currentTask
_lastActivityTime
domain
builderBeganIntegratingBot:number:
builderBeganIntegrationStep:
builderFinishedIntegrating
serviceDidEncounterError:
interfaceWithProtocol:
setRemoteObjectInterface:
cleanOrphanedIntegrationsWithCompletion:
startIntegratingWithID:completion:
cancelIntegrationWithCompletion:
setExportedInterface:
remoteObjectProxy
initWithListener:
setExportedObject:
resume
listener:shouldAcceptNewConnection:
serviceListener
setDefaultFacilityName:
setListener:
initForClientSSL
setBuildDelegate:
setIntegrationLockQueue:
loadIdentity
registerIntegrationService
integrationLockQueue
integrationExecutor
allOrphanedIntegrationsWithCompletionHandler:
integrationCompleted
setIntegrationCompleted:
setSourceControlBlueprint:
executeIntegration:
fetchBlueprintForIntegration:completionHandler:
fetchIntegrationWithID:completionHandler:
listener
setIntegrationExecutor:
service:didReceiveError:
serviceDidUpdatePendingIntegrations:
service:didCancelIntegration:
service:didDeleteIntegration:
_listener
_integrationLockQueue
_integrationCompleted
_integrationExecutor
v8@?0
This integration is configured to build from clean, removing derived data at %@
Error trying to remove derived data path: %@
This integration is NOT configured to build from clean, reusing existing derived data (if it exists) at %@
Required build directory %@ already exists, leaving as is.
Missing require build directory %@, creating.
Error while trying to create directory %@: %@
com.apple.dt.XCS.CheckoutIntegrationStep.AggregateUserInfo
com.apple.xcsintegrationservice.scm
Will attempt to update checkout cache for bot
Checking out a clean set of source code for bot
%@ %@ into %@ 
About to update/checkout:%@
Could not load cached workspace: %@
An error occurred updating existing checkout. Falling back to a clean checkout.
Error checkout/clone: %@
%lu errors occured:
Could not checkout sources because source control information could not be loaded. Please try again later.
Xcode Source Control Blueprint is not valid.
Could not checkout sources because the source control information is in an invalid format.
Xcode Source Control Blueprint was valid.
General error creating workspace: %@
Error creating workspace: %@
v40@?0@"DVTSourceControlWorkspace"8@"NSMapTable"16@"NSMapTable"24@"NSError"32
v16@?0@?<v@?@"NSError">8
%.2f%% %@
v24@?0d8@"NSString"16
General error updating cached working copies: %@
Error updating cached working copies: %@
v24@?0@"NSMapTable"8@"NSError"16
Error tyring to delete existing source cache: %@
General error checking out working copies: %@
Error checking out working copies: %@
Error occurred loading revisioned blueprint from workspace: %@
Completed checkout of:%@
Saving integration with revisioned blueprint: %@
Error occurred saving integration with revisioned blueprint: %@
v24@?0@"XCSIntegration"8@"NSError"16
v32@?0@"DVTSourceControlWorkspaceBlueprint"8@"NSMapTable"16@"NSError"24
Couldn't load bot to save last revision blueprint: %@
Couldn't update bot to save last revision blueprint: %@
v24@?0@"XCSBot"8@"NSError"16
Error occurred retrieving commit history: %@
Got %li log items:%@
Saving commit history, errors: %@
v16@?0@"NSArray"8
v32@?0@"NSArray"8@"NSMapTable"16@"NSError"24
Comparing checked out code with previous blueprint: %@
There is no previous revision blueprint. Loading the last 5 commits for each working copy.
Could not create commit change: %@
v32@?0@"NSString"8@"NSNumber"16^c24
Couldn't retrieve the contributor for the log item. Reason(s): %@.
Couldn't retrieve the commit for the log item. Reason(s): %@.
Error loading OpenDirectory record for user %@: %@
Did not find OpenDirectory record for user %@
Error loading email addresses from OD record for user %@: %@
Error loading full name from OD record for user %@: %@
scmFacility
T@"XCSLogFacility",&,N,V_scmFacility
currentCancellable
T@"<DVTSourceControlCancellable>",&,N,V_currentCancellable
workspace
T@"DVTSourceControlWorkspace",&,N,V_workspace
previousRevisionBlueprint
T@"XCSBotSCMBlueprint",&,N,V_previousRevisionBlueprint
useCache
Tc,R,N,V_useCache
$ %@
Running task %@ %@
IDEBuildOperationProgressNotification
v16@?0@"NSNotification"8
IDETestProgressNotification
stateDescription
fileProgressString
percentComplete
%@ : %@
testSuite
testClass
testMethod
Testing : %@.%@
Testing : -[%@ %@]
Testing : %@
Testing...
/usr/bin/clang -
/usr/bin/clang failed
does not contain a scheme named
Configured scheme ("%@") could not be found, it may have been renamed or removed after the bot was created.
Unable to find a destination matching the provided destination specifier
Configured destination is no longer supported or could not be found.
' does not exist.
Configured project or workspace ("%@") could not be found, it may have been renamed or moved after the bot was created.
error: 
(null)
Interface Builder Cocoa Touch Tool
ibtool
ibtoold
codesign
xctest
sample
/usr/bin/sample
-file
Running %@
PATH
DEVELOPER_DIR
DYLD_FRAMEWORK_PATH
NSTask environment: %@
/usr/bin/nice
Could not touch build.log at %@
logFileHandle
T@"NSFileHandle",&,N,V_logFileHandle
xcodeRunner
T@"XCSXcodeRunner",R,N
logMarker
T@"NSString",R,N,V_logMarker
Expected path %@ is missing on file system, returning error
The xcodebuild task completed with uncaught signal (status %d)
Build exited with status %d, failing.
hasStartedTesting
Tc,N,V_hasStartedTesting
An error occurred while building, so archiving was skipped.
Installable product could not be created because creating the archive failed.
Creating archive failed: xcodebuild exited with status %d.
Exporting installable product
method
same-as-archive
thinning
<none>
<thin-for-all-variants>
onDemandResourcesAssetPacksBaseURL
Exporting archive with options: %@
ExportOptions.plist
Creating installable product failed: xcodebuild exited with status %d.
Could not load scheme actions record to process integration results
Build results summary: %@
Error when attempting to update integration with build results: %@
v24@?0@"XCSIntegrationTestResult"8@"NSError"16
v24@?0@"XCSCodeCoverageIntegration"8@"NSError"16
Integration Cleaner Queue
Build Service Error
The integration did not complete as expected due to an internal error (integration was cleaned up after a restart)
Could not save integration issues for orphaned integration %@: %@
v24@?0@"XCSBotIssue"8@"NSError"16
Marking orphaned integration %@ as completed
integration
T@"XCSIntegration",&,N,V_integration
queue
T@"NSOperationQueue",&,V_queue
/Applications/Xcode.app
before
after
Executing trigger '%@'
Running "%@" trigger
trigger-%@-%lu.log
v32@?0@"XCSTrigger"8Q16^c24
No hashbang found in script, assuming /bin/bash.
#!/bin/bash
Unable to create file for script trigger.
Unable to set file as executable for script trigger.
Could not create log file for trigger.
Exception trying to execute trigger: %@: %@
Trigger exited with non-zero status %d.
Sending notifications for trigger '%@' failed with error: %@
triggers
T@"NSArray",R,N,V_triggers
xcodebuildOutput
xcodebuildLog
buildServiceLog
buildService.log
sourceControlLog
sourceControl.log
archive
\.xcarchive$
xcodebuild_result.bundle not present, no need to strip it.
Could not load subpaths of result bundle: %@
Snapshot_
c16@?0@"NSString"8
Could not remove %@ from result bundle. Error: %@
logs
service log
source control log
product
v32@?0@"NSString"8@16^c24
File %@ not found, skipping uploading.
Directory %@ couldn't be zipped to upload, skipping uploading.
Uploading file %@
Uploading %@
Error occurred while trying to upload %@: %@
v24@?0@"XCSIntegrationAsset"8@"NSError"16
variants
packages
Uploading products
variantIds
\.(app|pkg|ipa)$
Uploading product
info.plist
Could not deserialize the Info.plist file for %@: %@; OTA installation will be unavailable
Could not load the Info.plist file for %@; OTA installation will be unavailable
Unable to create a directory to extract the archive's Info.plist file; OTA installation will be unavailable
Uploaded product is a compressed archive but it didn't contain an Info.plist file; OTA installation will be unavailable
assetpackmanifest.plist
AssetPackManifest
plist
Unable to create a directory to extract the archive's AssetPackManifest.plist file
self beginswith 'trigger-'
trigger logs
self beginswith 'xcodebuild' OR self beginswith 'ibtool' OR self beginswith 'Interface Builder Cocoa Touch Tool' OR self beginswith 'xctest'
Library/Logs/DiagnosticReports
Grabbing any relevant crash logs since %@
Copying %@ since it was created during this integration.
Skipping %@ since it was created before this integration (%@)
self endswith '.assetpack'
on-demand resources
self beginswith 'Session-' OR self endswith '.crash' OR self endswith '.sample' OR self = 'Tests'
additional files
assetpack
Uploading file %@ to relative path %@
Error occured while trying to upload %@: %@
/usr/bin/zip
assets
T@"XCSIntegrationAssets",&,N,V_assets
shouldCleanOutput
Tc,N,V_shouldCleanOutput
v16@?0@"NSError"8
block
T@?,C,N,V_block
error
T@"NSError",&,N,V_error
semaphore
T@"NSObject<OS_dispatch_semaphore>",&,N,V_semaphore
buildingIntegration
T@"XCSBuildingIntegration",&,N,V_buildingIntegration
strategy
T@"XCSIssueSuspectStrategy",&,N,V_strategy
checkoutPath
T@"NSString",&,N,V_checkoutPath
testCommits
T@"NSArray",&,N,V_testCommits
testBlameItems
T@"NSArray",&,N,V_testBlameItems
testLineNumber
T@"NSNumber",&,N,V_testLineNumber
testPath
T@"NSString",&,N,V_testPath
testWorkingCopy
T@"DVTSourceControlWorkingCopy",&,N,V_testWorkingCopy
v32@?0@"XCSCommit"8Q16^c24
v32@?0@"NSString"8@"NSArray"16^c24
com.apple.dt.XCSSourceControlCache.BlameItems
v16@?0@?<v@?@@"NSError">8
v24@?0@"NSArray"8@"NSError"16
Could not fetch some items from the source control cache: %@
v24@?0@8@"NSError"16
cache
T@"NSCache",&,N,V_cache
lock
T@"NSObject<OS_dispatch_queue>",&,N,V_lock
XCSIssueSuspect failed validation, errors: %@
v32@?0@"NSString"8Q16^c24
v32@?0@8Q16^c24
DVTiOSDevice
DVTProxiediOSDevice
DVTiPhoneSimulator
token.deviceIsActivated
token.developmentFlag
deviceAttached
com.apple.platform.macosx
v16@?0@"XCSDevice"8
macosx
i386
x86_64
Dealing with a non-simulator device: %@
token.deviceSerialNumber
token.deviceECID.stringValue
Device is supported hardware? %hhd
Device is supported OS? %hhd
Device is activated? %hhd
Device is trusted? %hhd
Dealing with a proxied iOS device: %@
Dealing with a simulator device: %@
device.runtime.available
Ignoring device because we don't know how to handle it: %@
Failed to create an XCSDevice instance for a given device (name=%@ identifier=%@ uuid=%@ ecid=%@ type=%@ model=%@ modelCode=%@ modelUTI=%@ platform=%@ architecture=%@ osVersion=%@ processor=%@ simulator=%hhd connected=%hhd supported=%hhd enabled=%hhd). Reason(s): %@
Dealing with a mac device: %@
Got an error getting the computer name for this mac: %@
Got an error getting the hardware serial number for this mac: %@
IOPlatformExpertDevice
IOPlatformUUID
XCSDeviceUtiltiesErrorDomain
Could not get hardware UUID for machine
IOPlatformSerialNumber
Could not get serial number for machine
Machine does not have a computer name
v32@?0@"DVTSourceControlLogItem"8Q16^c24
v32@?0@"NSString"8@"NSMutableArray"16^c24
UI Testing Uploads Queue
Skipped scheme action run destination record because we failed to generate an XCSTestDevice from it: %@
Matched device %@ to server device %@
Processing device: %@
Could not load code coverage report for device: %@
Processing IDESchemeActionCodeCoverage: %@
Processing code coverage targets: %lu
@"NSNumber"24@?0@"XCSDevice"8@"IDESchemeActionCodeCoverageTarget"16
@"NSNumber"32@?0@"XCSDevice"8@"IDESchemeActionCodeCoverageTarget"16@"IDESchemeActionCodeCoverageFile"24
@"NSNumber"40@?0@"XCSDevice"8@"IDESchemeActionCodeCoverageTarget"16@"IDESchemeActionCodeCoverageFile"24@"IDESchemeActionCodeCoverageFunction"32
@"NSNumber"16@?0@"IDESchemeActionCodeCoverageTarget"8
@"NSNumber"24@?0@"IDESchemeActionCodeCoverageTarget"8@"XCSDevice"16
@"NSNumber"24@?0@"IDESchemeActionCodeCoverageTarget"8@"IDESchemeActionCodeCoverageFile"16
@"NSNumber"32@?0@"IDESchemeActionCodeCoverageTarget"8@"IDESchemeActionCodeCoverageFile"16@"XCSDevice"24
@"NSNumber"32@?0@"IDESchemeActionCodeCoverageTarget"8@"IDESchemeActionCodeCoverageFile"16@"IDESchemeActionCodeCoverageFunction"24
@"NSNumber"40@?0@"IDESchemeActionCodeCoverageTarget"8@"IDESchemeActionCodeCoverageFile"16@"IDESchemeActionCodeCoverageFunction"24@"XCSDevice"32
@"NSNumber"16@?0@"XCSDevice"8
@"NSNumber"24@?0d8d16
Processing code coverage target: %@
Unable to set the code coverage device for the target. Reason(s): %@
Processing code coverage file: %@
Processing code coverage function: %@
Processed code coverage integration with %lu targets
v24@?0@"NSString"8@"NSError"16
No devices found in results bundle. Skipping processing test results.
Could not create the code coverage integration. Skipping test results processing.
Could not create an integration result. Skipping test results processing.
Could not create integration result. Skipping test results processing.
Got errors finalizing integration result: %@
v24@?0@"XCSCodeCoverageIntegration"8@"NSArray"16
-[%@ %@]
Uploading %lu screenshot%@
 for %@
.octest(Tests)
.xctest
All tests
Selected tests
Processing test with keypath %@
v32@?0@"IDESchemeActionTestFailureSummary"8Q16^c24
Got errors creating a test result with device: %@
Attachments
Got errors creating a perf metric result: %@
Got errors adding test result: %@
Uploading UI testing attachment failed: %@
Uploaded UI testing attachment '%@' (%@)
record
T@"IDESchemeActionsInvocationRecord",&,N,V_record
comparisonCoverageIntegration
T@"XCSCodeCoverageIntegration",&,N,V_comparisonCoverageIntegration
serverDevices
T@"NSArray",&,N,V_serverDevices
service
T@"XCSService",&,N,V_service
devices
T@"NSArray",&,N,V_devices
testActionsByDevice
T@"NSDictionary",&,N,V_testActionsByDevice
codeCoverageByDevice
T@"NSDictionary",&,N,V_codeCoverageByDevice
integrationResult
T@"XCSIntegrationTestResult",&,N,V_integrationResult
improvedTestKeyPaths
T@"NSMutableSet",&,N,V_improvedTestKeyPaths
regressedTestKeyPaths
T@"NSMutableSet",&,N,V_regressedTestKeyPaths
activityUploadsQueue
T@"NSOperationQueue",&,N,V_activityUploadsQueue
activityUploadsCount
TQ,N,V_activityUploadsCount
currentlyUploadingKeyPath
T@"NSString",&,N,V_currentlyUploadingKeyPath
simulator
/Contents/Developer/Applications/Xcode Server Builder.app/Contents/XPCServices
/Contents/Developer/usr/bin/%@
Could not determine parent Xcode path for %@ instance (perhaps it is not installed inside Xcode.app yet), defaulting to %@
Contents/version.plist
/Contents/Developer
CurrentXcodeSymlink
/Library/Developer/XcodeServer
Keychains
SharedSecrets
Logs
Certificates
ProvisioningProfiles
ConfigurationProfiles
Integrations
IntegrationAssets
HostedRepositories
Database
Caches
CodeCoverage
/git
HostedRepositoriesHTTPCGIScriptSymlink
Creating default data directories (if they are missing)
Path already exists, will not create: %@
Creating required directory: %@
Failed to create default data directory (%@): %@
xcscontrol-initialize-receipt.plist
CFBundleShortVersionString
%@Summaries
Processing %@ %lu of %lu
testCaseName
v32@?0@"IDESchemeActionIssueSummary"8Q16^c24
performsAnalyzeAction
performsTestAction
T@"IDESchemeActionsInvocationRecord",R,N,V_record
integrationID
T@"NSString",R,N,V_integrationID
commits
T@"NSArray",R,N,V_commits
T@"NSString",R,N,V_checkoutPath
analysis issue
test failure
v32@?0@"XCSBuildIssueSuspectStrategy"8Q16^c24
highConfidenceStrategies
T@"NSMutableArray",&,V_highConfidenceStrategies
lowConfidenceStrategies
T@"NSMutableArray",&,V_lowConfidenceStrategies
T@"XCSBuildingIntegration",R,N,V_buildingIntegration
commonName
com.apple.dt.XCSBuilder
BuilderCommonName
BuilderVerboseLogging
DisplayFirstLaunchNotification
DisplayScreenLockWarning
CrashReporterOverriden
com.apple.screensaver
askForPassword
XCSBuilder
Found identity name '%@' in keychain.
Could not find identity name in keychain or preferences.
Found preferred identity.
Could not find a stored common name for identity.
Could not find identities: %@
No client SSL identity found for build service
Could not create identity from found certificate: %@
Found identity in keychain.
Could not save identity name: %@
Security
Saved preferred identity.
userDefaults
T@"NSUserDefaults",&,N,V_userDefaults
screenSaverDefaults
T@"NSUserDefaults",&,N,V_screenSaverDefaults
verboseXcodebuildLogging
Tc,N
identity
T^{OpaqueSecIdentityRef=},N
cacheDirectory
T@"NSString",R,V_cacheDirectory
shouldDisplayWelcomeNotification
hideCrashReporterDialogs
screenLockEnabled
Tc,R
shouldDisplayScreenLockWarning
DialogType
com.apple.CrashReporter
server
XCSFixItTypeKey
XCSDisconnectedDeviceNames
XCSDisconnectedDeviceIdentifiers
XCSUnsupportedDeviceNames
XCSUnsupportedDeviceIdentifiers
-DVTSigningCertificateSourceLogLevel=3
-DVTSigningCertificateManagerLogLevel=3
-IDETestOperationsObserverDebugLogLevel=3
-DVTDeviceLogLevel=3
-DVTDeviceSearchLogLevel=3
-iPhoneSimulatorLogLevel=3
-iPhoneConnectLogLevel=3
-IDEBuildOperationQueueSetResourceManagementLogLevel=2
-IDEBuildOperationMaxPercentageOfConcurrentCompileTasks=80
-DTDKSupportWirelessDevices=NO
-IDEPostProgressNotifications=YES
Additional build arguments are "%@"
-DTDKDisableSymbolCopying=YES
-scheme
-skipUnavailableActions
-workspace
-project
-derivedDataPath
-configuration
-toolchain
-DVTAllowServerCertificates=YES
-DTDKProvisioningProfileExtraSearchPaths=%@
Creating arguments list for integrate
/usr/bin/xcrun
xcodebuild
Integration will perform analyze action
analyze
Integration will not perform analyze action
Integration will perform test action
test
Integration will enable code coverage
-enableCodeCoverage
Integration will disable code coverage
Integration use scheme-level code coverage enabled setting
-run-skipped-tests-only
-DVTSuppressExternalDeviceLocation=NO
-resultBundlePath
Integrate arguments list is %@
Creating arguments list for archive
-archivePath
ASSET_PACK_MANIFEST_URL_PREFIX=%@
Archive arguments list is %@
Creating arguments list for export
-exportArchive
-exportPath
-exportOptionsPlist
Export arguments list is %@
com.apple.platform.iphoneos
com.apple.platform.iphonesimulator
identifier
name
XCSBuildServiceDomain
-skipUnsupportedDestinations
platform.identifier
-destination
generic/platform=%@
generic/platform=com.apple.platform.macosx
generic/platform=com.apple.platform.iphoneos
Creating build device destination arguments
Creating test device destination arguments for device testing
-destination-timeout
Destination arguments are %@
Create test device destination arguments from device specification
c16@?0@"XCSDevice"8
The devices configured for testing are no longer available: %@.
The devices configured for testing are no longer supported: %@.
The devices configured for testing are no longer available or supported.
The devices configured for testing were not found.
Some devices or simulators are unsupported and will not be used for testing: %@.
Including device %@ (%@)
c16@?0@"XCSPlatform"8
No platform found for device %@, skipping.
id=%@
platform=%@,arch=%@
%@ (%@ %@)
Creating test device destination arguments from testing destination type and device IDs
com.apple.mac
Including device with identifier %@ because it is an iOS device or simulator
Could not test because no simulators were available.
Some simulators are unsupported and will not be used for testing
Including device with identifier %@ because it is a simulator
Could not test because no devices were available
Some devices are unsupported and will not be used for testing
Including device with identifier %@
Could not test because none of the specified testing devices are available.
Some devices are disconnected and will not be used for testing.
Some devices or simulators are unsupported and will not be used for testing.
Including device with identifier %@ because it is included in the specific testingDeviceIDs array
Including 32-bit Mac device arguments
Including 64-bit Mac device arguments
Including Mac device arguments for 32-bit and 64-bit architectures
Including Mac device arguments for default architecture
Including ALL device arguments
platform=com.apple.platform.macosx,devicetype=Mac,arch=%@
platform=com.apple.platform.macosx,devicetype=Mac
projectPath
T@"NSString",R,N,V_projectPath
workspacePath
T@"NSString",R,N,V_workspacePath
schemeName
T@"NSString",R,N,V_schemeName
buildConfiguration
T@"NSString",R,N,V_buildConfiguration
overrideToolchain
T@"XCSToolchain",R,N,V_overrideToolchain
shouldAnalyze
Tc,R,N,V_shouldAnalyze
shouldTest
Tc,R,N,V_shouldTest
codeCoveragePreference
TQ,R,N,V_codeCoveragePreference
runOnlyDisabledTests
Tc,R,N,V_runOnlyDisabledTests
shouldArchive
Tc,R,N,V_shouldArchive
shouldExportProductFromArchive
Tc,R,N,V_shouldExportProductFromArchive
outputPath
T@"NSString",R,N,V_outputPath
archivePath
T@"NSString",R,N,V_archivePath
exportPath
T@"NSString",R,N,V_exportPath
derivedDataPath
T@"NSString",R,N,V_derivedDataPath
assetPackURLPrefix
T@"NSString",R,N,V_assetPackURLPrefix
baselineDescription
T@"NSString",R,N,V_baselineDescription
additionalArguments
T@"NSArray",R,N,V_additionalArguments
testingDestinationType
TQ,R,N,V_testingDestinationType
testingDeviceIDs
T@"NSArray",R,N,V_testingDeviceIDs
deviceSpecification
T@"XCSDeviceSpecification",R,N,V_deviceSpecification
currentServerDevices
T@"NSArray",R,N,V_currentServerDevices
currentServerPlatforms
T@"NSArray",R,N,V_currentServerPlatforms
Integration-%@
Bots
Could not load service settings: %@. Defaulting to 600 seconds.
Integration timeout is %ld seconds
v24@?0@"XCSSettings"8@"NSError"16
assetpacks/%@
Could not load canonical hostname: %@
http://%@:20300/api/assets/%@/
Asset packs will be hosted at %@
Previous integration is needed but not loaded yet, fetching.
Could not load previous integration: %@
Previous integration loaded successfully.
Last integration with build results is needed but not loaded yet, fetching.
Could not load last integration with build results: %@
Last integration with build results loaded successfully.
Integration commit history are needed but not loaded yet, fetching.
Could not load integration commits: %@
Integration commits loaded successfully.
v24@?0@"XCSCommitHistory"8@"NSError"16
xcodeproj
xcworkspace
%@ #%li
Scheme actions record is needed but not loaded yet, fetching.
Could not load scheme actions record: %@
Scheme actions record loaded successfully.
v24@?0@"IDESchemeActionsInvocationRecord"8@"NSError"16
Current server devices are needed but not loaded yet, fetching.
Could not devices from server: %@
Devices loaded successfully.
Current server platforms are needed but not loaded yet, fetching.
Could not platforms from server: %@
Platforms loaded successfully.
Should clean: True, for reason: XCSBotBuildsFromCleanAlways
Should clean: False, for reason: XCSBotBuildsFromCleanNever
Should clean: %@, for reason: XCSBotBuildsFromCleanDaily, Created Date: %@, Cut off Date: %@
True
False
yyyy-MM-dd
Should clean: %@, for reason: XCSBotBuildsFromCleanWeekly, Created Date: %@, Cut off Date: %@
Source
SSHKeys
ExportedProduct
app-thinning.plist
DerivedData
xcodebuild.log
xcarchive
\.(pkg|ipa|app)$
Apps
OnDemandResources
XCS_BOT_NAME
XCS_BOT_ID
XCS_BOT_TINY_ID
XCS_INTEGRATION_ID
XCS_INTEGRATION_TINY_ID
XCS_INTEGRATION_NUMBER
XCS_INTEGRATION_RESULT
XCS_SOURCE_DIR
XCS_OUTPUT_DIR
XCS_DERIVED_DATA_DIR
XCS_XCODEBUILD_LOG
XCS_ARCHIVE
XCS_PRODUCT
XCS_THINNED_PRODUCTS_PLIST
XCS_THINNED_PRODUCTS_PATH
XCS_PRIMARY_REPO_DIR
XCS_PRIMARY_REPO_BRANCH
XCS_PRIMARY_REPO_TAG
XCS_PRIMARY_REPO_REVISION
XCS_ERROR_COUNT
XCS_ERROR_CHANGE
XCS_WARNING_COUNT
XCS_WARNING_CHANGE
XCS_ANALYZER_WARNING_COUNT
XCS_ANALYZER_WARNING_CHANGE
XCS_TEST_FAILURE_COUNT
XCS_TEST_FAILURE_CHANGE
XCS_TESTS_COUNT
XCS_TESTS_CHANGE
$PATH
v32@?0@8@16^c24
Could not create issues: %@
Integration
Integration Path
T@"XCSIntegration",R,N,V_integration
T@"XCSService",R,N
previousIntegration
T@"XCSIntegration",R,N,V_previousIntegration
lastIntegrationWithBuildResults
T@"XCSIntegration",R,N,V_lastIntegrationWithBuildResults
commitHistory
T@"XCSCommitHistory",R,N,V_commitHistory
T@"XCSXcodeRunner",R,N,V_xcodeRunner
schemeActionsRecord
T@"IDESchemeActionsInvocationRecord",R,N,V_schemeActionsRecord
sourceControlBlueprint
T@"DVTSourceControlWorkspaceBlueprint",R,N,V_sourceControlBlueprint
sourceControlWorkspace
T@"DVTSourceControlWorkspace",&,N,V_sourceControlWorkspace
sourceControlCache
T@"XCSSourceControlCache",R,N,V_sourceControlCache
shouldClean
Tc,R,N
integrationPath
T@"NSString",R,N,V_integrationPath
integrationTimeoutSeconds
Tq,R,N,V_integrationTimeoutSeconds
cachePath
T@"NSString",R,N,V_cachePath
T@"NSString",R,N
sshKeyPath
productsPlistPath
thinnedProductsPath
T@"NSString",R,N,V_thinnedProductsPath
assetPackRelativePath
T@"NSString",R,N,V_assetPackRelativePath
xcodebuildLogPath
sourceControlLogPath
buildServiceLogPath
%@%@
@"XCSIntegrationStep"8@?0
This integration was canceled.
No triggers found or allowed for current conditions, skipping XCSTriggersIntegrationStep
Error received trying to update integration: %@
%@ reported a warning and continued: %@
Issue failed validation, errors: %@
%@ finished integration with an error: %@
Completed integration step %@ without error
hash
TQ,R
superclass
T#,R
description
T@"NSString",R,C
debugDescription
T@"NSOperationQueue",&,N,V_queue
currentStep
T@"XCSIntegrationStep",&,N,V_currentStep
warnings
T@"NSMutableArray",&,N,V_warnings
T@"XCSIntegration",R,N
delegate
T@"<XCSIntegrationExecutorDelegate>",W,N,V_delegate
XCSErrorFixItType
com.apple.xcs.LastActivityTimer
NotImplemented
If -execute is not overriden, -enqueueOperations must be implemented.
Subclasses of XCSIntegrationStep must implement -integrationStepType.
Exception trying to terminate running task: %@
Running task was terminated because it produced no activity for more than %ld seconds (use sudo xcrun xcscontrol --configure-integration-timeout to increase this timeout)
Monitoring %@ for activity.
Trying to open %@ file for watching returned an error: %s
com.apple.xcs.LogWatchQueue
Done monitoring %@ for activity.
didFinish
Tc,N,V_didFinish
currentTask
T@"NSTask",&,N,V_currentTask
lastActivityTime
Td,N,V_lastActivityTime
T@"<XCSIntegrationStepDelegate>",W,N,V_delegate
com.apple.xcsintegrationservice
Integration Lock Queue
XCSIntegrationService
Xcode Server Builder cannot connect to your server because of a configuration issue.
Error fetching orphaned integrations: %@
Skipping integration %@, as it is currently integrating.
Found orphaned integration %@, cleaning.
Could not clean orphaned integration %@: %@
We were assigned an integration (%@), but fetching that integration returned an error: %@
Failed to fetch full authenticated source control blueprint for integration: %@
v24@?0@"XCSBotSCMBlueprint"8@"NSError"16
The integration we were executing has been deleted. Exiting.
integrationLockQueue
T@"NSObject<OS_dispatch_queue>",&,N,V_integrationLockQueue
integrationCompleted
T@?,C,N,V_integrationCompleted
integrationExecutor
T@"XCSIntegrationExecutor",&,N,V_integrationExecutor
listener
T@"<XCSIntegrationServiceListenerProtocol>",&,N,V_listener
XCSPrepareIntegrationStep
XCSCheckoutIntegrationStep
XCSXcodebuildIntegrationStep
XCSBuildIntegrationStep
XCSArchiveIntegrationStep
XCSProcessBuildResultsIntegrationStep
XCSProcessTestResultsIntegrationStep
XCSOrphanedIntegrationCleaner
XCSTriggersIntegrationStep
XCSUploadFilesIntegrationStep
XCSAsyncOperation
XCSBuildIssueSuspectStrategy
XCSIssueSuspectFromBlameAgainstCommitsStrategy
XCSIssueSuspectFromFileHasBeenModifiedByCommitsStrategy
XCSSourceControlCache
XCSIssueSuspectFromBlameLineStrategy
XCSIssueSuspectFromLastCommitFromFileStrategy
XCSDeviceUtilities
XCSIssueSuspectFromMostCommitterInFileStrategy
XCSBuildResultsSummary
XCSIntegrationResultsProcessor
XCSDevice
XCSConfig
XCSIntegrationIssuesProcessor
XCSBuildIssueAuthorSuspectsFinder
XCSIssueSuspectFromMultipleCommitsSingleUserInIntegrationStrategy
XCSBuilderConfiguration
XCSXcodeRunner
XCSBuildingIntegration
XCSIssueSuspectFromSingleCommitInIntegrationStrategy
XCSCommit
XCSIntegrationExecutor
XCSIntegrationStepDelegate
NSObject
XCSIntegrationStep
XCSIntegrationServiceListenerProtocol
XCSServiceProtocol
XCSIntegrationServiceProtocol
ServiceDelegate
NSXPCListenerDelegate
XCSIntegrationService
XCSIntegrationExecutorDelegate
XCSServiceBuildDelegate
q16@0:8
v16@0:8
@16@0:8
@24@0:8@16
@28@0:8@16c24
@24@0:8@?16
v24@0:8@16
^{NSArray=#}24@0:8@16
@32@0:8@16^@24
c16@0:8
@"XCSLogFacility"
@"<DVTSourceControlCancellable>"
@"DVTSourceControlWorkspace"
@"XCSBotSCMBlueprint"
v24@0:8@?16
@24@0:8Q16
c24@0:8@16
@"NSString"
@"NSFileHandle"
@28@0:8i16q20
v20@0:8c16
c24@0:8^@16
@"XCSIntegration"
@"NSOperationQueue"
@32@0:8@16@24
v32@0:8@16@24
@28@0:8@16i24
^{NSArray=#}16@0:8
^{NSArray=#}
@32@0:8@16q24
@40@0:8@16@24d32
@"XCSIntegrationAssets"
@?16@0:8
@"NSError"
@"NSObject<OS_dispatch_semaphore>"
@40@0:8@16@24^@32
v24@0:8^{NSArray=#}16
@"XCSBuildingIntegration"
@"XCSIssueSuspectStrategy"
@"NSArray"
@"NSNumber"
@"DVTSourceControlWorkingCopy"
@40@0:8@16@24@32
@48@0:8@16@24@32@?40
@"NSCache"
@"NSObject<OS_dispatch_queue>"
@36@0:8@16@24c32
c32@0:8@16@24
^{NSArray=#}40@0:8@16@24^@32
@24@0:8^@16
@56@0:8@16@24@32@40@48
v56@0:8@16@24@32@40@48
v40@0:8@16@24@32
Q16@0:8
v24@0:8Q16
@"IDESchemeActionsInvocationRecord"
@"XCSCodeCoverageIntegration"
@"XCSService"
@"NSDictionary"
@"XCSIntegrationTestResult"
@"NSMutableSet"
@48@0:8@16@24@32@40
v40@0:8@16^@24@?32
@40@0:8@16Q24@32
@40@0:8@16^{NSArray=#}24^@32
@"NSMutableArray"
^{OpaqueSecIdentityRef=}16@0:8
v24@0:8^{OpaqueSecIdentityRef=}16
c32@0:8^{OpaqueSecIdentityRef=}16^@24
@"NSUserDefaults"
@180@0:8@16@24@32@40@48c56c60Q64c72c76c80@84@92@100@108@116@124@132Q140@148@156^{NSArray=#}164@172
@32@0:8^@16^@24
@40@0:8@?16^@24^@32
@"XCSToolchain"
@"XCSDeviceSpecification"
@20@0:8c16
c40@0:8@16@24^@32
@"NSMutableDictionary"
@"XCSCommitHistory"
@"XCSXcodeRunner"
@"DVTSourceControlWorkspaceBlueprint"
@"XCSSourceControlCache"
v24@0:8@"XCSIntegrationStep"16
v32@0:8@"XCSIntegrationStep"16@"NSError"24
v40@0:8@16@24q32
v40@0:8@"XCSIntegrationStep"16@"NSError"24q32
v32@0:8@16^{NSArray=#}24
v32@0:8@"XCSIntegrationStep"16^{NSArray=#}24
#16@0:8
@24@0:8:16
@32@0:8:16@24
@40@0:8:16@24@32
c24@0:8#16
c24@0:8@"Protocol"16
c24@0:8:16
Vv16@0:8
^{_NSZone=}16@0:8
@"NSString"16@0:8
@48@0:8@16Q24@32^@40
@"<XCSIntegrationExecutorDelegate>"
@"XCSIntegrationStep"
v32@0:8@16Q24
v40@0:8@16q24@32
v32@0:8@16q24
@40@0:8@16q24@32
i24@0:8@16
v32@0:8@16@?24
d16@0:8
v24@0:8d16
@"NSTask"
@"<XCSIntegrationStepDelegate>"
v32@0:8@"NSString"16q24
v24@0:8q16
v24@0:8@"NSError"16
v24@0:8@?<v@?@"NSError">16
v32@0:8@"NSString"16@?<v@?>24
v24@0:8@?<v@?>16
c32@0:8@"NSXPCListener"16@"NSXPCConnection"24
v40@0:8@"XCSIntegrationExecutor"16@"XCSIntegration"24q32
v32@0:8@"XCSIntegrationExecutor"16@"XCSIntegration"24
v32@0:8@"XCSService"16@"NSError"24
v24@0:8@"XCSService"16
v32@0:8@"XCSService"16@"NSString"24
@"<XCSIntegrationServiceListenerProtocol>"
@"XCSIntegrationExecutor"
@(#)PROGRAM:XCSIntegrationService  PROJECT:XCSBuildService-12085.2
